<?xml version="1.0" encoding="UTF-8"?>
<coverage generated="1583263607293" clover="3.2.0">
  <project timestamp="1583263607294" name="All files">
    <metrics statements="17" coveredstatements="17" conditionals="18" coveredconditionals="18" methods="5" coveredmethods="5" elements="40" coveredelements="40" complexity="0" loc="17" ncloc="17" packages="3" files="4" classes="4"/>
    <package name="components">
      <metrics statements="16" coveredstatements="16" conditionals="18" coveredconditionals="18" methods="5" coveredmethods="5"/>
      <file name="PackenCheckBox.js" path="/home/jheampier/Desktop/Driver/ui-library/app/components/PackenCheckBox.js">
        <metrics statements="16" coveredstatements="16" conditionals="18" coveredconditionals="18" methods="5" coveredmethods="5"/>
        <line num="9" count="8" type="stmt"/>
        <line num="12" count="8" type="stmt"/>
        <line num="17" count="4" type="stmt"/>
        <line num="20" count="8" type="stmt"/>
        <line num="21" count="3" type="cond" truecount="2" falsecount="0"/>
        <line num="22" count="2" type="stmt"/>
        <line num="23" count="1" type="stmt"/>
        <line num="27" count="8" type="stmt"/>
        <line num="28" count="9" type="cond" truecount="2" falsecount="0"/>
        <line num="29" count="3" type="cond" truecount="4" falsecount="0"/>
        <line num="30" count="2" type="stmt"/>
        <line num="32" count="1" type="stmt"/>
        <line num="34" count="6" type="cond" truecount="4" falsecount="0"/>
        <line num="35" count="4" type="stmt"/>
        <line num="37" count="2" type="stmt"/>
        <line num="42" count="8" type="stmt"/>
      </file>
    </package>
    <package name="styles.abstracts">
      <metrics statements="1" coveredstatements="1" conditionals="0" coveredconditionals="0" methods="0" coveredmethods="0"/>
      <file name="colors.js" path="/home/jheampier/Desktop/Driver/ui-library/app/styles/abstracts/colors.js">
        <metrics statements="0" coveredstatements="0" conditionals="0" coveredconditionals="0" methods="0" coveredmethods="0"/>
      </file>
      <file name="typography.js" path="/home/jheampier/Desktop/Driver/ui-library/app/styles/abstracts/typography.js">
        <metrics statements="1" coveredstatements="1" conditionals="0" coveredconditionals="0" methods="0" coveredmethods="0"/>
        <line num="1" count="1" type="stmt"/>
      </file>
    </package>
    <package name="styles.components">
      <metrics statements="0" coveredstatements="0" conditionals="0" coveredconditionals="0" methods="0" coveredmethods="0"/>
      <file name="PackenCheckBox.js" path="/home/jheampier/Desktop/Driver/ui-library/app/styles/components/PackenCheckBox.js">
        <metrics statements="0" coveredstatements="0" conditionals="0" coveredconditionals="0" methods="0" coveredmethods="0"/>
      </file>
    </package>
  </project>
</coverage>
