<?xml version="1.0" encoding="UTF-8"?>
<coverage generated="1583275884989" clover="3.2.0">
  <project timestamp="1583275884989" name="All files">
    <metrics statements="23" coveredstatements="22" conditionals="18" coveredconditionals="16" methods="9" coveredmethods="8" elements="50" coveredelements="46" complexity="0" loc="23" ncloc="23" packages="3" files="5" classes="5"/>
    <package name="components">
      <metrics statements="22" coveredstatements="21" conditionals="18" coveredconditionals="16" methods="9" coveredmethods="8"/>
      <file name="PackenCheckBox.js" path="/home/jheampier/Desktop/Driver/ui-library/app/components/PackenCheckBox.js">
        <metrics statements="19" coveredstatements="18" conditionals="18" coveredconditionals="16" methods="7" coveredmethods="6"/>
        <line num="11" count="2" type="stmt"/>
        <line num="12" count="2" type="stmt"/>
        <line num="15" count="2" type="stmt"/>
        <line num="16" count="1" type="stmt"/>
        <line num="17" count="1" type="cond" truecount="1" falsecount="1"/>
        <line num="18" count="1" type="stmt"/>
        <line num="22" count="2" type="stmt"/>
        <line num="26" count="1" type="stmt"/>
        <line num="29" count="2" type="stmt"/>
        <line num="30" count="7" type="cond" truecount="2" falsecount="0"/>
        <line num="31" count="2" type="cond" truecount="4" falsecount="0"/>
        <line num="32" count="1" type="stmt"/>
        <line num="34" count="1" type="stmt"/>
        <line num="36" count="5" type="cond" truecount="4" falsecount="0"/>
        <line num="37" count="3" type="stmt"/>
        <line num="39" count="2" type="stmt"/>
        <line num="44" count="1" type="stmt"/>
        <line num="49" count="3" type="stmt"/>
        <line num="50" count="0" type="stmt"/>
      </file>
      <file name="PackenText.js" path="/home/jheampier/Desktop/Driver/ui-library/app/components/PackenText.js">
        <metrics statements="3" coveredstatements="3" conditionals="0" coveredconditionals="0" methods="2" coveredmethods="2"/>
        <line num="9" count="3" type="stmt"/>
        <line num="13" count="3" type="stmt"/>
        <line num="22" count="1" type="stmt"/>
      </file>
    </package>
    <package name="styles.abstracts">
      <metrics statements="1" coveredstatements="1" conditionals="0" coveredconditionals="0" methods="0" coveredmethods="0"/>
      <file name="colors.js" path="/home/jheampier/Desktop/Driver/ui-library/app/styles/abstracts/colors.js">
        <metrics statements="0" coveredstatements="0" conditionals="0" coveredconditionals="0" methods="0" coveredmethods="0"/>
      </file>
      <file name="typography.js" path="/home/jheampier/Desktop/Driver/ui-library/app/styles/abstracts/typography.js">
        <metrics statements="1" coveredstatements="1" conditionals="0" coveredconditionals="0" methods="0" coveredmethods="0"/>
        <line num="1" count="1" type="stmt"/>
      </file>
    </package>
    <package name="styles.components">
      <metrics statements="0" coveredstatements="0" conditionals="0" coveredconditionals="0" methods="0" coveredmethods="0"/>
      <file name="PackenCheckBox.js" path="/home/jheampier/Desktop/Driver/ui-library/app/styles/components/PackenCheckBox.js">
        <metrics statements="0" coveredstatements="0" conditionals="0" coveredconditionals="0" methods="0" coveredmethods="0"/>
      </file>
    </package>
  </project>
</coverage>
