{"/home/jheampier/Desktop/Driver/ui-library/app/components/PackenCheckBox.js": {"path":"/home/jheampier/Desktop/Driver/ui-library/app/components/PackenCheckBox.js","statementMap":{"0":{"start":{"line":11,"column":8},"end":{"line":11,"column":21}},"1":{"start":{"line":12,"column":8},"end":{"line":12,"column":32}},"2":{"start":{"line":15,"column":18},"end":{"line":20,"column":5}},"3":{"start":{"line":16,"column":8},"end":{"line":16,"column":28}},"4":{"start":{"line":17,"column":8},"end":{"line":19,"column":9}},"5":{"start":{"line":18,"column":12},"end":{"line":18,"column":53}},"6":{"start":{"line":22,"column":11},"end":{"line":24,"column":5}},"7":{"start":{"line":26,"column":8},"end":{"line":26,"column":49}},"8":{"start":{"line":29,"column":24},"end":{"line":41,"column":5}},"9":{"start":{"line":30,"column":8},"end":{"line":35,"column":9}},"10":{"start":{"line":31,"column":12},"end":{"line":33,"column":13}},"11":{"start":{"line":32,"column":16},"end":{"line":32,"column":69}},"12":{"start":{"line":34,"column":12},"end":{"line":34,"column":51}},"13":{"start":{"line":36,"column":8},"end":{"line":40,"column":9}},"14":{"start":{"line":37,"column":12},"end":{"line":37,"column":49}},"15":{"start":{"line":39,"column":12},"end":{"line":39,"column":50}},"16":{"start":{"line":44,"column":8},"end":{"line":69,"column":9}},"17":{"start":{"line":49,"column":24},"end":{"line":65,"column":31}},"18":{"start":{"line":50,"column":61},"end":{"line":50,"column":115}}},"fnMap":{"0":{"name":"(anonymous_0)","decl":{"start":{"line":10,"column":4},"end":{"line":10,"column":5}},"loc":{"start":{"line":10,"column":23},"end":{"line":13,"column":5}},"line":10},"1":{"name":"(anonymous_1)","decl":{"start":{"line":15,"column":18},"end":{"line":15,"column":19}},"loc":{"start":{"line":15,"column":54},"end":{"line":20,"column":5}},"line":15},"2":{"name":"(anonymous_2)","decl":{"start":{"line":25,"column":4},"end":{"line":25,"column":5}},"loc":{"start":{"line":25,"column":24},"end":{"line":27,"column":5}},"line":25},"3":{"name":"(anonymous_3)","decl":{"start":{"line":29,"column":24},"end":{"line":29,"column":25}},"loc":{"start":{"line":29,"column":47},"end":{"line":41,"column":5}},"line":29},"4":{"name":"(anonymous_4)","decl":{"start":{"line":43,"column":4},"end":{"line":43,"column":5}},"loc":{"start":{"line":43,"column":13},"end":{"line":70,"column":5}},"line":43},"5":{"name":"(anonymous_5)","decl":{"start":{"line":48,"column":42},"end":{"line":48,"column":43}},"loc":{"start":{"line":49,"column":24},"end":{"line":65,"column":31}},"line":49},"6":{"name":"(anonymous_6)","decl":{"start":{"line":50,"column":55},"end":{"line":50,"column":56}},"loc":{"start":{"line":50,"column":61},"end":{"line":50,"column":115}},"line":50}},"branchMap":{"0":{"loc":{"start":{"line":17,"column":8},"end":{"line":19,"column":9}},"type":"if","locations":[{"start":{"line":17,"column":8},"end":{"line":19,"column":9}},{"start":{"line":17,"column":8},"end":{"line":19,"column":9}}],"line":17},"1":{"loc":{"start":{"line":30,"column":8},"end":{"line":35,"column":9}},"type":"if","locations":[{"start":{"line":30,"column":8},"end":{"line":35,"column":9}},{"start":{"line":30,"column":8},"end":{"line":35,"column":9}}],"line":30},"2":{"loc":{"start":{"line":31,"column":12},"end":{"line":33,"column":13}},"type":"if","locations":[{"start":{"line":31,"column":12},"end":{"line":33,"column":13}},{"start":{"line":31,"column":12},"end":{"line":33,"column":13}}],"line":31},"3":{"loc":{"start":{"line":31,"column":16},"end":{"line":31,"column":53}},"type":"binary-expr","locations":[{"start":{"line":31,"column":16},"end":{"line":31,"column":32}},{"start":{"line":31,"column":36},"end":{"line":31,"column":53}}],"line":31},"4":{"loc":{"start":{"line":36,"column":8},"end":{"line":40,"column":9}},"type":"if","locations":[{"start":{"line":36,"column":8},"end":{"line":40,"column":9}},{"start":{"line":36,"column":8},"end":{"line":40,"column":9}}],"line":36},"5":{"loc":{"start":{"line":36,"column":12},"end":{"line":36,"column":49}},"type":"binary-expr","locations":[{"start":{"line":36,"column":12},"end":{"line":36,"column":28}},{"start":{"line":36,"column":32},"end":{"line":36,"column":49}}],"line":36},"6":{"loc":{"start":{"line":53,"column":41},"end":{"line":53,"column":122}},"type":"cond-expr","locations":[{"start":{"line":53,"column":66},"end":{"line":53,"column":115}},{"start":{"line":53,"column":118},"end":{"line":53,"column":122}}],"line":53},"7":{"loc":{"start":{"line":54,"column":41},"end":{"line":54,"column":123}},"type":"cond-expr","locations":[{"start":{"line":54,"column":67},"end":{"line":54,"column":116}},{"start":{"line":54,"column":119},"end":{"line":54,"column":123}}],"line":54},"8":{"loc":{"start":{"line":56,"column":37},"end":{"line":62,"column":46}},"type":"cond-expr","locations":[{"start":{"line":57,"column":40},"end":{"line":61,"column":69}},{"start":{"line":62,"column":42},"end":{"line":62,"column":46}}],"line":56}},"s":{"0":2,"1":2,"2":2,"3":1,"4":1,"5":1,"6":2,"7":1,"8":2,"9":7,"10":2,"11":1,"12":1,"13":5,"14":3,"15":2,"16":1,"17":3,"18":0},"f":{"0":2,"1":1,"2":1,"3":7,"4":1,"5":3,"6":0},"b":{"0":[1,0],"1":[2,5],"2":[1,1],"3":[2,1],"4":[3,2],"5":[5,3],"6":[1,2],"7":[1,2],"8":[3,0]},"_coverageSchema":"43e27e138ebf9cfc5966b082cf9a028302ed4184","hash":"24600260c25664b3488f582735e8d06b03901bde"}
,"/home/jheampier/Desktop/Driver/ui-library/app/components/PackenText.js": {"path":"/home/jheampier/Desktop/Driver/ui-library/app/components/PackenText.js","statementMap":{"0":{"start":{"line":9,"column":4},"end":{"line":9,"column":17}},"1":{"start":{"line":13,"column":4},"end":{"line":18,"column":6}},"2":{"start":{"line":22,"column":15},"end":{"line":28,"column":2}}},"fnMap":{"0":{"name":"(anonymous_0)","decl":{"start":{"line":8,"column":2},"end":{"line":8,"column":3}},"loc":{"start":{"line":8,"column":21},"end":{"line":10,"column":3}},"line":8},"1":{"name":"(anonymous_1)","decl":{"start":{"line":12,"column":2},"end":{"line":12,"column":3}},"loc":{"start":{"line":12,"column":11},"end":{"line":19,"column":3}},"line":12}},"branchMap":{},"s":{"0":3,"1":3,"2":1},"f":{"0":3,"1":3},"b":{},"_coverageSchema":"43e27e138ebf9cfc5966b082cf9a028302ed4184","hash":"f7e91ea62d7d97ffb1aad339ad06f0c4d8db97d4"}
,"/home/jheampier/Desktop/Driver/ui-library/app/styles/abstracts/colors.js": {"path":"/home/jheampier/Desktop/Driver/ui-library/app/styles/abstracts/colors.js","statementMap":{},"fnMap":{},"branchMap":{},"s":{},"f":{},"b":{},"_coverageSchema":"43e27e138ebf9cfc5966b082cf9a028302ed4184","hash":"1b6435d7bd2567a6de72eb6f66cd9ff8ac851adc"}
,"/home/jheampier/Desktop/Driver/ui-library/app/styles/abstracts/typography.js": {"path":"/home/jheampier/Desktop/Driver/ui-library/app/styles/abstracts/typography.js","statementMap":{"0":{"start":{"line":1,"column":17},"end":{"line":5,"column":1}}},"fnMap":{},"branchMap":{},"s":{"0":1},"f":{},"b":{},"_coverageSchema":"43e27e138ebf9cfc5966b082cf9a028302ed4184","hash":"9f08c6459617214a81a86ce26647e65f3a05e7a1"}
,"/home/jheampier/Desktop/Driver/ui-library/app/styles/components/PackenCheckBox.js": {"path":"/home/jheampier/Desktop/Driver/ui-library/app/styles/components/PackenCheckBox.js","statementMap":{},"fnMap":{},"branchMap":{},"s":{},"f":{},"b":{},"_coverageSchema":"43e27e138ebf9cfc5966b082cf9a028302ed4184","hash":"e40e5f858375d986128da229f60c25e168e5fb4d"}
}
