{"/home/jheampier/Desktop/Driver/ui-library/app/components/PackenCheckBox.js": {"path":"/home/jheampier/Desktop/Driver/ui-library/app/components/PackenCheckBox.js","statementMap":{"0":{"start":{"line":9,"column":8},"end":{"line":9,"column":21}},"1":{"start":{"line":12,"column":11},"end":{"line":14,"column":5}},"2":{"start":{"line":17,"column":8},"end":{"line":17,"column":53}},"3":{"start":{"line":20,"column":18},"end":{"line":25,"column":5}},"4":{"start":{"line":21,"column":8},"end":{"line":24,"column":9}},"5":{"start":{"line":22,"column":12},"end":{"line":22,"column":64}},"6":{"start":{"line":23,"column":12},"end":{"line":23,"column":56}},"7":{"start":{"line":27,"column":24},"end":{"line":39,"column":5}},"8":{"start":{"line":28,"column":8},"end":{"line":33,"column":9}},"9":{"start":{"line":29,"column":12},"end":{"line":31,"column":13}},"10":{"start":{"line":30,"column":16},"end":{"line":30,"column":69}},"11":{"start":{"line":32,"column":12},"end":{"line":32,"column":51}},"12":{"start":{"line":34,"column":8},"end":{"line":38,"column":9}},"13":{"start":{"line":35,"column":12},"end":{"line":35,"column":49}},"14":{"start":{"line":37,"column":12},"end":{"line":37,"column":50}},"15":{"start":{"line":42,"column":8},"end":{"line":53,"column":9}}},"fnMap":{"0":{"name":"(anonymous_0)","decl":{"start":{"line":8,"column":4},"end":{"line":8,"column":5}},"loc":{"start":{"line":8,"column":23},"end":{"line":11,"column":5}},"line":8},"1":{"name":"(anonymous_1)","decl":{"start":{"line":16,"column":4},"end":{"line":16,"column":5}},"loc":{"start":{"line":16,"column":23},"end":{"line":18,"column":5}},"line":16},"2":{"name":"(anonymous_2)","decl":{"start":{"line":20,"column":18},"end":{"line":20,"column":19}},"loc":{"start":{"line":20,"column":29},"end":{"line":25,"column":5}},"line":20},"3":{"name":"(anonymous_3)","decl":{"start":{"line":27,"column":24},"end":{"line":27,"column":25}},"loc":{"start":{"line":27,"column":30},"end":{"line":39,"column":5}},"line":27},"4":{"name":"(anonymous_4)","decl":{"start":{"line":41,"column":4},"end":{"line":41,"column":5}},"loc":{"start":{"line":41,"column":13},"end":{"line":54,"column":5}},"line":41}},"branchMap":{"0":{"loc":{"start":{"line":21,"column":8},"end":{"line":24,"column":9}},"type":"if","locations":[{"start":{"line":21,"column":8},"end":{"line":24,"column":9}},{"start":{"line":21,"column":8},"end":{"line":24,"column":9}}],"line":21},"1":{"loc":{"start":{"line":28,"column":8},"end":{"line":33,"column":9}},"type":"if","locations":[{"start":{"line":28,"column":8},"end":{"line":33,"column":9}},{"start":{"line":28,"column":8},"end":{"line":33,"column":9}}],"line":28},"2":{"loc":{"start":{"line":29,"column":12},"end":{"line":31,"column":13}},"type":"if","locations":[{"start":{"line":29,"column":12},"end":{"line":31,"column":13}},{"start":{"line":29,"column":12},"end":{"line":31,"column":13}}],"line":29},"3":{"loc":{"start":{"line":29,"column":15},"end":{"line":29,"column":74}},"type":"binary-expr","locations":[{"start":{"line":29,"column":15},"end":{"line":29,"column":42}},{"start":{"line":29,"column":46},"end":{"line":29,"column":74}}],"line":29},"4":{"loc":{"start":{"line":34,"column":8},"end":{"line":38,"column":9}},"type":"if","locations":[{"start":{"line":34,"column":8},"end":{"line":38,"column":9}},{"start":{"line":34,"column":8},"end":{"line":38,"column":9}}],"line":34},"5":{"loc":{"start":{"line":34,"column":12},"end":{"line":34,"column":71}},"type":"binary-expr","locations":[{"start":{"line":34,"column":12},"end":{"line":34,"column":39}},{"start":{"line":34,"column":43},"end":{"line":34,"column":71}}],"line":34},"6":{"loc":{"start":{"line":46,"column":25},"end":{"line":46,"column":111}},"type":"cond-expr","locations":[{"start":{"line":46,"column":55},"end":{"line":46,"column":104}},{"start":{"line":46,"column":107},"end":{"line":46,"column":111}}],"line":46},"7":{"loc":{"start":{"line":47,"column":25},"end":{"line":47,"column":112}},"type":"cond-expr","locations":[{"start":{"line":47,"column":56},"end":{"line":47,"column":105}},{"start":{"line":47,"column":108},"end":{"line":47,"column":112}}],"line":47},"8":{"loc":{"start":{"line":50,"column":17},"end":{"line":50,"column":103}},"type":"cond-expr","locations":[{"start":{"line":50,"column":36},"end":{"line":50,"column":96}},{"start":{"line":50,"column":99},"end":{"line":50,"column":103}}],"line":50}},"s":{"0":8,"1":8,"2":4,"3":8,"4":3,"5":2,"6":1,"7":8,"8":9,"9":3,"10":2,"11":1,"12":6,"13":4,"14":2,"15":8},"f":{"0":8,"1":4,"2":3,"3":9,"4":8},"b":{"0":[2,1],"1":[3,6],"2":[2,1],"3":[3,2],"4":[4,2],"5":[6,4],"6":[2,6],"7":[2,6],"8":[6,2]},"_coverageSchema":"43e27e138ebf9cfc5966b082cf9a028302ed4184","hash":"bbbc52e2f47766ed69461b9dc431c5e82adb8314"}
,"/home/jheampier/Desktop/Driver/ui-library/app/styles/abstracts/colors.js": {"path":"/home/jheampier/Desktop/Driver/ui-library/app/styles/abstracts/colors.js","statementMap":{},"fnMap":{},"branchMap":{},"s":{},"f":{},"b":{},"_coverageSchema":"43e27e138ebf9cfc5966b082cf9a028302ed4184","hash":"1b6435d7bd2567a6de72eb6f66cd9ff8ac851adc"}
,"/home/jheampier/Desktop/Driver/ui-library/app/styles/abstracts/typography.js": {"path":"/home/jheampier/Desktop/Driver/ui-library/app/styles/abstracts/typography.js","statementMap":{"0":{"start":{"line":1,"column":17},"end":{"line":5,"column":1}}},"fnMap":{},"branchMap":{},"s":{"0":1},"f":{},"b":{},"_coverageSchema":"43e27e138ebf9cfc5966b082cf9a028302ed4184","hash":"9f08c6459617214a81a86ce26647e65f3a05e7a1"}
,"/home/jheampier/Desktop/Driver/ui-library/app/styles/components/PackenCheckBox.js": {"path":"/home/jheampier/Desktop/Driver/ui-library/app/styles/components/PackenCheckBox.js","statementMap":{},"fnMap":{},"branchMap":{},"s":{},"f":{},"b":{},"_coverageSchema":"43e27e138ebf9cfc5966b082cf9a028302ed4184","hash":"e40e5f858375d986128da229f60c25e168e5fb4d"}
}
