TN:
SF:/home/jheampier/Desktop/Driver/ui-library/app/components/PackenCheckBox.js
FN:8,(anonymous_0)
FN:16,(anonymous_1)
FN:20,(anonymous_2)
FN:27,(anonymous_3)
FN:41,(anonymous_4)
FNF:5
FNH:5
FNDA:8,(anonymous_0)
FNDA:4,(anonymous_1)
FNDA:3,(anonymous_2)
FNDA:9,(anonymous_3)
FNDA:8,(anonymous_4)
DA:9,8
DA:12,8
DA:17,4
DA:20,8
DA:21,3
DA:22,2
DA:23,1
DA:27,8
DA:28,9
DA:29,3
DA:30,2
DA:32,1
DA:34,6
DA:35,4
DA:37,2
DA:42,8
LF:16
LH:16
BRDA:21,0,0,2
BRDA:21,0,1,1
BRDA:28,1,0,3
BRDA:28,1,1,6
BRDA:29,2,0,2
BRDA:29,2,1,1
BRDA:29,3,0,3
BRDA:29,3,1,2
BRDA:34,4,0,4
BRDA:34,4,1,2
BRDA:34,5,0,6
BRDA:34,5,1,4
BRDA:46,6,0,2
BRDA:46,6,1,6
BRDA:47,7,0,2
BRDA:47,7,1,6
BRDA:50,8,0,6
BRDA:50,8,1,2
BRF:18
BRH:18
end_of_record
TN:
SF:/home/jheampier/Desktop/Driver/ui-library/app/styles/abstracts/colors.js
FNF:0
FNH:0
LF:0
LH:0
BRF:0
BRH:0
end_of_record
TN:
SF:/home/jheampier/Desktop/Driver/ui-library/app/styles/abstracts/typography.js
FNF:0
FNH:0
DA:1,1
LF:1
LH:1
BRF:0
BRH:0
end_of_record
TN:
SF:/home/jheampier/Desktop/Driver/ui-library/app/styles/components/PackenCheckBox.js
FNF:0
FNH:0
LF:0
LH:0
BRF:0
BRH:0
end_of_record
