TN:
SF:/home/jheampier/Desktop/Driver/ui-library/app/components/PackenCheckBox.js
FN:10,(anonymous_0)
FN:15,(anonymous_1)
FN:25,(anonymous_2)
FN:29,(anonymous_3)
FN:43,(anonymous_4)
FN:48,(anonymous_5)
FN:50,(anonymous_6)
FNF:7
FNH:6
FNDA:2,(anonymous_0)
FNDA:1,(anonymous_1)
FNDA:1,(anonymous_2)
FNDA:7,(anonymous_3)
FNDA:1,(anonymous_4)
FNDA:3,(anonymous_5)
FNDA:0,(anonymous_6)
DA:11,2
DA:12,2
DA:15,2
DA:16,1
DA:17,1
DA:18,1
DA:22,2
DA:26,1
DA:29,2
DA:30,7
DA:31,2
DA:32,1
DA:34,1
DA:36,5
DA:37,3
DA:39,2
DA:44,1
DA:49,3
DA:50,0
LF:19
LH:18
BRDA:17,0,0,1
BRDA:17,0,1,0
BRDA:30,1,0,2
BRDA:30,1,1,5
BRDA:31,2,0,1
BRDA:31,2,1,1
BRDA:31,3,0,2
BRDA:31,3,1,1
BRDA:36,4,0,3
BRDA:36,4,1,2
BRDA:36,5,0,5
BRDA:36,5,1,3
BRDA:53,6,0,1
BRDA:53,6,1,2
BRDA:54,7,0,1
BRDA:54,7,1,2
BRDA:56,8,0,3
BRDA:56,8,1,0
BRF:18
BRH:16
end_of_record
TN:
SF:/home/jheampier/Desktop/Driver/ui-library/app/components/PackenText.js
FN:8,(anonymous_0)
FN:12,(anonymous_1)
FNF:2
FNH:2
FNDA:3,(anonymous_0)
FNDA:3,(anonymous_1)
DA:9,3
DA:13,3
DA:22,1
LF:3
LH:3
BRF:0
BRH:0
end_of_record
TN:
SF:/home/jheampier/Desktop/Driver/ui-library/app/styles/abstracts/colors.js
FNF:0
FNH:0
LF:0
LH:0
BRF:0
BRH:0
end_of_record
TN:
SF:/home/jheampier/Desktop/Driver/ui-library/app/styles/abstracts/typography.js
FNF:0
FNH:0
DA:1,1
LF:1
LH:1
BRF:0
BRH:0
end_of_record
TN:
SF:/home/jheampier/Desktop/Driver/ui-library/app/styles/components/PackenCheckBox.js
FNF:0
FNH:0
LF:0
LH:0
BRF:0
BRH:0
end_of_record
