<?xml version="1.0" encoding="UTF-8"?>
<coverage generated="1584538656849" clover="3.2.0">
  <project timestamp="1584538656849" name="All files">
    <metrics statements="733" coveredstatements="586" conditionals="416" coveredconditionals="328" methods="276" coveredmethods="183" elements="1425" coveredelements="1097" complexity="0" loc="733" ncloc="733" packages="8" files="58" classes="58"/>
    <package name="ui_library">
      <metrics statements="1" coveredstatements="1" conditionals="0" coveredconditionals="0" methods="1" coveredmethods="1"/>
      <file name="App.js" path="/home/andres/projects/ui_library/ui_library/App.js">
        <metrics statements="1" coveredstatements="1" conditionals="0" coveredconditionals="0" methods="1" coveredmethods="1"/>
        <line num="8" count="1" type="stmt"/>
      </file>
    </package>
    <package name="ui_library.app">
      <metrics statements="2" coveredstatements="2" conditionals="0" coveredconditionals="0" methods="1" coveredmethods="1"/>
      <file name="UILibrary.js" path="/home/andres/projects/ui_library/ui_library/app/UILibrary.js">
        <metrics statements="2" coveredstatements="2" conditionals="0" coveredconditionals="0" methods="1" coveredmethods="1"/>
        <line num="25" count="2" type="stmt"/>
        <line num="49" count="2" type="stmt"/>
      </file>
    </package>
    <package name="ui_library.app.components">
      <metrics statements="602" coveredstatements="513" conditionals="412" coveredconditionals="328" methods="187" coveredmethods="156"/>
      <file name="PackenAvatar.js" path="/home/andres/projects/ui_library/ui_library/app/components/PackenAvatar.js">
        <metrics statements="2" coveredstatements="2" conditionals="0" coveredconditionals="0" methods="2" coveredmethods="2"/>
        <line num="9" count="53" type="stmt"/>
        <line num="13" count="95" type="stmt"/>
      </file>
      <file name="PackenButton.js" path="/home/andres/projects/ui_library/ui_library/app/components/PackenButton.js">
        <metrics statements="73" coveredstatements="52" conditionals="71" coveredconditionals="46" methods="11" coveredmethods="9"/>
        <line num="12" count="145" type="stmt"/>
        <line num="14" count="145" type="stmt"/>
        <line num="30" count="145" type="cond" truecount="2" falsecount="1"/>
        <line num="32" count="51" type="stmt"/>
        <line num="40" count="51" type="stmt"/>
        <line num="42" count="94" type="stmt"/>
        <line num="56" count="94" type="stmt"/>
        <line num="58" count="0" type="stmt"/>
        <line num="61" count="145" type="cond" truecount="5" falsecount="1"/>
        <line num="63" count="21" type="stmt"/>
        <line num="69" count="21" type="stmt"/>
        <line num="75" count="124" type="stmt"/>
        <line num="78" count="145" type="cond" truecount="2" falsecount="0"/>
        <line num="79" count="20" type="stmt"/>
        <line num="80" count="20" type="stmt"/>
        <line num="82" count="20" type="cond" truecount="2" falsecount="0"/>
        <line num="83" count="10" type="stmt"/>
        <line num="86" count="20" type="cond" truecount="2" falsecount="0"/>
        <line num="87" count="4" type="stmt"/>
        <line num="90" count="20" type="cond" truecount="2" falsecount="0"/>
        <line num="91" count="4" type="stmt"/>
        <line num="92" count="4" type="stmt"/>
        <line num="94" count="4" type="cond" truecount="2" falsecount="0"/>
        <line num="95" count="2" type="stmt"/>
        <line num="100" count="145" type="stmt"/>
        <line num="114" count="145" type="stmt"/>
        <line num="115" count="4" type="stmt"/>
        <line num="131" count="4" type="cond" truecount="1" falsecount="2"/>
        <line num="133" count="0" type="stmt"/>
        <line num="141" count="0" type="stmt"/>
        <line num="143" count="4" type="stmt"/>
        <line num="157" count="4" type="stmt"/>
        <line num="159" count="0" type="stmt"/>
        <line num="163" count="4" type="cond" truecount="3" falsecount="3"/>
        <line num="165" count="0" type="stmt"/>
        <line num="171" count="0" type="stmt"/>
        <line num="177" count="4" type="stmt"/>
        <line num="181" count="4" type="cond" truecount="1" falsecount="1"/>
        <line num="182" count="0" type="stmt"/>
        <line num="183" count="0" type="stmt"/>
        <line num="185" count="0" type="cond" truecount="0" falsecount="2"/>
        <line num="186" count="0" type="stmt"/>
        <line num="189" count="0" type="cond" truecount="0" falsecount="2"/>
        <line num="190" count="0" type="stmt"/>
        <line num="193" count="0" type="cond" truecount="0" falsecount="2"/>
        <line num="194" count="0" type="stmt"/>
        <line num="195" count="0" type="stmt"/>
        <line num="197" count="0" type="cond" truecount="0" falsecount="2"/>
        <line num="198" count="0" type="stmt"/>
        <line num="203" count="4" type="stmt"/>
        <line num="207" count="1" type="cond" truecount="2" falsecount="3"/>
        <line num="208" count="1" type="stmt"/>
        <line num="214" count="145" type="stmt"/>
        <line num="215" count="1" type="stmt"/>
        <line num="221" count="145" type="stmt"/>
        <line num="222" count="1" type="stmt"/>
        <line num="228" count="145" type="stmt"/>
        <line num="229" count="1" type="stmt"/>
        <line num="232" count="145" type="stmt"/>
        <line num="233" count="1" type="stmt"/>
        <line num="234" count="1" type="stmt"/>
        <line num="237" count="1" type="cond" truecount="4" falsecount="2"/>
        <line num="239" count="0" type="stmt"/>
        <line num="240" count="0" type="stmt"/>
        <line num="246" count="1" type="stmt"/>
        <line num="249" count="1" type="stmt"/>
        <line num="254" count="145" type="stmt"/>
        <line num="255" count="1" type="stmt"/>
        <line num="256" count="1" type="stmt"/>
        <line num="257" count="1" type="stmt"/>
        <line num="263" count="145" type="stmt"/>
        <line num="267" count="0" type="stmt"/>
        <line num="271" count="0" type="stmt"/>
      </file>
      <file name="PackenCheckbox.js" path="/home/andres/projects/ui_library/ui_library/app/components/PackenCheckbox.js">
        <metrics statements="22" coveredstatements="20" conditionals="8" coveredconditionals="7" methods="12" coveredmethods="10"/>
        <line num="10" count="20" type="stmt"/>
        <line num="12" count="20" type="stmt"/>
        <line num="19" count="20" type="stmt"/>
        <line num="20" count="1" type="stmt"/>
        <line num="25" count="20" type="stmt"/>
        <line num="26" count="1" type="cond" truecount="1" falsecount="1"/>
        <line num="27" count="1" type="stmt"/>
        <line num="28" count="1" type="stmt"/>
        <line num="29" count="4" type="stmt"/>
        <line num="30" count="1" type="stmt"/>
        <line num="32" count="1" type="stmt"/>
        <line num="35" count="0" type="stmt"/>
        <line num="40" count="20" type="stmt"/>
        <line num="41" count="15" type="stmt"/>
        <line num="42" count="15" type="stmt"/>
        <line num="44" count="15" type="stmt"/>
        <line num="45" count="15" type="cond" truecount="2" falsecount="0"/>
        <line num="46" count="1" type="stmt"/>
        <line num="47" count="1" type="stmt"/>
        <line num="54" count="20" type="stmt"/>
        <line num="61" count="38" type="stmt"/>
        <line num="66" count="0" type="stmt"/>
      </file>
      <file name="PackenCheckboxControl.js" path="/home/andres/projects/ui_library/ui_library/app/components/PackenCheckboxControl.js">
        <metrics statements="23" coveredstatements="16" conditionals="18" coveredconditionals="14" methods="7" coveredmethods="5"/>
        <line num="12" count="39" type="stmt"/>
        <line num="14" count="39" type="stmt"/>
        <line num="24" count="39" type="stmt"/>
        <line num="25" count="40" type="stmt"/>
        <line num="28" count="39" type="stmt"/>
        <line num="29" count="0" type="cond" truecount="0" falsecount="2"/>
        <line num="30" count="0" type="stmt"/>
        <line num="31" count="0" type="stmt"/>
        <line num="32" count="0" type="stmt"/>
        <line num="36" count="0" type="cond" truecount="0" falsecount="2"/>
        <line num="37" count="0" type="stmt"/>
        <line num="41" count="0" type="stmt"/>
        <line num="48" count="39" type="stmt"/>
        <line num="49" count="39" type="stmt"/>
        <line num="51" count="39" type="cond" truecount="2" falsecount="0"/>
        <line num="52" count="14" type="stmt"/>
        <line num="62" count="39" type="stmt"/>
        <line num="65" count="39" type="stmt"/>
        <line num="66" count="16" type="cond" truecount="2" falsecount="0"/>
        <line num="67" count="1" type="stmt"/>
        <line num="69" count="16" type="cond" truecount="2" falsecount="0"/>
        <line num="70" count="1" type="stmt"/>
        <line num="75" count="53" type="stmt"/>
      </file>
      <file name="PackenDivider.js" path="/home/andres/projects/ui_library/ui_library/app/components/PackenDivider.js">
        <metrics statements="2" coveredstatements="2" conditionals="4" coveredconditionals="2" methods="2" coveredmethods="2"/>
        <line num="9" count="11" type="stmt"/>
        <line num="13" count="11" type="stmt"/>
      </file>
      <file name="PackenDropdown.js" path="/home/andres/projects/ui_library/ui_library/app/components/PackenDropdown.js">
        <metrics statements="22" coveredstatements="13" conditionals="8" coveredconditionals="5" methods="10" coveredmethods="6"/>
        <line num="11" count="25" type="stmt"/>
        <line num="13" count="25" type="stmt"/>
        <line num="28" count="25" type="stmt"/>
        <line num="29" count="1" type="stmt"/>
        <line num="39" count="25" type="stmt"/>
        <line num="40" count="0" type="stmt"/>
        <line num="44" count="0" type="stmt"/>
        <line num="52" count="25" type="stmt"/>
        <line num="53" count="1" type="stmt"/>
        <line num="58" count="25" type="stmt"/>
        <line num="59" count="1" type="stmt"/>
        <line num="64" count="25" type="stmt"/>
        <line num="65" count="0" type="stmt"/>
        <line num="67" count="0" type="stmt"/>
        <line num="68" count="0" type="stmt"/>
        <line num="70" count="0" type="stmt"/>
        <line num="72" count="0" type="stmt"/>
        <line num="76" count="0" type="stmt"/>
        <line num="80" count="1" type="cond" truecount="1" falsecount="1"/>
        <line num="81" count="1" type="stmt"/>
        <line num="94" count="25" type="stmt"/>
        <line num="119" count="0" type="stmt"/>
      </file>
      <file name="PackenInput.js" path="/home/andres/projects/ui_library/ui_library/app/components/PackenInput.js">
        <metrics statements="44" coveredstatements="42" conditionals="36" coveredconditionals="31" methods="15" coveredmethods="13"/>
        <line num="12" count="46" type="stmt"/>
        <line num="14" count="46" type="stmt"/>
        <line num="19" count="46" type="cond" truecount="2" falsecount="0"/>
        <line num="20" count="36" type="stmt"/>
        <line num="35" count="46" type="stmt"/>
        <line num="38" count="46" type="stmt"/>
        <line num="39" count="37" type="stmt"/>
        <line num="41" count="37" type="cond" truecount="1" falsecount="1"/>
        <line num="42" count="37" type="stmt"/>
        <line num="43" count="37" type="stmt"/>
        <line num="45" count="37" type="cond" truecount="2" falsecount="0"/>
        <line num="46" count="8" type="stmt"/>
        <line num="51" count="29" type="stmt"/>
        <line num="58" count="37" type="stmt"/>
        <line num="61" count="46" type="stmt"/>
        <line num="62" count="1" type="stmt"/>
        <line num="73" count="46" type="stmt"/>
        <line num="74" count="1" type="stmt"/>
        <line num="85" count="46" type="stmt"/>
        <line num="86" count="48" type="stmt"/>
        <line num="88" count="48" type="cond" truecount="2" falsecount="0"/>
        <line num="89" count="37" type="stmt"/>
        <line num="92" count="48" type="stmt"/>
        <line num="95" count="46" type="stmt"/>
        <line num="96" count="48" type="stmt"/>
        <line num="98" count="48" type="cond" truecount="2" falsecount="0"/>
        <line num="99" count="9" type="stmt"/>
        <line num="105" count="48" type="stmt"/>
        <line num="108" count="46" type="stmt"/>
        <line num="109" count="1" type="stmt"/>
        <line num="114" count="46" type="stmt"/>
        <line num="115" count="1" type="stmt"/>
        <line num="120" count="46" type="stmt"/>
        <line num="121" count="1" type="stmt"/>
        <line num="126" count="46" type="stmt"/>
        <line num="127" count="1" type="stmt"/>
        <line num="132" count="46" type="stmt"/>
        <line num="133" count="1" type="stmt"/>
        <line num="136" count="1" type="stmt"/>
        <line num="140" count="1" type="cond" truecount="1" falsecount="1"/>
        <line num="141" count="1" type="stmt"/>
        <line num="148" count="46" type="stmt"/>
        <line num="162" count="0" type="stmt"/>
        <line num="165" count="0" type="stmt"/>
      </file>
      <file name="PackenList.js" path="/home/andres/projects/ui_library/ui_library/app/components/PackenList.js">
        <metrics statements="42" coveredstatements="28" conditionals="21" coveredconditionals="12" methods="11" coveredmethods="8"/>
        <line num="8" count="26" type="stmt"/>
        <line num="10" count="26" type="stmt"/>
        <line num="24" count="26" type="stmt"/>
        <line num="26" count="2" type="cond" truecount="2" falsecount="0"/>
        <line num="27" count="1" type="stmt"/>
        <line num="29" count="1" type="stmt"/>
        <line num="32" count="2" type="stmt"/>
        <line num="37" count="26" type="stmt"/>
        <line num="38" count="4" type="cond" truecount="2" falsecount="3"/>
        <line num="41" count="4" type="stmt"/>
        <line num="42" count="4" type="stmt"/>
        <line num="43" count="8" type="stmt"/>
        <line num="46" count="8" type="stmt"/>
        <line num="47" count="4" type="stmt"/>
        <line num="49" count="4" type="stmt"/>
        <line num="54" count="4" type="cond" truecount="2" falsecount="0"/>
        <line num="55" count="2" type="cond" truecount="2" falsecount="0"/>
        <line num="56" count="1" type="stmt"/>
        <line num="64" count="4" type="cond" truecount="2" falsecount="0"/>
        <line num="65" count="2" type="stmt"/>
        <line num="67" count="4" type="stmt"/>
        <line num="70" count="0" type="stmt"/>
        <line num="72" count="0" type="stmt"/>
        <line num="73" count="0" type="stmt"/>
        <line num="75" count="0" type="stmt"/>
        <line num="76" count="0" type="stmt"/>
        <line num="78" count="0" type="stmt"/>
        <line num="83" count="0" type="cond" truecount="0" falsecount="2"/>
        <line num="84" count="0" type="cond" truecount="0" falsecount="2"/>
        <line num="85" count="0" type="stmt"/>
        <line num="86" count="0" type="stmt"/>
        <line num="87" count="0" type="stmt"/>
        <line num="89" count="0" type="stmt"/>
        <line num="97" count="0" type="stmt"/>
        <line num="99" count="0" type="stmt"/>
        <line num="103" count="26" type="stmt"/>
        <line num="104" count="183" type="stmt"/>
        <line num="118" count="1" type="cond" truecount="1" falsecount="1"/>
        <line num="120" count="1" type="cond" truecount="1" falsecount="1"/>
        <line num="121" count="1" type="stmt"/>
        <line num="122" count="1" type="stmt"/>
        <line num="133" count="26" type="stmt"/>
      </file>
      <file name="PackenListItem.js" path="/home/andres/projects/ui_library/ui_library/app/components/PackenListItem.js">
        <metrics statements="141" coveredstatements="129" conditionals="128" coveredconditionals="103" methods="26" coveredmethods="23"/>
        <line num="15" count="183" type="stmt"/>
        <line num="17" count="183" type="cond" truecount="3" falsecount="1"/>
        <line num="19" count="183" type="stmt"/>
        <line num="20" count="183" type="cond" truecount="2" falsecount="0"/>
        <line num="21" count="155" type="cond" truecount="2" falsecount="0"/>
        <line num="22" count="84" type="stmt"/>
        <line num="23" count="84" type="stmt"/>
        <line num="24" count="168" type="cond" truecount="3" falsecount="1"/>
        <line num="25" count="168" type="stmt"/>
        <line num="29" count="71" type="cond" truecount="3" falsecount="1"/>
        <line num="30" count="71" type="stmt"/>
        <line num="34" count="28" type="stmt"/>
        <line num="35" count="28" type="stmt"/>
        <line num="38" count="183" type="stmt"/>
        <line num="48" count="184" type="stmt"/>
        <line num="52" count="184" type="stmt"/>
        <line num="54" count="184" type="cond" truecount="2" falsecount="0"/>
        <line num="55" count="1" type="cond" truecount="1" falsecount="1"/>
        <line num="56" count="1" type="stmt"/>
        <line num="57" count="1" type="cond" truecount="1" falsecount="1"/>
        <line num="58" count="1" type="stmt"/>
        <line num="66" count="184" type="cond" truecount="4" falsecount="0"/>
        <line num="67" count="15" type="stmt"/>
        <line num="71" count="183" type="stmt"/>
        <line num="72" count="183" type="cond" truecount="2" falsecount="0"/>
        <line num="73" count="28" type="cond" truecount="2" falsecount="0"/>
        <line num="74" count="14" type="cond" truecount="1" falsecount="1"/>
        <line num="75" count="14" type="stmt"/>
        <line num="78" count="28" type="cond" truecount="2" falsecount="0"/>
        <line num="79" count="14" type="stmt"/>
        <line num="80" count="0" type="cond" truecount="0" falsecount="2"/>
        <line num="81" count="0" type="stmt"/>
        <line num="88" count="183" type="stmt"/>
        <line num="89" count="1" type="stmt"/>
        <line num="90" count="1" type="stmt"/>
        <line num="96" count="183" type="stmt"/>
        <line num="97" count="0" type="stmt"/>
        <line num="102" count="183" type="stmt"/>
        <line num="103" count="4" type="cond" truecount="4" falsecount="1"/>
        <line num="106" count="2" type="stmt"/>
        <line num="110" count="2" type="cond" truecount="1" falsecount="1"/>
        <line num="111" count="2" type="stmt"/>
        <line num="112" count="2" type="stmt"/>
        <line num="117" count="0" type="stmt"/>
        <line num="119" count="2" type="stmt"/>
        <line num="122" count="2" type="cond" truecount="1" falsecount="1"/>
        <line num="123" count="2" type="cond" truecount="1" falsecount="1"/>
        <line num="124" count="2" type="stmt"/>
        <line num="129" count="2" type="cond" truecount="1" falsecount="1"/>
        <line num="130" count="2" type="stmt"/>
        <line num="135" count="0" type="stmt"/>
        <line num="137" count="2" type="stmt"/>
        <line num="139" count="0" type="stmt"/>
        <line num="143" count="183" type="stmt"/>
        <line num="144" count="369" type="stmt"/>
        <line num="146" count="369" type="cond" truecount="4" falsecount="0"/>
        <line num="147" count="312" type="cond" truecount="2" falsecount="0"/>
        <line num="148" count="1" type="stmt"/>
        <line num="150" count="311" type="stmt"/>
        <line num="154" count="369" type="stmt"/>
        <line num="157" count="183" type="stmt"/>
        <line num="158" count="370" type="stmt"/>
        <line num="160" count="370" type="cond" truecount="4" falsecount="0"/>
        <line num="161" count="313" type="cond" truecount="2" falsecount="0"/>
        <line num="162" count="1" type="stmt"/>
        <line num="164" count="312" type="cond" truecount="2" falsecount="0"/>
        <line num="168" count="370" type="stmt"/>
        <line num="171" count="183" type="stmt"/>
        <line num="173" count="736" type="stmt"/>
        <line num="175" count="736" type="cond" truecount="2" falsecount="0"/>
        <line num="176" count="456" type="stmt"/>
        <line num="178" count="280" type="cond" truecount="2" falsecount="1"/>
        <line num="180" count="168" type="stmt"/>
        <line num="187" count="168" type="stmt"/>
        <line num="189" count="112" type="stmt"/>
        <line num="195" count="112" type="stmt"/>
        <line num="197" count="0" type="stmt"/>
        <line num="198" count="0" type="stmt"/>
        <line num="202" count="736" type="cond" truecount="2" falsecount="0"/>
        <line num="203" count="568" type="stmt"/>
        <line num="205" count="168" type="cond" truecount="2" falsecount="1"/>
        <line num="207" count="112" type="stmt"/>
        <line num="214" count="112" type="stmt"/>
        <line num="216" count="56" type="stmt"/>
        <line num="222" count="56" type="stmt"/>
        <line num="224" count="0" type="stmt"/>
        <line num="225" count="0" type="stmt"/>
        <line num="229" count="736" type="cond" truecount="2" falsecount="0"/>
        <line num="230" count="280" type="stmt"/>
        <line num="237" count="736" type="cond" truecount="2" falsecount="0"/>
        <line num="238" count="168" type="stmt"/>
        <line num="245" count="736" type="stmt"/>
        <line num="251" count="183" type="stmt"/>
        <line num="252" count="367" type="stmt"/>
        <line num="255" count="183" type="stmt"/>
        <line num="256" count="367" type="stmt"/>
        <line num="259" count="183" type="stmt"/>
        <line num="262" count="183" type="cond" truecount="2" falsecount="0"/>
        <line num="263" count="28" type="cond" truecount="2" falsecount="1"/>
        <line num="265" count="14" type="stmt"/>
        <line num="272" count="14" type="stmt"/>
        <line num="275" count="14" type="stmt"/>
        <line num="277" count="14" type="stmt"/>
        <line num="282" count="14" type="stmt"/>
        <line num="285" count="14" type="stmt"/>
        <line num="287" count="0" type="stmt"/>
        <line num="290" count="155" type="stmt"/>
        <line num="297" count="183" type="stmt"/>
        <line num="302" count="183" type="stmt"/>
        <line num="303" count="1" type="stmt"/>
        <line num="306" count="183" type="stmt"/>
        <line num="307" count="734" type="stmt"/>
        <line num="312" count="734" type="cond" truecount="2" falsecount="0"/>
        <line num="313" count="105" type="stmt"/>
        <line num="325" count="734" type="stmt"/>
        <line num="328" count="183" type="stmt"/>
        <line num="329" count="316" type="stmt"/>
        <line num="331" count="316" type="cond" truecount="2" falsecount="0"/>
        <line num="332" count="46" type="cond" truecount="2" falsecount="0"/>
        <line num="333" count="25" type="stmt"/>
        <line num="334" count="49" type="cond" truecount="3" falsecount="1"/>
        <line num="335" count="49" type="stmt"/>
        <line num="339" count="21" type="cond" truecount="3" falsecount="1"/>
        <line num="340" count="21" type="stmt"/>
        <line num="344" count="270" type="cond" truecount="2" falsecount="0"/>
        <line num="345" count="2" type="cond" truecount="2" falsecount="0"/>
        <line num="346" count="1" type="stmt"/>
        <line num="347" count="1" type="cond" truecount="3" falsecount="1"/>
        <line num="348" count="1" type="stmt"/>
        <line num="352" count="1" type="cond" truecount="3" falsecount="1"/>
        <line num="353" count="1" type="stmt"/>
        <line num="357" count="268" type="cond" truecount="2" falsecount="0"/>
        <line num="358" count="145" type="stmt"/>
        <line num="359" count="289" type="cond" truecount="3" falsecount="1"/>
        <line num="360" count="289" type="stmt"/>
        <line num="364" count="123" type="cond" truecount="3" falsecount="1"/>
        <line num="365" count="123" type="stmt"/>
        <line num="373" count="366" type="cond" truecount="2" falsecount="0"/>
        <line num="374" count="310" type="stmt"/>
        <line num="377" count="366" type="stmt"/>
        <line num="383" count="0" type="stmt"/>
      </file>
      <file name="PackenMapPin.js" path="/home/andres/projects/ui_library/ui_library/app/components/PackenMapPin.js">
        <metrics statements="2" coveredstatements="2" conditionals="12" coveredconditionals="11" methods="2" coveredmethods="2"/>
        <line num="10" count="42" type="stmt"/>
        <line num="14" count="42" type="stmt"/>
      </file>
      <file name="PackenMapPinSub.js" path="/home/andres/projects/ui_library/ui_library/app/components/PackenMapPinSub.js">
        <metrics statements="7" coveredstatements="7" conditionals="8" coveredconditionals="8" methods="3" coveredmethods="3"/>
        <line num="11" count="39" type="stmt"/>
        <line num="14" count="39" type="stmt"/>
        <line num="15" count="28" type="stmt"/>
        <line num="17" count="28" type="cond" truecount="2" falsecount="0"/>
        <line num="18" count="19" type="stmt"/>
        <line num="21" count="28" type="stmt"/>
        <line num="25" count="39" type="stmt"/>
      </file>
      <file name="PackenModal.js" path="/home/andres/projects/ui_library/ui_library/app/components/PackenModal.js">
        <metrics statements="56" coveredstatements="53" conditionals="36" coveredconditionals="34" methods="19" coveredmethods="16"/>
        <line num="14" count="26" type="stmt"/>
        <line num="16" count="26" type="stmt"/>
        <line num="17" count="26" type="cond" truecount="2" falsecount="0"/>
        <line num="18" count="21" type="stmt"/>
        <line num="22" count="5" type="stmt"/>
        <line num="51" count="26" type="stmt"/>
        <line num="53" count="26" type="stmt"/>
        <line num="57" count="26" type="cond" truecount="2" falsecount="0"/>
        <line num="58" count="5" type="stmt"/>
        <line num="62" count="26" type="stmt"/>
        <line num="63" count="23" type="stmt"/>
        <line num="65" count="23" type="cond" truecount="2" falsecount="0"/>
        <line num="66" count="18" type="stmt"/>
        <line num="71" count="5" type="stmt"/>
        <line num="77" count="23" type="stmt"/>
        <line num="80" count="26" type="stmt"/>
        <line num="81" count="23" type="stmt"/>
        <line num="83" count="23" type="cond" truecount="2" falsecount="0"/>
        <line num="84" count="18" type="stmt"/>
        <line num="88" count="5" type="stmt"/>
        <line num="93" count="23" type="stmt"/>
        <line num="96" count="26" type="stmt"/>
        <line num="97" count="2" type="cond" truecount="2" falsecount="0"/>
        <line num="98" count="1" type="stmt"/>
        <line num="105" count="1" type="stmt"/>
        <line num="115" count="8" type="cond" truecount="2" falsecount="0"/>
        <line num="116" count="2" type="stmt"/>
        <line num="118" count="8" type="cond" truecount="2" falsecount="0"/>
        <line num="119" count="7" type="cond" truecount="2" falsecount="0"/>
        <line num="120" count="2" type="stmt"/>
        <line num="122" count="7" type="cond" truecount="2" falsecount="0"/>
        <line num="123" count="1" type="stmt"/>
        <line num="128" count="26" type="stmt"/>
        <line num="129" count="0" type="stmt"/>
        <line num="137" count="26" type="stmt"/>
        <line num="138" count="1" type="stmt"/>
        <line num="141" count="26" type="stmt"/>
        <line num="142" count="1" type="stmt"/>
        <line num="145" count="26" type="stmt"/>
        <line num="146" count="10" type="stmt"/>
        <line num="153" count="26" type="stmt"/>
        <line num="154" count="1" type="stmt"/>
        <line num="165" count="26" type="stmt"/>
        <line num="166" count="1" type="stmt"/>
        <line num="177" count="26" type="stmt"/>
        <line num="178" count="5" type="stmt"/>
        <line num="179" count="5" type="stmt"/>
        <line num="181" count="5" type="stmt"/>
        <line num="195" count="26" type="stmt"/>
        <line num="196" count="41" type="stmt"/>
        <line num="202" count="26" type="stmt"/>
        <line num="203" count="3" type="stmt"/>
        <line num="212" count="31" type="stmt"/>
        <line num="249" count="0" type="stmt"/>
        <line num="256" count="0" type="stmt"/>
        <line num="275" count="15" type="stmt"/>
      </file>
      <file name="PackenRadio.js" path="/home/andres/projects/ui_library/ui_library/app/components/PackenRadio.js">
        <metrics statements="18" coveredstatements="18" conditionals="8" coveredconditionals="8" methods="8" coveredmethods="8"/>
        <line num="10" count="20" type="stmt"/>
        <line num="12" count="20" type="stmt"/>
        <line num="18" count="20" type="stmt"/>
        <line num="19" count="1" type="stmt"/>
        <line num="24" count="20" type="stmt"/>
        <line num="25" count="4" type="stmt"/>
        <line num="28" count="20" type="stmt"/>
        <line num="29" count="1" type="stmt"/>
        <line num="35" count="17" type="cond" truecount="2" falsecount="0"/>
        <line num="36" count="3" type="stmt"/>
        <line num="38" count="17" type="cond" truecount="2" falsecount="0"/>
        <line num="41" count="3" type="cond" truecount="2" falsecount="0"/>
        <line num="42" count="1" type="stmt"/>
        <line num="44" count="3" type="stmt"/>
        <line num="48" count="20" type="stmt"/>
        <line num="49" count="15" type="stmt"/>
        <line num="55" count="34" type="stmt"/>
        <line num="59" count="46" type="stmt"/>
      </file>
      <file name="PackenRadioControl.js" path="/home/andres/projects/ui_library/ui_library/app/components/PackenRadioControl.js">
        <metrics statements="21" coveredstatements="21" conditionals="14" coveredconditionals="13" methods="7" coveredmethods="7"/>
        <line num="10" count="33" type="stmt"/>
        <line num="12" count="33" type="stmt"/>
        <line num="18" count="34" type="stmt"/>
        <line num="19" count="34" type="stmt"/>
        <line num="22" count="33" type="stmt"/>
        <line num="23" count="1" type="stmt"/>
        <line num="27" count="1" type="stmt"/>
        <line num="30" count="33" type="stmt"/>
        <line num="31" count="36" type="cond" truecount="2" falsecount="0"/>
        <line num="32" count="7" type="cond" truecount="2" falsecount="0"/>
        <line num="33" count="3" type="stmt"/>
        <line num="37" count="4" type="stmt"/>
        <line num="42" count="29" type="stmt"/>
        <line num="46" count="33" type="stmt"/>
        <line num="47" count="35" type="cond" truecount="2" falsecount="0"/>
        <line num="48" count="28" type="stmt"/>
        <line num="52" count="7" type="stmt"/>
        <line num="59" count="34" type="cond" truecount="2" falsecount="0"/>
        <line num="60" count="1" type="stmt"/>
        <line num="61" count="1" type="stmt"/>
        <line num="66" count="66" type="stmt"/>
      </file>
      <file name="PackenServiceStatus.js" path="/home/andres/projects/ui_library/ui_library/app/components/PackenServiceStatus.js">
        <metrics statements="15" coveredstatements="13" conditionals="2" coveredconditionals="1" methods="6" coveredmethods="6"/>
        <line num="10" count="3" type="stmt"/>
        <line num="12" count="3" type="stmt"/>
        <line num="13" count="3" type="stmt"/>
        <line num="14" count="9" type="stmt"/>
        <line num="20" count="3" type="stmt"/>
        <line num="26" count="3" type="stmt"/>
        <line num="27" count="1" type="stmt"/>
        <line num="28" count="0" type="stmt"/>
        <line num="30" count="1" type="stmt"/>
        <line num="31" count="0" type="stmt"/>
        <line num="34" count="1" type="stmt"/>
        <line num="40" count="1" type="cond" truecount="1" falsecount="1"/>
        <line num="41" count="1" type="stmt"/>
        <line num="46" count="3" type="stmt"/>
        <line num="51" count="9" type="stmt"/>
      </file>
      <file name="PackenServiceStatusIcon.js" path="/home/andres/projects/ui_library/ui_library/app/components/PackenServiceStatusIcon.js">
        <metrics statements="22" coveredstatements="20" conditionals="10" coveredconditionals="8" methods="7" coveredmethods="7"/>
        <line num="10" count="10" type="stmt"/>
        <line num="12" count="10" type="stmt"/>
        <line num="19" count="11" type="stmt"/>
        <line num="22" count="10" type="stmt"/>
        <line num="23" count="20" type="stmt"/>
        <line num="25" count="20" type="cond" truecount="2" falsecount="0"/>
        <line num="26" count="16" type="stmt"/>
        <line num="27" count="16" type="cond" truecount="1" falsecount="1"/>
        <line num="28" count="0" type="stmt"/>
        <line num="32" count="20" type="stmt"/>
        <line num="35" count="10" type="stmt"/>
        <line num="36" count="12" type="cond" truecount="2" falsecount="0"/>
        <line num="37" count="5" type="stmt"/>
        <line num="40" count="5" type="stmt"/>
        <line num="42" count="7" type="stmt"/>
        <line num="45" count="7" type="stmt"/>
        <line num="49" count="10" type="stmt"/>
        <line num="50" count="10" type="stmt"/>
        <line num="51" count="10" type="stmt"/>
        <line num="57" count="10" type="cond" truecount="1" falsecount="1"/>
        <line num="58" count="0" type="stmt"/>
        <line num="63" count="20" type="stmt"/>
      </file>
      <file name="PackenTabItem.js" path="/home/andres/projects/ui_library/ui_library/app/components/PackenTabItem.js">
        <metrics statements="32" coveredstatements="24" conditionals="8" coveredconditionals="7" methods="11" coveredmethods="8"/>
        <line num="12" count="22" type="stmt"/>
        <line num="14" count="22" type="stmt"/>
        <line num="20" count="23" type="stmt"/>
        <line num="23" count="22" type="stmt"/>
        <line num="24" count="37" type="stmt"/>
        <line num="38" count="37" type="stmt"/>
        <line num="41" count="22" type="stmt"/>
        <line num="42" count="1" type="stmt"/>
        <line num="43" count="1" type="stmt"/>
        <line num="44" count="1" type="stmt"/>
        <line num="47" count="22" type="stmt"/>
        <line num="48" count="8" type="stmt"/>
        <line num="49" count="8" type="stmt"/>
        <line num="53" count="8" type="stmt"/>
        <line num="57" count="8" type="stmt"/>
        <line num="62" count="8" type="stmt"/>
        <line num="67" count="22" type="stmt"/>
        <line num="68" count="22" type="cond" truecount="2" falsecount="0"/>
        <line num="69" count="8" type="stmt"/>
        <line num="71" count="14" type="stmt"/>
        <line num="78" count="22" type="cond" truecount="1" falsecount="1"/>
        <line num="79" count="0" type="stmt"/>
        <line num="83" count="22" type="stmt"/>
        <line num="84" count="0" type="stmt"/>
        <line num="86" count="0" type="stmt"/>
        <line num="90" count="0" type="stmt"/>
        <line num="94" count="0" type="stmt"/>
        <line num="99" count="0" type="stmt"/>
        <line num="104" count="22" type="stmt"/>
        <line num="105" count="0" type="stmt"/>
        <line num="109" count="44" type="stmt"/>
        <line num="110" count="0" type="stmt"/>
      </file>
      <file name="PackenTabs.js" path="/home/andres/projects/ui_library/ui_library/app/components/PackenTabs.js">
        <metrics statements="6" coveredstatements="6" conditionals="0" coveredconditionals="0" methods="4" coveredmethods="4"/>
        <line num="10" count="7" type="stmt"/>
        <line num="12" count="7" type="stmt"/>
        <line num="17" count="7" type="stmt"/>
        <line num="18" count="1" type="stmt"/>
        <line num="24" count="7" type="stmt"/>
        <line num="28" count="21" type="stmt"/>
      </file>
      <file name="PackenTag.js" path="/home/andres/projects/ui_library/ui_library/app/components/PackenTag.js">
        <metrics statements="2" coveredstatements="0" conditionals="0" coveredconditionals="0" methods="2" coveredmethods="0"/>
        <line num="10" count="0" type="stmt"/>
        <line num="14" count="0" type="stmt"/>
      </file>
      <file name="PackenText.js" path="/home/andres/projects/ui_library/ui_library/app/components/PackenText.js">
        <metrics statements="4" coveredstatements="4" conditionals="2" coveredconditionals="2" methods="2" coveredmethods="2"/>
        <line num="9" count="777" type="stmt"/>
        <line num="11" count="777" type="stmt"/>
        <line num="17" count="886" type="stmt"/>
        <line num="27" count="19" type="stmt"/>
      </file>
      <file name="PackenToggle.js" path="/home/andres/projects/ui_library/ui_library/app/components/PackenToggle.js">
        <metrics statements="44" coveredstatements="39" conditionals="18" coveredconditionals="16" methods="18" coveredmethods="13"/>
        <line num="9" count="9" type="stmt"/>
        <line num="11" count="9" type="stmt"/>
        <line num="41" count="9" type="stmt"/>
        <line num="42" count="10" type="stmt"/>
        <line num="43" count="10" type="stmt"/>
        <line num="46" count="9" type="stmt"/>
        <line num="47" count="9" type="stmt"/>
        <line num="75" count="9" type="stmt"/>
        <line num="76" count="13" type="cond" truecount="2" falsecount="0"/>
        <line num="77" count="8" type="stmt"/>
        <line num="83" count="9" type="stmt"/>
        <line num="84" count="1" type="stmt"/>
        <line num="85" count="1" type="stmt"/>
        <line num="94" count="9" type="stmt"/>
        <line num="95" count="1" type="stmt"/>
        <line num="96" count="1" type="stmt"/>
        <line num="105" count="9" type="stmt"/>
        <line num="106" count="1" type="stmt"/>
        <line num="107" count="1" type="stmt"/>
        <line num="116" count="9" type="stmt"/>
        <line num="117" count="1" type="stmt"/>
        <line num="118" count="1" type="stmt"/>
        <line num="127" count="9" type="stmt"/>
        <line num="128" count="15" type="stmt"/>
        <line num="129" count="15" type="stmt"/>
        <line num="145" count="9" type="stmt"/>
        <line num="146" count="17" type="stmt"/>
        <line num="147" count="17" type="cond" truecount="2" falsecount="0"/>
        <line num="149" count="17" type="cond" truecount="2" falsecount="0"/>
        <line num="150" count="10" type="stmt"/>
        <line num="166" count="7" type="cond" truecount="1" falsecount="1"/>
        <line num="167" count="7" type="stmt"/>
        <line num="185" count="17" type="stmt"/>
        <line num="188" count="9" type="stmt"/>
        <line num="189" count="1" type="stmt"/>
        <line num="192" count="0" type="stmt"/>
        <line num="197" count="18" type="cond" truecount="2" falsecount="0"/>
        <line num="198" count="5" type="stmt"/>
        <line num="199" count="5" type="stmt"/>
        <line num="204" count="26" type="stmt"/>
        <line num="211" count="0" type="stmt"/>
        <line num="217" count="0" type="stmt"/>
        <line num="218" count="0" type="stmt"/>
        <line num="225" count="0" type="stmt"/>
      </file>
      <file name="Section.js" path="/home/andres/projects/ui_library/ui_library/app/components/Section.js">
        <metrics statements="2" coveredstatements="2" conditionals="0" coveredconditionals="0" methods="2" coveredmethods="2"/>
        <line num="11" count="32" type="stmt"/>
        <line num="15" count="32" type="stmt"/>
      </file>
    </package>
    <package name="ui_library.app.styles.abstracts">
      <metrics statements="1" coveredstatements="1" conditionals="0" coveredconditionals="0" methods="0" coveredmethods="0"/>
      <file name="colors.js" path="/home/andres/projects/ui_library/ui_library/app/styles/abstracts/colors.js">
        <metrics statements="0" coveredstatements="0" conditionals="0" coveredconditionals="0" methods="0" coveredmethods="0"/>
      </file>
      <file name="shadows.js" path="/home/andres/projects/ui_library/ui_library/app/styles/abstracts/shadows.js">
        <metrics statements="0" coveredstatements="0" conditionals="0" coveredconditionals="0" methods="0" coveredmethods="0"/>
      </file>
      <file name="spacing.js" path="/home/andres/projects/ui_library/ui_library/app/styles/abstracts/spacing.js">
        <metrics statements="0" coveredstatements="0" conditionals="0" coveredconditionals="0" methods="0" coveredmethods="0"/>
      </file>
      <file name="typography.js" path="/home/andres/projects/ui_library/ui_library/app/styles/abstracts/typography.js">
        <metrics statements="1" coveredstatements="1" conditionals="0" coveredconditionals="0" methods="0" coveredmethods="0"/>
        <line num="1" count="20" type="stmt"/>
      </file>
    </package>
    <package name="ui_library.app.styles.components">
      <metrics statements="25" coveredstatements="25" conditionals="0" coveredconditionals="0" methods="0" coveredmethods="0"/>
      <file name="PackenAvatar.js" path="/home/andres/projects/ui_library/ui_library/app/styles/components/PackenAvatar.js">
        <metrics statements="7" coveredstatements="7" conditionals="0" coveredconditionals="0" methods="0" coveredmethods="0"/>
        <line num="1" count="6" type="stmt"/>
        <line num="5" count="6" type="stmt"/>
        <line num="9" count="6" type="stmt"/>
        <line num="13" count="6" type="stmt"/>
        <line num="17" count="6" type="stmt"/>
        <line num="21" count="6" type="stmt"/>
        <line num="26" count="6" type="stmt"/>
      </file>
      <file name="PackenButton.js" path="/home/andres/projects/ui_library/ui_library/app/styles/components/PackenButton.js">
        <metrics statements="14" coveredstatements="14" conditionals="0" coveredconditionals="0" methods="0" coveredmethods="0"/>
        <line num="4" count="4" type="stmt"/>
        <line num="21" count="4" type="stmt"/>
        <line num="22" count="4" type="stmt"/>
        <line num="36" count="4" type="stmt"/>
        <line num="50" count="4" type="stmt"/>
        <line num="64" count="4" type="stmt"/>
        <line num="78" count="4" type="stmt"/>
        <line num="92" count="4" type="stmt"/>
        <line num="104" count="4" type="stmt"/>
        <line num="116" count="4" type="stmt"/>
        <line num="128" count="4" type="stmt"/>
        <line num="140" count="4" type="stmt"/>
        <line num="152" count="4" type="stmt"/>
        <line num="200" count="4" type="stmt"/>
      </file>
      <file name="PackenCheckbox.js" path="/home/andres/projects/ui_library/ui_library/app/styles/components/PackenCheckbox.js">
        <metrics statements="0" coveredstatements="0" conditionals="0" coveredconditionals="0" methods="0" coveredmethods="0"/>
      </file>
      <file name="PackenDivider.js" path="/home/andres/projects/ui_library/ui_library/app/styles/components/PackenDivider.js">
        <metrics statements="3" coveredstatements="3" conditionals="0" coveredconditionals="0" methods="0" coveredmethods="0"/>
        <line num="3" count="3" type="stmt"/>
        <line num="8" count="3" type="stmt"/>
        <line num="13" count="3" type="stmt"/>
      </file>
      <file name="PackenDropdown.js" path="/home/andres/projects/ui_library/ui_library/app/styles/components/PackenDropdown.js">
        <metrics statements="0" coveredstatements="0" conditionals="0" coveredconditionals="0" methods="0" coveredmethods="0"/>
      </file>
      <file name="PackenInput.js" path="/home/andres/projects/ui_library/ui_library/app/styles/components/PackenInput.js">
        <metrics statements="1" coveredstatements="1" conditionals="0" coveredconditionals="0" methods="0" coveredmethods="0"/>
        <line num="4" count="6" type="stmt"/>
      </file>
      <file name="PackenList.js" path="/home/andres/projects/ui_library/ui_library/app/styles/components/PackenList.js">
        <metrics statements="0" coveredstatements="0" conditionals="0" coveredconditionals="0" methods="0" coveredmethods="0"/>
      </file>
      <file name="PackenMapPin.js" path="/home/andres/projects/ui_library/ui_library/app/styles/components/PackenMapPin.js">
        <metrics statements="0" coveredstatements="0" conditionals="0" coveredconditionals="0" methods="0" coveredmethods="0"/>
      </file>
      <file name="PackenModal.js" path="/home/andres/projects/ui_library/ui_library/app/styles/components/PackenModal.js">
        <metrics statements="0" coveredstatements="0" conditionals="0" coveredconditionals="0" methods="0" coveredmethods="0"/>
      </file>
      <file name="PackenRadio.js" path="/home/andres/projects/ui_library/ui_library/app/styles/components/PackenRadio.js">
        <metrics statements="0" coveredstatements="0" conditionals="0" coveredconditionals="0" methods="0" coveredmethods="0"/>
      </file>
      <file name="PackenServiceStatus.js" path="/home/andres/projects/ui_library/ui_library/app/styles/components/PackenServiceStatus.js">
        <metrics statements="0" coveredstatements="0" conditionals="0" coveredconditionals="0" methods="0" coveredmethods="0"/>
      </file>
      <file name="PackenTabs.js" path="/home/andres/projects/ui_library/ui_library/app/styles/components/PackenTabs.js">
        <metrics statements="0" coveredstatements="0" conditionals="0" coveredconditionals="0" methods="0" coveredmethods="0"/>
      </file>
      <file name="PackenTag.js" path="/home/andres/projects/ui_library/ui_library/app/styles/components/PackenTag.js">
        <metrics statements="0" coveredstatements="0" conditionals="0" coveredconditionals="0" methods="0" coveredmethods="0"/>
      </file>
      <file name="PackenToggle.js" path="/home/andres/projects/ui_library/ui_library/app/styles/components/PackenToggle.js">
        <metrics statements="0" coveredstatements="0" conditionals="0" coveredconditionals="0" methods="0" coveredmethods="0"/>
      </file>
      <file name="Section.js" path="/home/andres/projects/ui_library/ui_library/app/styles/components/Section.js">
        <metrics statements="0" coveredstatements="0" conditionals="0" coveredconditionals="0" methods="0" coveredmethods="0"/>
      </file>
    </package>
    <package name="ui_library.app.utils">
      <metrics statements="2" coveredstatements="2" conditionals="0" coveredconditionals="0" methods="1" coveredmethods="1"/>
      <file name="index.js" path="/home/andres/projects/ui_library/ui_library/app/utils/index.js">
        <metrics statements="2" coveredstatements="2" conditionals="0" coveredconditionals="0" methods="1" coveredmethods="1"/>
        <line num="1" count="5" type="stmt"/>
        <line num="2" count="189" type="stmt"/>
      </file>
    </package>
    <package name="ui_library.app.views">
      <metrics statements="98" coveredstatements="40" conditionals="4" coveredconditionals="0" methods="86" coveredmethods="24"/>
      <file name="Avatars.js" path="/home/andres/projects/ui_library/ui_library/app/views/Avatars.js">
        <metrics statements="2" coveredstatements="2" conditionals="0" coveredconditionals="0" methods="2" coveredmethods="2"/>
        <line num="11" count="2" type="stmt"/>
        <line num="15" count="2" type="stmt"/>
      </file>
      <file name="Buttons.js" path="/home/andres/projects/ui_library/ui_library/app/views/Buttons.js">
        <metrics statements="3" coveredstatements="3" conditionals="0" coveredconditionals="0" methods="3" coveredmethods="2"/>
        <line num="11" count="2" type="stmt"/>
        <line num="14" count="2" type="stmt"/>
        <line num="17" count="2" type="stmt"/>
      </file>
      <file name="Checkboxes.js" path="/home/andres/projects/ui_library/ui_library/app/views/Checkboxes.js">
        <metrics statements="5" coveredstatements="5" conditionals="0" coveredconditionals="0" methods="4" coveredmethods="2"/>
        <line num="16" count="2" type="stmt"/>
        <line num="18" count="2" type="stmt"/>
        <line num="66" count="2" type="stmt"/>
        <line num="71" count="2" type="stmt"/>
        <line num="77" count="2" type="stmt"/>
      </file>
      <file name="Dividers.js" path="/home/andres/projects/ui_library/ui_library/app/views/Dividers.js">
        <metrics statements="2" coveredstatements="2" conditionals="0" coveredconditionals="0" methods="2" coveredmethods="2"/>
        <line num="12" count="2" type="stmt"/>
        <line num="16" count="2" type="stmt"/>
      </file>
      <file name="Dropdowns.js" path="/home/andres/projects/ui_library/ui_library/app/views/Dropdowns.js">
        <metrics statements="22" coveredstatements="3" conditionals="0" coveredconditionals="0" methods="21" coveredmethods="2"/>
        <line num="17" count="2" type="stmt"/>
        <line num="19" count="2" type="stmt"/>
        <line num="1203" count="0" type="stmt"/>
        <line num="1218" count="0" type="stmt"/>
        <line num="1234" count="0" type="stmt"/>
        <line num="1249" count="0" type="stmt"/>
        <line num="1264" count="0" type="stmt"/>
        <line num="1279" count="0" type="stmt"/>
        <line num="1294" count="0" type="stmt"/>
        <line num="1412" count="2" type="stmt"/>
        <line num="1422" count="0" type="stmt"/>
        <line num="1441" count="0" type="stmt"/>
        <line num="1459" count="0" type="stmt"/>
        <line num="1480" count="0" type="stmt"/>
        <line num="1498" count="0" type="stmt"/>
        <line num="1521" count="0" type="stmt"/>
        <line num="1538" count="0" type="stmt"/>
        <line num="1556" count="0" type="stmt"/>
        <line num="1578" count="0" type="stmt"/>
        <line num="1595" count="0" type="stmt"/>
        <line num="1612" count="0" type="stmt"/>
        <line num="1630" count="0" type="stmt"/>
      </file>
      <file name="Inputs.js" path="/home/andres/projects/ui_library/ui_library/app/views/Inputs.js">
        <metrics statements="3" coveredstatements="3" conditionals="0" coveredconditionals="0" methods="3" coveredmethods="2"/>
        <line num="11" count="2" type="stmt"/>
        <line num="14" count="2" type="stmt"/>
        <line num="20" count="2" type="stmt"/>
      </file>
      <file name="MapPins.js" path="/home/andres/projects/ui_library/ui_library/app/views/MapPins.js">
        <metrics statements="2" coveredstatements="2" conditionals="0" coveredconditionals="0" methods="2" coveredmethods="2"/>
        <line num="11" count="2" type="stmt"/>
        <line num="15" count="2" type="stmt"/>
      </file>
      <file name="Modals.js" path="/home/andres/projects/ui_library/ui_library/app/views/Modals.js">
        <metrics statements="41" coveredstatements="4" conditionals="0" coveredconditionals="0" methods="34" coveredmethods="2"/>
        <line num="18" count="2" type="stmt"/>
        <line num="20" count="2" type="stmt"/>
        <line num="48" count="2" type="stmt"/>
        <line num="49" count="0" type="stmt"/>
        <line num="50" count="0" type="stmt"/>
        <line num="51" count="0" type="stmt"/>
        <line num="53" count="0" type="stmt"/>
        <line num="54" count="0" type="stmt"/>
        <line num="56" count="0" type="stmt"/>
        <line num="60" count="2" type="stmt"/>
        <line num="66" count="0" type="stmt"/>
        <line num="69" count="0" type="stmt"/>
        <line num="72" count="0" type="stmt"/>
        <line num="75" count="0" type="stmt"/>
        <line num="78" count="0" type="stmt"/>
        <line num="81" count="0" type="stmt"/>
        <line num="84" count="0" type="stmt"/>
        <line num="87" count="0" type="stmt"/>
        <line num="90" count="0" type="stmt"/>
        <line num="93" count="0" type="stmt"/>
        <line num="100" count="0" type="stmt"/>
        <line num="103" count="0" type="stmt"/>
        <line num="110" count="0" type="stmt"/>
        <line num="111" count="0" type="stmt"/>
        <line num="115" count="0" type="stmt"/>
        <line num="116" count="0" type="stmt"/>
        <line num="120" count="0" type="stmt"/>
        <line num="124" count="0" type="stmt"/>
        <line num="125" count="0" type="stmt"/>
        <line num="129" count="0" type="stmt"/>
        <line num="130" count="0" type="stmt"/>
        <line num="134" count="0" type="stmt"/>
        <line num="138" count="0" type="stmt"/>
        <line num="139" count="0" type="stmt"/>
        <line num="143" count="0" type="stmt"/>
        <line num="144" count="0" type="stmt"/>
        <line num="148" count="0" type="stmt"/>
        <line num="152" count="0" type="stmt"/>
        <line num="153" count="0" type="stmt"/>
        <line num="157" count="0" type="stmt"/>
        <line num="160" count="0" type="stmt"/>
      </file>
      <file name="Radios.js" path="/home/andres/projects/ui_library/ui_library/app/views/Radios.js">
        <metrics statements="4" coveredstatements="4" conditionals="0" coveredconditionals="0" methods="4" coveredmethods="2"/>
        <line num="16" count="2" type="stmt"/>
        <line num="19" count="2" type="stmt"/>
        <line num="24" count="2" type="stmt"/>
        <line num="30" count="2" type="stmt"/>
      </file>
      <file name="ServiceStatus.js" path="/home/andres/projects/ui_library/ui_library/app/views/ServiceStatus.js">
        <metrics statements="8" coveredstatements="6" conditionals="4" coveredconditionals="0" methods="5" coveredmethods="2"/>
        <line num="12" count="2" type="stmt"/>
        <line num="14" count="2" type="stmt"/>
        <line num="42" count="2" type="stmt"/>
        <line num="44" count="2" type="stmt"/>
        <line num="45" count="0" type="stmt"/>
        <line num="50" count="2" type="stmt"/>
        <line num="51" count="0" type="stmt"/>
        <line num="57" count="2" type="stmt"/>
      </file>
      <file name="Tabs.js" path="/home/andres/projects/ui_library/ui_library/app/views/Tabs.js">
        <metrics statements="3" coveredstatements="3" conditionals="0" coveredconditionals="0" methods="3" coveredmethods="2"/>
        <line num="11" count="2" type="stmt"/>
        <line num="14" count="2" type="stmt"/>
        <line num="17" count="2" type="stmt"/>
      </file>
      <file name="Toggles.js" path="/home/andres/projects/ui_library/ui_library/app/views/Toggles.js">
        <metrics statements="3" coveredstatements="3" conditionals="0" coveredconditionals="0" methods="3" coveredmethods="2"/>
        <line num="13" count="2" type="stmt"/>
        <line num="16" count="2" type="stmt"/>
        <line num="22" count="2" type="stmt"/>
      </file>
    </package>
    <package name="ui_library.assets.images">
      <metrics statements="2" coveredstatements="2" conditionals="0" coveredconditionals="0" methods="0" coveredmethods="0"/>
      <file name="avatar.jpg" path="/home/andres/projects/ui_library/ui_library/assets/images/avatar.jpg">
        <metrics statements="1" coveredstatements="1" conditionals="0" coveredconditionals="0" methods="0" coveredmethods="0"/>
        <line num="1" count="4" type="stmt"/>
      </file>
      <file name="placeholder.png" path="/home/andres/projects/ui_library/ui_library/assets/images/placeholder.png">
        <metrics statements="1" coveredstatements="1" conditionals="0" coveredconditionals="0" methods="0" coveredmethods="0"/>
        <line num="1" count="3" type="stmt"/>
      </file>
    </package>
  </project>
</coverage>
