<?xml version="1.0" encoding="UTF-8"?>
<coverage generated="1585667355070" clover="3.2.0">
  <project timestamp="1585667355070" name="All files">
    <metrics statements="890" coveredstatements="884" conditionals="414" coveredconditionals="404" methods="294" coveredmethods="294" elements="1598" coveredelements="1582" complexity="0" loc="890" ncloc="890" packages="8" files="66" classes="66"/>
    <package name="ui_library">
      <metrics statements="1" coveredstatements="1" conditionals="0" coveredconditionals="0" methods="1" coveredmethods="1"/>
      <file name="App.js" path="/home/andres/projects/ui_library/ui_library/App.js">
        <metrics statements="1" coveredstatements="1" conditionals="0" coveredconditionals="0" methods="1" coveredmethods="1"/>
        <line num="8" count="1" type="stmt"/>
      </file>
    </package>
    <package name="ui_library.app">
      <metrics statements="2" coveredstatements="2" conditionals="0" coveredconditionals="0" methods="1" coveredmethods="1"/>
      <file name="UILibrary.js" path="/home/andres/projects/ui_library/ui_library/app/UILibrary.js">
        <metrics statements="2" coveredstatements="2" conditionals="0" coveredconditionals="0" methods="1" coveredmethods="1"/>
        <line num="26" count="1" type="stmt"/>
        <line num="51" count="2" type="stmt"/>
      </file>
    </package>
    <package name="ui_library.app.components">
      <metrics statements="755" coveredstatements="749" conditionals="403" coveredconditionals="393" methods="220" coveredmethods="220"/>
      <file name="PackenAvatar.js" path="/home/andres/projects/ui_library/ui_library/app/components/PackenAvatar.js">
        <metrics statements="2" coveredstatements="2" conditionals="0" coveredconditionals="0" methods="2" coveredmethods="2"/>
        <line num="9" count="1" type="stmt"/>
        <line num="13" count="1" type="stmt"/>
      </file>
      <file name="PackenButton.js" path="/home/andres/projects/ui_library/ui_library/app/components/PackenButton.js">
        <metrics statements="49" coveredstatements="49" conditionals="33" coveredconditionals="33" methods="12" coveredmethods="12"/>
        <line num="12" count="2" type="stmt"/>
        <line num="14" count="2" type="stmt"/>
        <line num="28" count="2" type="stmt"/>
        <line num="29" count="4" type="cond" truecount="2" falsecount="0"/>
        <line num="32" count="2" type="stmt"/>
        <line num="33" count="15" type="stmt"/>
        <line num="49" count="15" type="cond" truecount="2" falsecount="0"/>
        <line num="51" count="2" type="stmt"/>
        <line num="59" count="2" type="stmt"/>
        <line num="61" count="13" type="stmt"/>
        <line num="75" count="13" type="stmt"/>
        <line num="79" count="15" type="cond" truecount="1" falsecount="0"/>
        <line num="81" count="2" type="stmt"/>
        <line num="87" count="2" type="stmt"/>
        <line num="91" count="15" type="cond" truecount="2" falsecount="0"/>
        <line num="92" count="4" type="stmt"/>
        <line num="93" count="4" type="stmt"/>
        <line num="95" count="4" type="cond" truecount="2" falsecount="0"/>
        <line num="96" count="3" type="stmt"/>
        <line num="99" count="4" type="cond" truecount="2" falsecount="0"/>
        <line num="100" count="1" type="stmt"/>
        <line num="103" count="4" type="cond" truecount="2" falsecount="0"/>
        <line num="104" count="2" type="stmt"/>
        <line num="105" count="2" type="stmt"/>
        <line num="107" count="2" type="cond" truecount="2" falsecount="0"/>
        <line num="108" count="1" type="stmt"/>
        <line num="113" count="15" type="stmt"/>
        <line num="117" count="25" type="cond" truecount="5" falsecount="0"/>
        <line num="118" count="4" type="stmt"/>
        <line num="124" count="2" type="stmt"/>
        <line num="125" count="1" type="stmt"/>
        <line num="131" count="2" type="stmt"/>
        <line num="132" count="1" type="stmt"/>
        <line num="138" count="2" type="stmt"/>
        <line num="139" count="1" type="stmt"/>
        <line num="142" count="2" type="stmt"/>
        <line num="143" count="2" type="stmt"/>
        <line num="144" count="2" type="stmt"/>
        <line num="147" count="2" type="cond" truecount="1" falsecount="0"/>
        <line num="149" count="1" type="stmt"/>
        <line num="150" count="1" type="stmt"/>
        <line num="153" count="2" type="stmt"/>
        <line num="158" count="2" type="stmt"/>
        <line num="159" count="1" type="stmt"/>
        <line num="160" count="1" type="stmt"/>
        <line num="161" count="1" type="stmt"/>
        <line num="167" count="26" type="stmt"/>
        <line num="171" count="1" type="stmt"/>
        <line num="175" count="1" type="stmt"/>
      </file>
      <file name="PackenCheckbox.js" path="/home/andres/projects/ui_library/ui_library/app/components/PackenCheckbox.js">
        <metrics statements="24" coveredstatements="24" conditionals="8" coveredconditionals="8" methods="12" coveredmethods="12"/>
        <line num="10" count="2" type="stmt"/>
        <line num="12" count="2" type="stmt"/>
        <line num="19" count="2" type="stmt"/>
        <line num="20" count="1" type="stmt"/>
        <line num="25" count="2" type="stmt"/>
        <line num="26" count="2" type="cond" truecount="2" falsecount="0"/>
        <line num="27" count="1" type="stmt"/>
        <line num="28" count="1" type="stmt"/>
        <line num="29" count="4" type="stmt"/>
        <line num="30" count="1" type="stmt"/>
        <line num="32" count="1" type="stmt"/>
        <line num="35" count="1" type="stmt"/>
        <line num="38" count="1" type="stmt"/>
        <line num="42" count="2" type="stmt"/>
        <line num="43" count="2" type="stmt"/>
        <line num="44" count="3" type="stmt"/>
        <line num="46" count="2" type="stmt"/>
        <line num="47" count="2" type="cond" truecount="2" falsecount="0"/>
        <line num="48" count="1" type="stmt"/>
        <line num="49" count="1" type="stmt"/>
        <line num="53" count="1" type="stmt"/>
        <line num="58" count="10" type="stmt"/>
        <line num="65" count="40" type="stmt"/>
        <line num="70" count="1" type="stmt"/>
      </file>
      <file name="PackenCheckboxControl.js" path="/home/andres/projects/ui_library/ui_library/app/components/PackenCheckboxControl.js">
        <metrics statements="28" coveredstatements="28" conditionals="18" coveredconditionals="18" methods="7" coveredmethods="7"/>
        <line num="12" count="1" type="stmt"/>
        <line num="14" count="1" type="stmt"/>
        <line num="24" count="1" type="stmt"/>
        <line num="25" count="2" type="stmt"/>
        <line num="28" count="1" type="stmt"/>
        <line num="29" count="8" type="cond" truecount="2" falsecount="0"/>
        <line num="30" count="2" type="stmt"/>
        <line num="31" count="2" type="stmt"/>
        <line num="32" count="2" type="stmt"/>
        <line num="35" count="2" type="stmt"/>
        <line num="37" count="6" type="cond" truecount="2" falsecount="0"/>
        <line num="38" count="4" type="stmt"/>
        <line num="41" count="4" type="stmt"/>
        <line num="43" count="2" type="stmt"/>
        <line num="46" count="2" type="stmt"/>
        <line num="51" count="1" type="stmt"/>
        <line num="52" count="10" type="stmt"/>
        <line num="54" count="10" type="cond" truecount="2" falsecount="0"/>
        <line num="55" count="2" type="cond" truecount="2" falsecount="0"/>
        <line num="56" count="2" type="stmt"/>
        <line num="62" count="2" type="stmt"/>
        <line num="65" count="10" type="stmt"/>
        <line num="68" count="1" type="stmt"/>
        <line num="69" count="19" type="cond" truecount="2" falsecount="0"/>
        <line num="70" count="5" type="stmt"/>
        <line num="72" count="19" type="cond" truecount="2" falsecount="0"/>
        <line num="73" count="5" type="stmt"/>
        <line num="78" count="18" type="stmt"/>
      </file>
      <file name="PackenDivider.js" path="/home/andres/projects/ui_library/ui_library/app/components/PackenDivider.js">
        <metrics statements="2" coveredstatements="2" conditionals="4" coveredconditionals="4" methods="2" coveredmethods="2"/>
        <line num="9" count="1" type="stmt"/>
        <line num="13" count="2" type="stmt"/>
      </file>
      <file name="PackenDropdown.js" path="/home/andres/projects/ui_library/ui_library/app/components/PackenDropdown.js">
        <metrics statements="22" coveredstatements="22" conditionals="8" coveredconditionals="8" methods="10" coveredmethods="10"/>
        <line num="11" count="1" type="stmt"/>
        <line num="13" count="1" type="stmt"/>
        <line num="28" count="1" type="stmt"/>
        <line num="29" count="1" type="stmt"/>
        <line num="39" count="1" type="stmt"/>
        <line num="40" count="2" type="stmt"/>
        <line num="44" count="2" type="stmt"/>
        <line num="52" count="1" type="stmt"/>
        <line num="53" count="1" type="stmt"/>
        <line num="58" count="1" type="stmt"/>
        <line num="59" count="1" type="stmt"/>
        <line num="64" count="1" type="stmt"/>
        <line num="65" count="2" type="stmt"/>
        <line num="67" count="2" type="stmt"/>
        <line num="68" count="4" type="stmt"/>
        <line num="70" count="2" type="stmt"/>
        <line num="72" count="2" type="stmt"/>
        <line num="76" count="2" type="stmt"/>
        <line num="80" count="21" type="cond" truecount="2" falsecount="0"/>
        <line num="81" count="4" type="stmt"/>
        <line num="94" count="20" type="stmt"/>
        <line num="119" count="1" type="stmt"/>
      </file>
      <file name="PackenInput.js" path="/home/andres/projects/ui_library/ui_library/app/components/PackenInput.js">
        <metrics statements="74" coveredstatements="74" conditionals="36" coveredconditionals="36" methods="21" coveredmethods="21"/>
        <line num="12" count="1" type="stmt"/>
        <line num="14" count="1" type="stmt"/>
        <line num="17" count="1" type="stmt"/>
        <line num="18" count="3" type="stmt"/>
        <line num="23" count="3" type="cond" truecount="2" falsecount="0"/>
        <line num="24" count="2" type="stmt"/>
        <line num="39" count="3" type="stmt"/>
        <line num="42" count="1" type="stmt"/>
        <line num="43" count="45" type="stmt"/>
        <line num="45" count="45" type="cond" truecount="2" falsecount="0"/>
        <line num="46" count="44" type="stmt"/>
        <line num="47" count="44" type="stmt"/>
        <line num="49" count="44" type="cond" truecount="2" falsecount="0"/>
        <line num="50" count="23" type="stmt"/>
        <line num="55" count="21" type="stmt"/>
        <line num="62" count="45" type="stmt"/>
        <line num="65" count="1" type="stmt"/>
        <line num="66" count="2" type="stmt"/>
        <line num="77" count="1" type="stmt"/>
        <line num="78" count="2" type="stmt"/>
        <line num="89" count="1" type="stmt"/>
        <line num="90" count="42" type="stmt"/>
        <line num="92" count="42" type="cond" truecount="2" falsecount="0"/>
        <line num="93" count="39" type="stmt"/>
        <line num="96" count="42" type="stmt"/>
        <line num="99" count="1" type="stmt"/>
        <line num="100" count="42" type="stmt"/>
        <line num="102" count="42" type="cond" truecount="2" falsecount="0"/>
        <line num="103" count="24" type="stmt"/>
        <line num="109" count="42" type="stmt"/>
        <line num="112" count="1" type="stmt"/>
        <line num="113" count="1" type="stmt"/>
        <line num="118" count="1" type="stmt"/>
        <line num="119" count="1" type="stmt"/>
        <line num="124" count="1" type="stmt"/>
        <line num="125" count="1" type="stmt"/>
        <line num="130" count="1" type="stmt"/>
        <line num="131" count="1" type="stmt"/>
        <line num="136" count="1" type="stmt"/>
        <line num="137" count="1" type="stmt"/>
        <line num="140" count="1" type="stmt"/>
        <line num="143" count="1" type="stmt"/>
        <line num="144" count="42" type="stmt"/>
        <line num="146" count="42" type="cond" truecount="4" falsecount="0"/>
        <line num="147" count="4" type="stmt"/>
        <line num="150" count="42" type="stmt"/>
        <line num="153" count="1" type="stmt"/>
        <line num="154" count="41" type="stmt"/>
        <line num="156" count="41" type="cond" truecount="2" falsecount="0"/>
        <line num="157" count="22" type="cond" truecount="2" falsecount="0"/>
        <line num="158" count="2" type="stmt"/>
        <line num="160" count="20" type="stmt"/>
        <line num="163" count="19" type="stmt"/>
        <line num="166" count="41" type="stmt"/>
        <line num="169" count="1" type="stmt"/>
        <line num="170" count="42" type="stmt"/>
        <line num="172" count="42" type="cond" truecount="2" falsecount="0"/>
        <line num="173" count="4" type="stmt"/>
        <line num="183" count="42" type="stmt"/>
        <line num="186" count="1" type="stmt"/>
        <line num="187" count="43" type="stmt"/>
        <line num="189" count="43" type="cond" truecount="2" falsecount="0"/>
        <line num="190" count="8" type="stmt"/>
        <line num="203" count="43" type="stmt"/>
        <line num="206" count="1" type="stmt"/>
        <line num="207" count="43" type="stmt"/>
        <line num="209" count="43" type="cond" truecount="2" falsecount="0"/>
        <line num="210" count="41" type="stmt"/>
        <line num="222" count="43" type="stmt"/>
        <line num="226" count="40" type="cond" truecount="2" falsecount="0"/>
        <line num="227" count="3" type="stmt"/>
        <line num="234" count="40" type="stmt"/>
        <line num="244" count="1" type="stmt"/>
        <line num="247" count="1" type="stmt"/>
      </file>
      <file name="PackenList.js" path="/home/andres/projects/ui_library/ui_library/app/components/PackenList.js">
        <metrics statements="44" coveredstatements="44" conditionals="21" coveredconditionals="21" methods="11" coveredmethods="11"/>
        <line num="8" count="1" type="stmt"/>
        <line num="10" count="1" type="stmt"/>
        <line num="24" count="1" type="stmt"/>
        <line num="26" count="2" type="cond" truecount="2" falsecount="0"/>
        <line num="27" count="1" type="stmt"/>
        <line num="29" count="1" type="stmt"/>
        <line num="32" count="2" type="stmt"/>
        <line num="37" count="1" type="stmt"/>
        <line num="38" count="8" type="cond" truecount="5" falsecount="0"/>
        <line num="41" count="4" type="stmt"/>
        <line num="42" count="4" type="stmt"/>
        <line num="43" count="8" type="stmt"/>
        <line num="46" count="8" type="stmt"/>
        <line num="47" count="4" type="stmt"/>
        <line num="49" count="4" type="stmt"/>
        <line num="54" count="4" type="cond" truecount="2" falsecount="0"/>
        <line num="55" count="3" type="cond" truecount="2" falsecount="0"/>
        <line num="56" count="1" type="stmt"/>
        <line num="64" count="4" type="cond" truecount="2" falsecount="0"/>
        <line num="65" count="3" type="stmt"/>
        <line num="67" count="1" type="stmt"/>
        <line num="69" count="3" type="stmt"/>
        <line num="72" count="3" type="stmt"/>
        <line num="74" count="6" type="stmt"/>
        <line num="75" count="3" type="stmt"/>
        <line num="77" count="6" type="stmt"/>
        <line num="78" count="3" type="stmt"/>
        <line num="80" count="3" type="stmt"/>
        <line num="85" count="3" type="cond" truecount="2" falsecount="0"/>
        <line num="86" count="2" type="cond" truecount="2" falsecount="0"/>
        <line num="87" count="1" type="stmt"/>
        <line num="88" count="1" type="stmt"/>
        <line num="89" count="1" type="stmt"/>
        <line num="91" count="1" type="stmt"/>
        <line num="99" count="3" type="stmt"/>
        <line num="101" count="1" type="stmt"/>
        <line num="105" count="1" type="stmt"/>
        <line num="106" count="1" type="stmt"/>
        <line num="120" count="39" type="cond" truecount="2" falsecount="0"/>
        <line num="122" count="11" type="cond" truecount="2" falsecount="0"/>
        <line num="123" count="3" type="stmt"/>
        <line num="124" count="3" type="stmt"/>
        <line num="131" count="8" type="stmt"/>
        <line num="137" count="38" type="stmt"/>
      </file>
      <file name="PackenListItem.js" path="/home/andres/projects/ui_library/ui_library/app/components/PackenListItem.js">
        <metrics statements="170" coveredstatements="164" conditionals="132" coveredconditionals="122" methods="31" coveredmethods="31"/>
        <line num="16" count="1" type="stmt"/>
        <line num="18" count="1" type="stmt"/>
        <line num="26" count="1" type="stmt"/>
        <line num="29" count="1" type="stmt"/>
        <line num="30" count="3" type="cond" truecount="2" falsecount="0"/>
        <line num="31" count="1" type="stmt"/>
        <line num="32" count="1" type="stmt"/>
        <line num="34" count="2" type="stmt"/>
        <line num="38" count="1" type="stmt"/>
        <line num="39" count="5" type="cond" truecount="4" falsecount="0"/>
        <line num="42" count="1" type="stmt"/>
        <line num="43" count="4" type="stmt"/>
        <line num="45" count="4" type="cond" truecount="2" falsecount="0"/>
        <line num="46" count="3" type="cond" truecount="2" falsecount="0"/>
        <line num="47" count="1" type="stmt"/>
        <line num="48" count="2" type="cond" truecount="3" falsecount="1"/>
        <line num="49" count="2" type="stmt"/>
        <line num="53" count="2" type="cond" truecount="3" falsecount="1"/>
        <line num="54" count="2" type="stmt"/>
        <line num="58" count="1" type="stmt"/>
        <line num="61" count="4" type="stmt"/>
        <line num="65" count="2" type="stmt"/>
        <line num="68" count="1" type="stmt"/>
        <line num="69" count="31" type="cond" truecount="2" falsecount="0"/>
        <line num="70" count="30" type="cond" truecount="4" falsecount="0"/>
        <line num="71" count="5" type="stmt"/>
        <line num="72" count="3" type="cond" truecount="2" falsecount="0"/>
        <line num="73" count="2" type="stmt"/>
        <line num="78" count="1" type="stmt"/>
        <line num="81" count="27" type="stmt"/>
        <line num="84" count="1" type="stmt"/>
        <line num="88" count="1" type="stmt"/>
        <line num="89" count="29" type="cond" truecount="4" falsecount="0"/>
        <line num="90" count="7" type="stmt"/>
        <line num="92" count="22" type="stmt"/>
        <line num="97" count="27" type="stmt"/>
        <line num="98" count="27" type="stmt"/>
        <line num="99" count="27" type="stmt"/>
        <line num="102" count="1" type="stmt"/>
        <line num="103" count="29" type="cond" truecount="2" falsecount="0"/>
        <line num="104" count="7" type="cond" truecount="2" falsecount="0"/>
        <line num="105" count="1" type="cond" truecount="1" falsecount="1"/>
        <line num="106" count="1" type="stmt"/>
        <line num="109" count="7" type="cond" truecount="2" falsecount="0"/>
        <line num="110" count="1" type="stmt"/>
        <line num="111" count="1" type="cond" truecount="1" falsecount="1"/>
        <line num="112" count="1" type="stmt"/>
        <line num="119" count="1" type="stmt"/>
        <line num="120" count="2" type="stmt"/>
        <line num="121" count="2" type="stmt"/>
        <line num="127" count="1" type="stmt"/>
        <line num="128" count="1" type="stmt"/>
        <line num="133" count="1" type="stmt"/>
        <line num="134" count="6" type="cond" truecount="5" falsecount="0"/>
        <line num="137" count="2" type="stmt"/>
        <line num="141" count="2" type="cond" truecount="2" falsecount="0"/>
        <line num="142" count="1" type="stmt"/>
        <line num="143" count="1" type="stmt"/>
        <line num="148" count="1" type="stmt"/>
        <line num="150" count="2" type="stmt"/>
        <line num="153" count="3" type="cond" truecount="2" falsecount="0"/>
        <line num="154" count="3" type="cond" truecount="2" falsecount="0"/>
        <line num="155" count="3" type="stmt"/>
        <line num="160" count="3" type="cond" truecount="2" falsecount="0"/>
        <line num="161" count="2" type="stmt"/>
        <line num="166" count="1" type="stmt"/>
        <line num="169" count="4" type="stmt"/>
        <line num="173" count="1" type="stmt"/>
        <line num="174" count="30" type="stmt"/>
        <line num="176" count="30" type="cond" truecount="4" falsecount="0"/>
        <line num="177" count="29" type="cond" truecount="2" falsecount="0"/>
        <line num="178" count="2" type="stmt"/>
        <line num="180" count="27" type="stmt"/>
        <line num="184" count="30" type="stmt"/>
        <line num="187" count="1" type="stmt"/>
        <line num="188" count="31" type="stmt"/>
        <line num="190" count="31" type="cond" truecount="4" falsecount="0"/>
        <line num="191" count="30" type="cond" truecount="2" falsecount="0"/>
        <line num="192" count="2" type="stmt"/>
        <line num="194" count="28" type="cond" truecount="2" falsecount="0"/>
        <line num="198" count="31" type="stmt"/>
        <line num="201" count="1" type="stmt"/>
        <line num="203" count="59" type="stmt"/>
        <line num="205" count="59" type="cond" truecount="2" falsecount="0"/>
        <line num="206" count="55" type="stmt"/>
        <line num="208" count="4" type="cond" truecount="3" falsecount="0"/>
        <line num="210" count="1" type="stmt"/>
        <line num="217" count="1" type="stmt"/>
        <line num="219" count="1" type="stmt"/>
        <line num="225" count="1" type="stmt"/>
        <line num="227" count="2" type="stmt"/>
        <line num="228" count="2" type="stmt"/>
        <line num="232" count="59" type="cond" truecount="2" falsecount="0"/>
        <line num="233" count="55" type="stmt"/>
        <line num="235" count="4" type="cond" truecount="3" falsecount="0"/>
        <line num="237" count="1" type="stmt"/>
        <line num="244" count="1" type="stmt"/>
        <line num="246" count="1" type="stmt"/>
        <line num="252" count="1" type="stmt"/>
        <line num="254" count="2" type="stmt"/>
        <line num="255" count="2" type="stmt"/>
        <line num="259" count="59" type="cond" truecount="2" falsecount="0"/>
        <line num="260" count="2" type="stmt"/>
        <line num="267" count="59" type="cond" truecount="2" falsecount="0"/>
        <line num="268" count="2" type="stmt"/>
        <line num="275" count="59" type="stmt"/>
        <line num="281" count="1" type="stmt"/>
        <line num="282" count="28" type="stmt"/>
        <line num="285" count="1" type="stmt"/>
        <line num="286" count="28" type="stmt"/>
        <line num="289" count="1" type="stmt"/>
        <line num="290" count="1" type="stmt"/>
        <line num="293" count="1" type="stmt"/>
        <line num="294" count="1" type="stmt"/>
        <line num="297" count="1" type="stmt"/>
        <line num="300" count="6" type="cond" truecount="2" falsecount="0"/>
        <line num="301" count="3" type="cond" truecount="3" falsecount="0"/>
        <line num="303" count="1" type="stmt"/>
        <line num="313" count="1" type="stmt"/>
        <line num="315" count="1" type="stmt"/>
        <line num="323" count="1" type="stmt"/>
        <line num="325" count="1" type="stmt"/>
        <line num="328" count="3" type="stmt"/>
        <line num="335" count="5" type="stmt"/>
        <line num="340" count="1" type="stmt"/>
        <line num="341" count="2" type="stmt"/>
        <line num="344" count="1" type="stmt"/>
        <line num="345" count="56" type="stmt"/>
        <line num="350" count="56" type="cond" truecount="2" falsecount="0"/>
        <line num="351" count="3" type="stmt"/>
        <line num="363" count="56" type="stmt"/>
        <line num="366" count="1" type="stmt"/>
        <line num="367" count="28" type="stmt"/>
        <line num="369" count="28" type="cond" truecount="2" falsecount="0"/>
        <line num="370" count="2" type="cond" truecount="2" falsecount="0"/>
        <line num="371" count="1" type="stmt"/>
        <line num="372" count="1" type="cond" truecount="3" falsecount="1"/>
        <line num="373" count="1" type="stmt"/>
        <line num="374" count="1" type="stmt"/>
        <line num="376" count="0" type="stmt"/>
        <line num="380" count="1" type="cond" truecount="3" falsecount="1"/>
        <line num="381" count="1" type="stmt"/>
        <line num="382" count="1" type="stmt"/>
        <line num="384" count="0" type="stmt"/>
        <line num="388" count="26" type="cond" truecount="2" falsecount="0"/>
        <line num="389" count="2" type="cond" truecount="2" falsecount="0"/>
        <line num="390" count="1" type="stmt"/>
        <line num="391" count="1" type="cond" truecount="3" falsecount="1"/>
        <line num="392" count="1" type="stmt"/>
        <line num="393" count="1" type="stmt"/>
        <line num="395" count="0" type="stmt"/>
        <line num="399" count="1" type="cond" truecount="3" falsecount="1"/>
        <line num="400" count="1" type="stmt"/>
        <line num="401" count="1" type="stmt"/>
        <line num="403" count="0" type="stmt"/>
        <line num="407" count="24" type="cond" truecount="2" falsecount="0"/>
        <line num="408" count="7" type="stmt"/>
        <line num="409" count="1" type="cond" truecount="3" falsecount="1"/>
        <line num="410" count="1" type="stmt"/>
        <line num="411" count="1" type="stmt"/>
        <line num="413" count="0" type="stmt"/>
        <line num="417" count="17" type="cond" truecount="3" falsecount="1"/>
        <line num="418" count="17" type="stmt"/>
        <line num="419" count="17" type="stmt"/>
        <line num="421" count="0" type="stmt"/>
        <line num="427" count="9" type="stmt"/>
        <line num="431" count="27" type="cond" truecount="2" falsecount="0"/>
        <line num="432" count="22" type="stmt"/>
        <line num="435" count="27" type="stmt"/>
        <line num="441" count="1" type="stmt"/>
      </file>
      <file name="PackenMapPin.js" path="/home/andres/projects/ui_library/ui_library/app/components/PackenMapPin.js">
        <metrics statements="6" coveredstatements="6" conditionals="12" coveredconditionals="12" methods="3" coveredmethods="3"/>
        <line num="10" count="2" type="stmt"/>
        <line num="13" count="2" type="stmt"/>
        <line num="14" count="5" type="cond" truecount="2" falsecount="0"/>
        <line num="15" count="3" type="stmt"/>
        <line num="17" count="2" type="stmt"/>
        <line num="22" count="4" type="stmt"/>
      </file>
      <file name="PackenMapPinSub.js" path="/home/andres/projects/ui_library/ui_library/app/components/PackenMapPinSub.js">
        <metrics statements="22" coveredstatements="22" conditionals="8" coveredconditionals="8" methods="6" coveredmethods="6"/>
        <line num="11" count="1" type="stmt"/>
        <line num="14" count="1" type="stmt"/>
        <line num="15" count="4" type="stmt"/>
        <line num="17" count="4" type="cond" truecount="2" falsecount="0"/>
        <line num="18" count="3" type="stmt"/>
        <line num="21" count="4" type="stmt"/>
        <line num="24" count="1" type="stmt"/>
        <line num="25" count="9" type="stmt"/>
        <line num="27" count="9" type="cond" truecount="2" falsecount="0"/>
        <line num="28" count="2" type="stmt"/>
        <line num="37" count="9" type="stmt"/>
        <line num="40" count="1" type="stmt"/>
        <line num="41" count="9" type="stmt"/>
        <line num="43" count="9" type="cond" truecount="2" falsecount="0"/>
        <line num="44" count="5" type="stmt"/>
        <line num="56" count="9" type="stmt"/>
        <line num="59" count="1" type="stmt"/>
        <line num="60" count="9" type="stmt"/>
        <line num="62" count="9" type="cond" truecount="2" falsecount="0"/>
        <line num="63" count="7" type="stmt"/>
        <line num="73" count="9" type="stmt"/>
        <line num="77" count="7" type="stmt"/>
      </file>
      <file name="PackenModal.js" path="/home/andres/projects/ui_library/ui_library/app/components/PackenModal.js">
        <metrics statements="66" coveredstatements="66" conditionals="36" coveredconditionals="36" methods="21" coveredmethods="21"/>
        <line num="14" count="2" type="stmt"/>
        <line num="16" count="2" type="stmt"/>
        <line num="17" count="2" type="cond" truecount="2" falsecount="0"/>
        <line num="18" count="1" type="stmt"/>
        <line num="22" count="1" type="stmt"/>
        <line num="51" count="2" type="stmt"/>
        <line num="53" count="2" type="stmt"/>
        <line num="57" count="2" type="cond" truecount="2" falsecount="0"/>
        <line num="58" count="1" type="stmt"/>
        <line num="62" count="2" type="stmt"/>
        <line num="63" count="20" type="stmt"/>
        <line num="65" count="20" type="cond" truecount="2" falsecount="0"/>
        <line num="66" count="16" type="stmt"/>
        <line num="71" count="4" type="stmt"/>
        <line num="77" count="20" type="stmt"/>
        <line num="80" count="2" type="stmt"/>
        <line num="81" count="20" type="stmt"/>
        <line num="83" count="20" type="cond" truecount="2" falsecount="0"/>
        <line num="84" count="16" type="stmt"/>
        <line num="88" count="4" type="stmt"/>
        <line num="93" count="20" type="stmt"/>
        <line num="96" count="2" type="stmt"/>
        <line num="97" count="9" type="cond" truecount="2" falsecount="0"/>
        <line num="98" count="4" type="stmt"/>
        <line num="105" count="5" type="stmt"/>
        <line num="115" count="53" type="cond" truecount="2" falsecount="0"/>
        <line num="116" count="7" type="stmt"/>
        <line num="118" count="53" type="cond" truecount="2" falsecount="0"/>
        <line num="119" count="35" type="cond" truecount="2" falsecount="0"/>
        <line num="120" count="6" type="stmt"/>
        <line num="122" count="35" type="cond" truecount="2" falsecount="0"/>
        <line num="123" count="2" type="stmt"/>
        <line num="128" count="2" type="stmt"/>
        <line num="129" count="3" type="stmt"/>
        <line num="137" count="2" type="stmt"/>
        <line num="138" count="1" type="stmt"/>
        <line num="141" count="2" type="stmt"/>
        <line num="142" count="1" type="stmt"/>
        <line num="145" count="2" type="stmt"/>
        <line num="146" count="1" type="stmt"/>
        <line num="153" count="2" type="stmt"/>
        <line num="154" count="2" type="stmt"/>
        <line num="165" count="2" type="stmt"/>
        <line num="166" count="2" type="stmt"/>
        <line num="177" count="2" type="stmt"/>
        <line num="178" count="11" type="stmt"/>
        <line num="179" count="11" type="stmt"/>
        <line num="181" count="11" type="stmt"/>
        <line num="195" count="2" type="stmt"/>
        <line num="196" count="104" type="stmt"/>
        <line num="202" count="2" type="stmt"/>
        <line num="203" count="3" type="stmt"/>
        <line num="211" count="2" type="stmt"/>
        <line num="212" count="20" type="stmt"/>
        <line num="214" count="20" type="cond" truecount="2" falsecount="0"/>
        <line num="215" count="16" type="stmt"/>
        <line num="222" count="20" type="stmt"/>
        <line num="225" count="2" type="stmt"/>
        <line num="226" count="20" type="stmt"/>
        <line num="228" count="20" type="cond" truecount="2" falsecount="0"/>
        <line num="229" count="6" type="stmt"/>
        <line num="236" count="20" type="stmt"/>
        <line num="240" count="52" type="stmt"/>
        <line num="265" count="1" type="stmt"/>
        <line num="272" count="1" type="stmt"/>
        <line num="291" count="1" type="stmt"/>
      </file>
      <file name="PackenNotificationBanner.js" path="/home/andres/projects/ui_library/ui_library/app/components/PackenNotificationBanner.js">
        <metrics statements="22" coveredstatements="22" conditionals="9" coveredconditionals="9" methods="3" coveredmethods="3"/>
        <line num="11" count="1" type="stmt"/>
        <line num="13" count="1" type="stmt"/>
        <line num="19" count="1" type="stmt"/>
        <line num="20" count="17" type="stmt"/>
        <line num="22" count="17" type="cond" truecount="2" falsecount="0"/>
        <line num="23" count="15" type="cond" truecount="2" falsecount="0"/>
        <line num="24" count="11" type="stmt"/>
        <line num="25" count="11" type="cond" truecount="5" falsecount="0"/>
        <line num="27" count="3" type="stmt"/>
        <line num="28" count="3" type="stmt"/>
        <line num="30" count="2" type="stmt"/>
        <line num="31" count="2" type="stmt"/>
        <line num="33" count="2" type="stmt"/>
        <line num="34" count="2" type="stmt"/>
        <line num="36" count="2" type="stmt"/>
        <line num="37" count="2" type="stmt"/>
        <line num="39" count="2" type="stmt"/>
        <line num="40" count="2" type="stmt"/>
        <line num="43" count="11" type="stmt"/>
        <line num="49" count="4" type="stmt"/>
        <line num="60" count="17" type="stmt"/>
        <line num="64" count="10" type="stmt"/>
      </file>
      <file name="PackenRadio.js" path="/home/andres/projects/ui_library/ui_library/app/components/PackenRadio.js">
        <metrics statements="18" coveredstatements="18" conditionals="8" coveredconditionals="8" methods="8" coveredmethods="8"/>
        <line num="10" count="2" type="stmt"/>
        <line num="12" count="2" type="stmt"/>
        <line num="18" count="2" type="stmt"/>
        <line num="19" count="1" type="stmt"/>
        <line num="24" count="2" type="stmt"/>
        <line num="25" count="7" type="stmt"/>
        <line num="28" count="2" type="stmt"/>
        <line num="29" count="7" type="stmt"/>
        <line num="35" count="20" type="cond" truecount="2" falsecount="0"/>
        <line num="36" count="6" type="stmt"/>
        <line num="38" count="20" type="cond" truecount="2" falsecount="0"/>
        <line num="41" count="13" type="cond" truecount="2" falsecount="0"/>
        <line num="42" count="3" type="stmt"/>
        <line num="44" count="13" type="stmt"/>
        <line num="48" count="2" type="stmt"/>
        <line num="49" count="1" type="stmt"/>
        <line num="55" count="19" type="stmt"/>
        <line num="59" count="57" type="stmt"/>
      </file>
      <file name="PackenRadioControl.js" path="/home/andres/projects/ui_library/ui_library/app/components/PackenRadioControl.js">
        <metrics statements="28" coveredstatements="28" conditionals="14" coveredconditionals="14" methods="9" coveredmethods="9"/>
        <line num="10" count="1" type="stmt"/>
        <line num="12" count="1" type="stmt"/>
        <line num="17" count="1" type="stmt"/>
        <line num="18" count="3" type="cond" truecount="2" falsecount="0"/>
        <line num="22" count="2" type="stmt"/>
        <line num="23" count="2" type="stmt"/>
        <line num="26" count="1" type="stmt"/>
        <line num="27" count="1" type="stmt"/>
        <line num="31" count="1" type="stmt"/>
        <line num="34" count="1" type="stmt"/>
        <line num="35" count="7" type="cond" truecount="2" falsecount="0"/>
        <line num="36" count="2" type="cond" truecount="2" falsecount="0"/>
        <line num="37" count="1" type="stmt"/>
        <line num="41" count="1" type="stmt"/>
        <line num="46" count="5" type="stmt"/>
        <line num="50" count="1" type="stmt"/>
        <line num="51" count="6" type="cond" truecount="2" falsecount="0"/>
        <line num="52" count="4" type="stmt"/>
        <line num="56" count="2" type="stmt"/>
        <line num="63" count="22" type="cond" truecount="2" falsecount="0"/>
        <line num="64" count="2" type="stmt"/>
        <line num="65" count="2" type="stmt"/>
        <line num="69" count="1" type="stmt"/>
        <line num="70" count="24" type="stmt"/>
        <line num="72" count="24" type="cond" truecount="2" falsecount="0"/>
        <line num="73" count="5" type="stmt"/>
        <line num="78" count="24" type="stmt"/>
        <line num="82" count="22" type="stmt"/>
      </file>
      <file name="PackenServiceStatus.js" path="/home/andres/projects/ui_library/ui_library/app/components/PackenServiceStatus.js">
        <metrics statements="18" coveredstatements="18" conditionals="2" coveredconditionals="2" methods="6" coveredmethods="6"/>
        <line num="9" count="1" type="stmt"/>
        <line num="11" count="1" type="stmt"/>
        <line num="18" count="1" type="stmt"/>
        <line num="19" count="3" type="stmt"/>
        <line num="20" count="4" type="stmt"/>
        <line num="21" count="4" type="stmt"/>
        <line num="23" count="3" type="stmt"/>
        <line num="24" count="20" type="stmt"/>
        <line num="25" count="20" type="stmt"/>
        <line num="28" count="3" type="stmt"/>
        <line num="33" count="1" type="stmt"/>
        <line num="34" count="1" type="stmt"/>
        <line num="35" count="1" type="stmt"/>
        <line num="37" count="1" type="stmt"/>
        <line num="43" count="8" type="cond" truecount="2" falsecount="0"/>
        <line num="44" count="2" type="stmt"/>
        <line num="49" count="8" type="stmt"/>
        <line num="53" count="64" type="stmt"/>
      </file>
      <file name="PackenServiceStatusItem.js" path="/home/andres/projects/ui_library/ui_library/app/components/PackenServiceStatusItem.js">
        <metrics statements="62" coveredstatements="62" conditionals="28" coveredconditionals="28" methods="15" coveredmethods="15"/>
        <line num="10" count="1" type="stmt"/>
        <line num="12" count="1" type="stmt"/>
        <line num="14" count="1" type="stmt"/>
        <line num="29" count="1" type="stmt"/>
        <line num="30" count="4" type="stmt"/>
        <line num="32" count="4" type="cond" truecount="2" falsecount="0"/>
        <line num="33" count="1" type="stmt"/>
        <line num="34" count="3" type="cond" truecount="2" falsecount="0"/>
        <line num="35" count="2" type="stmt"/>
        <line num="38" count="4" type="stmt"/>
        <line num="41" count="1" type="stmt"/>
        <line num="42" count="3" type="stmt"/>
        <line num="44" count="3" type="cond" truecount="2" falsecount="0"/>
        <line num="45" count="2" type="stmt"/>
        <line num="52" count="3" type="stmt"/>
        <line num="55" count="1" type="stmt"/>
        <line num="56" count="9" type="stmt"/>
        <line num="57" count="9" type="stmt"/>
        <line num="58" count="9" type="cond" truecount="2" falsecount="0"/>
        <line num="59" count="9" type="stmt"/>
        <line num="60" count="9" type="cond" truecount="2" falsecount="0"/>
        <line num="61" count="9" type="cond" truecount="2" falsecount="0"/>
        <line num="62" count="9" type="stmt"/>
        <line num="64" count="9" type="stmt"/>
        <line num="73" count="1" type="stmt"/>
        <line num="74" count="51" type="stmt"/>
        <line num="76" count="51" type="cond" truecount="2" falsecount="0"/>
        <line num="77" count="4" type="stmt"/>
        <line num="87" count="51" type="stmt"/>
        <line num="90" count="1" type="stmt"/>
        <line num="91" count="52" type="stmt"/>
        <line num="97" count="1" type="stmt"/>
        <line num="99" count="51" type="stmt"/>
        <line num="106" count="51" type="cond" truecount="2" falsecount="0"/>
        <line num="107" count="35" type="stmt"/>
        <line num="110" count="51" type="stmt"/>
        <line num="113" count="1" type="stmt"/>
        <line num="114" count="51" type="stmt"/>
        <line num="120" count="1" type="stmt"/>
        <line num="121" count="51" type="stmt"/>
        <line num="123" count="51" type="cond" truecount="2" falsecount="0"/>
        <line num="124" count="8" type="stmt"/>
        <line num="132" count="51" type="stmt"/>
        <line num="135" count="1" type="stmt"/>
        <line num="136" count="4" type="cond" truecount="2" falsecount="0"/>
        <line num="137" count="2" type="stmt"/>
        <line num="139" count="2" type="stmt"/>
        <line num="143" count="1" type="stmt"/>
        <line num="144" count="2" type="stmt"/>
        <line num="146" count="2" type="stmt"/>
        <line num="158" count="2" type="stmt"/>
        <line num="161" count="1" type="stmt"/>
        <line num="162" count="8" type="cond" truecount="2" falsecount="0"/>
        <line num="163" count="2" type="stmt"/>
        <line num="166" count="2" type="stmt"/>
        <line num="167" count="6" type="cond" truecount="2" falsecount="0"/>
        <line num="168" count="4" type="stmt"/>
        <line num="172" count="2" type="stmt"/>
        <line num="180" count="49" type="cond" truecount="2" falsecount="0"/>
        <line num="181" count="5" type="stmt"/>
        <line num="186" count="49" type="stmt"/>
        <line num="189" count="1" type="stmt"/>
      </file>
      <file name="PackenTabItem.js" path="/home/andres/projects/ui_library/ui_library/app/components/PackenTabItem.js">
        <metrics statements="38" coveredstatements="38" conditionals="8" coveredconditionals="8" methods="12" coveredmethods="12"/>
        <line num="12" count="1" type="stmt"/>
        <line num="14" count="1" type="stmt"/>
        <line num="20" count="2" type="stmt"/>
        <line num="23" count="1" type="stmt"/>
        <line num="24" count="3" type="stmt"/>
        <line num="38" count="3" type="stmt"/>
        <line num="41" count="1" type="stmt"/>
        <line num="42" count="3" type="stmt"/>
        <line num="43" count="3" type="stmt"/>
        <line num="44" count="3" type="stmt"/>
        <line num="47" count="1" type="stmt"/>
        <line num="48" count="8" type="stmt"/>
        <line num="49" count="8" type="stmt"/>
        <line num="53" count="8" type="stmt"/>
        <line num="57" count="8" type="stmt"/>
        <line num="62" count="8" type="stmt"/>
        <line num="66" count="8" type="stmt"/>
        <line num="69" count="1" type="stmt"/>
        <line num="70" count="5" type="cond" truecount="2" falsecount="0"/>
        <line num="71" count="4" type="stmt"/>
        <line num="73" count="1" type="stmt"/>
        <line num="80" count="19" type="cond" truecount="2" falsecount="0"/>
        <line num="81" count="1" type="stmt"/>
        <line num="85" count="1" type="stmt"/>
        <line num="86" count="1" type="stmt"/>
        <line num="88" count="1" type="stmt"/>
        <line num="92" count="1" type="stmt"/>
        <line num="96" count="1" type="stmt"/>
        <line num="101" count="1" type="stmt"/>
        <line num="106" count="1" type="stmt"/>
        <line num="107" count="1" type="stmt"/>
        <line num="110" count="1" type="stmt"/>
        <line num="111" count="21" type="stmt"/>
        <line num="113" count="21" type="cond" truecount="2" falsecount="0"/>
        <line num="114" count="5" type="stmt"/>
        <line num="127" count="21" type="stmt"/>
        <line num="131" count="19" type="stmt"/>
        <line num="132" count="1" type="stmt"/>
      </file>
      <file name="PackenTabs.js" path="/home/andres/projects/ui_library/ui_library/app/components/PackenTabs.js">
        <metrics statements="6" coveredstatements="6" conditionals="0" coveredconditionals="0" methods="4" coveredmethods="4"/>
        <line num="10" count="1" type="stmt"/>
        <line num="12" count="1" type="stmt"/>
        <line num="17" count="1" type="stmt"/>
        <line num="18" count="1" type="stmt"/>
        <line num="24" count="3" type="stmt"/>
        <line num="28" count="9" type="stmt"/>
      </file>
      <file name="PackenTag.js" path="/home/andres/projects/ui_library/ui_library/app/components/PackenTag.js">
        <metrics statements="2" coveredstatements="2" conditionals="0" coveredconditionals="0" methods="2" coveredmethods="2"/>
        <line num="10" count="1" type="stmt"/>
        <line num="14" count="1" type="stmt"/>
      </file>
      <file name="PackenText.js" path="/home/andres/projects/ui_library/ui_library/app/components/PackenText.js">
        <metrics statements="4" coveredstatements="4" conditionals="2" coveredconditionals="2" methods="2" coveredmethods="2"/>
        <line num="9" count="2" type="stmt"/>
        <line num="11" count="2" type="stmt"/>
        <line num="17" count="2" type="stmt"/>
        <line num="27" count="36" type="stmt"/>
      </file>
      <file name="PackenToggle.js" path="/home/andres/projects/ui_library/ui_library/app/components/PackenToggle.js">
        <metrics statements="46" coveredstatements="46" conditionals="16" coveredconditionals="16" methods="19" coveredmethods="19"/>
        <line num="9" count="1" type="stmt"/>
        <line num="11" count="1" type="stmt"/>
        <line num="41" count="1" type="stmt"/>
        <line num="42" count="4" type="cond" truecount="2" falsecount="0"/>
        <line num="45" count="1" type="stmt"/>
        <line num="46" count="2" type="stmt"/>
        <line num="47" count="2" type="stmt"/>
        <line num="50" count="1" type="stmt"/>
        <line num="51" count="7" type="stmt"/>
        <line num="79" count="1" type="stmt"/>
        <line num="80" count="12" type="cond" truecount="2" falsecount="0"/>
        <line num="81" count="6" type="stmt"/>
        <line num="87" count="1" type="stmt"/>
        <line num="88" count="2" type="stmt"/>
        <line num="89" count="2" type="stmt"/>
        <line num="98" count="1" type="stmt"/>
        <line num="99" count="2" type="stmt"/>
        <line num="100" count="2" type="stmt"/>
        <line num="109" count="1" type="stmt"/>
        <line num="110" count="2" type="stmt"/>
        <line num="111" count="2" type="stmt"/>
        <line num="120" count="1" type="stmt"/>
        <line num="121" count="2" type="stmt"/>
        <line num="122" count="2" type="stmt"/>
        <line num="131" count="1" type="stmt"/>
        <line num="132" count="19" type="stmt"/>
        <line num="133" count="19" type="stmt"/>
        <line num="149" count="1" type="stmt"/>
        <line num="150" count="23" type="stmt"/>
        <line num="151" count="23" type="cond" truecount="2" falsecount="0"/>
        <line num="153" count="23" type="cond" truecount="2" falsecount="0"/>
        <line num="154" count="12" type="stmt"/>
        <line num="170" count="11" type="cond" truecount="2" falsecount="0"/>
        <line num="171" count="4" type="stmt"/>
        <line num="189" count="23" type="stmt"/>
        <line num="192" count="1" type="stmt"/>
        <line num="193" count="2" type="stmt"/>
        <line num="196" count="2" type="stmt"/>
        <line num="201" count="57" type="cond" truecount="2" falsecount="0"/>
        <line num="202" count="8" type="stmt"/>
        <line num="203" count="8" type="stmt"/>
        <line num="208" count="57" type="stmt"/>
        <line num="215" count="1" type="stmt"/>
        <line num="221" count="1" type="stmt"/>
        <line num="222" count="1" type="stmt"/>
        <line num="229" count="1" type="stmt"/>
      </file>
      <file name="Section.js" path="/home/andres/projects/ui_library/ui_library/app/components/Section.js">
        <metrics statements="2" coveredstatements="2" conditionals="0" coveredconditionals="0" methods="2" coveredmethods="2"/>
        <line num="11" count="1" type="stmt"/>
        <line num="15" count="1" type="stmt"/>
      </file>
    </package>
    <package name="ui_library.app.styles.abstracts">
      <metrics statements="1" coveredstatements="1" conditionals="0" coveredconditionals="0" methods="0" coveredmethods="0"/>
      <file name="colors.js" path="/home/andres/projects/ui_library/ui_library/app/styles/abstracts/colors.js">
        <metrics statements="0" coveredstatements="0" conditionals="0" coveredconditionals="0" methods="0" coveredmethods="0"/>
      </file>
      <file name="shadows.js" path="/home/andres/projects/ui_library/ui_library/app/styles/abstracts/shadows.js">
        <metrics statements="0" coveredstatements="0" conditionals="0" coveredconditionals="0" methods="0" coveredmethods="0"/>
      </file>
      <file name="spacing.js" path="/home/andres/projects/ui_library/ui_library/app/styles/abstracts/spacing.js">
        <metrics statements="0" coveredstatements="0" conditionals="0" coveredconditionals="0" methods="0" coveredmethods="0"/>
      </file>
      <file name="typography.js" path="/home/andres/projects/ui_library/ui_library/app/styles/abstracts/typography.js">
        <metrics statements="1" coveredstatements="1" conditionals="0" coveredconditionals="0" methods="0" coveredmethods="0"/>
        <line num="1" count="36" type="stmt"/>
      </file>
    </package>
    <package name="ui_library.app.styles.components">
      <metrics statements="25" coveredstatements="25" conditionals="0" coveredconditionals="0" methods="0" coveredmethods="0"/>
      <file name="PackenAvatar.js" path="/home/andres/projects/ui_library/ui_library/app/styles/components/PackenAvatar.js">
        <metrics statements="7" coveredstatements="7" conditionals="0" coveredconditionals="0" methods="0" coveredmethods="0"/>
        <line num="1" count="8" type="stmt"/>
        <line num="5" count="8" type="stmt"/>
        <line num="9" count="8" type="stmt"/>
        <line num="13" count="8" type="stmt"/>
        <line num="17" count="8" type="stmt"/>
        <line num="21" count="8" type="stmt"/>
        <line num="26" count="8" type="stmt"/>
      </file>
      <file name="PackenButton.js" path="/home/andres/projects/ui_library/ui_library/app/styles/components/PackenButton.js">
        <metrics statements="14" coveredstatements="14" conditionals="0" coveredconditionals="0" methods="0" coveredmethods="0"/>
        <line num="4" count="7" type="stmt"/>
        <line num="21" count="7" type="stmt"/>
        <line num="22" count="7" type="stmt"/>
        <line num="36" count="7" type="stmt"/>
        <line num="50" count="7" type="stmt"/>
        <line num="64" count="7" type="stmt"/>
        <line num="78" count="7" type="stmt"/>
        <line num="92" count="7" type="stmt"/>
        <line num="104" count="7" type="stmt"/>
        <line num="116" count="7" type="stmt"/>
        <line num="128" count="7" type="stmt"/>
        <line num="140" count="7" type="stmt"/>
        <line num="152" count="7" type="stmt"/>
        <line num="200" count="7" type="stmt"/>
      </file>
      <file name="PackenCheckbox.js" path="/home/andres/projects/ui_library/ui_library/app/styles/components/PackenCheckbox.js">
        <metrics statements="0" coveredstatements="0" conditionals="0" coveredconditionals="0" methods="0" coveredmethods="0"/>
      </file>
      <file name="PackenDivider.js" path="/home/andres/projects/ui_library/ui_library/app/styles/components/PackenDivider.js">
        <metrics statements="3" coveredstatements="3" conditionals="0" coveredconditionals="0" methods="0" coveredmethods="0"/>
        <line num="3" count="7" type="stmt"/>
        <line num="8" count="7" type="stmt"/>
        <line num="13" count="7" type="stmt"/>
      </file>
      <file name="PackenDropdown.js" path="/home/andres/projects/ui_library/ui_library/app/styles/components/PackenDropdown.js">
        <metrics statements="0" coveredstatements="0" conditionals="0" coveredconditionals="0" methods="0" coveredmethods="0"/>
      </file>
      <file name="PackenInput.js" path="/home/andres/projects/ui_library/ui_library/app/styles/components/PackenInput.js">
        <metrics statements="1" coveredstatements="1" conditionals="0" coveredconditionals="0" methods="0" coveredmethods="0"/>
        <line num="4" count="8" type="stmt"/>
      </file>
      <file name="PackenList.js" path="/home/andres/projects/ui_library/ui_library/app/styles/components/PackenList.js">
        <metrics statements="0" coveredstatements="0" conditionals="0" coveredconditionals="0" methods="0" coveredmethods="0"/>
      </file>
      <file name="PackenMapPin.js" path="/home/andres/projects/ui_library/ui_library/app/styles/components/PackenMapPin.js">
        <metrics statements="0" coveredstatements="0" conditionals="0" coveredconditionals="0" methods="0" coveredmethods="0"/>
      </file>
      <file name="PackenModal.js" path="/home/andres/projects/ui_library/ui_library/app/styles/components/PackenModal.js">
        <metrics statements="0" coveredstatements="0" conditionals="0" coveredconditionals="0" methods="0" coveredmethods="0"/>
      </file>
      <file name="PackenNotificationBanner.js" path="/home/andres/projects/ui_library/ui_library/app/styles/components/PackenNotificationBanner.js">
        <metrics statements="0" coveredstatements="0" conditionals="0" coveredconditionals="0" methods="0" coveredmethods="0"/>
      </file>
      <file name="PackenRadio.js" path="/home/andres/projects/ui_library/ui_library/app/styles/components/PackenRadio.js">
        <metrics statements="0" coveredstatements="0" conditionals="0" coveredconditionals="0" methods="0" coveredmethods="0"/>
      </file>
      <file name="PackenServiceStatus.js" path="/home/andres/projects/ui_library/ui_library/app/styles/components/PackenServiceStatus.js">
        <metrics statements="0" coveredstatements="0" conditionals="0" coveredconditionals="0" methods="0" coveredmethods="0"/>
      </file>
      <file name="PackenTabs.js" path="/home/andres/projects/ui_library/ui_library/app/styles/components/PackenTabs.js">
        <metrics statements="0" coveredstatements="0" conditionals="0" coveredconditionals="0" methods="0" coveredmethods="0"/>
      </file>
      <file name="PackenTag.js" path="/home/andres/projects/ui_library/ui_library/app/styles/components/PackenTag.js">
        <metrics statements="0" coveredstatements="0" conditionals="0" coveredconditionals="0" methods="0" coveredmethods="0"/>
      </file>
      <file name="PackenToggle.js" path="/home/andres/projects/ui_library/ui_library/app/styles/components/PackenToggle.js">
        <metrics statements="0" coveredstatements="0" conditionals="0" coveredconditionals="0" methods="0" coveredmethods="0"/>
      </file>
      <file name="Section.js" path="/home/andres/projects/ui_library/ui_library/app/styles/components/Section.js">
        <metrics statements="0" coveredstatements="0" conditionals="0" coveredconditionals="0" methods="0" coveredmethods="0"/>
      </file>
    </package>
    <package name="ui_library.app.utils">
      <metrics statements="11" coveredstatements="11" conditionals="7" coveredconditionals="7" methods="2" coveredmethods="2"/>
      <file name="index.js" path="/home/andres/projects/ui_library/ui_library/app/utils/index.js">
        <metrics statements="11" coveredstatements="11" conditionals="7" coveredconditionals="7" methods="2" coveredmethods="2"/>
        <line num="1" count="7" type="stmt"/>
        <line num="2" count="105" type="stmt"/>
        <line num="5" count="7" type="stmt"/>
        <line num="6" count="33" type="cond" truecount="5" falsecount="0"/>
        <line num="7" count="30" type="stmt"/>
        <line num="9" count="3" type="stmt"/>
        <line num="10" count="3" type="stmt"/>
        <line num="11" count="3" type="stmt"/>
        <line num="12" count="5" type="cond" truecount="2" falsecount="0"/>
        <line num="13" count="1" type="stmt"/>
        <line num="16" count="2" type="stmt"/>
      </file>
    </package>
    <package name="ui_library.app.views">
      <metrics statements="88" coveredstatements="88" conditionals="4" coveredconditionals="4" methods="70" coveredmethods="70"/>
      <file name="Avatars.js" path="/home/andres/projects/ui_library/ui_library/app/views/Avatars.js">
        <metrics statements="2" coveredstatements="2" conditionals="0" coveredconditionals="0" methods="2" coveredmethods="2"/>
        <line num="11" count="1" type="stmt"/>
        <line num="15" count="1" type="stmt"/>
      </file>
      <file name="Buttons.js" path="/home/andres/projects/ui_library/ui_library/app/views/Buttons.js">
        <metrics statements="3" coveredstatements="3" conditionals="0" coveredconditionals="0" methods="3" coveredmethods="3"/>
        <line num="11" count="1" type="stmt"/>
        <line num="14" count="1" type="stmt"/>
        <line num="17" count="1" type="stmt"/>
      </file>
      <file name="Checkboxes.js" path="/home/andres/projects/ui_library/ui_library/app/views/Checkboxes.js">
        <metrics statements="7" coveredstatements="7" conditionals="0" coveredconditionals="0" methods="4" coveredmethods="4"/>
        <line num="16" count="1" type="stmt"/>
        <line num="18" count="1" type="stmt"/>
        <line num="66" count="1" type="stmt"/>
        <line num="69" count="1" type="stmt"/>
        <line num="72" count="1" type="stmt"/>
        <line num="75" count="1" type="stmt"/>
        <line num="79" count="1" type="stmt"/>
      </file>
      <file name="Dividers.js" path="/home/andres/projects/ui_library/ui_library/app/views/Dividers.js">
        <metrics statements="2" coveredstatements="2" conditionals="0" coveredconditionals="0" methods="2" coveredmethods="2"/>
        <line num="12" count="1" type="stmt"/>
        <line num="16" count="1" type="stmt"/>
      </file>
      <file name="Dropdowns.js" path="/home/andres/projects/ui_library/ui_library/app/views/Dropdowns.js">
        <metrics statements="4" coveredstatements="4" conditionals="0" coveredconditionals="0" methods="3" coveredmethods="3"/>
        <line num="16" count="1" type="stmt"/>
        <line num="18" count="1" type="stmt"/>
        <line num="1410" count="1" type="stmt"/>
        <line num="1413" count="1" type="stmt"/>
      </file>
      <file name="Inputs.js" path="/home/andres/projects/ui_library/ui_library/app/views/Inputs.js">
        <metrics statements="4" coveredstatements="4" conditionals="0" coveredconditionals="0" methods="3" coveredmethods="3"/>
        <line num="11" count="1" type="stmt"/>
        <line num="14" count="1" type="stmt"/>
        <line num="17" count="1" type="stmt"/>
        <line num="21" count="1" type="stmt"/>
      </file>
      <file name="MapPins.js" path="/home/andres/projects/ui_library/ui_library/app/views/MapPins.js">
        <metrics statements="2" coveredstatements="2" conditionals="0" coveredconditionals="0" methods="2" coveredmethods="2"/>
        <line num="11" count="1" type="stmt"/>
        <line num="15" count="1" type="stmt"/>
      </file>
      <file name="Modals.js" path="/home/andres/projects/ui_library/ui_library/app/views/Modals.js">
        <metrics statements="41" coveredstatements="41" conditionals="0" coveredconditionals="0" methods="34" coveredmethods="34"/>
        <line num="18" count="1" type="stmt"/>
        <line num="20" count="1" type="stmt"/>
        <line num="48" count="1" type="stmt"/>
        <line num="49" count="43" type="stmt"/>
        <line num="50" count="43" type="stmt"/>
        <line num="51" count="43" type="stmt"/>
        <line num="53" count="43" type="stmt"/>
        <line num="54" count="43" type="stmt"/>
        <line num="56" count="43" type="stmt"/>
        <line num="60" count="45" type="stmt"/>
        <line num="66" count="1" type="stmt"/>
        <line num="69" count="1" type="stmt"/>
        <line num="72" count="1" type="stmt"/>
        <line num="75" count="1" type="stmt"/>
        <line num="78" count="1" type="stmt"/>
        <line num="81" count="1" type="stmt"/>
        <line num="84" count="1" type="stmt"/>
        <line num="87" count="1" type="stmt"/>
        <line num="90" count="1" type="stmt"/>
        <line num="93" count="1" type="stmt"/>
        <line num="100" count="1" type="stmt"/>
        <line num="103" count="1" type="stmt"/>
        <line num="111" count="1" type="stmt"/>
        <line num="112" count="1" type="stmt"/>
        <line num="116" count="1" type="stmt"/>
        <line num="117" count="1" type="stmt"/>
        <line num="121" count="1" type="stmt"/>
        <line num="125" count="1" type="stmt"/>
        <line num="126" count="1" type="stmt"/>
        <line num="130" count="1" type="stmt"/>
        <line num="131" count="1" type="stmt"/>
        <line num="135" count="1" type="stmt"/>
        <line num="139" count="1" type="stmt"/>
        <line num="140" count="1" type="stmt"/>
        <line num="144" count="1" type="stmt"/>
        <line num="145" count="1" type="stmt"/>
        <line num="149" count="1" type="stmt"/>
        <line num="153" count="1" type="stmt"/>
        <line num="154" count="1" type="stmt"/>
        <line num="158" count="1" type="stmt"/>
        <line num="161" count="1" type="stmt"/>
      </file>
      <file name="NotificationBanners.js" path="/home/andres/projects/ui_library/ui_library/app/views/NotificationBanners.js">
        <metrics statements="2" coveredstatements="2" conditionals="0" coveredconditionals="0" methods="2" coveredmethods="2"/>
        <line num="11" count="1" type="stmt"/>
        <line num="15" count="1" type="stmt"/>
      </file>
      <file name="Radios.js" path="/home/andres/projects/ui_library/ui_library/app/views/Radios.js">
        <metrics statements="6" coveredstatements="6" conditionals="0" coveredconditionals="0" methods="4" coveredmethods="4"/>
        <line num="16" count="1" type="stmt"/>
        <line num="19" count="1" type="stmt"/>
        <line num="22" count="1" type="stmt"/>
        <line num="25" count="1" type="stmt"/>
        <line num="28" count="1" type="stmt"/>
        <line num="32" count="1" type="stmt"/>
      </file>
      <file name="ServiceStatus.js" path="/home/andres/projects/ui_library/ui_library/app/views/ServiceStatus.js">
        <metrics statements="8" coveredstatements="8" conditionals="4" coveredconditionals="4" methods="5" coveredmethods="5"/>
        <line num="12" count="1" type="stmt"/>
        <line num="14" count="1" type="stmt"/>
        <line num="74" count="1" type="stmt"/>
        <line num="76" count="1" type="stmt"/>
        <line num="77" count="2" type="stmt"/>
        <line num="82" count="1" type="stmt"/>
        <line num="83" count="2" type="stmt"/>
        <line num="89" count="6" type="stmt"/>
      </file>
      <file name="Tabs.js" path="/home/andres/projects/ui_library/ui_library/app/views/Tabs.js">
        <metrics statements="3" coveredstatements="3" conditionals="0" coveredconditionals="0" methods="3" coveredmethods="3"/>
        <line num="11" count="1" type="stmt"/>
        <line num="14" count="1" type="stmt"/>
        <line num="17" count="1" type="stmt"/>
      </file>
      <file name="Toggles.js" path="/home/andres/projects/ui_library/ui_library/app/views/Toggles.js">
        <metrics statements="4" coveredstatements="4" conditionals="0" coveredconditionals="0" methods="3" coveredmethods="3"/>
        <line num="13" count="1" type="stmt"/>
        <line num="16" count="1" type="stmt"/>
        <line num="19" count="1" type="stmt"/>
        <line num="23" count="1" type="stmt"/>
      </file>
    </package>
    <package name="ui_library.assets.images">
      <metrics statements="7" coveredstatements="7" conditionals="0" coveredconditionals="0" methods="0" coveredmethods="0"/>
      <file name="arrow_packen_danger.png" path="/home/andres/projects/ui_library/ui_library/assets/images/arrow_packen_danger.png">
        <metrics statements="1" coveredstatements="1" conditionals="0" coveredconditionals="0" methods="0" coveredmethods="0"/>
        <line num="1" count="1" type="stmt"/>
      </file>
      <file name="arrow_packen_info.png" path="/home/andres/projects/ui_library/ui_library/assets/images/arrow_packen_info.png">
        <metrics statements="1" coveredstatements="1" conditionals="0" coveredconditionals="0" methods="0" coveredmethods="0"/>
        <line num="1" count="1" type="stmt"/>
      </file>
      <file name="arrow_packen_primary.png" path="/home/andres/projects/ui_library/ui_library/assets/images/arrow_packen_primary.png">
        <metrics statements="1" coveredstatements="1" conditionals="0" coveredconditionals="0" methods="0" coveredmethods="0"/>
        <line num="1" count="1" type="stmt"/>
      </file>
      <file name="arrow_packen_success.png" path="/home/andres/projects/ui_library/ui_library/assets/images/arrow_packen_success.png">
        <metrics statements="1" coveredstatements="1" conditionals="0" coveredconditionals="0" methods="0" coveredmethods="0"/>
        <line num="1" count="1" type="stmt"/>
      </file>
      <file name="arrow_packen_warning.png" path="/home/andres/projects/ui_library/ui_library/assets/images/arrow_packen_warning.png">
        <metrics statements="1" coveredstatements="1" conditionals="0" coveredconditionals="0" methods="0" coveredmethods="0"/>
        <line num="1" count="1" type="stmt"/>
      </file>
      <file name="avatar.jpg" path="/home/andres/projects/ui_library/ui_library/assets/images/avatar.jpg">
        <metrics statements="1" coveredstatements="1" conditionals="0" coveredconditionals="0" methods="0" coveredmethods="0"/>
        <line num="1" count="4" type="stmt"/>
      </file>
      <file name="placeholder.png" path="/home/andres/projects/ui_library/ui_library/assets/images/placeholder.png">
        <metrics statements="1" coveredstatements="1" conditionals="0" coveredconditionals="0" methods="0" coveredmethods="0"/>
        <line num="1" count="2" type="stmt"/>
      </file>
    </package>
  </project>
</coverage>
