{"/home/andres/projects/ui_library/ui_library/App.js": {"path":"/home/andres/projects/ui_library/ui_library/App.js","statementMap":{"0":{"start":{"line":8,"column":4},"end":{"line":10,"column":6}}},"fnMap":{"0":{"name":"(anonymous_0)","decl":{"start":{"line":7,"column":2},"end":{"line":7,"column":3}},"loc":{"start":{"line":7,"column":11},"end":{"line":11,"column":3}},"line":7}},"branchMap":{},"s":{"0":1},"f":{"0":1},"b":{},"_coverageSchema":"43e27e138ebf9cfc5966b082cf9a028302ed4184","hash":"35f1e7a17bef8fe2b46807ac6aed9d4c361cc3ba"}
,"/home/andres/projects/ui_library/ui_library/app/UILibrary.js": {"path":"/home/andres/projects/ui_library/ui_library/app/UILibrary.js","statementMap":{"0":{"start":{"line":25,"column":4},"end":{"line":45,"column":6}},"1":{"start":{"line":49,"column":15},"end":{"line":61,"column":2}}},"fnMap":{"0":{"name":"(anonymous_0)","decl":{"start":{"line":24,"column":2},"end":{"line":24,"column":3}},"loc":{"start":{"line":24,"column":11},"end":{"line":46,"column":3}},"line":24}},"branchMap":{},"s":{"0":1,"1":2},"f":{"0":1},"b":{},"_coverageSchema":"43e27e138ebf9cfc5966b082cf9a028302ed4184","hash":"dc590debd222534e2f6fb19ff55b025940c5c4a7"}
,"/home/andres/projects/ui_library/ui_library/app/components/PackenAvatar.js": {"path":"/home/andres/projects/ui_library/ui_library/app/components/PackenAvatar.js","statementMap":{"0":{"start":{"line":9,"column":4},"end":{"line":9,"column":17}},"1":{"start":{"line":13,"column":4},"end":{"line":21,"column":6}}},"fnMap":{"0":{"name":"(anonymous_0)","decl":{"start":{"line":8,"column":2},"end":{"line":8,"column":3}},"loc":{"start":{"line":8,"column":21},"end":{"line":10,"column":3}},"line":8},"1":{"name":"(anonymous_1)","decl":{"start":{"line":12,"column":2},"end":{"line":12,"column":3}},"loc":{"start":{"line":12,"column":11},"end":{"line":22,"column":3}},"line":12}},"branchMap":{},"s":{"0":1,"1":1},"f":{"0":1,"1":1},"b":{},"_coverageSchema":"43e27e138ebf9cfc5966b082cf9a028302ed4184","hash":"f419e3cd9739a8ee4792961fad33528f81c20bf3"}
,"/home/andres/projects/ui_library/ui_library/app/components/PackenButton.js": {"path":"/home/andres/projects/ui_library/ui_library/app/components/PackenButton.js","statementMap":{"0":{"start":{"line":12,"column":4},"end":{"line":12,"column":17}},"1":{"start":{"line":14,"column":4},"end":{"line":28,"column":6}},"2":{"start":{"line":30,"column":4},"end":{"line":59,"column":5}},"3":{"start":{"line":32,"column":8},"end":{"line":39,"column":10}},"4":{"start":{"line":40,"column":8},"end":{"line":40,"column":14}},"5":{"start":{"line":42,"column":8},"end":{"line":55,"column":10}},"6":{"start":{"line":56,"column":8},"end":{"line":56,"column":14}},"7":{"start":{"line":58,"column":8},"end":{"line":58,"column":14}},"8":{"start":{"line":61,"column":4},"end":{"line":76,"column":5}},"9":{"start":{"line":63,"column":8},"end":{"line":68,"column":9}},"10":{"start":{"line":69,"column":8},"end":{"line":69,"column":14}},"11":{"start":{"line":75,"column":8},"end":{"line":75,"column":14}},"12":{"start":{"line":78,"column":4},"end":{"line":98,"column":5}},"13":{"start":{"line":79,"column":6},"end":{"line":79,"column":57}},"14":{"start":{"line":80,"column":6},"end":{"line":80,"column":43}},"15":{"start":{"line":82,"column":6},"end":{"line":84,"column":7}},"16":{"start":{"line":83,"column":8},"end":{"line":83,"column":46}},"17":{"start":{"line":86,"column":6},"end":{"line":88,"column":7}},"18":{"start":{"line":87,"column":8},"end":{"line":87,"column":37}},"19":{"start":{"line":90,"column":6},"end":{"line":97,"column":7}},"20":{"start":{"line":91,"column":8},"end":{"line":91,"column":62}},"21":{"start":{"line":92,"column":8},"end":{"line":92,"column":52}},"22":{"start":{"line":94,"column":8},"end":{"line":96,"column":9}},"23":{"start":{"line":95,"column":10},"end":{"line":95,"column":55}},"24":{"start":{"line":100,"column":4},"end":{"line":111,"column":5}},"25":{"start":{"line":114,"column":14},"end":{"line":204,"column":3}},"26":{"start":{"line":115,"column":17},"end":{"line":129,"column":5}},"27":{"start":{"line":131,"column":4},"end":{"line":160,"column":5}},"28":{"start":{"line":133,"column":8},"end":{"line":140,"column":10}},"29":{"start":{"line":141,"column":8},"end":{"line":141,"column":14}},"30":{"start":{"line":143,"column":8},"end":{"line":156,"column":10}},"31":{"start":{"line":157,"column":8},"end":{"line":157,"column":14}},"32":{"start":{"line":159,"column":8},"end":{"line":159,"column":14}},"33":{"start":{"line":163,"column":4},"end":{"line":178,"column":5}},"34":{"start":{"line":165,"column":8},"end":{"line":170,"column":9}},"35":{"start":{"line":171,"column":8},"end":{"line":171,"column":14}},"36":{"start":{"line":177,"column":8},"end":{"line":177,"column":14}},"37":{"start":{"line":181,"column":4},"end":{"line":201,"column":5}},"38":{"start":{"line":182,"column":6},"end":{"line":182,"column":57}},"39":{"start":{"line":183,"column":6},"end":{"line":183,"column":43}},"40":{"start":{"line":185,"column":6},"end":{"line":187,"column":7}},"41":{"start":{"line":186,"column":8},"end":{"line":186,"column":46}},"42":{"start":{"line":189,"column":6},"end":{"line":191,"column":7}},"43":{"start":{"line":190,"column":8},"end":{"line":190,"column":37}},"44":{"start":{"line":193,"column":6},"end":{"line":200,"column":7}},"45":{"start":{"line":194,"column":8},"end":{"line":194,"column":62}},"46":{"start":{"line":195,"column":8},"end":{"line":195,"column":52}},"47":{"start":{"line":197,"column":8},"end":{"line":199,"column":9}},"48":{"start":{"line":198,"column":10},"end":{"line":198,"column":55}},"49":{"start":{"line":203,"column":4},"end":{"line":203,"column":18}},"50":{"start":{"line":207,"column":4},"end":{"line":211,"column":5}},"51":{"start":{"line":208,"column":6},"end":{"line":210,"column":9}},"52":{"start":{"line":214,"column":23},"end":{"line":219,"column":3}},"53":{"start":{"line":215,"column":4},"end":{"line":218,"column":7}},"54":{"start":{"line":221,"column":22},"end":{"line":226,"column":3}},"55":{"start":{"line":222,"column":4},"end":{"line":225,"column":7}},"56":{"start":{"line":228,"column":20},"end":{"line":230,"column":3}},"57":{"start":{"line":229,"column":4},"end":{"line":229,"column":26}},"58":{"start":{"line":232,"column":19},"end":{"line":252,"column":3}},"59":{"start":{"line":233,"column":20},"end":{"line":233,"column":41}},"60":{"start":{"line":234,"column":4},"end":{"line":234,"column":68}},"61":{"start":{"line":237,"column":4},"end":{"line":247,"column":5}},"62":{"start":{"line":239,"column":8},"end":{"line":239,"column":60}},"63":{"start":{"line":240,"column":8},"end":{"line":240,"column":14}},"64":{"start":{"line":246,"column":8},"end":{"line":246,"column":14}},"65":{"start":{"line":249,"column":4},"end":{"line":251,"column":7}},"66":{"start":{"line":254,"column":20},"end":{"line":260,"column":3}},"67":{"start":{"line":255,"column":22},"end":{"line":255,"column":43}},"68":{"start":{"line":256,"column":4},"end":{"line":256,"column":70}},"69":{"start":{"line":257,"column":4},"end":{"line":259,"column":7}},"70":{"start":{"line":263,"column":4},"end":{"line":280,"column":6}},"71":{"start":{"line":267,"column":76},"end":{"line":267,"column":122}},"72":{"start":{"line":271,"column":79},"end":{"line":271,"column":124}}},"fnMap":{"0":{"name":"(anonymous_0)","decl":{"start":{"line":11,"column":2},"end":{"line":11,"column":3}},"loc":{"start":{"line":11,"column":21},"end":{"line":112,"column":3}},"line":11},"1":{"name":"(anonymous_1)","decl":{"start":{"line":114,"column":14},"end":{"line":114,"column":15}},"loc":{"start":{"line":114,"column":20},"end":{"line":204,"column":3}},"line":114},"2":{"name":"(anonymous_2)","decl":{"start":{"line":206,"column":2},"end":{"line":206,"column":3}},"loc":{"start":{"line":206,"column":53},"end":{"line":212,"column":3}},"line":206},"3":{"name":"(anonymous_3)","decl":{"start":{"line":214,"column":23},"end":{"line":214,"column":24}},"loc":{"start":{"line":214,"column":28},"end":{"line":219,"column":3}},"line":214},"4":{"name":"(anonymous_4)","decl":{"start":{"line":221,"column":22},"end":{"line":221,"column":23}},"loc":{"start":{"line":221,"column":27},"end":{"line":226,"column":3}},"line":221},"5":{"name":"(anonymous_5)","decl":{"start":{"line":228,"column":20},"end":{"line":228,"column":21}},"loc":{"start":{"line":228,"column":26},"end":{"line":230,"column":3}},"line":228},"6":{"name":"(anonymous_6)","decl":{"start":{"line":232,"column":19},"end":{"line":232,"column":20}},"loc":{"start":{"line":232,"column":25},"end":{"line":252,"column":3}},"line":232},"7":{"name":"(anonymous_7)","decl":{"start":{"line":254,"column":20},"end":{"line":254,"column":21}},"loc":{"start":{"line":254,"column":26},"end":{"line":260,"column":3}},"line":254},"8":{"name":"(anonymous_8)","decl":{"start":{"line":262,"column":2},"end":{"line":262,"column":3}},"loc":{"start":{"line":262,"column":11},"end":{"line":281,"column":3}},"line":262},"9":{"name":"(anonymous_9)","decl":{"start":{"line":267,"column":69},"end":{"line":267,"column":70}},"loc":{"start":{"line":267,"column":74},"end":{"line":267,"column":124}},"line":267},"10":{"name":"(anonymous_10)","decl":{"start":{"line":271,"column":72},"end":{"line":271,"column":73}},"loc":{"start":{"line":271,"column":77},"end":{"line":271,"column":126}},"line":271}},"branchMap":{"0":{"loc":{"start":{"line":30,"column":4},"end":{"line":59,"column":5}},"type":"switch","locations":[{"start":{"line":31,"column":6},"end":{"line":40,"column":14}},{"start":{"line":41,"column":6},"end":{"line":56,"column":14}},{"start":{"line":57,"column":6},"end":{"line":58,"column":14}}],"line":30},"1":{"loc":{"start":{"line":52,"column":19},"end":{"line":52,"column":144}},"type":"cond-expr","locations":[{"start":{"line":52,"column":32},"end":{"line":52,"column":140}},{"start":{"line":52,"column":143},"end":{"line":52,"column":144}}],"line":52},"2":{"loc":{"start":{"line":52,"column":32},"end":{"line":52,"column":140}},"type":"cond-expr","locations":[{"start":{"line":52,"column":65},"end":{"line":52,"column":71}},{"start":{"line":52,"column":74},"end":{"line":52,"column":140}}],"line":52},"3":{"loc":{"start":{"line":53,"column":18},"end":{"line":53,"column":144}},"type":"cond-expr","locations":[{"start":{"line":53,"column":31},"end":{"line":53,"column":140}},{"start":{"line":53,"column":143},"end":{"line":53,"column":144}}],"line":53},"4":{"loc":{"start":{"line":53,"column":31},"end":{"line":53,"column":140}},"type":"cond-expr","locations":[{"start":{"line":53,"column":65},"end":{"line":53,"column":71}},{"start":{"line":53,"column":74},"end":{"line":53,"column":140}}],"line":53},"5":{"loc":{"start":{"line":61,"column":4},"end":{"line":76,"column":5}},"type":"switch","locations":[{"start":{"line":62,"column":6},"end":{"line":69,"column":14}},{"start":{"line":70,"column":6},"end":{"line":70,"column":14}},{"start":{"line":71,"column":6},"end":{"line":71,"column":19}},{"start":{"line":72,"column":6},"end":{"line":72,"column":21}},{"start":{"line":73,"column":6},"end":{"line":73,"column":22}},{"start":{"line":74,"column":6},"end":{"line":75,"column":14}}],"line":61},"6":{"loc":{"start":{"line":78,"column":4},"end":{"line":98,"column":5}},"type":"if","locations":[{"start":{"line":78,"column":4},"end":{"line":98,"column":5}},{"start":{"line":78,"column":4},"end":{"line":98,"column":5}}],"line":78},"7":{"loc":{"start":{"line":82,"column":6},"end":{"line":84,"column":7}},"type":"if","locations":[{"start":{"line":82,"column":6},"end":{"line":84,"column":7}},{"start":{"line":82,"column":6},"end":{"line":84,"column":7}}],"line":82},"8":{"loc":{"start":{"line":86,"column":6},"end":{"line":88,"column":7}},"type":"if","locations":[{"start":{"line":86,"column":6},"end":{"line":88,"column":7}},{"start":{"line":86,"column":6},"end":{"line":88,"column":7}}],"line":86},"9":{"loc":{"start":{"line":90,"column":6},"end":{"line":97,"column":7}},"type":"if","locations":[{"start":{"line":90,"column":6},"end":{"line":97,"column":7}},{"start":{"line":90,"column":6},"end":{"line":97,"column":7}}],"line":90},"10":{"loc":{"start":{"line":94,"column":8},"end":{"line":96,"column":9}},"type":"if","locations":[{"start":{"line":94,"column":8},"end":{"line":96,"column":9}},{"start":{"line":94,"column":8},"end":{"line":96,"column":9}}],"line":94},"11":{"loc":{"start":{"line":104,"column":12},"end":{"line":104,"column":47}},"type":"cond-expr","locations":[{"start":{"line":104,"column":25},"end":{"line":104,"column":35}},{"start":{"line":104,"column":38},"end":{"line":104,"column":47}}],"line":104},"12":{"loc":{"start":{"line":131,"column":4},"end":{"line":160,"column":5}},"type":"switch","locations":[{"start":{"line":132,"column":6},"end":{"line":141,"column":14}},{"start":{"line":142,"column":6},"end":{"line":157,"column":14}},{"start":{"line":158,"column":6},"end":{"line":159,"column":14}}],"line":131},"13":{"loc":{"start":{"line":153,"column":19},"end":{"line":153,"column":187}},"type":"cond-expr","locations":[{"start":{"line":153,"column":37},"end":{"line":153,"column":183}},{"start":{"line":153,"column":186},"end":{"line":153,"column":187}}],"line":153},"14":{"loc":{"start":{"line":153,"column":37},"end":{"line":153,"column":183}},"type":"cond-expr","locations":[{"start":{"line":153,"column":75},"end":{"line":153,"column":81}},{"start":{"line":153,"column":84},"end":{"line":153,"column":183}}],"line":153},"15":{"loc":{"start":{"line":154,"column":18},"end":{"line":154,"column":187}},"type":"cond-expr","locations":[{"start":{"line":154,"column":36},"end":{"line":154,"column":183}},{"start":{"line":154,"column":186},"end":{"line":154,"column":187}}],"line":154},"16":{"loc":{"start":{"line":154,"column":36},"end":{"line":154,"column":183}},"type":"cond-expr","locations":[{"start":{"line":154,"column":75},"end":{"line":154,"column":81}},{"start":{"line":154,"column":84},"end":{"line":154,"column":183}}],"line":154},"17":{"loc":{"start":{"line":163,"column":4},"end":{"line":178,"column":5}},"type":"switch","locations":[{"start":{"line":164,"column":6},"end":{"line":171,"column":14}},{"start":{"line":172,"column":6},"end":{"line":172,"column":14}},{"start":{"line":173,"column":6},"end":{"line":173,"column":19}},{"start":{"line":174,"column":6},"end":{"line":174,"column":21}},{"start":{"line":175,"column":6},"end":{"line":175,"column":22}},{"start":{"line":176,"column":6},"end":{"line":177,"column":14}}],"line":163},"18":{"loc":{"start":{"line":181,"column":4},"end":{"line":201,"column":5}},"type":"if","locations":[{"start":{"line":181,"column":4},"end":{"line":201,"column":5}},{"start":{"line":181,"column":4},"end":{"line":201,"column":5}}],"line":181},"19":{"loc":{"start":{"line":185,"column":6},"end":{"line":187,"column":7}},"type":"if","locations":[{"start":{"line":185,"column":6},"end":{"line":187,"column":7}},{"start":{"line":185,"column":6},"end":{"line":187,"column":7}}],"line":185},"20":{"loc":{"start":{"line":189,"column":6},"end":{"line":191,"column":7}},"type":"if","locations":[{"start":{"line":189,"column":6},"end":{"line":191,"column":7}},{"start":{"line":189,"column":6},"end":{"line":191,"column":7}}],"line":189},"21":{"loc":{"start":{"line":193,"column":6},"end":{"line":200,"column":7}},"type":"if","locations":[{"start":{"line":193,"column":6},"end":{"line":200,"column":7}},{"start":{"line":193,"column":6},"end":{"line":200,"column":7}}],"line":193},"22":{"loc":{"start":{"line":197,"column":8},"end":{"line":199,"column":9}},"type":"if","locations":[{"start":{"line":197,"column":8},"end":{"line":199,"column":9}},{"start":{"line":197,"column":8},"end":{"line":199,"column":9}}],"line":197},"23":{"loc":{"start":{"line":207,"column":4},"end":{"line":211,"column":5}},"type":"if","locations":[{"start":{"line":207,"column":4},"end":{"line":211,"column":5}},{"start":{"line":207,"column":4},"end":{"line":211,"column":5}}],"line":207},"24":{"loc":{"start":{"line":207,"column":8},"end":{"line":207,"column":154}},"type":"binary-expr","locations":[{"start":{"line":207,"column":8},"end":{"line":207,"column":56}},{"start":{"line":207,"column":60},"end":{"line":207,"column":106}},{"start":{"line":207,"column":110},"end":{"line":207,"column":154}}],"line":207},"25":{"loc":{"start":{"line":237,"column":4},"end":{"line":247,"column":5}},"type":"switch","locations":[{"start":{"line":238,"column":6},"end":{"line":240,"column":14}},{"start":{"line":241,"column":6},"end":{"line":241,"column":14}},{"start":{"line":242,"column":6},"end":{"line":242,"column":21}},{"start":{"line":243,"column":6},"end":{"line":243,"column":22}},{"start":{"line":244,"column":6},"end":{"line":244,"column":19}},{"start":{"line":245,"column":6},"end":{"line":246,"column":14}}],"line":237},"26":{"loc":{"start":{"line":264,"column":27},"end":{"line":264,"column":66}},"type":"cond-expr","locations":[{"start":{"line":264,"column":51},"end":{"line":264,"column":57}},{"start":{"line":264,"column":60},"end":{"line":264,"column":66}}],"line":264},"27":{"loc":{"start":{"line":270,"column":16},"end":{"line":274,"column":24}},"type":"cond-expr","locations":[{"start":{"line":271,"column":18},"end":{"line":273,"column":25}},{"start":{"line":274,"column":20},"end":{"line":274,"column":24}}],"line":270}},"s":{"0":2,"1":2,"2":2,"3":1,"4":1,"5":1,"6":1,"7":0,"8":2,"9":1,"10":1,"11":1,"12":2,"13":0,"14":0,"15":0,"16":0,"17":0,"18":0,"19":0,"20":0,"21":0,"22":0,"23":0,"24":2,"25":2,"26":8,"27":8,"28":0,"29":0,"30":8,"31":8,"32":0,"33":8,"34":0,"35":0,"36":8,"37":8,"38":0,"39":0,"40":0,"41":0,"42":0,"43":0,"44":0,"45":0,"46":0,"47":0,"48":0,"49":8,"50":15,"51":4,"52":2,"53":1,"54":2,"55":1,"56":2,"57":1,"58":2,"59":2,"60":2,"61":2,"62":1,"63":1,"64":1,"65":2,"66":2,"67":1,"68":1,"69":1,"70":16,"71":1,"72":1},"f":{"0":2,"1":8,"2":15,"3":1,"4":1,"5":1,"6":2,"7":1,"8":16,"9":1,"10":1},"b":{"0":[1,1,0],"1":[1,0],"2":[0,1],"3":[1,0],"4":[1,0],"5":[1,0,0,1,1,1],"6":[0,2],"7":[0,0],"8":[0,0],"9":[0,0],"10":[0,0],"11":[2,0],"12":[0,8,0],"13":[8,0],"14":[0,8],"15":[8,0],"16":[8,0],"17":[0,0,0,8,8,8],"18":[0,8],"19":[0,0],"20":[0,0],"21":[0,0],"22":[0,0],"23":[4,11],"24":[15,12,11],"25":[1,0,1,1,1,1],"26":[0,16],"27":[16,0]},"_coverageSchema":"43e27e138ebf9cfc5966b082cf9a028302ed4184","hash":"0d05bdd19a1f592793de29f27caa8687d27a684c"}
,"/home/andres/projects/ui_library/ui_library/app/components/PackenCheckbox.js": {"path":"/home/andres/projects/ui_library/ui_library/app/components/PackenCheckbox.js","statementMap":{"0":{"start":{"line":10,"column":4},"end":{"line":10,"column":17}},"1":{"start":{"line":12,"column":4},"end":{"line":16,"column":6}},"2":{"start":{"line":19,"column":17},"end":{"line":23,"column":3}},"3":{"start":{"line":20,"column":4},"end":{"line":22,"column":32}},"4":{"start":{"line":25,"column":23},"end":{"line":40,"column":3}},"5":{"start":{"line":26,"column":4},"end":{"line":39,"column":5}},"6":{"start":{"line":27,"column":27},"end":{"line":27,"column":48}},"7":{"start":{"line":28,"column":6},"end":{"line":28,"column":107}},"8":{"start":{"line":29,"column":6},"end":{"line":29,"column":68}},"9":{"start":{"line":29,"column":52},"end":{"line":29,"column":66}},"10":{"start":{"line":30,"column":6},"end":{"line":30,"column":64}},"11":{"start":{"line":30,"column":52},"end":{"line":30,"column":62}},"12":{"start":{"line":32,"column":6},"end":{"line":36,"column":9}},"13":{"start":{"line":35,"column":8},"end":{"line":35,"column":45}},"14":{"start":{"line":38,"column":6},"end":{"line":38,"column":19}},"15":{"start":{"line":42,"column":20},"end":{"line":55,"column":3}},"16":{"start":{"line":43,"column":30},"end":{"line":43,"column":54}},"17":{"start":{"line":44,"column":4},"end":{"line":44,"column":116}},"18":{"start":{"line":44,"column":59},"end":{"line":44,"column":114}},"19":{"start":{"line":46,"column":22},"end":{"line":46,"column":84}},"20":{"start":{"line":46,"column":55},"end":{"line":46,"column":83}},"21":{"start":{"line":47,"column":4},"end":{"line":54,"column":5}},"22":{"start":{"line":48,"column":6},"end":{"line":48,"column":37}},"23":{"start":{"line":49,"column":6},"end":{"line":51,"column":9}},"24":{"start":{"line":53,"column":6},"end":{"line":53,"column":19}},"25":{"start":{"line":58,"column":4},"end":{"line":85,"column":6}},"26":{"start":{"line":65,"column":12},"end":{"line":81,"column":19}},"27":{"start":{"line":70,"column":57},"end":{"line":70,"column":78}}},"fnMap":{"0":{"name":"(anonymous_0)","decl":{"start":{"line":9,"column":2},"end":{"line":9,"column":3}},"loc":{"start":{"line":9,"column":21},"end":{"line":17,"column":3}},"line":9},"1":{"name":"(anonymous_1)","decl":{"start":{"line":19,"column":17},"end":{"line":19,"column":18}},"loc":{"start":{"line":19,"column":34},"end":{"line":23,"column":3}},"line":19},"2":{"name":"(anonymous_2)","decl":{"start":{"line":25,"column":23},"end":{"line":25,"column":24}},"loc":{"start":{"line":25,"column":29},"end":{"line":40,"column":3}},"line":25},"3":{"name":"(anonymous_3)","decl":{"start":{"line":29,"column":44},"end":{"line":29,"column":45}},"loc":{"start":{"line":29,"column":52},"end":{"line":29,"column":66}},"line":29},"4":{"name":"(anonymous_4)","decl":{"start":{"line":30,"column":44},"end":{"line":30,"column":45}},"loc":{"start":{"line":30,"column":52},"end":{"line":30,"column":62}},"line":30},"5":{"name":"(anonymous_5)","decl":{"start":{"line":34,"column":9},"end":{"line":34,"column":10}},"loc":{"start":{"line":34,"column":15},"end":{"line":36,"column":7}},"line":34},"6":{"name":"(anonymous_6)","decl":{"start":{"line":42,"column":20},"end":{"line":42,"column":21}},"loc":{"start":{"line":42,"column":70},"end":{"line":55,"column":3}},"line":42},"7":{"name":"(anonymous_7)","decl":{"start":{"line":44,"column":50},"end":{"line":44,"column":51}},"loc":{"start":{"line":44,"column":59},"end":{"line":44,"column":114}},"line":44},"8":{"name":"(anonymous_8)","decl":{"start":{"line":46,"column":47},"end":{"line":46,"column":48}},"loc":{"start":{"line":46,"column":55},"end":{"line":46,"column":83}},"line":46},"9":{"name":"(anonymous_9)","decl":{"start":{"line":57,"column":2},"end":{"line":57,"column":3}},"loc":{"start":{"line":57,"column":11},"end":{"line":86,"column":3}},"line":57},"10":{"name":"(anonymous_10)","decl":{"start":{"line":64,"column":31},"end":{"line":64,"column":32}},"loc":{"start":{"line":65,"column":12},"end":{"line":81,"column":19}},"line":65},"11":{"name":"(anonymous_11)","decl":{"start":{"line":70,"column":49},"end":{"line":70,"column":50}},"loc":{"start":{"line":70,"column":55},"end":{"line":70,"column":80}},"line":70}},"branchMap":{"0":{"loc":{"start":{"line":26,"column":4},"end":{"line":39,"column":5}},"type":"if","locations":[{"start":{"line":26,"column":4},"end":{"line":39,"column":5}},{"start":{"line":26,"column":4},"end":{"line":39,"column":5}}],"line":26},"1":{"loc":{"start":{"line":47,"column":4},"end":{"line":54,"column":5}},"type":"if","locations":[{"start":{"line":47,"column":4},"end":{"line":54,"column":5}},{"start":{"line":47,"column":4},"end":{"line":54,"column":5}}],"line":47},"2":{"loc":{"start":{"line":61,"column":23},"end":{"line":61,"column":73}},"type":"cond-expr","locations":[{"start":{"line":61,"column":58},"end":{"line":61,"column":64}},{"start":{"line":61,"column":67},"end":{"line":61,"column":73}}],"line":61},"3":{"loc":{"start":{"line":67,"column":29},"end":{"line":67,"column":62}},"type":"cond-expr","locations":[{"start":{"line":67,"column":47},"end":{"line":67,"column":53}},{"start":{"line":67,"column":56},"end":{"line":67,"column":62}}],"line":67}},"s":{"0":2,"1":2,"2":2,"3":1,"4":2,"5":2,"6":1,"7":1,"8":1,"9":4,"10":1,"11":1,"12":1,"13":1,"14":1,"15":2,"16":2,"17":2,"18":3,"19":2,"20":2,"21":2,"22":1,"23":1,"24":1,"25":10,"26":40,"27":1},"f":{"0":2,"1":1,"2":2,"3":4,"4":1,"5":1,"6":2,"7":3,"8":2,"9":10,"10":40,"11":1},"b":{"0":[1,1],"1":[1,1],"2":[1,9],"3":[20,20]},"_coverageSchema":"43e27e138ebf9cfc5966b082cf9a028302ed4184","hash":"a9dd420dc99807a5f5daec843a7c645483007562"}
,"/home/andres/projects/ui_library/ui_library/app/components/PackenCheckboxControl.js": {"path":"/home/andres/projects/ui_library/ui_library/app/components/PackenCheckboxControl.js","statementMap":{"0":{"start":{"line":12,"column":4},"end":{"line":12,"column":17}},"1":{"start":{"line":14,"column":4},"end":{"line":21,"column":5}},"2":{"start":{"line":24,"column":22},"end":{"line":26,"column":3}},"3":{"start":{"line":25,"column":4},"end":{"line":25,"column":29}},"4":{"start":{"line":28,"column":20},"end":{"line":49,"column":3}},"5":{"start":{"line":29,"column":4},"end":{"line":48,"column":5}},"6":{"start":{"line":30,"column":30},"end":{"line":30,"column":58}},"7":{"start":{"line":31,"column":24},"end":{"line":31,"column":85}},"8":{"start":{"line":31,"column":53},"end":{"line":31,"column":84}},"9":{"start":{"line":32,"column":6},"end":{"line":34,"column":9}},"10":{"start":{"line":35,"column":6},"end":{"line":35,"column":33}},"11":{"start":{"line":37,"column":6},"end":{"line":47,"column":7}},"12":{"start":{"line":38,"column":8},"end":{"line":40,"column":11}},"13":{"start":{"line":41,"column":8},"end":{"line":41,"column":20}},"14":{"start":{"line":43,"column":8},"end":{"line":45,"column":11}},"15":{"start":{"line":46,"column":8},"end":{"line":46,"column":21}},"16":{"start":{"line":51,"column":22},"end":{"line":66,"column":3}},"17":{"start":{"line":52,"column":25},"end":{"line":52,"column":27}},"18":{"start":{"line":54,"column":4},"end":{"line":63,"column":5}},"19":{"start":{"line":55,"column":28},"end":{"line":55,"column":111}},"20":{"start":{"line":56,"column":6},"end":{"line":61,"column":9}},"21":{"start":{"line":62,"column":6},"end":{"line":62,"column":36}},"22":{"start":{"line":65,"column":4},"end":{"line":65,"column":26}},"23":{"start":{"line":68,"column":23},"end":{"line":75,"column":3}},"24":{"start":{"line":69,"column":4},"end":{"line":71,"column":5}},"25":{"start":{"line":70,"column":6},"end":{"line":70,"column":29}},"26":{"start":{"line":72,"column":4},"end":{"line":74,"column":5}},"27":{"start":{"line":73,"column":6},"end":{"line":73,"column":31}},"28":{"start":{"line":78,"column":4},"end":{"line":104,"column":6}}},"fnMap":{"0":{"name":"(anonymous_0)","decl":{"start":{"line":11,"column":2},"end":{"line":11,"column":3}},"loc":{"start":{"line":11,"column":21},"end":{"line":22,"column":3}},"line":11},"1":{"name":"(anonymous_1)","decl":{"start":{"line":24,"column":22},"end":{"line":24,"column":23}},"loc":{"start":{"line":24,"column":28},"end":{"line":26,"column":3}},"line":24},"2":{"name":"(anonymous_2)","decl":{"start":{"line":28,"column":20},"end":{"line":28,"column":21}},"loc":{"start":{"line":28,"column":26},"end":{"line":49,"column":3}},"line":28},"3":{"name":"(anonymous_3)","decl":{"start":{"line":31,"column":45},"end":{"line":31,"column":46}},"loc":{"start":{"line":31,"column":53},"end":{"line":31,"column":84}},"line":31},"4":{"name":"(anonymous_4)","decl":{"start":{"line":51,"column":22},"end":{"line":51,"column":23}},"loc":{"start":{"line":51,"column":28},"end":{"line":66,"column":3}},"line":51},"5":{"name":"(anonymous_5)","decl":{"start":{"line":68,"column":23},"end":{"line":68,"column":24}},"loc":{"start":{"line":68,"column":59},"end":{"line":75,"column":3}},"line":68},"6":{"name":"(anonymous_6)","decl":{"start":{"line":77,"column":2},"end":{"line":77,"column":3}},"loc":{"start":{"line":77,"column":11},"end":{"line":105,"column":3}},"line":77}},"branchMap":{"0":{"loc":{"start":{"line":29,"column":4},"end":{"line":48,"column":5}},"type":"if","locations":[{"start":{"line":29,"column":4},"end":{"line":48,"column":5}},{"start":{"line":29,"column":4},"end":{"line":48,"column":5}}],"line":29},"1":{"loc":{"start":{"line":37,"column":6},"end":{"line":47,"column":7}},"type":"if","locations":[{"start":{"line":37,"column":6},"end":{"line":47,"column":7}},{"start":{"line":37,"column":6},"end":{"line":47,"column":7}}],"line":37},"2":{"loc":{"start":{"line":54,"column":4},"end":{"line":63,"column":5}},"type":"if","locations":[{"start":{"line":54,"column":4},"end":{"line":63,"column":5}},{"start":{"line":54,"column":4},"end":{"line":63,"column":5}}],"line":54},"3":{"loc":{"start":{"line":55,"column":66},"end":{"line":55,"column":110}},"type":"cond-expr","locations":[{"start":{"line":55,"column":89},"end":{"line":55,"column":97}},{"start":{"line":55,"column":100},"end":{"line":55,"column":110}}],"line":55},"4":{"loc":{"start":{"line":69,"column":4},"end":{"line":71,"column":5}},"type":"if","locations":[{"start":{"line":69,"column":4},"end":{"line":71,"column":5}},{"start":{"line":69,"column":4},"end":{"line":71,"column":5}}],"line":69},"5":{"loc":{"start":{"line":72,"column":4},"end":{"line":74,"column":5}},"type":"if","locations":[{"start":{"line":72,"column":4},"end":{"line":74,"column":5}},{"start":{"line":72,"column":4},"end":{"line":74,"column":5}}],"line":72},"6":{"loc":{"start":{"line":83,"column":44},"end":{"line":83,"column":88}},"type":"cond-expr","locations":[{"start":{"line":83,"column":67},"end":{"line":83,"column":75}},{"start":{"line":83,"column":78},"end":{"line":83,"column":88}}],"line":83},"7":{"loc":{"start":{"line":88,"column":12},"end":{"line":94,"column":20}},"type":"cond-expr","locations":[{"start":{"line":89,"column":14},"end":{"line":93,"column":16}},{"start":{"line":94,"column":16},"end":{"line":94,"column":20}}],"line":88},"8":{"loc":{"start":{"line":100,"column":42},"end":{"line":100,"column":88}},"type":"cond-expr","locations":[{"start":{"line":100,"column":66},"end":{"line":100,"column":76}},{"start":{"line":100,"column":79},"end":{"line":100,"column":88}}],"line":100}},"s":{"0":1,"1":1,"2":1,"3":2,"4":1,"5":8,"6":2,"7":2,"8":2,"9":2,"10":2,"11":6,"12":4,"13":4,"14":2,"15":2,"16":1,"17":10,"18":10,"19":2,"20":2,"21":2,"22":10,"23":1,"24":19,"25":5,"26":19,"27":5,"28":18},"f":{"0":1,"1":2,"2":8,"3":2,"4":10,"5":19,"6":18},"b":{"0":[2,6],"1":[4,2],"2":[2,8],"3":[1,1],"4":[5,14],"5":[5,14],"6":[15,3],"7":[15,3],"8":[1,17]},"_coverageSchema":"43e27e138ebf9cfc5966b082cf9a028302ed4184","hash":"73a0c2af18ca2b2229353f42b832e4171c1b94fe"}
,"/home/andres/projects/ui_library/ui_library/app/components/PackenDivider.js": {"path":"/home/andres/projects/ui_library/ui_library/app/components/PackenDivider.js","statementMap":{"0":{"start":{"line":9,"column":4},"end":{"line":9,"column":17}},"1":{"start":{"line":13,"column":4},"end":{"line":20,"column":6}}},"fnMap":{"0":{"name":"(anonymous_0)","decl":{"start":{"line":8,"column":2},"end":{"line":8,"column":3}},"loc":{"start":{"line":8,"column":21},"end":{"line":10,"column":3}},"line":8},"1":{"name":"(anonymous_1)","decl":{"start":{"line":12,"column":2},"end":{"line":12,"column":3}},"loc":{"start":{"line":12,"column":11},"end":{"line":21,"column":3}},"line":12}},"branchMap":{"0":{"loc":{"start":{"line":16,"column":19},"end":{"line":16,"column":64}},"type":"cond-expr","locations":[{"start":{"line":16,"column":39},"end":{"line":16,"column":60}},{"start":{"line":16,"column":63},"end":{"line":16,"column":64}}],"line":16},"1":{"loc":{"start":{"line":17,"column":22},"end":{"line":17,"column":70}},"type":"cond-expr","locations":[{"start":{"line":17,"column":42},"end":{"line":17,"column":66}},{"start":{"line":17,"column":69},"end":{"line":17,"column":70}}],"line":17}},"s":{"0":1,"1":2},"f":{"0":1,"1":2},"b":{"0":[1,1],"1":[1,1]},"_coverageSchema":"43e27e138ebf9cfc5966b082cf9a028302ed4184","hash":"525d3e3ee639bf7ec09d013c62085afbcfccbae6"}
,"/home/andres/projects/ui_library/ui_library/app/components/PackenDropdown.js": {"path":"/home/andres/projects/ui_library/ui_library/app/components/PackenDropdown.js","statementMap":{"0":{"start":{"line":11,"column":4},"end":{"line":11,"column":17}},"1":{"start":{"line":13,"column":4},"end":{"line":25,"column":5}},"2":{"start":{"line":28,"column":22},"end":{"line":37,"column":3}},"3":{"start":{"line":29,"column":4},"end":{"line":36,"column":29}},"4":{"start":{"line":39,"column":20},"end":{"line":50,"column":3}},"5":{"start":{"line":40,"column":23},"end":{"line":42,"column":5}},"6":{"start":{"line":44,"column":4},"end":{"line":49,"column":7}},"7":{"start":{"line":52,"column":15},"end":{"line":56,"column":3}},"8":{"start":{"line":53,"column":4},"end":{"line":55,"column":7}},"9":{"start":{"line":58,"column":22},"end":{"line":62,"column":3}},"10":{"start":{"line":59,"column":4},"end":{"line":61,"column":41}},"11":{"start":{"line":64,"column":32},"end":{"line":77,"column":3}},"12":{"start":{"line":65,"column":31},"end":{"line":65,"column":33}},"13":{"start":{"line":67,"column":4},"end":{"line":69,"column":7}},"14":{"start":{"line":68,"column":6},"end":{"line":68,"column":42}},"15":{"start":{"line":70,"column":4},"end":{"line":70,"column":61}},"16":{"start":{"line":72,"column":4},"end":{"line":74,"column":7}},"17":{"start":{"line":76,"column":4},"end":{"line":76,"column":32}},"18":{"start":{"line":80,"column":4},"end":{"line":90,"column":5}},"19":{"start":{"line":81,"column":6},"end":{"line":89,"column":9}},"20":{"start":{"line":94,"column":4},"end":{"line":133,"column":6}},"21":{"start":{"line":119,"column":27},"end":{"line":119,"column":71}}},"fnMap":{"0":{"name":"(anonymous_0)","decl":{"start":{"line":10,"column":2},"end":{"line":10,"column":3}},"loc":{"start":{"line":10,"column":21},"end":{"line":26,"column":3}},"line":10},"1":{"name":"(anonymous_1)","decl":{"start":{"line":28,"column":22},"end":{"line":28,"column":23}},"loc":{"start":{"line":28,"column":38},"end":{"line":37,"column":3}},"line":28},"2":{"name":"(anonymous_2)","decl":{"start":{"line":39,"column":20},"end":{"line":39,"column":21}},"loc":{"start":{"line":39,"column":26},"end":{"line":50,"column":3}},"line":39},"3":{"name":"(anonymous_3)","decl":{"start":{"line":52,"column":15},"end":{"line":52,"column":16}},"loc":{"start":{"line":52,"column":21},"end":{"line":56,"column":3}},"line":52},"4":{"name":"(anonymous_4)","decl":{"start":{"line":58,"column":22},"end":{"line":58,"column":23}},"loc":{"start":{"line":58,"column":39},"end":{"line":62,"column":3}},"line":58},"5":{"name":"(anonymous_5)","decl":{"start":{"line":64,"column":32},"end":{"line":64,"column":33}},"loc":{"start":{"line":64,"column":38},"end":{"line":77,"column":3}},"line":64},"6":{"name":"(anonymous_6)","decl":{"start":{"line":67,"column":38},"end":{"line":67,"column":39}},"loc":{"start":{"line":67,"column":46},"end":{"line":69,"column":5}},"line":67},"7":{"name":"(anonymous_7)","decl":{"start":{"line":79,"column":2},"end":{"line":79,"column":3}},"loc":{"start":{"line":79,"column":53},"end":{"line":91,"column":3}},"line":79},"8":{"name":"(anonymous_8)","decl":{"start":{"line":93,"column":2},"end":{"line":93,"column":3}},"loc":{"start":{"line":93,"column":11},"end":{"line":134,"column":3}},"line":93},"9":{"name":"(anonymous_9)","decl":{"start":{"line":119,"column":20},"end":{"line":119,"column":21}},"loc":{"start":{"line":119,"column":25},"end":{"line":119,"column":73}},"line":119}},"branchMap":{"0":{"loc":{"start":{"line":80,"column":4},"end":{"line":90,"column":5}},"type":"if","locations":[{"start":{"line":80,"column":4},"end":{"line":90,"column":5}},{"start":{"line":80,"column":4},"end":{"line":90,"column":5}}],"line":80},"1":{"loc":{"start":{"line":86,"column":21},"end":{"line":86,"column":46}},"type":"cond-expr","locations":[{"start":{"line":86,"column":41},"end":{"line":86,"column":42}},{"start":{"line":86,"column":45},"end":{"line":86,"column":46}}],"line":86},"2":{"loc":{"start":{"line":97,"column":23},"end":{"line":97,"column":62}},"type":"cond-expr","locations":[{"start":{"line":97,"column":47},"end":{"line":97,"column":53}},{"start":{"line":97,"column":56},"end":{"line":97,"column":62}}],"line":97},"3":{"loc":{"start":{"line":121,"column":25},"end":{"line":121,"column":60}},"type":"cond-expr","locations":[{"start":{"line":121,"column":45},"end":{"line":121,"column":51}},{"start":{"line":121,"column":54},"end":{"line":121,"column":60}}],"line":121}},"s":{"0":1,"1":1,"2":1,"3":1,"4":1,"5":2,"6":2,"7":1,"8":1,"9":1,"10":1,"11":1,"12":2,"13":2,"14":4,"15":2,"16":2,"17":2,"18":21,"19":4,"20":20,"21":1},"f":{"0":1,"1":1,"2":2,"3":1,"4":1,"5":2,"6":4,"7":21,"8":20,"9":1},"b":{"0":[4,17],"1":[2,2],"2":[1,19],"3":[8,12]},"_coverageSchema":"43e27e138ebf9cfc5966b082cf9a028302ed4184","hash":"cdedfb965c851fe9426d27f3458f3d7ab3764079"}
,"/home/andres/projects/ui_library/ui_library/app/components/PackenInput.js": {"path":"/home/andres/projects/ui_library/ui_library/app/components/PackenInput.js","statementMap":{"0":{"start":{"line":12,"column":4},"end":{"line":12,"column":17}},"1":{"start":{"line":14,"column":4},"end":{"line":14,"column":46}},"2":{"start":{"line":17,"column":20},"end":{"line":40,"column":3}},"3":{"start":{"line":18,"column":23},"end":{"line":21,"column":5}},"4":{"start":{"line":23,"column":4},"end":{"line":37,"column":5}},"5":{"start":{"line":24,"column":6},"end":{"line":36,"column":7}},"6":{"start":{"line":39,"column":4},"end":{"line":39,"column":24}},"7":{"start":{"line":42,"column":26},"end":{"line":63,"column":3}},"8":{"start":{"line":43,"column":25},"end":{"line":43,"column":27}},"9":{"start":{"line":45,"column":4},"end":{"line":60,"column":5}},"10":{"start":{"line":46,"column":29},"end":{"line":46,"column":116}},"11":{"start":{"line":47,"column":31},"end":{"line":47,"column":79}},"12":{"start":{"line":49,"column":6},"end":{"line":59,"column":7}},"13":{"start":{"line":50,"column":8},"end":{"line":53,"column":9}},"14":{"start":{"line":55,"column":8},"end":{"line":58,"column":9}},"15":{"start":{"line":62,"column":4},"end":{"line":62,"column":26}},"16":{"start":{"line":65,"column":21},"end":{"line":75,"column":3}},"17":{"start":{"line":66,"column":4},"end":{"line":74,"column":35}},"18":{"start":{"line":77,"column":29},"end":{"line":87,"column":3}},"19":{"start":{"line":78,"column":4},"end":{"line":86,"column":35}},"20":{"start":{"line":89,"column":21},"end":{"line":97,"column":3}},"21":{"start":{"line":90,"column":24},"end":{"line":90,"column":26}},"22":{"start":{"line":92,"column":4},"end":{"line":94,"column":5}},"23":{"start":{"line":93,"column":6},"end":{"line":93,"column":98}},"24":{"start":{"line":96,"column":4},"end":{"line":96,"column":25}},"25":{"start":{"line":99,"column":23},"end":{"line":110,"column":3}},"26":{"start":{"line":100,"column":26},"end":{"line":100,"column":28}},"27":{"start":{"line":102,"column":4},"end":{"line":107,"column":5}},"28":{"start":{"line":103,"column":6},"end":{"line":106,"column":7}},"29":{"start":{"line":109,"column":4},"end":{"line":109,"column":27}},"30":{"start":{"line":112,"column":18},"end":{"line":116,"column":3}},"31":{"start":{"line":113,"column":4},"end":{"line":115,"column":7}},"32":{"start":{"line":118,"column":19},"end":{"line":122,"column":3}},"33":{"start":{"line":119,"column":4},"end":{"line":121,"column":7}},"34":{"start":{"line":124,"column":16},"end":{"line":128,"column":3}},"35":{"start":{"line":125,"column":4},"end":{"line":127,"column":7}},"36":{"start":{"line":130,"column":15},"end":{"line":134,"column":3}},"37":{"start":{"line":131,"column":4},"end":{"line":133,"column":7}},"38":{"start":{"line":136,"column":21},"end":{"line":141,"column":3}},"39":{"start":{"line":137,"column":4},"end":{"line":139,"column":7}},"40":{"start":{"line":140,"column":4},"end":{"line":140,"column":34}},"41":{"start":{"line":143,"column":16},"end":{"line":151,"column":3}},"42":{"start":{"line":144,"column":21},"end":{"line":144,"column":25}},"43":{"start":{"line":146,"column":4},"end":{"line":148,"column":5}},"44":{"start":{"line":147,"column":6},"end":{"line":147,"column":25}},"45":{"start":{"line":150,"column":4},"end":{"line":150,"column":22}},"46":{"start":{"line":153,"column":16},"end":{"line":167,"column":3}},"47":{"start":{"line":154,"column":15},"end":{"line":154,"column":17}},"48":{"start":{"line":156,"column":4},"end":{"line":164,"column":5}},"49":{"start":{"line":157,"column":6},"end":{"line":161,"column":7}},"50":{"start":{"line":158,"column":8},"end":{"line":158,"column":28}},"51":{"start":{"line":160,"column":8},"end":{"line":160,"column":30}},"52":{"start":{"line":163,"column":6},"end":{"line":163,"column":34}},"53":{"start":{"line":166,"column":4},"end":{"line":166,"column":16}},"54":{"start":{"line":169,"column":12},"end":{"line":184,"column":3}},"55":{"start":{"line":170,"column":15},"end":{"line":170,"column":19}},"56":{"start":{"line":172,"column":4},"end":{"line":181,"column":5}},"57":{"start":{"line":173,"column":6},"end":{"line":180,"column":8}},"58":{"start":{"line":183,"column":4},"end":{"line":183,"column":16}},"59":{"start":{"line":186,"column":19},"end":{"line":204,"column":3}},"60":{"start":{"line":187,"column":15},"end":{"line":187,"column":19}},"61":{"start":{"line":189,"column":4},"end":{"line":201,"column":5}},"62":{"start":{"line":190,"column":6},"end":{"line":200,"column":8}},"63":{"start":{"line":203,"column":4},"end":{"line":203,"column":16}},"64":{"start":{"line":206,"column":15},"end":{"line":223,"column":3}},"65":{"start":{"line":207,"column":18},"end":{"line":207,"column":22}},"66":{"start":{"line":209,"column":4},"end":{"line":220,"column":5}},"67":{"start":{"line":210,"column":6},"end":{"line":219,"column":8}},"68":{"start":{"line":222,"column":4},"end":{"line":222,"column":19}},"69":{"start":{"line":226,"column":4},"end":{"line":230,"column":5}},"70":{"start":{"line":227,"column":6},"end":{"line":229,"column":9}},"71":{"start":{"line":234,"column":4},"end":{"line":284,"column":6}},"72":{"start":{"line":244,"column":55},"end":{"line":244,"column":99}},"73":{"start":{"line":247,"column":115},"end":{"line":247,"column":167}}},"fnMap":{"0":{"name":"(anonymous_0)","decl":{"start":{"line":11,"column":2},"end":{"line":11,"column":3}},"loc":{"start":{"line":11,"column":21},"end":{"line":15,"column":3}},"line":11},"1":{"name":"(anonymous_1)","decl":{"start":{"line":17,"column":20},"end":{"line":17,"column":21}},"loc":{"start":{"line":17,"column":26},"end":{"line":40,"column":3}},"line":17},"2":{"name":"(anonymous_2)","decl":{"start":{"line":42,"column":26},"end":{"line":42,"column":27}},"loc":{"start":{"line":42,"column":32},"end":{"line":63,"column":3}},"line":42},"3":{"name":"(anonymous_3)","decl":{"start":{"line":65,"column":21},"end":{"line":65,"column":22}},"loc":{"start":{"line":65,"column":44},"end":{"line":75,"column":3}},"line":65},"4":{"name":"(anonymous_4)","decl":{"start":{"line":77,"column":29},"end":{"line":77,"column":30}},"loc":{"start":{"line":77,"column":52},"end":{"line":87,"column":3}},"line":77},"5":{"name":"(anonymous_5)","decl":{"start":{"line":89,"column":21},"end":{"line":89,"column":22}},"loc":{"start":{"line":89,"column":27},"end":{"line":97,"column":3}},"line":89},"6":{"name":"(anonymous_6)","decl":{"start":{"line":99,"column":23},"end":{"line":99,"column":24}},"loc":{"start":{"line":99,"column":29},"end":{"line":110,"column":3}},"line":99},"7":{"name":"(anonymous_7)","decl":{"start":{"line":112,"column":18},"end":{"line":112,"column":19}},"loc":{"start":{"line":112,"column":24},"end":{"line":116,"column":3}},"line":112},"8":{"name":"(anonymous_8)","decl":{"start":{"line":118,"column":19},"end":{"line":118,"column":20}},"loc":{"start":{"line":118,"column":25},"end":{"line":122,"column":3}},"line":118},"9":{"name":"(anonymous_9)","decl":{"start":{"line":124,"column":16},"end":{"line":124,"column":17}},"loc":{"start":{"line":124,"column":22},"end":{"line":128,"column":3}},"line":124},"10":{"name":"(anonymous_10)","decl":{"start":{"line":130,"column":15},"end":{"line":130,"column":16}},"loc":{"start":{"line":130,"column":21},"end":{"line":134,"column":3}},"line":130},"11":{"name":"(anonymous_11)","decl":{"start":{"line":136,"column":21},"end":{"line":136,"column":22}},"loc":{"start":{"line":136,"column":29},"end":{"line":141,"column":3}},"line":136},"12":{"name":"(anonymous_12)","decl":{"start":{"line":143,"column":16},"end":{"line":143,"column":17}},"loc":{"start":{"line":143,"column":22},"end":{"line":151,"column":3}},"line":143},"13":{"name":"(anonymous_13)","decl":{"start":{"line":153,"column":16},"end":{"line":153,"column":17}},"loc":{"start":{"line":153,"column":22},"end":{"line":167,"column":3}},"line":153},"14":{"name":"(anonymous_14)","decl":{"start":{"line":169,"column":12},"end":{"line":169,"column":13}},"loc":{"start":{"line":169,"column":18},"end":{"line":184,"column":3}},"line":169},"15":{"name":"(anonymous_15)","decl":{"start":{"line":186,"column":19},"end":{"line":186,"column":20}},"loc":{"start":{"line":186,"column":25},"end":{"line":204,"column":3}},"line":186},"16":{"name":"(anonymous_16)","decl":{"start":{"line":206,"column":15},"end":{"line":206,"column":16}},"loc":{"start":{"line":206,"column":21},"end":{"line":223,"column":3}},"line":206},"17":{"name":"(anonymous_17)","decl":{"start":{"line":225,"column":2},"end":{"line":225,"column":3}},"loc":{"start":{"line":225,"column":53},"end":{"line":231,"column":3}},"line":225},"18":{"name":"(anonymous_18)","decl":{"start":{"line":233,"column":2},"end":{"line":233,"column":3}},"loc":{"start":{"line":233,"column":11},"end":{"line":285,"column":3}},"line":233},"19":{"name":"(anonymous_19)","decl":{"start":{"line":244,"column":48},"end":{"line":244,"column":49}},"loc":{"start":{"line":244,"column":53},"end":{"line":244,"column":101}},"line":244},"20":{"name":"(anonymous_20)","decl":{"start":{"line":247,"column":108},"end":{"line":247,"column":109}},"loc":{"start":{"line":247,"column":113},"end":{"line":247,"column":169}},"line":247}},"branchMap":{"0":{"loc":{"start":{"line":19,"column":13},"end":{"line":19,"column":53}},"type":"cond-expr","locations":[{"start":{"line":19,"column":32},"end":{"line":19,"column":48}},{"start":{"line":19,"column":51},"end":{"line":19,"column":53}}],"line":19},"1":{"loc":{"start":{"line":20,"column":13},"end":{"line":20,"column":57}},"type":"cond-expr","locations":[{"start":{"line":20,"column":35},"end":{"line":20,"column":45}},{"start":{"line":20,"column":48},"end":{"line":20,"column":57}}],"line":20},"2":{"loc":{"start":{"line":23,"column":4},"end":{"line":37,"column":5}},"type":"if","locations":[{"start":{"line":23,"column":4},"end":{"line":37,"column":5}},{"start":{"line":23,"column":4},"end":{"line":37,"column":5}}],"line":23},"3":{"loc":{"start":{"line":45,"column":4},"end":{"line":60,"column":5}},"type":"if","locations":[{"start":{"line":45,"column":4},"end":{"line":60,"column":5}},{"start":{"line":45,"column":4},"end":{"line":60,"column":5}}],"line":45},"4":{"loc":{"start":{"line":49,"column":6},"end":{"line":59,"column":7}},"type":"if","locations":[{"start":{"line":49,"column":6},"end":{"line":59,"column":7}},{"start":{"line":49,"column":6},"end":{"line":59,"column":7}}],"line":49},"5":{"loc":{"start":{"line":92,"column":4},"end":{"line":94,"column":5}},"type":"if","locations":[{"start":{"line":92,"column":4},"end":{"line":94,"column":5}},{"start":{"line":92,"column":4},"end":{"line":94,"column":5}}],"line":92},"6":{"loc":{"start":{"line":102,"column":4},"end":{"line":107,"column":5}},"type":"if","locations":[{"start":{"line":102,"column":4},"end":{"line":107,"column":5}},{"start":{"line":102,"column":4},"end":{"line":107,"column":5}}],"line":102},"7":{"loc":{"start":{"line":146,"column":4},"end":{"line":148,"column":5}},"type":"if","locations":[{"start":{"line":146,"column":4},"end":{"line":148,"column":5}},{"start":{"line":146,"column":4},"end":{"line":148,"column":5}}],"line":146},"8":{"loc":{"start":{"line":146,"column":8},"end":{"line":146,"column":53}},"type":"binary-expr","locations":[{"start":{"line":146,"column":8},"end":{"line":146,"column":27}},{"start":{"line":146,"column":31},"end":{"line":146,"column":53}}],"line":146},"9":{"loc":{"start":{"line":156,"column":4},"end":{"line":164,"column":5}},"type":"if","locations":[{"start":{"line":156,"column":4},"end":{"line":164,"column":5}},{"start":{"line":156,"column":4},"end":{"line":164,"column":5}}],"line":156},"10":{"loc":{"start":{"line":157,"column":6},"end":{"line":161,"column":7}},"type":"if","locations":[{"start":{"line":157,"column":6},"end":{"line":161,"column":7}},{"start":{"line":157,"column":6},"end":{"line":161,"column":7}}],"line":157},"11":{"loc":{"start":{"line":172,"column":4},"end":{"line":181,"column":5}},"type":"if","locations":[{"start":{"line":172,"column":4},"end":{"line":181,"column":5}},{"start":{"line":172,"column":4},"end":{"line":181,"column":5}}],"line":172},"12":{"loc":{"start":{"line":189,"column":4},"end":{"line":201,"column":5}},"type":"if","locations":[{"start":{"line":189,"column":4},"end":{"line":201,"column":5}},{"start":{"line":189,"column":4},"end":{"line":201,"column":5}}],"line":189},"13":{"loc":{"start":{"line":209,"column":4},"end":{"line":220,"column":5}},"type":"if","locations":[{"start":{"line":209,"column":4},"end":{"line":220,"column":5}},{"start":{"line":209,"column":4},"end":{"line":220,"column":5}}],"line":209},"14":{"loc":{"start":{"line":226,"column":4},"end":{"line":230,"column":5}},"type":"if","locations":[{"start":{"line":226,"column":4},"end":{"line":230,"column":5}},{"start":{"line":226,"column":4},"end":{"line":230,"column":5}}],"line":226},"15":{"loc":{"start":{"line":235,"column":57},"end":{"line":235,"column":106}},"type":"cond-expr","locations":[{"start":{"line":235,"column":91},"end":{"line":235,"column":97}},{"start":{"line":235,"column":100},"end":{"line":235,"column":106}}],"line":235},"16":{"loc":{"start":{"line":246,"column":12},"end":{"line":259,"column":20}},"type":"cond-expr","locations":[{"start":{"line":247,"column":14},"end":{"line":258,"column":21}},{"start":{"line":259,"column":16},"end":{"line":259,"column":20}}],"line":246},"17":{"loc":{"start":{"line":277,"column":25},"end":{"line":277,"column":60}},"type":"cond-expr","locations":[{"start":{"line":277,"column":48},"end":{"line":277,"column":52}},{"start":{"line":277,"column":55},"end":{"line":277,"column":60}}],"line":277}},"s":{"0":1,"1":1,"2":1,"3":3,"4":3,"5":2,"6":3,"7":1,"8":45,"9":45,"10":44,"11":44,"12":44,"13":23,"14":21,"15":45,"16":1,"17":2,"18":1,"19":2,"20":1,"21":42,"22":42,"23":39,"24":42,"25":1,"26":42,"27":42,"28":24,"29":42,"30":1,"31":1,"32":1,"33":1,"34":1,"35":1,"36":1,"37":1,"38":1,"39":1,"40":1,"41":1,"42":42,"43":42,"44":4,"45":42,"46":1,"47":41,"48":41,"49":22,"50":2,"51":20,"52":19,"53":41,"54":1,"55":42,"56":42,"57":4,"58":42,"59":1,"60":43,"61":43,"62":8,"63":43,"64":1,"65":43,"66":43,"67":41,"68":43,"69":40,"70":3,"71":40,"72":1,"73":1},"f":{"0":1,"1":3,"2":45,"3":2,"4":2,"5":42,"6":42,"7":1,"8":1,"9":1,"10":1,"11":1,"12":42,"13":41,"14":42,"15":43,"16":43,"17":40,"18":40,"19":1,"20":1},"b":{"0":[1,2],"1":[1,2],"2":[2,1],"3":[44,1],"4":[23,21],"5":[39,3],"6":[24,18],"7":[4,38],"8":[42,38],"9":[22,19],"10":[2,20],"11":[4,38],"12":[8,35],"13":[41,2],"14":[3,37],"15":[1,39],"16":[38,2],"17":[23,17]},"_coverageSchema":"43e27e138ebf9cfc5966b082cf9a028302ed4184","hash":"eca3c9cd54371f76ad02a2ce1f3c985200e82e33"}
,"/home/andres/projects/ui_library/ui_library/app/components/PackenList.js": {"path":"/home/andres/projects/ui_library/ui_library/app/components/PackenList.js","statementMap":{"0":{"start":{"line":8,"column":4},"end":{"line":8,"column":17}},"1":{"start":{"line":10,"column":4},"end":{"line":21,"column":5}},"2":{"start":{"line":24,"column":18},"end":{"line":35,"column":3}},"3":{"start":{"line":26,"column":4},"end":{"line":30,"column":5}},"4":{"start":{"line":27,"column":6},"end":{"line":27,"column":50}},"5":{"start":{"line":29,"column":6},"end":{"line":29,"column":50}},"6":{"start":{"line":32,"column":4},"end":{"line":34,"column":7}},"7":{"start":{"line":37,"column":24},"end":{"line":103,"column":3}},"8":{"start":{"line":38,"column":4},"end":{"line":102,"column":5}},"9":{"start":{"line":41,"column":25},"end":{"line":41,"column":46}},"10":{"start":{"line":42,"column":8},"end":{"line":44,"column":11}},"11":{"start":{"line":43,"column":10},"end":{"line":43,"column":34}},"12":{"start":{"line":46,"column":26},"end":{"line":46,"column":73}},"13":{"start":{"line":46,"column":48},"end":{"line":46,"column":72}},"14":{"start":{"line":47,"column":8},"end":{"line":47,"column":36}},"15":{"start":{"line":49,"column":8},"end":{"line":52,"column":11}},"16":{"start":{"line":54,"column":8},"end":{"line":62,"column":9}},"17":{"start":{"line":55,"column":10},"end":{"line":61,"column":11}},"18":{"start":{"line":56,"column":12},"end":{"line":60,"column":15}},"19":{"start":{"line":64,"column":8},"end":{"line":68,"column":9}},"20":{"start":{"line":65,"column":10},"end":{"line":65,"column":34}},"21":{"start":{"line":67,"column":10},"end":{"line":67,"column":23}},"22":{"start":{"line":69,"column":8},"end":{"line":69,"column":14}},"23":{"start":{"line":72,"column":25},"end":{"line":72,"column":46}},"24":{"start":{"line":74,"column":26},"end":{"line":74,"column":73}},"25":{"start":{"line":74,"column":48},"end":{"line":74,"column":72}},"26":{"start":{"line":75,"column":8},"end":{"line":75,"column":42}},"27":{"start":{"line":77,"column":31},"end":{"line":77,"column":71}},"28":{"start":{"line":77,"column":55},"end":{"line":77,"column":70}},"29":{"start":{"line":78,"column":8},"end":{"line":78,"column":68}},"30":{"start":{"line":78,"column":56},"end":{"line":78,"column":66}},"31":{"start":{"line":80,"column":8},"end":{"line":83,"column":11}},"32":{"start":{"line":85,"column":8},"end":{"line":98,"column":9}},"33":{"start":{"line":86,"column":10},"end":{"line":97,"column":11}},"34":{"start":{"line":87,"column":35},"end":{"line":87,"column":87}},"35":{"start":{"line":88,"column":12},"end":{"line":88,"column":56}},"36":{"start":{"line":89,"column":12},"end":{"line":89,"column":62}},"37":{"start":{"line":91,"column":12},"end":{"line":96,"column":15}},"38":{"start":{"line":99,"column":8},"end":{"line":99,"column":14}},"39":{"start":{"line":101,"column":8},"end":{"line":101,"column":21}},"40":{"start":{"line":105,"column":15},"end":{"line":117,"column":3}},"41":{"start":{"line":106,"column":4},"end":{"line":116,"column":6}},"42":{"start":{"line":120,"column":4},"end":{"line":133,"column":5}},"43":{"start":{"line":122,"column":6},"end":{"line":132,"column":7}},"44":{"start":{"line":123,"column":8},"end":{"line":123,"column":63}},"45":{"start":{"line":124,"column":8},"end":{"line":129,"column":11}},"46":{"start":{"line":131,"column":8},"end":{"line":131,"column":21}},"47":{"start":{"line":137,"column":4},"end":{"line":146,"column":6}}},"fnMap":{"0":{"name":"(anonymous_0)","decl":{"start":{"line":7,"column":2},"end":{"line":7,"column":3}},"loc":{"start":{"line":7,"column":21},"end":{"line":22,"column":3}},"line":7},"1":{"name":"(anonymous_1)","decl":{"start":{"line":24,"column":18},"end":{"line":24,"column":19}},"loc":{"start":{"line":24,"column":32},"end":{"line":35,"column":3}},"line":24},"2":{"name":"(anonymous_2)","decl":{"start":{"line":37,"column":24},"end":{"line":37,"column":25}},"loc":{"start":{"line":37,"column":60},"end":{"line":103,"column":3}},"line":37},"3":{"name":"(anonymous_3)","decl":{"start":{"line":42,"column":25},"end":{"line":42,"column":26}},"loc":{"start":{"line":42,"column":33},"end":{"line":44,"column":9}},"line":42},"4":{"name":"(anonymous_4)","decl":{"start":{"line":46,"column":40},"end":{"line":46,"column":41}},"loc":{"start":{"line":46,"column":48},"end":{"line":46,"column":72}},"line":46},"5":{"name":"(anonymous_5)","decl":{"start":{"line":74,"column":40},"end":{"line":74,"column":41}},"loc":{"start":{"line":74,"column":48},"end":{"line":74,"column":72}},"line":74},"6":{"name":"(anonymous_6)","decl":{"start":{"line":77,"column":47},"end":{"line":77,"column":48}},"loc":{"start":{"line":77,"column":55},"end":{"line":77,"column":70}},"line":77},"7":{"name":"(anonymous_7)","decl":{"start":{"line":78,"column":48},"end":{"line":78,"column":49}},"loc":{"start":{"line":78,"column":56},"end":{"line":78,"column":66}},"line":78},"8":{"name":"(anonymous_8)","decl":{"start":{"line":105,"column":15},"end":{"line":105,"column":16}},"loc":{"start":{"line":105,"column":29},"end":{"line":117,"column":3}},"line":105},"9":{"name":"(anonymous_9)","decl":{"start":{"line":119,"column":2},"end":{"line":119,"column":3}},"loc":{"start":{"line":119,"column":53},"end":{"line":134,"column":3}},"line":119},"10":{"name":"(anonymous_10)","decl":{"start":{"line":136,"column":2},"end":{"line":136,"column":3}},"loc":{"start":{"line":136,"column":11},"end":{"line":147,"column":3}},"line":136}},"branchMap":{"0":{"loc":{"start":{"line":26,"column":4},"end":{"line":30,"column":5}},"type":"if","locations":[{"start":{"line":26,"column":4},"end":{"line":30,"column":5}},{"start":{"line":26,"column":4},"end":{"line":30,"column":5}}],"line":26},"1":{"loc":{"start":{"line":38,"column":4},"end":{"line":102,"column":5}},"type":"switch","locations":[{"start":{"line":39,"column":6},"end":{"line":39,"column":20}},{"start":{"line":40,"column":6},"end":{"line":69,"column":14}},{"start":{"line":70,"column":6},"end":{"line":70,"column":22}},{"start":{"line":71,"column":6},"end":{"line":99,"column":14}},{"start":{"line":100,"column":6},"end":{"line":101,"column":21}}],"line":38},"2":{"loc":{"start":{"line":54,"column":8},"end":{"line":62,"column":9}},"type":"if","locations":[{"start":{"line":54,"column":8},"end":{"line":62,"column":9}},{"start":{"line":54,"column":8},"end":{"line":62,"column":9}}],"line":54},"3":{"loc":{"start":{"line":55,"column":10},"end":{"line":61,"column":11}},"type":"if","locations":[{"start":{"line":55,"column":10},"end":{"line":61,"column":11}},{"start":{"line":55,"column":10},"end":{"line":61,"column":11}}],"line":55},"4":{"loc":{"start":{"line":64,"column":8},"end":{"line":68,"column":9}},"type":"if","locations":[{"start":{"line":64,"column":8},"end":{"line":68,"column":9}},{"start":{"line":64,"column":8},"end":{"line":68,"column":9}}],"line":64},"5":{"loc":{"start":{"line":85,"column":8},"end":{"line":98,"column":9}},"type":"if","locations":[{"start":{"line":85,"column":8},"end":{"line":98,"column":9}},{"start":{"line":85,"column":8},"end":{"line":98,"column":9}}],"line":85},"6":{"loc":{"start":{"line":86,"column":10},"end":{"line":97,"column":11}},"type":"if","locations":[{"start":{"line":86,"column":10},"end":{"line":97,"column":11}},{"start":{"line":86,"column":10},"end":{"line":97,"column":11}}],"line":86},"7":{"loc":{"start":{"line":120,"column":4},"end":{"line":133,"column":5}},"type":"if","locations":[{"start":{"line":120,"column":4},"end":{"line":133,"column":5}},{"start":{"line":120,"column":4},"end":{"line":133,"column":5}}],"line":120},"8":{"loc":{"start":{"line":122,"column":6},"end":{"line":132,"column":7}},"type":"if","locations":[{"start":{"line":122,"column":6},"end":{"line":132,"column":7}},{"start":{"line":122,"column":6},"end":{"line":132,"column":7}}],"line":122}},"s":{"0":1,"1":1,"2":1,"3":2,"4":1,"5":1,"6":2,"7":1,"8":8,"9":4,"10":4,"11":8,"12":4,"13":8,"14":4,"15":4,"16":4,"17":3,"18":1,"19":4,"20":3,"21":1,"22":3,"23":3,"24":3,"25":6,"26":3,"27":3,"28":6,"29":3,"30":3,"31":3,"32":3,"33":2,"34":1,"35":1,"36":1,"37":1,"38":3,"39":1,"40":1,"41":1,"42":39,"43":11,"44":3,"45":3,"46":8,"47":38},"f":{"0":1,"1":2,"2":8,"3":8,"4":8,"5":6,"6":6,"7":3,"8":1,"9":39,"10":38},"b":{"0":[1,1],"1":[1,4,1,3,1],"2":[3,1],"3":[1,2],"4":[3,1],"5":[2,1],"6":[1,1],"7":[11,28],"8":[3,8]},"_coverageSchema":"43e27e138ebf9cfc5966b082cf9a028302ed4184","hash":"bd3e56d31872ca09f234ed6bb2ea89fb03b6f780"}
,"/home/andres/projects/ui_library/ui_library/app/components/PackenListItem.js": {"path":"/home/andres/projects/ui_library/ui_library/app/components/PackenListItem.js","statementMap":{"0":{"start":{"line":16,"column":4},"end":{"line":16,"column":17}},"1":{"start":{"line":18,"column":4},"end":{"line":24,"column":5}},"2":{"start":{"line":26,"column":4},"end":{"line":26,"column":22}},"3":{"start":{"line":29,"column":15},"end":{"line":36,"column":3}},"4":{"start":{"line":30,"column":4},"end":{"line":35,"column":5}},"5":{"start":{"line":31,"column":6},"end":{"line":31,"column":34}},"6":{"start":{"line":32,"column":6},"end":{"line":32,"column":37}},"7":{"start":{"line":34,"column":6},"end":{"line":34,"column":19}},"8":{"start":{"line":38,"column":20},"end":{"line":40,"column":3}},"9":{"start":{"line":39,"column":4},"end":{"line":39,"column":117}},"10":{"start":{"line":42,"column":22},"end":{"line":62,"column":3}},"11":{"start":{"line":43,"column":25},"end":{"line":43,"column":27}},"12":{"start":{"line":45,"column":4},"end":{"line":59,"column":5}},"13":{"start":{"line":46,"column":6},"end":{"line":56,"column":7}},"14":{"start":{"line":47,"column":8},"end":{"line":51,"column":11}},"15":{"start":{"line":48,"column":10},"end":{"line":50,"column":11}},"16":{"start":{"line":49,"column":12},"end":{"line":49,"column":68}},"17":{"start":{"line":53,"column":8},"end":{"line":55,"column":9}},"18":{"start":{"line":54,"column":10},"end":{"line":54,"column":74}},"19":{"start":{"line":58,"column":6},"end":{"line":58,"column":26}},"20":{"start":{"line":61,"column":4},"end":{"line":61,"column":26}},"21":{"start":{"line":65,"column":4},"end":{"line":65,"column":26}},"22":{"start":{"line":68,"column":23},"end":{"line":86,"column":3}},"23":{"start":{"line":69,"column":4},"end":{"line":85,"column":5}},"24":{"start":{"line":70,"column":6},"end":{"line":82,"column":7}},"25":{"start":{"line":71,"column":22},"end":{"line":71,"column":98}},"26":{"start":{"line":71,"column":60},"end":{"line":71,"column":97}},"27":{"start":{"line":72,"column":8},"end":{"line":79,"column":9}},"28":{"start":{"line":73,"column":10},"end":{"line":76,"column":13}},"29":{"start":{"line":78,"column":10},"end":{"line":78,"column":23}},"30":{"start":{"line":81,"column":8},"end":{"line":81,"column":21}},"31":{"start":{"line":84,"column":6},"end":{"line":84,"column":19}},"32":{"start":{"line":88,"column":18},"end":{"line":92,"column":3}},"33":{"start":{"line":89,"column":4},"end":{"line":91,"column":5}},"34":{"start":{"line":90,"column":6},"end":{"line":90,"column":153}},"35":{"start":{"line":95,"column":4},"end":{"line":95,"column":29}},"36":{"start":{"line":96,"column":4},"end":{"line":96,"column":39}},"37":{"start":{"line":97,"column":4},"end":{"line":97,"column":25}},"38":{"start":{"line":100,"column":22},"end":{"line":115,"column":3}},"39":{"start":{"line":101,"column":4},"end":{"line":114,"column":5}},"40":{"start":{"line":102,"column":6},"end":{"line":106,"column":7}},"41":{"start":{"line":103,"column":8},"end":{"line":105,"column":9}},"42":{"start":{"line":104,"column":10},"end":{"line":104,"column":51}},"43":{"start":{"line":107,"column":6},"end":{"line":113,"column":7}},"44":{"start":{"line":108,"column":8},"end":{"line":112,"column":11}},"45":{"start":{"line":109,"column":10},"end":{"line":111,"column":11}},"46":{"start":{"line":110,"column":12},"end":{"line":110,"column":137}},"47":{"start":{"line":117,"column":19},"end":{"line":123,"column":3}},"48":{"start":{"line":118,"column":22},"end":{"line":118,"column":38}},"49":{"start":{"line":119,"column":4},"end":{"line":122,"column":7}},"50":{"start":{"line":125,"column":20},"end":{"line":129,"column":3}},"51":{"start":{"line":126,"column":4},"end":{"line":128,"column":7}},"52":{"start":{"line":131,"column":17},"end":{"line":169,"column":3}},"53":{"start":{"line":132,"column":4},"end":{"line":168,"column":5}},"54":{"start":{"line":135,"column":8},"end":{"line":138,"column":11}},"55":{"start":{"line":139,"column":8},"end":{"line":147,"column":9}},"56":{"start":{"line":140,"column":10},"end":{"line":140,"column":43}},"57":{"start":{"line":141,"column":10},"end":{"line":144,"column":13}},"58":{"start":{"line":146,"column":10},"end":{"line":146,"column":77}},"59":{"start":{"line":148,"column":8},"end":{"line":148,"column":14}},"60":{"start":{"line":151,"column":25},"end":{"line":151,"column":82}},"61":{"start":{"line":152,"column":33},"end":{"line":152,"column":69}},"62":{"start":{"line":153,"column":8},"end":{"line":157,"column":11}},"63":{"start":{"line":158,"column":8},"end":{"line":165,"column":9}},"64":{"start":{"line":159,"column":10},"end":{"line":162,"column":13}},"65":{"start":{"line":164,"column":10},"end":{"line":164,"column":89}},"66":{"start":{"line":167,"column":8},"end":{"line":167,"column":21}},"67":{"start":{"line":171,"column":20},"end":{"line":183,"column":3}},"68":{"start":{"line":172,"column":23},"end":{"line":172,"column":25}},"69":{"start":{"line":174,"column":4},"end":{"line":180,"column":5}},"70":{"start":{"line":175,"column":6},"end":{"line":179,"column":7}},"71":{"start":{"line":176,"column":8},"end":{"line":176,"column":58}},"72":{"start":{"line":178,"column":8},"end":{"line":178,"column":59}},"73":{"start":{"line":182,"column":4},"end":{"line":182,"column":24}},"74":{"start":{"line":185,"column":19},"end":{"line":197,"column":3}},"75":{"start":{"line":186,"column":22},"end":{"line":186,"column":24}},"76":{"start":{"line":188,"column":4},"end":{"line":194,"column":5}},"77":{"start":{"line":189,"column":6},"end":{"line":193,"column":7}},"78":{"start":{"line":190,"column":8},"end":{"line":190,"column":56}},"79":{"start":{"line":192,"column":8},"end":{"line":192,"column":124}},"80":{"start":{"line":196,"column":4},"end":{"line":196,"column":23}},"81":{"start":{"line":199,"column":20},"end":{"line":277,"column":3}},"82":{"start":{"line":201,"column":31},"end":{"line":201,"column":34}},"83":{"start":{"line":203,"column":4},"end":{"line":228,"column":5}},"84":{"start":{"line":204,"column":6},"end":{"line":204,"column":25}},"85":{"start":{"line":206,"column":6},"end":{"line":227,"column":7}},"86":{"start":{"line":208,"column":10},"end":{"line":214,"column":12}},"87":{"start":{"line":215,"column":10},"end":{"line":215,"column":16}},"88":{"start":{"line":217,"column":10},"end":{"line":222,"column":12}},"89":{"start":{"line":223,"column":10},"end":{"line":223,"column":16}},"90":{"start":{"line":225,"column":10},"end":{"line":225,"column":29}},"91":{"start":{"line":226,"column":10},"end":{"line":226,"column":16}},"92":{"start":{"line":230,"column":4},"end":{"line":255,"column":5}},"93":{"start":{"line":231,"column":6},"end":{"line":231,"column":26}},"94":{"start":{"line":233,"column":6},"end":{"line":254,"column":7}},"95":{"start":{"line":235,"column":10},"end":{"line":241,"column":12}},"96":{"start":{"line":242,"column":10},"end":{"line":242,"column":16}},"97":{"start":{"line":244,"column":10},"end":{"line":249,"column":12}},"98":{"start":{"line":250,"column":10},"end":{"line":250,"column":16}},"99":{"start":{"line":252,"column":10},"end":{"line":252,"column":30}},"100":{"start":{"line":253,"column":10},"end":{"line":253,"column":16}},"101":{"start":{"line":257,"column":4},"end":{"line":263,"column":5}},"102":{"start":{"line":258,"column":6},"end":{"line":262,"column":8}},"103":{"start":{"line":265,"column":4},"end":{"line":271,"column":5}},"104":{"start":{"line":266,"column":6},"end":{"line":270,"column":8}},"105":{"start":{"line":273,"column":4},"end":{"line":276,"column":6}},"106":{"start":{"line":279,"column":19},"end":{"line":281,"column":3}},"107":{"start":{"line":280,"column":4},"end":{"line":280,"column":39}},"108":{"start":{"line":283,"column":20},"end":{"line":285,"column":3}},"109":{"start":{"line":284,"column":4},"end":{"line":284,"column":40}},"110":{"start":{"line":287,"column":16},"end":{"line":289,"column":3}},"111":{"start":{"line":288,"column":4},"end":{"line":288,"column":26}},"112":{"start":{"line":291,"column":19},"end":{"line":293,"column":3}},"113":{"start":{"line":292,"column":4},"end":{"line":292,"column":32}},"114":{"start":{"line":295,"column":19},"end":{"line":336,"column":3}},"115":{"start":{"line":298,"column":4},"end":{"line":331,"column":5}},"116":{"start":{"line":299,"column":6},"end":{"line":324,"column":7}},"117":{"start":{"line":301,"column":10},"end":{"line":310,"column":12}},"118":{"start":{"line":311,"column":10},"end":{"line":311,"column":16}},"119":{"start":{"line":313,"column":10},"end":{"line":320,"column":12}},"120":{"start":{"line":321,"column":10},"end":{"line":321,"column":16}},"121":{"start":{"line":323,"column":10},"end":{"line":323,"column":23}},"122":{"start":{"line":326,"column":6},"end":{"line":330,"column":8}},"123":{"start":{"line":333,"column":4},"end":{"line":335,"column":7}},"124":{"start":{"line":338,"column":18},"end":{"line":340,"column":3}},"125":{"start":{"line":339,"column":4},"end":{"line":339,"column":37}},"126":{"start":{"line":342,"column":22},"end":{"line":362,"column":3}},"127":{"start":{"line":343,"column":25},"end":{"line":346,"column":5}},"128":{"start":{"line":348,"column":4},"end":{"line":359,"column":5}},"129":{"start":{"line":349,"column":6},"end":{"line":358,"column":8}},"130":{"start":{"line":361,"column":4},"end":{"line":361,"column":26}},"131":{"start":{"line":364,"column":27},"end":{"line":406,"column":3}},"132":{"start":{"line":365,"column":24},"end":{"line":365,"column":46}},"133":{"start":{"line":367,"column":4},"end":{"line":405,"column":5}},"134":{"start":{"line":368,"column":6},"end":{"line":378,"column":7}},"135":{"start":{"line":369,"column":8},"end":{"line":373,"column":11}},"136":{"start":{"line":370,"column":10},"end":{"line":372,"column":11}},"137":{"start":{"line":371,"column":12},"end":{"line":371,"column":60}},"138":{"start":{"line":375,"column":8},"end":{"line":377,"column":9}},"139":{"start":{"line":376,"column":10},"end":{"line":376,"column":69}},"140":{"start":{"line":380,"column":6},"end":{"line":404,"column":7}},"141":{"start":{"line":381,"column":8},"end":{"line":391,"column":9}},"142":{"start":{"line":382,"column":10},"end":{"line":386,"column":13}},"143":{"start":{"line":383,"column":12},"end":{"line":385,"column":13}},"144":{"start":{"line":384,"column":14},"end":{"line":384,"column":63}},"145":{"start":{"line":388,"column":10},"end":{"line":390,"column":11}},"146":{"start":{"line":389,"column":12},"end":{"line":389,"column":72}},"147":{"start":{"line":393,"column":8},"end":{"line":403,"column":9}},"148":{"start":{"line":394,"column":10},"end":{"line":398,"column":13}},"149":{"start":{"line":395,"column":12},"end":{"line":397,"column":13}},"150":{"start":{"line":396,"column":14},"end":{"line":396,"column":75}},"151":{"start":{"line":400,"column":10},"end":{"line":402,"column":11}},"152":{"start":{"line":401,"column":12},"end":{"line":401,"column":81}},"153":{"start":{"line":409,"column":4},"end":{"line":411,"column":5}},"154":{"start":{"line":410,"column":6},"end":{"line":410,"column":36}},"155":{"start":{"line":413,"column":4},"end":{"line":447,"column":6}},"156":{"start":{"line":419,"column":27},"end":{"line":419,"column":68}}},"fnMap":{"0":{"name":"(anonymous_0)","decl":{"start":{"line":15,"column":2},"end":{"line":15,"column":3}},"loc":{"start":{"line":15,"column":21},"end":{"line":27,"column":3}},"line":15},"1":{"name":"(anonymous_1)","decl":{"start":{"line":29,"column":15},"end":{"line":29,"column":16}},"loc":{"start":{"line":29,"column":21},"end":{"line":36,"column":3}},"line":29},"2":{"name":"(anonymous_2)","decl":{"start":{"line":38,"column":20},"end":{"line":38,"column":21}},"loc":{"start":{"line":38,"column":26},"end":{"line":40,"column":3}},"line":38},"3":{"name":"(anonymous_3)","decl":{"start":{"line":42,"column":22},"end":{"line":42,"column":23}},"loc":{"start":{"line":42,"column":28},"end":{"line":62,"column":3}},"line":42},"4":{"name":"(anonymous_4)","decl":{"start":{"line":47,"column":59},"end":{"line":47,"column":60}},"loc":{"start":{"line":47,"column":68},"end":{"line":51,"column":9}},"line":47},"5":{"name":"(anonymous_5)","decl":{"start":{"line":64,"column":2},"end":{"line":64,"column":3}},"loc":{"start":{"line":64,"column":22},"end":{"line":66,"column":3}},"line":64},"6":{"name":"(anonymous_6)","decl":{"start":{"line":68,"column":23},"end":{"line":68,"column":24}},"loc":{"start":{"line":68,"column":36},"end":{"line":86,"column":3}},"line":68},"7":{"name":"(anonymous_7)","decl":{"start":{"line":71,"column":52},"end":{"line":71,"column":53}},"loc":{"start":{"line":71,"column":60},"end":{"line":71,"column":97}},"line":71},"8":{"name":"(anonymous_8)","decl":{"start":{"line":88,"column":18},"end":{"line":88,"column":19}},"loc":{"start":{"line":88,"column":24},"end":{"line":92,"column":3}},"line":88},"9":{"name":"(anonymous_9)","decl":{"start":{"line":94,"column":2},"end":{"line":94,"column":3}},"loc":{"start":{"line":94,"column":53},"end":{"line":98,"column":3}},"line":94},"10":{"name":"(anonymous_10)","decl":{"start":{"line":100,"column":22},"end":{"line":100,"column":23}},"loc":{"start":{"line":100,"column":28},"end":{"line":115,"column":3}},"line":100},"11":{"name":"(anonymous_11)","decl":{"start":{"line":108,"column":64},"end":{"line":108,"column":65}},"loc":{"start":{"line":108,"column":80},"end":{"line":112,"column":9}},"line":108},"12":{"name":"(anonymous_12)","decl":{"start":{"line":117,"column":19},"end":{"line":117,"column":20}},"loc":{"start":{"line":117,"column":25},"end":{"line":123,"column":3}},"line":117},"13":{"name":"(anonymous_13)","decl":{"start":{"line":125,"column":20},"end":{"line":125,"column":21}},"loc":{"start":{"line":125,"column":26},"end":{"line":129,"column":3}},"line":125},"14":{"name":"(anonymous_14)","decl":{"start":{"line":131,"column":17},"end":{"line":131,"column":18}},"loc":{"start":{"line":131,"column":23},"end":{"line":169,"column":3}},"line":131},"15":{"name":"(anonymous_15)","decl":{"start":{"line":171,"column":20},"end":{"line":171,"column":21}},"loc":{"start":{"line":171,"column":26},"end":{"line":183,"column":3}},"line":171},"16":{"name":"(anonymous_16)","decl":{"start":{"line":185,"column":19},"end":{"line":185,"column":20}},"loc":{"start":{"line":185,"column":25},"end":{"line":197,"column":3}},"line":185},"17":{"name":"(anonymous_17)","decl":{"start":{"line":199,"column":20},"end":{"line":199,"column":21}},"loc":{"start":{"line":199,"column":26},"end":{"line":277,"column":3}},"line":199},"18":{"name":"(anonymous_18)","decl":{"start":{"line":279,"column":19},"end":{"line":279,"column":20}},"loc":{"start":{"line":279,"column":25},"end":{"line":281,"column":3}},"line":279},"19":{"name":"(anonymous_19)","decl":{"start":{"line":283,"column":20},"end":{"line":283,"column":21}},"loc":{"start":{"line":283,"column":26},"end":{"line":285,"column":3}},"line":283},"20":{"name":"(anonymous_20)","decl":{"start":{"line":287,"column":16},"end":{"line":287,"column":17}},"loc":{"start":{"line":287,"column":25},"end":{"line":289,"column":3}},"line":287},"21":{"name":"(anonymous_21)","decl":{"start":{"line":291,"column":19},"end":{"line":291,"column":20}},"loc":{"start":{"line":291,"column":31},"end":{"line":293,"column":3}},"line":291},"22":{"name":"(anonymous_22)","decl":{"start":{"line":295,"column":19},"end":{"line":295,"column":20}},"loc":{"start":{"line":295,"column":25},"end":{"line":336,"column":3}},"line":295},"23":{"name":"(anonymous_23)","decl":{"start":{"line":338,"column":18},"end":{"line":338,"column":19}},"loc":{"start":{"line":338,"column":34},"end":{"line":340,"column":3}},"line":338},"24":{"name":"(anonymous_24)","decl":{"start":{"line":342,"column":22},"end":{"line":342,"column":23}},"loc":{"start":{"line":342,"column":28},"end":{"line":362,"column":3}},"line":342},"25":{"name":"(anonymous_25)","decl":{"start":{"line":364,"column":27},"end":{"line":364,"column":28}},"loc":{"start":{"line":364,"column":33},"end":{"line":406,"column":3}},"line":364},"26":{"name":"(anonymous_26)","decl":{"start":{"line":369,"column":48},"end":{"line":369,"column":49}},"loc":{"start":{"line":369,"column":57},"end":{"line":373,"column":9}},"line":369},"27":{"name":"(anonymous_27)","decl":{"start":{"line":382,"column":50},"end":{"line":382,"column":51}},"loc":{"start":{"line":382,"column":59},"end":{"line":386,"column":11}},"line":382},"28":{"name":"(anonymous_28)","decl":{"start":{"line":394,"column":50},"end":{"line":394,"column":51}},"loc":{"start":{"line":394,"column":64},"end":{"line":398,"column":11}},"line":394},"29":{"name":"(anonymous_29)","decl":{"start":{"line":408,"column":2},"end":{"line":408,"column":3}},"loc":{"start":{"line":408,"column":11},"end":{"line":448,"column":3}},"line":408},"30":{"name":"(anonymous_30)","decl":{"start":{"line":419,"column":20},"end":{"line":419,"column":21}},"loc":{"start":{"line":419,"column":25},"end":{"line":419,"column":70}},"line":419}},"branchMap":{"0":{"loc":{"start":{"line":30,"column":4},"end":{"line":35,"column":5}},"type":"if","locations":[{"start":{"line":30,"column":4},"end":{"line":35,"column":5}},{"start":{"line":30,"column":4},"end":{"line":35,"column":5}}],"line":30},"1":{"loc":{"start":{"line":39,"column":11},"end":{"line":39,"column":116}},"type":"cond-expr","locations":[{"start":{"line":39,"column":47},"end":{"line":39,"column":57}},{"start":{"line":39,"column":60},"end":{"line":39,"column":116}}],"line":39},"2":{"loc":{"start":{"line":39,"column":60},"end":{"line":39,"column":116}},"type":"cond-expr","locations":[{"start":{"line":39,"column":96},"end":{"line":39,"column":104}},{"start":{"line":39,"column":107},"end":{"line":39,"column":116}}],"line":39},"3":{"loc":{"start":{"line":45,"column":4},"end":{"line":59,"column":5}},"type":"if","locations":[{"start":{"line":45,"column":4},"end":{"line":59,"column":5}},{"start":{"line":45,"column":4},"end":{"line":59,"column":5}}],"line":45},"4":{"loc":{"start":{"line":46,"column":6},"end":{"line":56,"column":7}},"type":"if","locations":[{"start":{"line":46,"column":6},"end":{"line":56,"column":7}},{"start":{"line":46,"column":6},"end":{"line":56,"column":7}}],"line":46},"5":{"loc":{"start":{"line":48,"column":10},"end":{"line":50,"column":11}},"type":"if","locations":[{"start":{"line":48,"column":10},"end":{"line":50,"column":11}},{"start":{"line":48,"column":10},"end":{"line":50,"column":11}}],"line":48},"6":{"loc":{"start":{"line":48,"column":14},"end":{"line":48,"column":145}},"type":"binary-expr","locations":[{"start":{"line":48,"column":14},"end":{"line":48,"column":76}},{"start":{"line":48,"column":80},"end":{"line":48,"column":145}}],"line":48},"7":{"loc":{"start":{"line":53,"column":8},"end":{"line":55,"column":9}},"type":"if","locations":[{"start":{"line":53,"column":8},"end":{"line":55,"column":9}},{"start":{"line":53,"column":8},"end":{"line":55,"column":9}}],"line":53},"8":{"loc":{"start":{"line":53,"column":12},"end":{"line":53,"column":143}},"type":"binary-expr","locations":[{"start":{"line":53,"column":12},"end":{"line":53,"column":74}},{"start":{"line":53,"column":78},"end":{"line":53,"column":143}}],"line":53},"9":{"loc":{"start":{"line":69,"column":4},"end":{"line":85,"column":5}},"type":"if","locations":[{"start":{"line":69,"column":4},"end":{"line":85,"column":5}},{"start":{"line":69,"column":4},"end":{"line":85,"column":5}}],"line":69},"10":{"loc":{"start":{"line":70,"column":6},"end":{"line":82,"column":7}},"type":"if","locations":[{"start":{"line":70,"column":6},"end":{"line":82,"column":7}},{"start":{"line":70,"column":6},"end":{"line":82,"column":7}}],"line":70},"11":{"loc":{"start":{"line":70,"column":10},"end":{"line":70,"column":87}},"type":"binary-expr","locations":[{"start":{"line":70,"column":10},"end":{"line":70,"column":44}},{"start":{"line":70,"column":48},"end":{"line":70,"column":87}}],"line":70},"12":{"loc":{"start":{"line":72,"column":8},"end":{"line":79,"column":9}},"type":"if","locations":[{"start":{"line":72,"column":8},"end":{"line":79,"column":9}},{"start":{"line":72,"column":8},"end":{"line":79,"column":9}}],"line":72},"13":{"loc":{"start":{"line":89,"column":4},"end":{"line":91,"column":5}},"type":"if","locations":[{"start":{"line":89,"column":4},"end":{"line":91,"column":5}},{"start":{"line":89,"column":4},"end":{"line":91,"column":5}}],"line":89},"14":{"loc":{"start":{"line":89,"column":8},"end":{"line":89,"column":60}},"type":"binary-expr","locations":[{"start":{"line":89,"column":8},"end":{"line":89,"column":24}},{"start":{"line":89,"column":28},"end":{"line":89,"column":60}}],"line":89},"15":{"loc":{"start":{"line":101,"column":4},"end":{"line":114,"column":5}},"type":"if","locations":[{"start":{"line":101,"column":4},"end":{"line":114,"column":5}},{"start":{"line":101,"column":4},"end":{"line":114,"column":5}}],"line":101},"16":{"loc":{"start":{"line":102,"column":6},"end":{"line":106,"column":7}},"type":"if","locations":[{"start":{"line":102,"column":6},"end":{"line":106,"column"
[...]
,"/home/andres/projects/ui_library/ui_library/app/views/Inputs.js": {"path":"/home/andres/projects/ui_library/ui_library/app/views/Inputs.js","statementMap":{"0":{"start":{"line":11,"column":4},"end":{"line":11,"column":17}},"1":{"start":{"line":14,"column":21},"end":{"line":18,"column":3}},"2":{"start":{"line":17,"column":4},"end":{"line":17,"column":17}},"3":{"start":{"line":21,"column":4},"end":{"line":185,"column":5}}},"fnMap":{"0":{"name":"(anonymous_0)","decl":{"start":{"line":10,"column":2},"end":{"line":10,"column":3}},"loc":{"start":{"line":10,"column":21},"end":{"line":12,"column":3}},"line":10},"1":{"name":"(anonymous_1)","decl":{"start":{"line":14,"column":21},"end":{"line":14,"column":22}},"loc":{"start":{"line":14,"column":30},"end":{"line":18,"column":3}},"line":14},"2":{"name":"(anonymous_2)","decl":{"start":{"line":20,"column":2},"end":{"line":20,"column":3}},"loc":{"start":{"line":20,"column":11},"end":{"line":186,"column":3}},"line":20}},"branchMap":{},"s":{"0":1,"1":1,"2":1,"3":1},"f":{"0":1,"1":1,"2":1},"b":{},"_coverageSchema":"43e27e138ebf9cfc5966b082cf9a028302ed4184","hash":"410f62897eb76a678c1d9cdc5dc41060addfa1f3"}
,"/home/andres/projects/ui_library/ui_library/app/views/MapPins.js": {"path":"/home/andres/projects/ui_library/ui_library/app/views/MapPins.js","statementMap":{"0":{"start":{"line":11,"column":4},"end":{"line":11,"column":17}},"1":{"start":{"line":15,"column":4},"end":{"line":282,"column":6}}},"fnMap":{"0":{"name":"(anonymous_0)","decl":{"start":{"line":10,"column":2},"end":{"line":10,"column":3}},"loc":{"start":{"line":10,"column":21},"end":{"line":12,"column":3}},"line":10},"1":{"name":"(anonymous_1)","decl":{"start":{"line":14,"column":2},"end":{"line":14,"column":3}},"loc":{"start":{"line":14,"column":11},"end":{"line":283,"column":3}},"line":14}},"branchMap":{},"s":{"0":1,"1":1},"f":{"0":1,"1":1},"b":{},"_coverageSchema":"43e27e138ebf9cfc5966b082cf9a028302ed4184","hash":"c9105d7788d9fb05b557f8ff89d3a4389c7f2ff7"}
,"/home/andres/projects/ui_library/ui_library/app/views/Modals.js": {"path":"/home/andres/projects/ui_library/ui_library/app/views/Modals.js","statementMap":{"0":{"start":{"line":18,"column":4},"end":{"line":18,"column":17}},"1":{"start":{"line":20,"column":4},"end":{"line":45,"column":5}},"2":{"start":{"line":48,"column":16},"end":{"line":57,"column":3}},"3":{"start":{"line":49,"column":17},"end":{"line":49,"column":36}},"4":{"start":{"line":50,"column":18},"end":{"line":50,"column":25}},"5":{"start":{"line":51,"column":17},"end":{"line":51,"column":24}},"6":{"start":{"line":53,"column":21},"end":{"line":53,"column":36}},"7":{"start":{"line":54,"column":4},"end":{"line":54,"column":51}},"8":{"start":{"line":56,"column":4},"end":{"line":56,"column":28}},"9":{"start":{"line":60,"column":4},"end":{"line":164,"column":6}},"10":{"start":{"line":66,"column":88},"end":{"line":66,"column":124}},"11":{"start":{"line":69,"column":88},"end":{"line":69,"column":122}},"12":{"start":{"line":72,"column":88},"end":{"line":72,"column":124}},"13":{"start":{"line":75,"column":88},"end":{"line":75,"column":122}},"14":{"start":{"line":78,"column":88},"end":{"line":78,"column":123}},"15":{"start":{"line":81,"column":88},"end":{"line":81,"column":121}},"16":{"start":{"line":84,"column":88},"end":{"line":84,"column":121}},"17":{"start":{"line":87,"column":88},"end":{"line":87,"column":119}},"18":{"start":{"line":90,"column":88},"end":{"line":90,"column":124}},"19":{"start":{"line":93,"column":88},"end":{"line":93,"column":122}},"20":{"start":{"line":100,"column":88},"end":{"line":100,"column":125}},"21":{"start":{"line":103,"column":88},"end":{"line":103,"column":123}},"22":{"start":{"line":111,"column":144},"end":{"line":111,"column":180}},"23":{"start":{"line":112,"column":29},"end":{"line":112,"column":65}},"24":{"start":{"line":116,"column":144},"end":{"line":116,"column":178}},"25":{"start":{"line":117,"column":29},"end":{"line":117,"column":63}},"26":{"start":{"line":121,"column":29},"end":{"line":121,"column":65}},"27":{"start":{"line":125,"column":144},"end":{"line":125,"column":178}},"28":{"start":{"line":126,"column":29},"end":{"line":126,"column":63}},"29":{"start":{"line":130,"column":144},"end":{"line":130,"column":179}},"30":{"start":{"line":131,"column":29},"end":{"line":131,"column":64}},"31":{"start":{"line":135,"column":29},"end":{"line":135,"column":62}},"32":{"start":{"line":139,"column":144},"end":{"line":139,"column":177}},"33":{"start":{"line":140,"column":29},"end":{"line":140,"column":62}},"34":{"start":{"line":144,"column":144},"end":{"line":144,"column":175}},"35":{"start":{"line":145,"column":29},"end":{"line":145,"column":60}},"36":{"start":{"line":149,"column":29},"end":{"line":149,"column":65}},"37":{"start":{"line":153,"column":144},"end":{"line":153,"column":178}},"38":{"start":{"line":154,"column":29},"end":{"line":154,"column":63}},"39":{"start":{"line":158,"column":28},"end":{"line":158,"column":65}},"40":{"start":{"line":161,"column":28},"end":{"line":161,"column":63}}},"fnMap":{"0":{"name":"(anonymous_0)","decl":{"start":{"line":17,"column":2},"end":{"line":17,"column":3}},"loc":{"start":{"line":17,"column":21},"end":{"line":46,"column":3}},"line":17},"1":{"name":"(anonymous_1)","decl":{"start":{"line":48,"column":16},"end":{"line":48,"column":17}},"loc":{"start":{"line":48,"column":28},"end":{"line":57,"column":3}},"line":48},"2":{"name":"(anonymous_2)","decl":{"start":{"line":59,"column":2},"end":{"line":59,"column":3}},"loc":{"start":{"line":59,"column":11},"end":{"line":165,"column":3}},"line":59},"3":{"name":"(anonymous_3)","decl":{"start":{"line":66,"column":80},"end":{"line":66,"column":81}},"loc":{"start":{"line":66,"column":86},"end":{"line":66,"column":126}},"line":66},"4":{"name":"(anonymous_4)","decl":{"start":{"line":69,"column":80},"end":{"line":69,"column":81}},"loc":{"start":{"line":69,"column":86},"end":{"line":69,"column":124}},"line":69},"5":{"name":"(anonymous_5)","decl":{"start":{"line":72,"column":80},"end":{"line":72,"column":81}},"loc":{"start":{"line":72,"column":86},"end":{"line":72,"column":126}},"line":72},"6":{"name":"(anonymous_6)","decl":{"start":{"line":75,"column":80},"end":{"line":75,"column":81}},"loc":{"start":{"line":75,"column":86},"end":{"line":75,"column":124}},"line":75},"7":{"name":"(anonymous_7)","decl":{"start":{"line":78,"column":80},"end":{"line":78,"column":81}},"loc":{"start":{"line":78,"column":86},"end":{"line":78,"column":125}},"line":78},"8":{"name":"(anonymous_8)","decl":{"start":{"line":81,"column":80},"end":{"line":81,"column":81}},"loc":{"start":{"line":81,"column":86},"end":{"line":81,"column":123}},"line":81},"9":{"name":"(anonymous_9)","decl":{"start":{"line":84,"column":80},"end":{"line":84,"column":81}},"loc":{"start":{"line":84,"column":86},"end":{"line":84,"column":123}},"line":84},"10":{"name":"(anonymous_10)","decl":{"start":{"line":87,"column":80},"end":{"line":87,"column":81}},"loc":{"start":{"line":87,"column":86},"end":{"line":87,"column":121}},"line":87},"11":{"name":"(anonymous_11)","decl":{"start":{"line":90,"column":80},"end":{"line":90,"column":81}},"loc":{"start":{"line":90,"column":86},"end":{"line":90,"column":126}},"line":90},"12":{"name":"(anonymous_12)","decl":{"start":{"line":93,"column":80},"end":{"line":93,"column":81}},"loc":{"start":{"line":93,"column":86},"end":{"line":93,"column":124}},"line":93},"13":{"name":"(anonymous_13)","decl":{"start":{"line":100,"column":80},"end":{"line":100,"column":81}},"loc":{"start":{"line":100,"column":86},"end":{"line":100,"column":127}},"line":100},"14":{"name":"(anonymous_14)","decl":{"start":{"line":103,"column":80},"end":{"line":103,"column":81}},"loc":{"start":{"line":103,"column":86},"end":{"line":103,"column":125}},"line":103},"15":{"name":"(anonymous_15)","decl":{"start":{"line":111,"column":136},"end":{"line":111,"column":137}},"loc":{"start":{"line":111,"column":142},"end":{"line":111,"column":182}},"line":111},"16":{"name":"(anonymous_16)","decl":{"start":{"line":112,"column":21},"end":{"line":112,"column":22}},"loc":{"start":{"line":112,"column":27},"end":{"line":112,"column":67}},"line":112},"17":{"name":"(anonymous_17)","decl":{"start":{"line":116,"column":136},"end":{"line":116,"column":137}},"loc":{"start":{"line":116,"column":142},"end":{"line":116,"column":180}},"line":116},"18":{"name":"(anonymous_18)","decl":{"start":{"line":117,"column":21},"end":{"line":117,"column":22}},"loc":{"start":{"line":117,"column":27},"end":{"line":117,"column":65}},"line":117},"19":{"name":"(anonymous_19)","decl":{"start":{"line":121,"column":21},"end":{"line":121,"column":22}},"loc":{"start":{"line":121,"column":27},"end":{"line":121,"column":67}},"line":121},"20":{"name":"(anonymous_20)","decl":{"start":{"line":125,"column":136},"end":{"line":125,"column":137}},"loc":{"start":{"line":125,"column":142},"end":{"line":125,"column":180}},"line":125},"21":{"name":"(anonymous_21)","decl":{"start":{"line":126,"column":21},"end":{"line":126,"column":22}},"loc":{"start":{"line":126,"column":27},"end":{"line":126,"column":65}},"line":126},"22":{"name":"(anonymous_22)","decl":{"start":{"line":130,"column":136},"end":{"line":130,"column":137}},"loc":{"start":{"line":130,"column":142},"end":{"line":130,"column":181}},"line":130},"23":{"name":"(anonymous_23)","decl":{"start":{"line":131,"column":21},"end":{"line":131,"column":22}},"loc":{"start":{"line":131,"column":27},"end":{"line":131,"column":66}},"line":131},"24":{"name":"(anonymous_24)","decl":{"start":{"line":135,"column":21},"end":{"line":135,"column":22}},"loc":{"start":{"line":135,"column":27},"end":{"line":135,"column":64}},"line":135},"25":{"name":"(anonymous_25)","decl":{"start":{"line":139,"column":136},"end":{"line":139,"column":137}},"loc":{"start":{"line":139,"column":142},"end":{"line":139,"column":179}},"line":139},"26":{"name":"(anonymous_26)","decl":{"start":{"line":140,"column":21},"end":{"line":140,"column":22}},"loc":{"start":{"line":140,"column":27},"end":{"line":140,"column":64}},"line":140},"27":{"name":"(anonymous_27)","decl":{"start":{"line":144,"column":136},"end":{"line":144,"column":137}},"loc":{"start":{"line":144,"column":142},"end":{"line":144,"column":177}},"line":144},"28":{"name":"(anonymous_28)","decl":{"start":{"line":145,"column":21},"end":{"line":145,"column":22}},"loc":{"start":{"line":145,"column":27},"end":{"line":145,"column":62}},"line":145},"29":{"name":"(anonymous_29)","decl":{"start":{"line":149,"column":21},"end":{"line":149,"column":22}},"loc":{"start":{"line":149,"column":27},"end":{"line":149,"column":67}},"line":149},"30":{"name":"(anonymous_30)","decl":{"start":{"line":153,"column":136},"end":{"line":153,"column":137}},"loc":{"start":{"line":153,"column":142},"end":{"line":153,"column":180}},"line":153},"31":{"name":"(anonymous_31)","decl":{"start":{"line":154,"column":21},"end":{"line":154,"column":22}},"loc":{"start":{"line":154,"column":27},"end":{"line":154,"column":65}},"line":154},"32":{"name":"(anonymous_32)","decl":{"start":{"line":158,"column":20},"end":{"line":158,"column":21}},"loc":{"start":{"line":158,"column":26},"end":{"line":158,"column":67}},"line":158},"33":{"name":"(anonymous_33)","decl":{"start":{"line":161,"column":20},"end":{"line":161,"column":21}},"loc":{"start":{"line":161,"column":26},"end":{"line":161,"column":65}},"line":161}},"branchMap":{},"s":{"0":1,"1":1,"2":1,"3":43,"4":43,"5":43,"6":43,"7":43,"8":43,"9":45,"10":1,"11":1,"12":1,"13":1,"14":1,"15":1,"16":1,"17":1,"18":1,"19":1,"20":1,"21":1,"22":1,"23":1,"24":1,"25":1,"26":1,"27":1,"28":1,"29":1,"30":1,"31":1,"32":1,"33":1,"34":1,"35":1,"36":1,"37":1,"38":1,"39":1,"40":1},"f":{"0":1,"1":43,"2":45,"3":1,"4":1,"5":1,"6":1,"7":1,"8":1,"9":1,"10":1,"11":1,"12":1,"13":1,"14":1,"15":1,"16":1,"17":1,"18":1,"19":1,"20":1,"21":1,"22":1,"23":1,"24":1,"25":1,"26":1,"27":1,"28":1,"29":1,"30":1,"31":1,"32":1,"33":1},"b":{},"_coverageSchema":"43e27e138ebf9cfc5966b082cf9a028302ed4184","hash":"2a5fb4c40ee22e3b4db7503788cba03bac57b6bc"}
,"/home/andres/projects/ui_library/ui_library/app/views/Radios.js": {"path":"/home/andres/projects/ui_library/ui_library/app/views/Radios.js","statementMap":{"0":{"start":{"line":16,"column":4},"end":{"line":16,"column":17}},"1":{"start":{"line":19,"column":17},"end":{"line":23,"column":3}},"2":{"start":{"line":22,"column":4},"end":{"line":22,"column":27}},"3":{"start":{"line":25,"column":20},"end":{"line":29,"column":3}},"4":{"start":{"line":28,"column":4},"end":{"line":28,"column":27}},"5":{"start":{"line":32,"column":4},"end":{"line":68,"column":6}}},"fnMap":{"0":{"name":"(anonymous_0)","decl":{"start":{"line":15,"column":2},"end":{"line":15,"column":3}},"loc":{"start":{"line":15,"column":21},"end":{"line":17,"column":3}},"line":15},"1":{"name":"(anonymous_1)","decl":{"start":{"line":19,"column":17},"end":{"line":19,"column":18}},"loc":{"start":{"line":19,"column":36},"end":{"line":23,"column":3}},"line":19},"2":{"name":"(anonymous_2)","decl":{"start":{"line":25,"column":20},"end":{"line":25,"column":21}},"loc":{"start":{"line":25,"column":39},"end":{"line":29,"column":3}},"line":25},"3":{"name":"(anonymous_3)","decl":{"start":{"line":31,"column":2},"end":{"line":31,"column":3}},"loc":{"start":{"line":31,"column":11},"end":{"line":69,"column":3}},"line":31}},"branchMap":{},"s":{"0":1,"1":1,"2":1,"3":1,"4":1,"5":1},"f":{"0":1,"1":1,"2":1,"3":1},"b":{},"_coverageSchema":"43e27e138ebf9cfc5966b082cf9a028302ed4184","hash":"fb0a2b5efc9e2e091d378788c16b3012470dd5b2"}
,"/home/andres/projects/ui_library/ui_library/app/views/ServiceStatus.js": {"path":"/home/andres/projects/ui_library/ui_library/app/views/ServiceStatus.js","statementMap":{"0":{"start":{"line":12,"column":4},"end":{"line":12,"column":17}},"1":{"start":{"line":14,"column":4},"end":{"line":39,"column":5}},"2":{"start":{"line":42,"column":17},"end":{"line":42,"column":39}},"3":{"start":{"line":42,"column":25},"end":{"line":42,"column":37}},"4":{"start":{"line":44,"column":9},"end":{"line":48,"column":3}},"5":{"start":{"line":45,"column":4},"end":{"line":47,"column":7}},"6":{"start":{"line":50,"column":9},"end":{"line":54,"column":3}},"7":{"start":{"line":51,"column":4},"end":{"line":53,"column":7}},"8":{"start":{"line":57,"column":4},"end":{"line":81,"column":6}}},"fnMap":{"0":{"name":"(anonymous_0)","decl":{"start":{"line":11,"column":2},"end":{"line":11,"column":3}},"loc":{"start":{"line":11,"column":21},"end":{"line":40,"column":3}},"line":11},"1":{"name":"(anonymous_1)","decl":{"start":{"line":42,"column":17},"end":{"line":42,"column":18}},"loc":{"start":{"line":42,"column":23},"end":{"line":42,"column":39}},"line":42},"2":{"name":"(anonymous_2)","decl":{"start":{"line":44,"column":9},"end":{"line":44,"column":10}},"loc":{"start":{"line":44,"column":15},"end":{"line":48,"column":3}},"line":44},"3":{"name":"(anonymous_3)","decl":{"start":{"line":50,"column":9},"end":{"line":50,"column":10}},"loc":{"start":{"line":50,"column":15},"end":{"line":54,"column":3}},"line":50},"4":{"name":"(anonymous_4)","decl":{"start":{"line":56,"column":2},"end":{"line":56,"column":3}},"loc":{"start":{"line":56,"column":11},"end":{"line":82,"column":3}},"line":56}},"branchMap":{"0":{"loc":{"start":{"line":46,"column":24},"end":{"line":46,"column":93}},"type":"cond-expr","locations":[{"start":{"line":46,"column":58},"end":{"line":46,"column":89}},{"start":{"line":46,"column":92},"end":{"line":46,"column":93}}],"line":46},"1":{"loc":{"start":{"line":52,"column":24},"end":{"line":52,"column":145}},"type":"cond-expr","locations":[{"start":{"line":52,"column":84},"end":{"line":52,"column":115}},{"start":{"line":52,"column":118},"end":{"line":52,"column":145}}],"line":52}},"s":{"0":1,"1":1,"2":1,"3":1,"4":1,"5":2,"6":1,"7":2,"8":6},"f":{"0":1,"1":1,"2":2,"3":2,"4":6},"b":{"0":[1,1],"1":[1,1]},"_coverageSchema":"43e27e138ebf9cfc5966b082cf9a028302ed4184","hash":"3b8a6e74dc023c75e0b3f7f60f21351a735f92f7"}
,"/home/andres/projects/ui_library/ui_library/app/views/Tabs.js": {"path":"/home/andres/projects/ui_library/ui_library/app/views/Tabs.js","statementMap":{"0":{"start":{"line":11,"column":4},"end":{"line":11,"column":17}},"1":{"start":{"line":14,"column":17},"end":{"line":14,"column":39}},"2":{"start":{"line":14,"column":25},"end":{"line":14,"column":37}},"3":{"start":{"line":17,"column":4},"end":{"line":76,"column":6}}},"fnMap":{"0":{"name":"(anonymous_0)","decl":{"start":{"line":10,"column":2},"end":{"line":10,"column":3}},"loc":{"start":{"line":10,"column":21},"end":{"line":12,"column":3}},"line":10},"1":{"name":"(anonymous_1)","decl":{"start":{"line":14,"column":17},"end":{"line":14,"column":18}},"loc":{"start":{"line":14,"column":23},"end":{"line":14,"column":39}},"line":14},"2":{"name":"(anonymous_2)","decl":{"start":{"line":16,"column":2},"end":{"line":16,"column":3}},"loc":{"start":{"line":16,"column":11},"end":{"line":77,"column":3}},"line":16}},"branchMap":{},"s":{"0":1,"1":1,"2":1,"3":1},"f":{"0":1,"1":1,"2":1},"b":{},"_coverageSchema":"43e27e138ebf9cfc5966b082cf9a028302ed4184","hash":"0dd3ba61cd21d243f82ffe4441fdb982a859162c"}
,"/home/andres/projects/ui_library/ui_library/app/views/Toggles.js": {"path":"/home/andres/projects/ui_library/ui_library/app/views/Toggles.js","statementMap":{"0":{"start":{"line":13,"column":4},"end":{"line":13,"column":17}},"1":{"start":{"line":16,"column":18},"end":{"line":20,"column":3}},"2":{"start":{"line":19,"column":4},"end":{"line":19,"column":20}},"3":{"start":{"line":23,"column":4},"end":{"line":40,"column":6}}},"fnMap":{"0":{"name":"(anonymous_0)","decl":{"start":{"line":12,"column":2},"end":{"line":12,"column":3}},"loc":{"start":{"line":12,"column":21},"end":{"line":14,"column":3}},"line":12},"1":{"name":"(anonymous_1)","decl":{"start":{"line":16,"column":18},"end":{"line":16,"column":19}},"loc":{"start":{"line":16,"column":30},"end":{"line":20,"column":3}},"line":16},"2":{"name":"(anonymous_2)","decl":{"start":{"line":22,"column":2},"end":{"line":22,"column":3}},"loc":{"start":{"line":22,"column":11},"end":{"line":41,"column":3}},"line":22}},"branchMap":{},"s":{"0":1,"1":1,"2":1,"3":1},"f":{"0":1,"1":1,"2":1},"b":{},"_coverageSchema":"43e27e138ebf9cfc5966b082cf9a028302ed4184","hash":"c5b9f8133be976c4ba9ae068cf1af8f6e8f094e5"}
,"/home/andres/projects/ui_library/ui_library/assets/images/avatar.jpg": {"path":"/home/andres/projects/ui_library/ui_library/assets/images/avatar.jpg","statementMap":{"0":{"start":{"line":1,"column":0},"end":{"line":4,"column":6}}},"fnMap":{},"branchMap":{},"s":{"0":4},"f":{},"b":{},"_coverageSchema":"43e27e138ebf9cfc5966b082cf9a028302ed4184","hash":"98c25043417f73ee6d061a794347ae3cf3d4ff34"}
,"/home/andres/projects/ui_library/ui_library/assets/images/placeholder.png": {"path":"/home/andres/projects/ui_library/ui_library/assets/images/placeholder.png","statementMap":{"0":{"start":{"line":1,"column":0},"end":{"line":4,"column":6}}},"fnMap":{},"branchMap":{},"s":{"0":2},"f":{},"b":{},"_coverageSchema":"43e27e138ebf9cfc5966b082cf9a028302ed4184","hash":"3fd6c632bbf5252ab681125e9f3ef9c0393a3d3b"}
}
