{"/home/andres/projects/ui_library/ui_library/App.js": {"path":"/home/andres/projects/ui_library/ui_library/App.js","statementMap":{"0":{"start":{"line":8,"column":4},"end":{"line":10,"column":6}}},"fnMap":{"0":{"name":"(anonymous_0)","decl":{"start":{"line":7,"column":2},"end":{"line":7,"column":3}},"loc":{"start":{"line":7,"column":11},"end":{"line":11,"column":3}},"line":7}},"branchMap":{},"s":{"0":1},"f":{"0":1},"b":{},"_coverageSchema":"43e27e138ebf9cfc5966b082cf9a028302ed4184","hash":"35f1e7a17bef8fe2b46807ac6aed9d4c361cc3ba"}
,"/home/andres/projects/ui_library/ui_library/app/UILibrary.js": {"path":"/home/andres/projects/ui_library/ui_library/app/UILibrary.js","statementMap":{"0":{"start":{"line":25,"column":4},"end":{"line":45,"column":6}},"1":{"start":{"line":49,"column":15},"end":{"line":61,"column":2}}},"fnMap":{"0":{"name":"(anonymous_0)","decl":{"start":{"line":24,"column":2},"end":{"line":24,"column":3}},"loc":{"start":{"line":24,"column":11},"end":{"line":46,"column":3}},"line":24}},"branchMap":{},"s":{"0":1,"1":2},"f":{"0":1},"b":{},"_coverageSchema":"43e27e138ebf9cfc5966b082cf9a028302ed4184","hash":"dc590debd222534e2f6fb19ff55b025940c5c4a7"}
,"/home/andres/projects/ui_library/ui_library/app/components/PackenAvatar.js": {"path":"/home/andres/projects/ui_library/ui_library/app/components/PackenAvatar.js","statementMap":{"0":{"start":{"line":9,"column":4},"end":{"line":9,"column":17}},"1":{"start":{"line":13,"column":4},"end":{"line":21,"column":6}}},"fnMap":{"0":{"name":"(anonymous_0)","decl":{"start":{"line":8,"column":2},"end":{"line":8,"column":3}},"loc":{"start":{"line":8,"column":21},"end":{"line":10,"column":3}},"line":8},"1":{"name":"(anonymous_1)","decl":{"start":{"line":12,"column":2},"end":{"line":12,"column":3}},"loc":{"start":{"line":12,"column":11},"end":{"line":22,"column":3}},"line":12}},"branchMap":{},"s":{"0":1,"1":1},"f":{"0":1,"1":1},"b":{},"_coverageSchema":"43e27e138ebf9cfc5966b082cf9a028302ed4184","hash":"f419e3cd9739a8ee4792961fad33528f81c20bf3"}
,"/home/andres/projects/ui_library/ui_library/app/components/PackenButton.js": {"path":"/home/andres/projects/ui_library/ui_library/app/components/PackenButton.js","statementMap":{"0":{"start":{"line":12,"column":4},"end":{"line":12,"column":17}},"1":{"start":{"line":14,"column":4},"end":{"line":25,"column":5}},"2":{"start":{"line":28,"column":19},"end":{"line":30,"column":3}},"3":{"start":{"line":29,"column":4},"end":{"line":29,"column":56}},"4":{"start":{"line":32,"column":14},"end":{"line":114,"column":3}},"5":{"start":{"line":33,"column":17},"end":{"line":47,"column":5}},"6":{"start":{"line":49,"column":4},"end":{"line":76,"column":5}},"7":{"start":{"line":51,"column":8},"end":{"line":58,"column":10}},"8":{"start":{"line":59,"column":8},"end":{"line":59,"column":14}},"9":{"start":{"line":61,"column":8},"end":{"line":74,"column":10}},"10":{"start":{"line":75,"column":8},"end":{"line":75,"column":14}},"11":{"start":{"line":79,"column":4},"end":{"line":88,"column":5}},"12":{"start":{"line":81,"column":8},"end":{"line":86,"column":9}},"13":{"start":{"line":87,"column":8},"end":{"line":87,"column":14}},"14":{"start":{"line":91,"column":4},"end":{"line":111,"column":5}},"15":{"start":{"line":92,"column":6},"end":{"line":92,"column":57}},"16":{"start":{"line":93,"column":6},"end":{"line":93,"column":43}},"17":{"start":{"line":95,"column":6},"end":{"line":97,"column":7}},"18":{"start":{"line":96,"column":8},"end":{"line":96,"column":46}},"19":{"start":{"line":99,"column":6},"end":{"line":101,"column":7}},"20":{"start":{"line":100,"column":8},"end":{"line":100,"column":37}},"21":{"start":{"line":103,"column":6},"end":{"line":110,"column":7}},"22":{"start":{"line":104,"column":8},"end":{"line":104,"column":62}},"23":{"start":{"line":105,"column":8},"end":{"line":105,"column":52}},"24":{"start":{"line":107,"column":8},"end":{"line":109,"column":9}},"25":{"start":{"line":108,"column":10},"end":{"line":108,"column":55}},"26":{"start":{"line":113,"column":4},"end":{"line":113,"column":18}},"27":{"start":{"line":117,"column":4},"end":{"line":121,"column":5}},"28":{"start":{"line":118,"column":6},"end":{"line":120,"column":9}},"29":{"start":{"line":124,"column":23},"end":{"line":129,"column":3}},"30":{"start":{"line":125,"column":4},"end":{"line":128,"column":7}},"31":{"start":{"line":131,"column":22},"end":{"line":136,"column":3}},"32":{"start":{"line":132,"column":4},"end":{"line":135,"column":7}},"33":{"start":{"line":138,"column":20},"end":{"line":140,"column":3}},"34":{"start":{"line":139,"column":4},"end":{"line":139,"column":26}},"35":{"start":{"line":142,"column":19},"end":{"line":156,"column":3}},"36":{"start":{"line":143,"column":20},"end":{"line":143,"column":131}},"37":{"start":{"line":144,"column":4},"end":{"line":144,"column":68}},"38":{"start":{"line":147,"column":4},"end":{"line":151,"column":5}},"39":{"start":{"line":149,"column":8},"end":{"line":149,"column":60}},"40":{"start":{"line":150,"column":8},"end":{"line":150,"column":14}},"41":{"start":{"line":153,"column":4},"end":{"line":155,"column":7}},"42":{"start":{"line":158,"column":20},"end":{"line":164,"column":3}},"43":{"start":{"line":159,"column":22},"end":{"line":159,"column":133}},"44":{"start":{"line":160,"column":4},"end":{"line":160,"column":70}},"45":{"start":{"line":161,"column":4},"end":{"line":163,"column":7}},"46":{"start":{"line":167,"column":4},"end":{"line":184,"column":6}},"47":{"start":{"line":171,"column":76},"end":{"line":171,"column":122}},"48":{"start":{"line":175,"column":79},"end":{"line":175,"column":124}}},"fnMap":{"0":{"name":"(anonymous_0)","decl":{"start":{"line":11,"column":2},"end":{"line":11,"column":3}},"loc":{"start":{"line":11,"column":21},"end":{"line":26,"column":3}},"line":11},"1":{"name":"(anonymous_1)","decl":{"start":{"line":28,"column":19},"end":{"line":28,"column":20}},"loc":{"start":{"line":28,"column":25},"end":{"line":30,"column":3}},"line":28},"2":{"name":"(anonymous_2)","decl":{"start":{"line":32,"column":14},"end":{"line":32,"column":15}},"loc":{"start":{"line":32,"column":66},"end":{"line":114,"column":3}},"line":32},"3":{"name":"(anonymous_3)","decl":{"start":{"line":116,"column":2},"end":{"line":116,"column":3}},"loc":{"start":{"line":116,"column":53},"end":{"line":122,"column":3}},"line":116},"4":{"name":"(anonymous_4)","decl":{"start":{"line":124,"column":23},"end":{"line":124,"column":24}},"loc":{"start":{"line":124,"column":28},"end":{"line":129,"column":3}},"line":124},"5":{"name":"(anonymous_5)","decl":{"start":{"line":131,"column":22},"end":{"line":131,"column":23}},"loc":{"start":{"line":131,"column":27},"end":{"line":136,"column":3}},"line":131},"6":{"name":"(anonymous_6)","decl":{"start":{"line":138,"column":20},"end":{"line":138,"column":21}},"loc":{"start":{"line":138,"column":26},"end":{"line":140,"column":3}},"line":138},"7":{"name":"(anonymous_7)","decl":{"start":{"line":142,"column":19},"end":{"line":142,"column":20}},"loc":{"start":{"line":142,"column":25},"end":{"line":156,"column":3}},"line":142},"8":{"name":"(anonymous_8)","decl":{"start":{"line":158,"column":20},"end":{"line":158,"column":21}},"loc":{"start":{"line":158,"column":26},"end":{"line":164,"column":3}},"line":158},"9":{"name":"(anonymous_9)","decl":{"start":{"line":166,"column":2},"end":{"line":166,"column":3}},"loc":{"start":{"line":166,"column":11},"end":{"line":185,"column":3}},"line":166},"10":{"name":"(anonymous_10)","decl":{"start":{"line":171,"column":69},"end":{"line":171,"column":70}},"loc":{"start":{"line":171,"column":74},"end":{"line":171,"column":124}},"line":171},"11":{"name":"(anonymous_11)","decl":{"start":{"line":175,"column":72},"end":{"line":175,"column":73}},"loc":{"start":{"line":175,"column":77},"end":{"line":175,"column":126}},"line":175}},"branchMap":{"0":{"loc":{"start":{"line":29,"column":11},"end":{"line":29,"column":56}},"type":"cond-expr","locations":[{"start":{"line":29,"column":29},"end":{"line":29,"column":44}},{"start":{"line":29,"column":47},"end":{"line":29,"column":56}}],"line":29},"1":{"loc":{"start":{"line":49,"column":4},"end":{"line":76,"column":5}},"type":"switch","locations":[{"start":{"line":50,"column":6},"end":{"line":59,"column":14}},{"start":{"line":60,"column":6},"end":{"line":75,"column":14}}],"line":49},"2":{"loc":{"start":{"line":71,"column":19},"end":{"line":71,"column":176}},"type":"cond-expr","locations":[{"start":{"line":71,"column":37},"end":{"line":71,"column":172}},{"start":{"line":71,"column":175},"end":{"line":71,"column":176}}],"line":71},"3":{"loc":{"start":{"line":71,"column":37},"end":{"line":71,"column":172}},"type":"cond-expr","locations":[{"start":{"line":71,"column":75},"end":{"line":71,"column":81}},{"start":{"line":71,"column":84},"end":{"line":71,"column":172}}],"line":71},"4":{"loc":{"start":{"line":72,"column":18},"end":{"line":72,"column":176}},"type":"cond-expr","locations":[{"start":{"line":72,"column":36},"end":{"line":72,"column":172}},{"start":{"line":72,"column":175},"end":{"line":72,"column":176}}],"line":72},"5":{"loc":{"start":{"line":72,"column":36},"end":{"line":72,"column":172}},"type":"cond-expr","locations":[{"start":{"line":72,"column":75},"end":{"line":72,"column":81}},{"start":{"line":72,"column":84},"end":{"line":72,"column":172}}],"line":72},"6":{"loc":{"start":{"line":79,"column":4},"end":{"line":88,"column":5}},"type":"switch","locations":[{"start":{"line":80,"column":6},"end":{"line":87,"column":14}}],"line":79},"7":{"loc":{"start":{"line":91,"column":4},"end":{"line":111,"column":5}},"type":"if","locations":[{"start":{"line":91,"column":4},"end":{"line":111,"column":5}},{"start":{"line":91,"column":4},"end":{"line":111,"column":5}}],"line":91},"8":{"loc":{"start":{"line":95,"column":6},"end":{"line":97,"column":7}},"type":"if","locations":[{"start":{"line":95,"column":6},"end":{"line":97,"column":7}},{"start":{"line":95,"column":6},"end":{"line":97,"column":7}}],"line":95},"9":{"loc":{"start":{"line":99,"column":6},"end":{"line":101,"column":7}},"type":"if","locations":[{"start":{"line":99,"column":6},"end":{"line":101,"column":7}},{"start":{"line":99,"column":6},"end":{"line":101,"column":7}}],"line":99},"10":{"loc":{"start":{"line":103,"column":6},"end":{"line":110,"column":7}},"type":"if","locations":[{"start":{"line":103,"column":6},"end":{"line":110,"column":7}},{"start":{"line":103,"column":6},"end":{"line":110,"column":7}}],"line":103},"11":{"loc":{"start":{"line":107,"column":8},"end":{"line":109,"column":9}},"type":"if","locations":[{"start":{"line":107,"column":8},"end":{"line":109,"column":9}},{"start":{"line":107,"column":8},"end":{"line":109,"column":9}}],"line":107},"12":{"loc":{"start":{"line":117,"column":4},"end":{"line":121,"column":5}},"type":"if","locations":[{"start":{"line":117,"column":4},"end":{"line":121,"column":5}},{"start":{"line":117,"column":4},"end":{"line":121,"column":5}}],"line":117},"13":{"loc":{"start":{"line":117,"column":8},"end":{"line":117,"column":154}},"type":"binary-expr","locations":[{"start":{"line":117,"column":8},"end":{"line":117,"column":56}},{"start":{"line":117,"column":60},"end":{"line":117,"column":106}},{"start":{"line":117,"column":110},"end":{"line":117,"column":154}}],"line":117},"14":{"loc":{"start":{"line":147,"column":4},"end":{"line":151,"column":5}},"type":"switch","locations":[{"start":{"line":148,"column":6},"end":{"line":150,"column":14}}],"line":147},"15":{"loc":{"start":{"line":168,"column":27},"end":{"line":168,"column":66}},"type":"cond-expr","locations":[{"start":{"line":168,"column":51},"end":{"line":168,"column":57}},{"start":{"line":168,"column":60},"end":{"line":168,"column":66}}],"line":168},"16":{"loc":{"start":{"line":174,"column":16},"end":{"line":178,"column":24}},"type":"cond-expr","locations":[{"start":{"line":175,"column":18},"end":{"line":177,"column":25}},{"start":{"line":178,"column":20},"end":{"line":178,"column":24}}],"line":174}},"s":{"0":2,"1":2,"2":2,"3":4,"4":2,"5":15,"6":15,"7":2,"8":2,"9":13,"10":13,"11":15,"12":2,"13":2,"14":15,"15":4,"16":4,"17":4,"18":3,"19":4,"20":1,"21":4,"22":2,"23":2,"24":2,"25":1,"26":15,"27":25,"28":4,"29":2,"30":1,"31":2,"32":1,"33":2,"34":1,"35":2,"36":2,"37":2,"38":2,"39":1,"40":1,"41":2,"42":2,"43":1,"44":1,"45":1,"46":26,"47":1,"48":1},"f":{"0":2,"1":4,"2":15,"3":25,"4":1,"5":1,"6":1,"7":2,"8":1,"9":26,"10":1,"11":1},"b":{"0":[3,1],"1":[2,13],"2":[6,7],"3":[1,5],"4":[6,7],"5":[5,1],"6":[2],"7":[4,11],"8":[3,1],"9":[1,3],"10":[2,2],"11":[1,1],"12":[4,21],"13":[25,22,21],"14":[1],"15":[1,25],"16":[13,13]},"_coverageSchema":"43e27e138ebf9cfc5966b082cf9a028302ed4184","hash":"e7d190d7f59e1cf39e66053f35e7729196afbc6c"}
,"/home/andres/projects/ui_library/ui_library/app/components/PackenCheckbox.js": {"path":"/home/andres/projects/ui_library/ui_library/app/components/PackenCheckbox.js","statementMap":{"0":{"start":{"line":10,"column":4},"end":{"line":10,"column":17}},"1":{"start":{"line":12,"column":4},"end":{"line":16,"column":6}},"2":{"start":{"line":19,"column":17},"end":{"line":23,"column":3}},"3":{"start":{"line":20,"column":4},"end":{"line":22,"column":32}},"4":{"start":{"line":25,"column":23},"end":{"line":40,"column":3}},"5":{"start":{"line":26,"column":4},"end":{"line":39,"column":5}},"6":{"start":{"line":27,"column":27},"end":{"line":27,"column":48}},"7":{"start":{"line":28,"column":6},"end":{"line":28,"column":107}},"8":{"start":{"line":29,"column":6},"end":{"line":29,"column":68}},"9":{"start":{"line":29,"column":52},"end":{"line":29,"column":66}},"10":{"start":{"line":30,"column":6},"end":{"line":30,"column":64}},"11":{"start":{"line":30,"column":52},"end":{"line":30,"column":62}},"12":{"start":{"line":32,"column":6},"end":{"line":36,"column":9}},"13":{"start":{"line":35,"column":8},"end":{"line":35,"column":45}},"14":{"start":{"line":38,"column":6},"end":{"line":38,"column":19}},"15":{"start":{"line":42,"column":20},"end":{"line":55,"column":3}},"16":{"start":{"line":43,"column":30},"end":{"line":43,"column":54}},"17":{"start":{"line":44,"column":4},"end":{"line":44,"column":116}},"18":{"start":{"line":44,"column":59},"end":{"line":44,"column":114}},"19":{"start":{"line":46,"column":22},"end":{"line":46,"column":84}},"20":{"start":{"line":46,"column":55},"end":{"line":46,"column":83}},"21":{"start":{"line":47,"column":4},"end":{"line":54,"column":5}},"22":{"start":{"line":48,"column":6},"end":{"line":48,"column":37}},"23":{"start":{"line":49,"column":6},"end":{"line":51,"column":9}},"24":{"start":{"line":53,"column":6},"end":{"line":53,"column":19}},"25":{"start":{"line":58,"column":4},"end":{"line":85,"column":6}},"26":{"start":{"line":65,"column":12},"end":{"line":81,"column":19}},"27":{"start":{"line":70,"column":57},"end":{"line":70,"column":78}}},"fnMap":{"0":{"name":"(anonymous_0)","decl":{"start":{"line":9,"column":2},"end":{"line":9,"column":3}},"loc":{"start":{"line":9,"column":21},"end":{"line":17,"column":3}},"line":9},"1":{"name":"(anonymous_1)","decl":{"start":{"line":19,"column":17},"end":{"line":19,"column":18}},"loc":{"start":{"line":19,"column":34},"end":{"line":23,"column":3}},"line":19},"2":{"name":"(anonymous_2)","decl":{"start":{"line":25,"column":23},"end":{"line":25,"column":24}},"loc":{"start":{"line":25,"column":29},"end":{"line":40,"column":3}},"line":25},"3":{"name":"(anonymous_3)","decl":{"start":{"line":29,"column":44},"end":{"line":29,"column":45}},"loc":{"start":{"line":29,"column":52},"end":{"line":29,"column":66}},"line":29},"4":{"name":"(anonymous_4)","decl":{"start":{"line":30,"column":44},"end":{"line":30,"column":45}},"loc":{"start":{"line":30,"column":52},"end":{"line":30,"column":62}},"line":30},"5":{"name":"(anonymous_5)","decl":{"start":{"line":34,"column":9},"end":{"line":34,"column":10}},"loc":{"start":{"line":34,"column":15},"end":{"line":36,"column":7}},"line":34},"6":{"name":"(anonymous_6)","decl":{"start":{"line":42,"column":20},"end":{"line":42,"column":21}},"loc":{"start":{"line":42,"column":70},"end":{"line":55,"column":3}},"line":42},"7":{"name":"(anonymous_7)","decl":{"start":{"line":44,"column":50},"end":{"line":44,"column":51}},"loc":{"start":{"line":44,"column":59},"end":{"line":44,"column":114}},"line":44},"8":{"name":"(anonymous_8)","decl":{"start":{"line":46,"column":47},"end":{"line":46,"column":48}},"loc":{"start":{"line":46,"column":55},"end":{"line":46,"column":83}},"line":46},"9":{"name":"(anonymous_9)","decl":{"start":{"line":57,"column":2},"end":{"line":57,"column":3}},"loc":{"start":{"line":57,"column":11},"end":{"line":86,"column":3}},"line":57},"10":{"name":"(anonymous_10)","decl":{"start":{"line":64,"column":31},"end":{"line":64,"column":32}},"loc":{"start":{"line":65,"column":12},"end":{"line":81,"column":19}},"line":65},"11":{"name":"(anonymous_11)","decl":{"start":{"line":70,"column":49},"end":{"line":70,"column":50}},"loc":{"start":{"line":70,"column":55},"end":{"line":70,"column":80}},"line":70}},"branchMap":{"0":{"loc":{"start":{"line":26,"column":4},"end":{"line":39,"column":5}},"type":"if","locations":[{"start":{"line":26,"column":4},"end":{"line":39,"column":5}},{"start":{"line":26,"column":4},"end":{"line":39,"column":5}}],"line":26},"1":{"loc":{"start":{"line":47,"column":4},"end":{"line":54,"column":5}},"type":"if","locations":[{"start":{"line":47,"column":4},"end":{"line":54,"column":5}},{"start":{"line":47,"column":4},"end":{"line":54,"column":5}}],"line":47},"2":{"loc":{"start":{"line":61,"column":23},"end":{"line":61,"column":73}},"type":"cond-expr","locations":[{"start":{"line":61,"column":58},"end":{"line":61,"column":64}},{"start":{"line":61,"column":67},"end":{"line":61,"column":73}}],"line":61},"3":{"loc":{"start":{"line":67,"column":29},"end":{"line":67,"column":62}},"type":"cond-expr","locations":[{"start":{"line":67,"column":47},"end":{"line":67,"column":53}},{"start":{"line":67,"column":56},"end":{"line":67,"column":62}}],"line":67}},"s":{"0":2,"1":2,"2":2,"3":1,"4":2,"5":2,"6":1,"7":1,"8":1,"9":4,"10":1,"11":1,"12":1,"13":1,"14":1,"15":2,"16":2,"17":2,"18":3,"19":2,"20":2,"21":2,"22":1,"23":1,"24":1,"25":10,"26":40,"27":1},"f":{"0":2,"1":1,"2":2,"3":4,"4":1,"5":1,"6":2,"7":3,"8":2,"9":10,"10":40,"11":1},"b":{"0":[1,1],"1":[1,1],"2":[1,9],"3":[20,20]},"_coverageSchema":"43e27e138ebf9cfc5966b082cf9a028302ed4184","hash":"a9dd420dc99807a5f5daec843a7c645483007562"}
,"/home/andres/projects/ui_library/ui_library/app/components/PackenCheckboxControl.js": {"path":"/home/andres/projects/ui_library/ui_library/app/components/PackenCheckboxControl.js","statementMap":{"0":{"start":{"line":12,"column":4},"end":{"line":12,"column":17}},"1":{"start":{"line":14,"column":4},"end":{"line":21,"column":5}},"2":{"start":{"line":24,"column":22},"end":{"line":26,"column":3}},"3":{"start":{"line":25,"column":4},"end":{"line":25,"column":29}},"4":{"start":{"line":28,"column":20},"end":{"line":49,"column":3}},"5":{"start":{"line":29,"column":4},"end":{"line":48,"column":5}},"6":{"start":{"line":30,"column":30},"end":{"line":30,"column":58}},"7":{"start":{"line":31,"column":24},"end":{"line":31,"column":85}},"8":{"start":{"line":31,"column":53},"end":{"line":31,"column":84}},"9":{"start":{"line":32,"column":6},"end":{"line":34,"column":9}},"10":{"start":{"line":35,"column":6},"end":{"line":35,"column":33}},"11":{"start":{"line":37,"column":6},"end":{"line":47,"column":7}},"12":{"start":{"line":38,"column":8},"end":{"line":40,"column":11}},"13":{"start":{"line":41,"column":8},"end":{"line":41,"column":20}},"14":{"start":{"line":43,"column":8},"end":{"line":45,"column":11}},"15":{"start":{"line":46,"column":8},"end":{"line":46,"column":21}},"16":{"start":{"line":51,"column":22},"end":{"line":66,"column":3}},"17":{"start":{"line":52,"column":25},"end":{"line":52,"column":27}},"18":{"start":{"line":54,"column":4},"end":{"line":63,"column":5}},"19":{"start":{"line":55,"column":28},"end":{"line":55,"column":111}},"20":{"start":{"line":56,"column":6},"end":{"line":61,"column":9}},"21":{"start":{"line":62,"column":6},"end":{"line":62,"column":36}},"22":{"start":{"line":65,"column":4},"end":{"line":65,"column":26}},"23":{"start":{"line":68,"column":23},"end":{"line":75,"column":3}},"24":{"start":{"line":69,"column":4},"end":{"line":71,"column":5}},"25":{"start":{"line":70,"column":6},"end":{"line":70,"column":29}},"26":{"start":{"line":72,"column":4},"end":{"line":74,"column":5}},"27":{"start":{"line":73,"column":6},"end":{"line":73,"column":31}},"28":{"start":{"line":78,"column":4},"end":{"line":104,"column":6}}},"fnMap":{"0":{"name":"(anonymous_0)","decl":{"start":{"line":11,"column":2},"end":{"line":11,"column":3}},"loc":{"start":{"line":11,"column":21},"end":{"line":22,"column":3}},"line":11},"1":{"name":"(anonymous_1)","decl":{"start":{"line":24,"column":22},"end":{"line":24,"column":23}},"loc":{"start":{"line":24,"column":28},"end":{"line":26,"column":3}},"line":24},"2":{"name":"(anonymous_2)","decl":{"start":{"line":28,"column":20},"end":{"line":28,"column":21}},"loc":{"start":{"line":28,"column":26},"end":{"line":49,"column":3}},"line":28},"3":{"name":"(anonymous_3)","decl":{"start":{"line":31,"column":45},"end":{"line":31,"column":46}},"loc":{"start":{"line":31,"column":53},"end":{"line":31,"column":84}},"line":31},"4":{"name":"(anonymous_4)","decl":{"start":{"line":51,"column":22},"end":{"line":51,"column":23}},"loc":{"start":{"line":51,"column":28},"end":{"line":66,"column":3}},"line":51},"5":{"name":"(anonymous_5)","decl":{"start":{"line":68,"column":23},"end":{"line":68,"column":24}},"loc":{"start":{"line":68,"column":59},"end":{"line":75,"column":3}},"line":68},"6":{"name":"(anonymous_6)","decl":{"start":{"line":77,"column":2},"end":{"line":77,"column":3}},"loc":{"start":{"line":77,"column":11},"end":{"line":105,"column":3}},"line":77}},"branchMap":{"0":{"loc":{"start":{"line":29,"column":4},"end":{"line":48,"column":5}},"type":"if","locations":[{"start":{"line":29,"column":4},"end":{"line":48,"column":5}},{"start":{"line":29,"column":4},"end":{"line":48,"column":5}}],"line":29},"1":{"loc":{"start":{"line":37,"column":6},"end":{"line":47,"column":7}},"type":"if","locations":[{"start":{"line":37,"column":6},"end":{"line":47,"column":7}},{"start":{"line":37,"column":6},"end":{"line":47,"column":7}}],"line":37},"2":{"loc":{"start":{"line":54,"column":4},"end":{"line":63,"column":5}},"type":"if","locations":[{"start":{"line":54,"column":4},"end":{"line":63,"column":5}},{"start":{"line":54,"column":4},"end":{"line":63,"column":5}}],"line":54},"3":{"loc":{"start":{"line":55,"column":66},"end":{"line":55,"column":110}},"type":"cond-expr","locations":[{"start":{"line":55,"column":89},"end":{"line":55,"column":97}},{"start":{"line":55,"column":100},"end":{"line":55,"column":110}}],"line":55},"4":{"loc":{"start":{"line":69,"column":4},"end":{"line":71,"column":5}},"type":"if","locations":[{"start":{"line":69,"column":4},"end":{"line":71,"column":5}},{"start":{"line":69,"column":4},"end":{"line":71,"column":5}}],"line":69},"5":{"loc":{"start":{"line":72,"column":4},"end":{"line":74,"column":5}},"type":"if","locations":[{"start":{"line":72,"column":4},"end":{"line":74,"column":5}},{"start":{"line":72,"column":4},"end":{"line":74,"column":5}}],"line":72},"6":{"loc":{"start":{"line":83,"column":44},"end":{"line":83,"column":88}},"type":"cond-expr","locations":[{"start":{"line":83,"column":67},"end":{"line":83,"column":75}},{"start":{"line":83,"column":78},"end":{"line":83,"column":88}}],"line":83},"7":{"loc":{"start":{"line":88,"column":12},"end":{"line":94,"column":20}},"type":"cond-expr","locations":[{"start":{"line":89,"column":14},"end":{"line":93,"column":16}},{"start":{"line":94,"column":16},"end":{"line":94,"column":20}}],"line":88},"8":{"loc":{"start":{"line":100,"column":42},"end":{"line":100,"column":88}},"type":"cond-expr","locations":[{"start":{"line":100,"column":66},"end":{"line":100,"column":76}},{"start":{"line":100,"column":79},"end":{"line":100,"column":88}}],"line":100}},"s":{"0":1,"1":1,"2":1,"3":2,"4":1,"5":8,"6":2,"7":2,"8":2,"9":2,"10":2,"11":6,"12":4,"13":4,"14":2,"15":2,"16":1,"17":10,"18":10,"19":2,"20":2,"21":2,"22":10,"23":1,"24":19,"25":5,"26":19,"27":5,"28":18},"f":{"0":1,"1":2,"2":8,"3":2,"4":10,"5":19,"6":18},"b":{"0":[2,6],"1":[4,2],"2":[2,8],"3":[1,1],"4":[5,14],"5":[5,14],"6":[15,3],"7":[15,3],"8":[1,17]},"_coverageSchema":"43e27e138ebf9cfc5966b082cf9a028302ed4184","hash":"73a0c2af18ca2b2229353f42b832e4171c1b94fe"}
,"/home/andres/projects/ui_library/ui_library/app/components/PackenDivider.js": {"path":"/home/andres/projects/ui_library/ui_library/app/components/PackenDivider.js","statementMap":{"0":{"start":{"line":9,"column":4},"end":{"line":9,"column":17}},"1":{"start":{"line":13,"column":4},"end":{"line":20,"column":6}}},"fnMap":{"0":{"name":"(anonymous_0)","decl":{"start":{"line":8,"column":2},"end":{"line":8,"column":3}},"loc":{"start":{"line":8,"column":21},"end":{"line":10,"column":3}},"line":8},"1":{"name":"(anonymous_1)","decl":{"start":{"line":12,"column":2},"end":{"line":12,"column":3}},"loc":{"start":{"line":12,"column":11},"end":{"line":21,"column":3}},"line":12}},"branchMap":{"0":{"loc":{"start":{"line":16,"column":19},"end":{"line":16,"column":64}},"type":"cond-expr","locations":[{"start":{"line":16,"column":39},"end":{"line":16,"column":60}},{"start":{"line":16,"column":63},"end":{"line":16,"column":64}}],"line":16},"1":{"loc":{"start":{"line":17,"column":22},"end":{"line":17,"column":70}},"type":"cond-expr","locations":[{"start":{"line":17,"column":42},"end":{"line":17,"column":66}},{"start":{"line":17,"column":69},"end":{"line":17,"column":70}}],"line":17}},"s":{"0":1,"1":2},"f":{"0":1,"1":2},"b":{"0":[1,1],"1":[1,1]},"_coverageSchema":"43e27e138ebf9cfc5966b082cf9a028302ed4184","hash":"525d3e3ee639bf7ec09d013c62085afbcfccbae6"}
,"/home/andres/projects/ui_library/ui_library/app/components/PackenDropdown.js": {"path":"/home/andres/projects/ui_library/ui_library/app/components/PackenDropdown.js","statementMap":{"0":{"start":{"line":11,"column":4},"end":{"line":11,"column":17}},"1":{"start":{"line":13,"column":4},"end":{"line":25,"column":5}},"2":{"start":{"line":28,"column":22},"end":{"line":37,"column":3}},"3":{"start":{"line":29,"column":4},"end":{"line":36,"column":29}},"4":{"start":{"line":39,"column":20},"end":{"line":50,"column":3}},"5":{"start":{"line":40,"column":23},"end":{"line":42,"column":5}},"6":{"start":{"line":44,"column":4},"end":{"line":49,"column":7}},"7":{"start":{"line":52,"column":15},"end":{"line":56,"column":3}},"8":{"start":{"line":53,"column":4},"end":{"line":55,"column":7}},"9":{"start":{"line":58,"column":22},"end":{"line":62,"column":3}},"10":{"start":{"line":59,"column":4},"end":{"line":61,"column":41}},"11":{"start":{"line":64,"column":32},"end":{"line":77,"column":3}},"12":{"start":{"line":65,"column":31},"end":{"line":65,"column":33}},"13":{"start":{"line":67,"column":4},"end":{"line":69,"column":7}},"14":{"start":{"line":68,"column":6},"end":{"line":68,"column":42}},"15":{"start":{"line":70,"column":4},"end":{"line":70,"column":61}},"16":{"start":{"line":72,"column":4},"end":{"line":74,"column":7}},"17":{"start":{"line":76,"column":4},"end":{"line":76,"column":32}},"18":{"start":{"line":80,"column":4},"end":{"line":90,"column":5}},"19":{"start":{"line":81,"column":6},"end":{"line":89,"column":9}},"20":{"start":{"line":94,"column":4},"end":{"line":133,"column":6}},"21":{"start":{"line":119,"column":27},"end":{"line":119,"column":71}}},"fnMap":{"0":{"name":"(anonymous_0)","decl":{"start":{"line":10,"column":2},"end":{"line":10,"column":3}},"loc":{"start":{"line":10,"column":21},"end":{"line":26,"column":3}},"line":10},"1":{"name":"(anonymous_1)","decl":{"start":{"line":28,"column":22},"end":{"line":28,"column":23}},"loc":{"start":{"line":28,"column":38},"end":{"line":37,"column":3}},"line":28},"2":{"name":"(anonymous_2)","decl":{"start":{"line":39,"column":20},"end":{"line":39,"column":21}},"loc":{"start":{"line":39,"column":26},"end":{"line":50,"column":3}},"line":39},"3":{"name":"(anonymous_3)","decl":{"start":{"line":52,"column":15},"end":{"line":52,"column":16}},"loc":{"start":{"line":52,"column":21},"end":{"line":56,"column":3}},"line":52},"4":{"name":"(anonymous_4)","decl":{"start":{"line":58,"column":22},"end":{"line":58,"column":23}},"loc":{"start":{"line":58,"column":39},"end":{"line":62,"column":3}},"line":58},"5":{"name":"(anonymous_5)","decl":{"start":{"line":64,"column":32},"end":{"line":64,"column":33}},"loc":{"start":{"line":64,"column":38},"end":{"line":77,"column":3}},"line":64},"6":{"name":"(anonymous_6)","decl":{"start":{"line":67,"column":38},"end":{"line":67,"column":39}},"loc":{"start":{"line":67,"column":46},"end":{"line":69,"column":5}},"line":67},"7":{"name":"(anonymous_7)","decl":{"start":{"line":79,"column":2},"end":{"line":79,"column":3}},"loc":{"start":{"line":79,"column":53},"end":{"line":91,"column":3}},"line":79},"8":{"name":"(anonymous_8)","decl":{"start":{"line":93,"column":2},"end":{"line":93,"column":3}},"loc":{"start":{"line":93,"column":11},"end":{"line":134,"column":3}},"line":93},"9":{"name":"(anonymous_9)","decl":{"start":{"line":119,"column":20},"end":{"line":119,"column":21}},"loc":{"start":{"line":119,"column":25},"end":{"line":119,"column":73}},"line":119}},"branchMap":{"0":{"loc":{"start":{"line":80,"column":4},"end":{"line":90,"column":5}},"type":"if","locations":[{"start":{"line":80,"column":4},"end":{"line":90,"column":5}},{"start":{"line":80,"column":4},"end":{"line":90,"column":5}}],"line":80},"1":{"loc":{"start":{"line":86,"column":21},"end":{"line":86,"column":46}},"type":"cond-expr","locations":[{"start":{"line":86,"column":41},"end":{"line":86,"column":42}},{"start":{"line":86,"column":45},"end":{"line":86,"column":46}}],"line":86},"2":{"loc":{"start":{"line":97,"column":23},"end":{"line":97,"column":62}},"type":"cond-expr","locations":[{"start":{"line":97,"column":47},"end":{"line":97,"column":53}},{"start":{"line":97,"column":56},"end":{"line":97,"column":62}}],"line":97},"3":{"loc":{"start":{"line":121,"column":25},"end":{"line":121,"column":60}},"type":"cond-expr","locations":[{"start":{"line":121,"column":45},"end":{"line":121,"column":51}},{"start":{"line":121,"column":54},"end":{"line":121,"column":60}}],"line":121}},"s":{"0":1,"1":1,"2":1,"3":1,"4":1,"5":2,"6":2,"7":1,"8":1,"9":1,"10":1,"11":1,"12":2,"13":2,"14":4,"15":2,"16":2,"17":2,"18":21,"19":4,"20":20,"21":1},"f":{"0":1,"1":1,"2":2,"3":1,"4":1,"5":2,"6":4,"7":21,"8":20,"9":1},"b":{"0":[4,17],"1":[2,2],"2":[1,19],"3":[8,12]},"_coverageSchema":"43e27e138ebf9cfc5966b082cf9a028302ed4184","hash":"cdedfb965c851fe9426d27f3458f3d7ab3764079"}
,"/home/andres/projects/ui_library/ui_library/app/components/PackenInput.js": {"path":"/home/andres/projects/ui_library/ui_library/app/components/PackenInput.js","statementMap":{"0":{"start":{"line":12,"column":4},"end":{"line":12,"column":17}},"1":{"start":{"line":14,"column":4},"end":{"line":14,"column":46}},"2":{"start":{"line":17,"column":20},"end":{"line":40,"column":3}},"3":{"start":{"line":18,"column":23},"end":{"line":21,"column":5}},"4":{"start":{"line":23,"column":4},"end":{"line":37,"column":5}},"5":{"start":{"line":24,"column":6},"end":{"line":36,"column":7}},"6":{"start":{"line":39,"column":4},"end":{"line":39,"column":24}},"7":{"start":{"line":42,"column":26},"end":{"line":63,"column":3}},"8":{"start":{"line":43,"column":25},"end":{"line":43,"column":27}},"9":{"start":{"line":45,"column":4},"end":{"line":60,"column":5}},"10":{"start":{"line":46,"column":29},"end":{"line":46,"column":116}},"11":{"start":{"line":47,"column":31},"end":{"line":47,"column":79}},"12":{"start":{"line":49,"column":6},"end":{"line":59,"column":7}},"13":{"start":{"line":50,"column":8},"end":{"line":53,"column":9}},"14":{"start":{"line":55,"column":8},"end":{"line":58,"column":9}},"15":{"start":{"line":62,"column":4},"end":{"line":62,"column":26}},"16":{"start":{"line":65,"column":21},"end":{"line":75,"column":3}},"17":{"start":{"line":66,"column":4},"end":{"line":74,"column":35}},"18":{"start":{"line":77,"column":29},"end":{"line":87,"column":3}},"19":{"start":{"line":78,"column":4},"end":{"line":86,"column":35}},"20":{"start":{"line":89,"column":21},"end":{"line":97,"column":3}},"21":{"start":{"line":90,"column":24},"end":{"line":90,"column":26}},"22":{"start":{"line":92,"column":4},"end":{"line":94,"column":5}},"23":{"start":{"line":93,"column":6},"end":{"line":93,"column":98}},"24":{"start":{"line":96,"column":4},"end":{"line":96,"column":25}},"25":{"start":{"line":99,"column":23},"end":{"line":110,"column":3}},"26":{"start":{"line":100,"column":26},"end":{"line":100,"column":28}},"27":{"start":{"line":102,"column":4},"end":{"line":107,"column":5}},"28":{"start":{"line":103,"column":6},"end":{"line":106,"column":7}},"29":{"start":{"line":109,"column":4},"end":{"line":109,"column":27}},"30":{"start":{"line":112,"column":18},"end":{"line":116,"column":3}},"31":{"start":{"line":113,"column":4},"end":{"line":115,"column":7}},"32":{"start":{"line":118,"column":19},"end":{"line":122,"column":3}},"33":{"start":{"line":119,"column":4},"end":{"line":121,"column":7}},"34":{"start":{"line":124,"column":16},"end":{"line":128,"column":3}},"35":{"start":{"line":125,"column":4},"end":{"line":127,"column":7}},"36":{"start":{"line":130,"column":15},"end":{"line":134,"column":3}},"37":{"start":{"line":131,"column":4},"end":{"line":133,"column":7}},"38":{"start":{"line":136,"column":21},"end":{"line":141,"column":3}},"39":{"start":{"line":137,"column":4},"end":{"line":139,"column":7}},"40":{"start":{"line":140,"column":4},"end":{"line":140,"column":34}},"41":{"start":{"line":143,"column":16},"end":{"line":151,"column":3}},"42":{"start":{"line":144,"column":21},"end":{"line":144,"column":25}},"43":{"start":{"line":146,"column":4},"end":{"line":148,"column":5}},"44":{"start":{"line":147,"column":6},"end":{"line":147,"column":25}},"45":{"start":{"line":150,"column":4},"end":{"line":150,"column":22}},"46":{"start":{"line":153,"column":16},"end":{"line":167,"column":3}},"47":{"start":{"line":154,"column":15},"end":{"line":154,"column":17}},"48":{"start":{"line":156,"column":4},"end":{"line":164,"column":5}},"49":{"start":{"line":157,"column":6},"end":{"line":161,"column":7}},"50":{"start":{"line":158,"column":8},"end":{"line":158,"column":28}},"51":{"start":{"line":160,"column":8},"end":{"line":160,"column":30}},"52":{"start":{"line":163,"column":6},"end":{"line":163,"column":34}},"53":{"start":{"line":166,"column":4},"end":{"line":166,"column":16}},"54":{"start":{"line":169,"column":12},"end":{"line":184,"column":3}},"55":{"start":{"line":170,"column":15},"end":{"line":170,"column":19}},"56":{"start":{"line":172,"column":4},"end":{"line":181,"column":5}},"57":{"start":{"line":173,"column":6},"end":{"line":180,"column":8}},"58":{"start":{"line":183,"column":4},"end":{"line":183,"column":16}},"59":{"start":{"line":186,"column":19},"end":{"line":204,"column":3}},"60":{"start":{"line":187,"column":15},"end":{"line":187,"column":19}},"61":{"start":{"line":189,"column":4},"end":{"line":201,"column":5}},"62":{"start":{"line":190,"column":6},"end":{"line":200,"column":8}},"63":{"start":{"line":203,"column":4},"end":{"line":203,"column":16}},"64":{"start":{"line":206,"column":15},"end":{"line":223,"column":3}},"65":{"start":{"line":207,"column":18},"end":{"line":207,"column":22}},"66":{"start":{"line":209,"column":4},"end":{"line":220,"column":5}},"67":{"start":{"line":210,"column":6},"end":{"line":219,"column":8}},"68":{"start":{"line":222,"column":4},"end":{"line":222,"column":19}},"69":{"start":{"line":226,"column":4},"end":{"line":230,"column":5}},"70":{"start":{"line":227,"column":6},"end":{"line":229,"column":9}},"71":{"start":{"line":234,"column":4},"end":{"line":284,"column":6}},"72":{"start":{"line":244,"column":55},"end":{"line":244,"column":99}},"73":{"start":{"line":247,"column":115},"end":{"line":247,"column":167}}},"fnMap":{"0":{"name":"(anonymous_0)","decl":{"start":{"line":11,"column":2},"end":{"line":11,"column":3}},"loc":{"start":{"line":11,"column":21},"end":{"line":15,"column":3}},"line":11},"1":{"name":"(anonymous_1)","decl":{"start":{"line":17,"column":20},"end":{"line":17,"column":21}},"loc":{"start":{"line":17,"column":26},"end":{"line":40,"column":3}},"line":17},"2":{"name":"(anonymous_2)","decl":{"start":{"line":42,"column":26},"end":{"line":42,"column":27}},"loc":{"start":{"line":42,"column":32},"end":{"line":63,"column":3}},"line":42},"3":{"name":"(anonymous_3)","decl":{"start":{"line":65,"column":21},"end":{"line":65,"column":22}},"loc":{"start":{"line":65,"column":44},"end":{"line":75,"column":3}},"line":65},"4":{"name":"(anonymous_4)","decl":{"start":{"line":77,"column":29},"end":{"line":77,"column":30}},"loc":{"start":{"line":77,"column":52},"end":{"line":87,"column":3}},"line":77},"5":{"name":"(anonymous_5)","decl":{"start":{"line":89,"column":21},"end":{"line":89,"column":22}},"loc":{"start":{"line":89,"column":27},"end":{"line":97,"column":3}},"line":89},"6":{"name":"(anonymous_6)","decl":{"start":{"line":99,"column":23},"end":{"line":99,"column":24}},"loc":{"start":{"line":99,"column":29},"end":{"line":110,"column":3}},"line":99},"7":{"name":"(anonymous_7)","decl":{"start":{"line":112,"column":18},"end":{"line":112,"column":19}},"loc":{"start":{"line":112,"column":24},"end":{"line":116,"column":3}},"line":112},"8":{"name":"(anonymous_8)","decl":{"start":{"line":118,"column":19},"end":{"line":118,"column":20}},"loc":{"start":{"line":118,"column":25},"end":{"line":122,"column":3}},"line":118},"9":{"name":"(anonymous_9)","decl":{"start":{"line":124,"column":16},"end":{"line":124,"column":17}},"loc":{"start":{"line":124,"column":22},"end":{"line":128,"column":3}},"line":124},"10":{"name":"(anonymous_10)","decl":{"start":{"line":130,"column":15},"end":{"line":130,"column":16}},"loc":{"start":{"line":130,"column":21},"end":{"line":134,"column":3}},"line":130},"11":{"name":"(anonymous_11)","decl":{"start":{"line":136,"column":21},"end":{"line":136,"column":22}},"loc":{"start":{"line":136,"column":29},"end":{"line":141,"column":3}},"line":136},"12":{"name":"(anonymous_12)","decl":{"start":{"line":143,"column":16},"end":{"line":143,"column":17}},"loc":{"start":{"line":143,"column":22},"end":{"line":151,"column":3}},"line":143},"13":{"name":"(anonymous_13)","decl":{"start":{"line":153,"column":16},"end":{"line":153,"column":17}},"loc":{"start":{"line":153,"column":22},"end":{"line":167,"column":3}},"line":153},"14":{"name":"(anonymous_14)","decl":{"start":{"line":169,"column":12},"end":{"line":169,"column":13}},"loc":{"start":{"line":169,"column":18},"end":{"line":184,"column":3}},"line":169},"15":{"name":"(anonymous_15)","decl":{"start":{"line":186,"column":19},"end":{"line":186,"column":20}},"loc":{"start":{"line":186,"column":25},"end":{"line":204,"column":3}},"line":186},"16":{"name":"(anonymous_16)","decl":{"start":{"line":206,"column":15},"end":{"line":206,"column":16}},"loc":{"start":{"line":206,"column":21},"end":{"line":223,"column":3}},"line":206},"17":{"name":"(anonymous_17)","decl":{"start":{"line":225,"column":2},"end":{"line":225,"column":3}},"loc":{"start":{"line":225,"column":53},"end":{"line":231,"column":3}},"line":225},"18":{"name":"(anonymous_18)","decl":{"start":{"line":233,"column":2},"end":{"line":233,"column":3}},"loc":{"start":{"line":233,"column":11},"end":{"line":285,"column":3}},"line":233},"19":{"name":"(anonymous_19)","decl":{"start":{"line":244,"column":48},"end":{"line":244,"column":49}},"loc":{"start":{"line":244,"column":53},"end":{"line":244,"column":101}},"line":244},"20":{"name":"(anonymous_20)","decl":{"start":{"line":247,"column":108},"end":{"line":247,"column":109}},"loc":{"start":{"line":247,"column":113},"end":{"line":247,"column":169}},"line":247}},"branchMap":{"0":{"loc":{"start":{"line":19,"column":13},"end":{"line":19,"column":53}},"type":"cond-expr","locations":[{"start":{"line":19,"column":32},"end":{"line":19,"column":48}},{"start":{"line":19,"column":51},"end":{"line":19,"column":53}}],"line":19},"1":{"loc":{"start":{"line":20,"column":13},"end":{"line":20,"column":57}},"type":"cond-expr","locations":[{"start":{"line":20,"column":35},"end":{"line":20,"column":45}},{"start":{"line":20,"column":48},"end":{"line":20,"column":57}}],"line":20},"2":{"loc":{"start":{"line":23,"column":4},"end":{"line":37,"column":5}},"type":"if","locations":[{"start":{"line":23,"column":4},"end":{"line":37,"column":5}},{"start":{"line":23,"column":4},"end":{"line":37,"column":5}}],"line":23},"3":{"loc":{"start":{"line":45,"column":4},"end":{"line":60,"column":5}},"type":"if","locations":[{"start":{"line":45,"column":4},"end":{"line":60,"column":5}},{"start":{"line":45,"column":4},"end":{"line":60,"column":5}}],"line":45},"4":{"loc":{"start":{"line":49,"column":6},"end":{"line":59,"column":7}},"type":"if","locations":[{"start":{"line":49,"column":6},"end":{"line":59,"column":7}},{"start":{"line":49,"column":6},"end":{"line":59,"column":7}}],"line":49},"5":{"loc":{"start":{"line":92,"column":4},"end":{"line":94,"column":5}},"type":"if","locations":[{"start":{"line":92,"column":4},"end":{"line":94,"column":5}},{"start":{"line":92,"column":4},"end":{"line":94,"column":5}}],"line":92},"6":{"loc":{"start":{"line":102,"column":4},"end":{"line":107,"column":5}},"type":"if","locations":[{"start":{"line":102,"column":4},"end":{"line":107,"column":5}},{"start":{"line":102,"column":4},"end":{"line":107,"column":5}}],"line":102},"7":{"loc":{"start":{"line":146,"column":4},"end":{"line":148,"column":5}},"type":"if","locations":[{"start":{"line":146,"column":4},"end":{"line":148,"column":5}},{"start":{"line":146,"column":4},"end":{"line":148,"column":5}}],"line":146},"8":{"loc":{"start":{"line":146,"column":8},"end":{"line":146,"column":53}},"type":"binary-expr","locations":[{"start":{"line":146,"column":8},"end":{"line":146,"column":27}},{"start":{"line":146,"column":31},"end":{"line":146,"column":53}}],"line":146},"9":{"loc":{"start":{"line":156,"column":4},"end":{"line":164,"column":5}},"type":"if","locations":[{"start":{"line":156,"column":4},"end":{"line":164,"column":5}},{"start":{"line":156,"column":4},"end":{"line":164,"column":5}}],"line":156},"10":{"loc":{"start":{"line":157,"column":6},"end":{"line":161,"column":7}},"type":"if","locations":[{"start":{"line":157,"column":6},"end":{"line":161,"column":7}},{"start":{"line":157,"column":6},"end":{"line":161,"column":7}}],"line":157},"11":{"loc":{"start":{"line":172,"column":4},"end":{"line":181,"column":5}},"type":"if","locations":[{"start":{"line":172,"column":4},"end":{"line":181,"column":5}},{"start":{"line":172,"column":4},"end":{"line":181,"column":5}}],"line":172},"12":{"loc":{"start":{"line":189,"column":4},"end":{"line":201,"column":5}},"type":"if","locations":[{"start":{"line":189,"column":4},"end":{"line":201,"column":5}},{"start":{"line":189,"column":4},"end":{"line":201,"column":5}}],"line":189},"13":{"loc":{"start":{"line":209,"column":4},"end":{"line":220,"column":5}},"type":"if","locations":[{"start":{"line":209,"column":4},"end":{"line":220,"column":5}},{"start":{"line":209,"column":4},"end":{"line":220,"column":5}}],"line":209},"14":{"loc":{"start":{"line":226,"column":4},"end":{"line":230,"column":5}},"type":"if","locations":[{"start":{"line":226,"column":4},"end":{"line":230,"column":5}},{"start":{"line":226,"column":4},"end":{"line":230,"column":5}}],"line":226},"15":{"loc":{"start":{"line":235,"column":57},"end":{"line":235,"column":106}},"type":"cond-expr","locations":[{"start":{"line":235,"column":91},"end":{"line":235,"column":97}},{"start":{"line":235,"column":100},"end":{"line":235,"column":106}}],"line":235},"16":{"loc":{"start":{"line":246,"column":12},"end":{"line":259,"column":20}},"type":"cond-expr","locations":[{"start":{"line":247,"column":14},"end":{"line":258,"column":21}},{"start":{"line":259,"column":16},"end":{"line":259,"column":20}}],"line":246},"17":{"loc":{"start":{"line":277,"column":25},"end":{"line":277,"column":60}},"type":"cond-expr","locations":[{"start":{"line":277,"column":48},"end":{"line":277,"column":52}},{"start":{"line":277,"column":55},"end":{"line":277,"column":60}}],"line":277}},"s":{"0":1,"1":1,"2":1,"3":3,"4":3,"5":2,"6":3,"7":1,"8":45,"9":45,"10":44,"11":44,"12":44,"13":23,"14":21,"15":45,"16":1,"17":2,"18":1,"19":2,"20":1,"21":42,"22":42,"23":39,"24":42,"25":1,"26":42,"27":42,"28":24,"29":42,"30":1,"31":1,"32":1,"33":1,"34":1,"35":1,"36":1,"37":1,"38":1,"39":1,"40":1,"41":1,"42":42,"43":42,"44":4,"45":42,"46":1,"47":41,"48":41,"49":22,"50":2,"51":20,"52":19,"53":41,"54":1,"55":42,"56":42,"57":4,"58":42,"59":1,"60":43,"61":43,"62":8,"63":43,"64":1,"65":43,"66":43,"67":41,"68":43,"69":40,"70":3,"71":40,"72":1,"73":1},"f":{"0":1,"1":3,"2":45,"3":2,"4":2,"5":42,"6":42,"7":1,"8":1,"9":1,"10":1,"11":1,"12":42,"13":41,"14":42,"15":43,"16":43,"17":40,"18":40,"19":1,"20":1},"b":{"0":[1,2],"1":[1,2],"2":[2,1],"3":[44,1],"4":[23,21],"5":[39,3],"6":[24,18],"7":[4,38],"8":[42,38],"9":[22,19],"10":[2,20],"11":[4,38],"12":[8,35],"13":[41,2],"14":[3,37],"15":[1,39],"16":[38,2],"17":[23,17]},"_coverageSchema":"43e27e138ebf9cfc5966b082cf9a028302ed4184","hash":"eca3c9cd54371f76ad02a2ce1f3c985200e82e33"}
,"/home/andres/projects/ui_library/ui_library/app/components/PackenList.js": {"path":"/home/andres/projects/ui_library/ui_library/app/components/PackenList.js","statementMap":{"0":{"start":{"line":8,"column":4},"end":{"line":8,"column":17}},"1":{"start":{"line":10,"column":4},"end":{"line":21,"column":5}},"2":{"start":{"line":24,"column":18},"end":{"line":35,"column":3}},"3":{"start":{"line":26,"column":4},"end":{"line":30,"column":5}},"4":{"start":{"line":27,"column":6},"end":{"line":27,"column":50}},"5":{"start":{"line":29,"column":6},"end":{"line":29,"column":50}},"6":{"start":{"line":32,"column":4},"end":{"line":34,"column":7}},"7":{"start":{"line":37,"column":24},"end":{"line":103,"column":3}},"8":{"start":{"line":38,"column":4},"end":{"line":102,"column":5}},"9":{"start":{"line":41,"column":25},"end":{"line":41,"column":46}},"10":{"start":{"line":42,"column":8},"end":{"line":44,"column":11}},"11":{"start":{"line":43,"column":10},"end":{"line":43,"column":34}},"12":{"start":{"line":46,"column":26},"end":{"line":46,"column":73}},"13":{"start":{"line":46,"column":48},"end":{"line":46,"column":72}},"14":{"start":{"line":47,"column":8},"end":{"line":47,"column":36}},"15":{"start":{"line":49,"column":8},"end":{"line":52,"column":11}},"16":{"start":{"line":54,"column":8},"end":{"line":62,"column":9}},"17":{"start":{"line":55,"column":10},"end":{"line":61,"column":11}},"18":{"start":{"line":56,"column":12},"end":{"line":60,"column":15}},"19":{"start":{"line":64,"column":8},"end":{"line":68,"column":9}},"20":{"start":{"line":65,"column":10},"end":{"line":65,"column":34}},"21":{"start":{"line":67,"column":10},"end":{"line":67,"column":23}},"22":{"start":{"line":69,"column":8},"end":{"line":69,"column":14}},"23":{"start":{"line":72,"column":25},"end":{"line":72,"column":46}},"24":{"start":{"line":74,"column":26},"end":{"line":74,"column":73}},"25":{"start":{"line":74,"column":48},"end":{"line":74,"column":72}},"26":{"start":{"line":75,"column":8},"end":{"line":75,"column":42}},"27":{"start":{"line":77,"column":31},"end":{"line":77,"column":71}},"28":{"start":{"line":77,"column":55},"end":{"line":77,"column":70}},"29":{"start":{"line":78,"column":8},"end":{"line":78,"column":68}},"30":{"start":{"line":78,"column":56},"end":{"line":78,"column":66}},"31":{"start":{"line":80,"column":8},"end":{"line":83,"column":11}},"32":{"start":{"line":85,"column":8},"end":{"line":98,"column":9}},"33":{"start":{"line":86,"column":10},"end":{"line":97,"column":11}},"34":{"start":{"line":87,"column":35},"end":{"line":87,"column":87}},"35":{"start":{"line":88,"column":12},"end":{"line":88,"column":56}},"36":{"start":{"line":89,"column":12},"end":{"line":89,"column":62}},"37":{"start":{"line":91,"column":12},"end":{"line":96,"column":15}},"38":{"start":{"line":99,"column":8},"end":{"line":99,"column":14}},"39":{"start":{"line":101,"column":8},"end":{"line":101,"column":21}},"40":{"start":{"line":105,"column":15},"end":{"line":117,"column":3}},"41":{"start":{"line":106,"column":4},"end":{"line":116,"column":6}},"42":{"start":{"line":120,"column":4},"end":{"line":133,"column":5}},"43":{"start":{"line":122,"column":6},"end":{"line":132,"column":7}},"44":{"start":{"line":123,"column":8},"end":{"line":123,"column":63}},"45":{"start":{"line":124,"column":8},"end":{"line":129,"column":11}},"46":{"start":{"line":131,"column":8},"end":{"line":131,"column":21}},"47":{"start":{"line":137,"column":4},"end":{"line":146,"column":6}}},"fnMap":{"0":{"name":"(anonymous_0)","decl":{"start":{"line":7,"column":2},"end":{"line":7,"column":3}},"loc":{"start":{"line":7,"column":21},"end":{"line":22,"column":3}},"line":7},"1":{"name":"(anonymous_1)","decl":{"start":{"line":24,"column":18},"end":{"line":24,"column":19}},"loc":{"start":{"line":24,"column":32},"end":{"line":35,"column":3}},"line":24},"2":{"name":"(anonymous_2)","decl":{"start":{"line":37,"column":24},"end":{"line":37,"column":25}},"loc":{"start":{"line":37,"column":60},"end":{"line":103,"column":3}},"line":37},"3":{"name":"(anonymous_3)","decl":{"start":{"line":42,"column":25},"end":{"line":42,"column":26}},"loc":{"start":{"line":42,"column":33},"end":{"line":44,"column":9}},"line":42},"4":{"name":"(anonymous_4)","decl":{"start":{"line":46,"column":40},"end":{"line":46,"column":41}},"loc":{"start":{"line":46,"column":48},"end":{"line":46,"column":72}},"line":46},"5":{"name":"(anonymous_5)","decl":{"start":{"line":74,"column":40},"end":{"line":74,"column":41}},"loc":{"start":{"line":74,"column":48},"end":{"line":74,"column":72}},"line":74},"6":{"name":"(anonymous_6)","decl":{"start":{"line":77,"column":47},"end":{"line":77,"column":48}},"loc":{"start":{"line":77,"column":55},"end":{"line":77,"column":70}},"line":77},"7":{"name":"(anonymous_7)","decl":{"start":{"line":78,"column":48},"end":{"line":78,"column":49}},"loc":{"start":{"line":78,"column":56},"end":{"line":78,"column":66}},"line":78},"8":{"name":"(anonymous_8)","decl":{"start":{"line":105,"column":15},"end":{"line":105,"column":16}},"loc":{"start":{"line":105,"column":29},"end":{"line":117,"column":3}},"line":105},"9":{"name":"(anonymous_9)","decl":{"start":{"line":119,"column":2},"end":{"line":119,"column":3}},"loc":{"start":{"line":119,"column":53},"end":{"line":134,"column":3}},"line":119},"10":{"name":"(anonymous_10)","decl":{"start":{"line":136,"column":2},"end":{"line":136,"column":3}},"loc":{"start":{"line":136,"column":11},"end":{"line":147,"column":3}},"line":136}},"branchMap":{"0":{"loc":{"start":{"line":26,"column":4},"end":{"line":30,"column":5}},"type":"if","locations":[{"start":{"line":26,"column":4},"end":{"line":30,"column":5}},{"start":{"line":26,"column":4},"end":{"line":30,"column":5}}],"line":26},"1":{"loc":{"start":{"line":38,"column":4},"end":{"line":102,"column":5}},"type":"switch","locations":[{"start":{"line":39,"column":6},"end":{"line":39,"column":20}},{"start":{"line":40,"column":6},"end":{"line":69,"column":14}},{"start":{"line":70,"column":6},"end":{"line":70,"column":22}},{"start":{"line":71,"column":6},"end":{"line":99,"column":14}},{"start":{"line":100,"column":6},"end":{"line":101,"column":21}}],"line":38},"2":{"loc":{"start":{"line":54,"column":8},"end":{"line":62,"column":9}},"type":"if","locations":[{"start":{"line":54,"column":8},"end":{"line":62,"column":9}},{"start":{"line":54,"column":8},"end":{"line":62,"column":9}}],"line":54},"3":{"loc":{"start":{"line":55,"column":10},"end":{"line":61,"column":11}},"type":"if","locations":[{"start":{"line":55,"column":10},"end":{"line":61,"column":11}},{"start":{"line":55,"column":10},"end":{"line":61,"column":11}}],"line":55},"4":{"loc":{"start":{"line":64,"column":8},"end":{"line":68,"column":9}},"type":"if","locations":[{"start":{"line":64,"column":8},"end":{"line":68,"column":9}},{"start":{"line":64,"column":8},"end":{"line":68,"column":9}}],"line":64},"5":{"loc":{"start":{"line":85,"column":8},"end":{"line":98,"column":9}},"type":"if","locations":[{"start":{"line":85,"column":8},"end":{"line":98,"column":9}},{"start":{"line":85,"column":8},"end":{"line":98,"column":9}}],"line":85},"6":{"loc":{"start":{"line":86,"column":10},"end":{"line":97,"column":11}},"type":"if","locations":[{"start":{"line":86,"column":10},"end":{"line":97,"column":11}},{"start":{"line":86,"column":10},"end":{"line":97,"column":11}}],"line":86},"7":{"loc":{"start":{"line":120,"column":4},"end":{"line":133,"column":5}},"type":"if","locations":[{"start":{"line":120,"column":4},"end":{"line":133,"column":5}},{"start":{"line":120,"column":4},"end":{"line":133,"column":5}}],"line":120},"8":{"loc":{"start":{"line":122,"column":6},"end":{"line":132,"column":7}},"type":"if","locations":[{"start":{"line":122,"column":6},"end":{"line":132,"column":7}},{"start":{"line":122,"column":6},"end":{"line":132,"column":7}}],"line":122}},"s":{"0":1,"1":1,"2":1,"3":2,"4":1,"5":1,"6":2,"7":1,"8":8,"9":4,"10":4,"11":8,"12":4,"13":8,"14":4,"15":4,"16":4,"17":3,"18":1,"19":4,"20":3,"21":1,"22":3,"23":3,"24":3,"25":6,"26":3,"27":3,"28":6,"29":3,"30":3,"31":3,"32":3,"33":2,"34":1,"35":1,"36":1,"37":1,"38":3,"39":1,"40":1,"41":1,"42":39,"43":11,"44":3,"45":3,"46":8,"47":38},"f":{"0":1,"1":2,"2":8,"3":8,"4":8,"5":6,"6":6,"7":3,"8":1,"9":39,"10":38},"b":{"0":[1,1],"1":[1,4,1,3,1],"2":[3,1],"3":[1,2],"4":[3,1],"5":[2,1],"6":[1,1],"7":[11,28],"8":[3,8]},"_coverageSchema":"43e27e138ebf9cfc5966b082cf9a028302ed4184","hash":"bd3e56d31872ca09f234ed6bb2ea89fb03b6f780"}
,"/home/andres/projects/ui_library/ui_library/app/components/PackenListItem.js": {"path":"/home/andres/projects/ui_library/ui_library/app/components/PackenListItem.js","statementMap":{"0":{"start":{"line":16,"column":4},"end":{"line":16,"column":17}},"1":{"start":{"line":18,"column":4},"end":{"line":24,"column":5}},"2":{"start":{"line":26,"column":4},"end":{"line":26,"column":22}},"3":{"start":{"line":29,"column":15},"end":{"line":36,"column":3}},"4":{"start":{"line":30,"column":4},"end":{"line":35,"column":5}},"5":{"start":{"line":31,"column":6},"end":{"line":31,"column":34}},"6":{"start":{"line":32,"column":6},"end":{"line":32,"column":37}},"7":{"start":{"line":34,"column":6},"end":{"line":34,"column":19}},"8":{"start":{"line":38,"column":20},"end":{"line":40,"column":3}},"9":{"start":{"line":39,"column":4},"end":{"line":39,"column":117}},"10":{"start":{"line":42,"column":22},"end":{"line":62,"column":3}},"11":{"start":{"line":43,"column":25},"end":{"line":43,"column":27}},"12":{"start":{"line":45,"column":4},"end":{"line":59,"column":5}},"13":{"start":{"line":46,"column":6},"end":{"line":56,"column":7}},"14":{"start":{"line":47,"column":8},"end":{"line":51,"column":11}},"15":{"start":{"line":48,"column":10},"end":{"line":50,"column":11}},"16":{"start":{"line":49,"column":12},"end":{"line":49,"column":68}},"17":{"start":{"line":53,"column":8},"end":{"line":55,"column":9}},"18":{"start":{"line":54,"column":10},"end":{"line":54,"column":74}},"19":{"start":{"line":58,"column":6},"end":{"line":58,"column":26}},"20":{"start":{"line":61,"column":4},"end":{"line":61,"column":26}},"21":{"start":{"line":65,"column":4},"end":{"line":65,"column":26}},"22":{"start":{"line":68,"column":23},"end":{"line":86,"column":3}},"23":{"start":{"line":69,"column":4},"end":{"line":85,"column":5}},"24":{"start":{"line":70,"column":6},"end":{"line":82,"column":7}},"25":{"start":{"line":71,"column":22},"end":{"line":71,"column":98}},"26":{"start":{"line":71,"column":60},"end":{"line":71,"column":97}},"27":{"start":{"line":72,"column":8},"end":{"line":79,"column":9}},"28":{"start":{"line":73,"column":10},"end":{"line":76,"column":13}},"29":{"start":{"line":78,"column":10},"end":{"line":78,"column":23}},"30":{"start":{"line":81,"column":8},"end":{"line":81,"column":21}},"31":{"start":{"line":84,"column":6},"end":{"line":84,"column":19}},"32":{"start":{"line":88,"column":18},"end":{"line":94,"column":3}},"33":{"start":{"line":89,"column":4},"end":{"line":93,"column":5}},"34":{"start":{"line":90,"column":6},"end":{"line":90,"column":153}},"35":{"start":{"line":92,"column":6},"end":{"line":92,"column":19}},"36":{"start":{"line":97,"column":4},"end":{"line":97,"column":29}},"37":{"start":{"line":98,"column":4},"end":{"line":98,"column":39}},"38":{"start":{"line":99,"column":4},"end":{"line":99,"column":25}},"39":{"start":{"line":102,"column":22},"end":{"line":117,"column":3}},"40":{"start":{"line":103,"column":4},"end":{"line":116,"column":5}},"41":{"start":{"line":104,"column":6},"end":{"line":108,"column":7}},"42":{"start":{"line":105,"column":8},"end":{"line":107,"column":9}},"43":{"start":{"line":106,"column":10},"end":{"line":106,"column":51}},"44":{"start":{"line":109,"column":6},"end":{"line":115,"column":7}},"45":{"start":{"line":110,"column":8},"end":{"line":114,"column":11}},"46":{"start":{"line":111,"column":10},"end":{"line":113,"column":11}},"47":{"start":{"line":112,"column":12},"end":{"line":112,"column":137}},"48":{"start":{"line":119,"column":19},"end":{"line":125,"column":3}},"49":{"start":{"line":120,"column":22},"end":{"line":120,"column":38}},"50":{"start":{"line":121,"column":4},"end":{"line":124,"column":7}},"51":{"start":{"line":127,"column":20},"end":{"line":131,"column":3}},"52":{"start":{"line":128,"column":4},"end":{"line":130,"column":7}},"53":{"start":{"line":133,"column":17},"end":{"line":171,"column":3}},"54":{"start":{"line":134,"column":4},"end":{"line":170,"column":5}},"55":{"start":{"line":137,"column":8},"end":{"line":140,"column":11}},"56":{"start":{"line":141,"column":8},"end":{"line":149,"column":9}},"57":{"start":{"line":142,"column":10},"end":{"line":142,"column":43}},"58":{"start":{"line":143,"column":10},"end":{"line":146,"column":13}},"59":{"start":{"line":148,"column":10},"end":{"line":148,"column":77}},"60":{"start":{"line":150,"column":8},"end":{"line":150,"column":14}},"61":{"start":{"line":153,"column":25},"end":{"line":153,"column":82}},"62":{"start":{"line":154,"column":33},"end":{"line":154,"column":69}},"63":{"start":{"line":155,"column":8},"end":{"line":159,"column":11}},"64":{"start":{"line":160,"column":8},"end":{"line":167,"column":9}},"65":{"start":{"line":161,"column":10},"end":{"line":164,"column":13}},"66":{"start":{"line":166,"column":10},"end":{"line":166,"column":89}},"67":{"start":{"line":169,"column":8},"end":{"line":169,"column":21}},"68":{"start":{"line":173,"column":20},"end":{"line":185,"column":3}},"69":{"start":{"line":174,"column":23},"end":{"line":174,"column":25}},"70":{"start":{"line":176,"column":4},"end":{"line":182,"column":5}},"71":{"start":{"line":177,"column":6},"end":{"line":181,"column":7}},"72":{"start":{"line":178,"column":8},"end":{"line":178,"column":58}},"73":{"start":{"line":180,"column":8},"end":{"line":180,"column":59}},"74":{"start":{"line":184,"column":4},"end":{"line":184,"column":24}},"75":{"start":{"line":187,"column":19},"end":{"line":199,"column":3}},"76":{"start":{"line":188,"column":22},"end":{"line":188,"column":24}},"77":{"start":{"line":190,"column":4},"end":{"line":196,"column":5}},"78":{"start":{"line":191,"column":6},"end":{"line":195,"column":7}},"79":{"start":{"line":192,"column":8},"end":{"line":192,"column":56}},"80":{"start":{"line":194,"column":8},"end":{"line":194,"column":124}},"81":{"start":{"line":198,"column":4},"end":{"line":198,"column":23}},"82":{"start":{"line":201,"column":20},"end":{"line":279,"column":3}},"83":{"start":{"line":203,"column":31},"end":{"line":203,"column":34}},"84":{"start":{"line":205,"column":4},"end":{"line":230,"column":5}},"85":{"start":{"line":206,"column":6},"end":{"line":206,"column":25}},"86":{"start":{"line":208,"column":6},"end":{"line":229,"column":7}},"87":{"start":{"line":210,"column":10},"end":{"line":216,"column":12}},"88":{"start":{"line":217,"column":10},"end":{"line":217,"column":16}},"89":{"start":{"line":219,"column":10},"end":{"line":224,"column":12}},"90":{"start":{"line":225,"column":10},"end":{"line":225,"column":16}},"91":{"start":{"line":227,"column":10},"end":{"line":227,"column":29}},"92":{"start":{"line":228,"column":10},"end":{"line":228,"column":16}},"93":{"start":{"line":232,"column":4},"end":{"line":257,"column":5}},"94":{"start":{"line":233,"column":6},"end":{"line":233,"column":26}},"95":{"start":{"line":235,"column":6},"end":{"line":256,"column":7}},"96":{"start":{"line":237,"column":10},"end":{"line":243,"column":12}},"97":{"start":{"line":244,"column":10},"end":{"line":244,"column":16}},"98":{"start":{"line":246,"column":10},"end":{"line":251,"column":12}},"99":{"start":{"line":252,"column":10},"end":{"line":252,"column":16}},"100":{"start":{"line":254,"column":10},"end":{"line":254,"column":30}},"101":{"start":{"line":255,"column":10},"end":{"line":255,"column":16}},"102":{"start":{"line":259,"column":4},"end":{"line":265,"column":5}},"103":{"start":{"line":260,"column":6},"end":{"line":264,"column":8}},"104":{"start":{"line":267,"column":4},"end":{"line":273,"column":5}},"105":{"start":{"line":268,"column":6},"end":{"line":272,"column":8}},"106":{"start":{"line":275,"column":4},"end":{"line":278,"column":6}},"107":{"start":{"line":281,"column":19},"end":{"line":283,"column":3}},"108":{"start":{"line":282,"column":4},"end":{"line":282,"column":39}},"109":{"start":{"line":285,"column":20},"end":{"line":287,"column":3}},"110":{"start":{"line":286,"column":4},"end":{"line":286,"column":40}},"111":{"start":{"line":289,"column":16},"end":{"line":291,"column":3}},"112":{"start":{"line":290,"column":4},"end":{"line":290,"column":26}},"113":{"start":{"line":293,"column":19},"end":{"line":295,"column":3}},"114":{"start":{"line":294,"column":4},"end":{"line":294,"column":32}},"115":{"start":{"line":297,"column":19},"end":{"line":338,"column":3}},"116":{"start":{"line":300,"column":4},"end":{"line":333,"column":5}},"117":{"start":{"line":301,"column":6},"end":{"line":326,"column":7}},"118":{"start":{"line":303,"column":10},"end":{"line":312,"column":12}},"119":{"start":{"line":313,"column":10},"end":{"line":313,"column":16}},"120":{"start":{"line":315,"column":10},"end":{"line":322,"column":12}},"121":{"start":{"line":323,"column":10},"end":{"line":323,"column":16}},"122":{"start":{"line":325,"column":10},"end":{"line":325,"column":23}},"123":{"start":{"line":328,"column":6},"end":{"line":332,"column":8}},"124":{"start":{"line":335,"column":4},"end":{"line":337,"column":7}},"125":{"start":{"line":340,"column":18},"end":{"line":342,"column":3}},"126":{"start":{"line":341,"column":4},"end":{"line":341,"column":37}},"127":{"start":{"line":344,"column":22},"end":{"line":364,"column":3}},"128":{"start":{"line":345,"column":25},"end":{"line":348,"column":5}},"129":{"start":{"line":350,"column":4},"end":{"line":361,"column":5}},"130":{"start":{"line":351,"column":6},"end":{"line":360,"column":8}},"131":{"start":{"line":363,"column":4},"end":{"line":363,"column":26}},"132":{"start":{"line":366,"column":27},"end":{"line":428,"column":3}},"133":{"start":{"line":367,"column":24},"end":{"line":367,"column":46}},"134":{"start":{"line":369,"column":4},"end":{"line":425,"column":5}},"135":{"start":{"line":370,"column":6},"end":{"line":386,"column":7}},"136":{"start":{"line":371,"column":8},"end":{"line":378,"column":11}},"137":{"start":{"line":372,"column":10},"end":{"line":377,"column":11}},"138":{"start":{"line":373,"column":12},"end":{"line":373,"column":60}},"139":{"start":{"line":374,"column":12},"end":{"line":374,"column":21}},"140":{"start":{"line":376,"column":12},"end":{"line":376,"column":25}},"141":{"start":{"line":380,"column":8},"end":{"line":385,"column":9}},"142":{"start":{"line":381,"column":10},"end":{"line":381,"column":69}},"143":{"start":{"line":382,"column":10},"end":{"line":382,"column":19}},"144":{"start":{"line":384,"column":10},"end":{"line":384,"column":23}},"145":{"start":{"line":388,"column":6},"end":{"line":424,"column":7}},"146":{"start":{"line":389,"column":8},"end":{"line":405,"column":9}},"147":{"start":{"line":390,"column":10},"end":{"line":397,"column":13}},"148":{"start":{"line":391,"column":12},"end":{"line":396,"column":13}},"149":{"start":{"line":392,"column":14},"end":{"line":392,"column":63}},"150":{"start":{"line":393,"column":14},"end":{"line":393,"column":23}},"151":{"start":{"line":395,"column":14},"end":{"line":395,"column":27}},"152":{"start":{"line":399,"column":10},"end":{"line":404,"column":11}},"153":{"start":{"line":400,"column":12},"end":{"line":400,"column":72}},"154":{"start":{"line":401,"column":12},"end":{"line":401,"column":21}},"155":{"start":{"line":403,"column":12},"end":{"line":403,"column":25}},"156":{"start":{"line":407,"column":8},"end":{"line":423,"column":9}},"157":{"start":{"line":408,"column":10},"end":{"line":415,"column":13}},"158":{"start":{"line":409,"column":12},"end":{"line":414,"column":13}},"159":{"start":{"line":410,"column":14},"end":{"line":410,"column":75}},"160":{"start":{"line":411,"column":14},"end":{"line":411,"column":23}},"161":{"start":{"line":413,"column":14},"end":{"line":413,"column":27}},"162":{"start":{"line":417,"column":10},"end":{"line":422,"column":11}},"163":{"start":{"line":418,"column":12},"end":{"line":418,"column":81}},"164":{"start":{"line":419,"column":12},"end":{"line":419,"column":21}},"165":{"start":{"line":421,"column":12},"end":{"line":421,"column":25}},"166":{"start":{"line":427,"column":4},"end":{"line":427,"column":13}},"167":{"start":{"line":431,"column":4},"end":{"line":433,"column":5}},"168":{"start":{"line":432,"column":6},"end":{"line":432,"column":36}},"169":{"start":{"line":435,"column":4},"end":{"line":469,"column":6}},"170":{"start":{"line":441,"column":27},"end":{"line":441,"column":68}}},"fnMap":{"0":{"name":"(anonymous_0)","decl":{"start":{"line":15,"column":2},"end":{"line":15,"column":3}},"loc":{"start":{"line":15,"column":21},"end":{"line":27,"column":3}},"line":15},"1":{"name":"(anonymous_1)","decl":{"start":{"line":29,"column":15},"end":{"line":29,"column":16}},"loc":{"start":{"line":29,"column":21},"end":{"line":36,"column":3}},"line":29},"2":{"name":"(anonymous_2)","decl":{"start":{"line":38,"column":20},"end":{"line":38,"column":21}},"loc":{"start":{"line":38,"column":26},"end":{"line":40,"column":3}},"line":38},"3":{"name":"(anonymous_3)","decl":{"start":{"line":42,"column":22},"end":{"line":42,"column":23}},"loc":{"start":{"line":42,"column":28},"end":{"line":62,"column":3}},"line":42},"4":{"name":"(anonymous_4)","decl":{"start":{"line":47,"column":59},"end":{"line":47,"column":60}},"loc":{"start":{"line":47,"column":68},"end":{"line":51,"column":9}},"line":47},"5":{"name":"(anonymous_5)","decl":{"start":{"line":64,"column":2},"end":{"line":64,"column":3}},"loc":{"start":{"line":64,"column":22},"end":{"line":66,"column":3}},"line":64},"6":{"name":"(anonymous_6)","decl":{"start":{"line":68,"column":23},"end":{"line":68,"column":24}},"loc":{"start":{"line":68,"column":36},"end":{"line":86,"column":3}},"line":68},"7":{"name":"(anonymous_7)","decl":{"start":{"line":71,"column":52},"end":{"line":71,"column":53}},"loc":{"start":{"line":71,"column":60},"end":{"line":71,"column":97}},"line":71},"8":{"name":"(anonymous_8)","decl":{"start":{"line":88,"column":18},"end":{"line":88,"column":19}},"loc":{"start":{"line":88,"column":24},"end":{"line":94,"column":3}},"line":88},"9":{"name":"(anonymous_9)","decl":{"start":{"line":96,"column":2},"end":{"line":96,"column":3}},"loc":{"start":{"line":96,"column":53},"end":{"line":100,"column":3}},"line":96},"10":{"name":"(anonymous_10)","decl":{"start":{"line":102,"column":22},"end":{"line":102,"column":23}},"loc":{"start":{"line":102,"column":28},"end":{"line":117,"column":3}},"line":102},"11":{"name":"(anonymous_11)","decl":{"start":{"line":110,"column":64},"end":{"line":110,"column":65}},"loc":{"start":{"line":110,"column":80},"end":{"line":114,"column":9}},"line":110},"12":{"name":"(anonymous_12)","decl":{"start":{"line":119,"column":19},"end":{"line":119,"column":20}},"loc":{"start":{"line":119,"column":25},"end":{"line":125,"column":3}},"line":119},"13":{"name":"(anonymous_13)","decl":{"start":{"line":127,"column":20},"end":{"line":127,"column":21}},"loc":{"start":{"line":127,"column":26},"end":{"line":131,"column":3}},"line":127},"14":{"name":"(anonymous_14)","decl":{"start":{"line":133,"column":17},"end":{"line":133,"column":18}},"loc":{"start":{"line":133,"column":23},"end":{"line":171,"column":3}},"line":133},"15":{"name":"(anonymous_15)","decl":{"start":{"line":173,"column":20},"end":{"line":173,"column":21}},"loc":{"start":{"line":173,"column":26},"end":{"line":185,"column":3}},"line":173},"16":{"name":"(anonymous_16)","decl":{"start":{"line":187,"column":19},"end":{"line":187,"column":20}},"loc":{"start":{"line":187,"column":25},"end":{"line":199,"column":3}},"line":187},"17":{"name":"(anonymous_17)","decl":{"start":{"line":201,"column":20},"end":{"line":201,"column":21}},"loc":{"start":{"line":201,"column":26},"end":{"line":279,"column":3}},"line":201},"18":{"name":"(anonymous_18)","decl":{"start":{"line":281,"column":19},"end":{"line":281,"column":20}},"loc":{"start":{"line":281,"column":25},"end":{"line":283,"column":3}},"line":281},"19":{"name":"(anonymous_19)","decl":{"start":{"line":285,"column":20},"end":{"line":285,"column":21}},"loc":{"start":{"line":285,"column":26},"end":{"line":287,"column":3}},"line":285},"20":{"name":"(anonymous_20)","decl":{"start":{"line":289,"column":16},"end":{"line":289,"column":17}},"loc":{"start":{"line":289,"column":25},"end":{"line":291,"column":3}},"line":289},"21":{"name":"(anonymous_21)","decl":{"start":{"line":293,"column":19},"end":{"line":293,"column":20}},"loc":{"start":{"line":293,"column":31},"end":{"line":295,"column":3}},"line":293},"22":{"name":"(anonymous_22)","decl":{"start":{"line":297,"column":19},"end":{"line":297,"column":20}},"loc":{"start":{"line":297,"column":25},"end":{"line":338,"column":3}},"line":297},"23":{"name":"(anonymous_23)","decl":{"start":{"line":340,"column":18},"end":{"line":340,"column":19}},"loc":{"start":{"line":340,"column":34},"end":{"line":342,"column":3}},"line":340},"24":{"name":"(anonymous_24)","decl":{"start":{"line":344,"column":22},"end":{"line":344,"column":23}},"loc":{"start":{"line":344,"column":28},"end":{"line":364,"column":3}},"line":344},"25":{"name":"(anonymous_25)","decl":{"start":{"line":366,"column":27},"end":{"line":366,"column":28}},"loc":{"start":{"line":366,"column":33},"end":{"line":428,"column":3}},"line":366},"26":{"name":"(anonymous_26)","decl":{"start":{"line":371,"column":48},"end":{"line":371,"column":49}},"loc":{"start":{"line":371,"column":57},"end":{"line":378,"column":9}},"line":371},"27":{"name":"(anonymous_27)","decl":{"start":{"line":390,"column":50},"end":{"line":390,"column":51}},"loc":{"start":{"line":390,"column":59},"end":{"line":397,"column":11}},"line":390},"28":{"name":"(anonymous_28)","decl":{"start":{"line":408,"column":50},"end":{"line":408,"column":51}},"loc":{"start":{"line":408,"column":64},"end":{"line":415,"column":11}},"line":408},"29":{"name":"(anonymous_29)","decl":{"start":{"line":430,"column":2},"end":{"line":430,"column":3}},"loc":{"start":{"line":430,"column":11},"end":{"line":470,"column":3}},"line":430},"30":{"name":"(anonymous_30)","decl":{"start":{"line":441,"column":20},"end":{"line":441,"column":21}},"loc":{"start":{"line":441,"column":25},"end":{"line":441,"column":70}},"line":441}},"branchMap":{"0":{"loc":{"start":{"line":30,"column":4},"end":{"line":35,"column":5}},"type":"if","locations":[{"start":{"line":30,"column":4},"end":{"line":35,"column":5}},{"start":{"line":30,"column":4},"end":{"line":35,"column":5}}],"line":30},"1":{"loc":{"start":{"line":39,"column":11},"end":{"line":39,"column":116}},"type":"cond-expr","locations":[{"start":{"line":39,"column":47},"end":{"line":39,"column":57}},{"start":{"line":39,"column":60},"end":{"line":39,"column":116}}],"line":39},"2":{"loc":{"start":{"line":39,"column":60},"end":{"line":39,"column":116}},"type":"cond-expr","locations":[{"start":{"line":39,"column":96},"end":{"line":39,"column":104}},{"start":{"line":39,"column":107},"end":{"line":39,"column":116}}],"line":39},"3":{"loc":{"start":{"line":45,"column":4},"end":{"line":59,"column":5}},"type":"if","locations":[{"start":{"line":45,"column":4},"end":{"line":59,"column":5}},{"start":{"line":45,"column":4},"end":{"line":59,"column":5}}],"line":45},"4":{"loc":{"start":{"line":46,"column":6},"end":{"line":56,"column":7}},"type":"if","locations":[{"start":{"line":46,"column":6},"end":{"line":56,"column":7}},{"start":{"line":46,"column":6},"end":{"line":56,"column":7}}],"line":46},"5":{"loc":{"start":{"line":48,"column":10},"end":{"line":50,"column":11}},"type":"if","locations":[{"start":{"line":48,"column":10},"end":{"line":50,"column":11}},{"start":{"line":48,"column":10},"end":{"line":50,"column":11}}],"line":48},"6":{"loc":{"start":{"line":48,"column":14},"end":{"line":48,"column":145}},"type":"binary-expr","locations":[{"start":{"line":48,"column":14},"end":{"line":48,"column":76}},{"start":{"line":48,"column":80},"end":{"line":48,"column":145}}],"line":48},"7":{"loc":{"start":{"line":53,"column":8},"end":{"line":55,"column":9}},"type":"if","locations":[{"start":{"line":53,"column":8},"end":{"line":55,"column":9}},{"start":{"line":53,"column":8},"end":{"line":55,"column":9}}],"line":53},"8":{"loc":{"start":{"line":53,"column":12},"end":{"line":53,"column":143}},"type":"binary-expr","locations":[{"start":{"line":53,"column":12},"end":{"line":53,"column":74}},{"start":{"line":53,"column":78},"end":{"line":53,"column":143}}],"line":53},"9":{"loc":{"start":{"line":69,"column":4},"end":{"line":85,"column":5}},"type":"if","locations":[{"start":{"line":69,"column":4},"end":{"line":85,"column":5}},{"start":{"line":69,"column":4},"end":{"line":85,"column":5}}],"line":69},"10":{"loc":{"start":{"line":70,"column":6},"end":{"line":82,"column":7}},"type":"if","locations":[{"start":{"line":70,"column":6},"end":{"line":82,"column":7}},{"start":{"line":70,"column":6},"end":{"line":82,"column":7}}],"line":70},"11":{"loc":{"start":{"line":70,"column":10},"end":{"line":70,"column":87}},"type":"binary-expr","locations":[{"start":{"line":70,"column":10},"end":{"line":70,"column":44}},{"start":{"line":70,"column":48},"end":{"line":70,"column":87}}],"line":70},"12":{"loc":{"start":{"line":72,"column":8},"end":{"line":79,"column":9}},"type":"if","locations":[{"start":{"line":72,"column":8},"end":{"line":79,"column":9}},{"start":{"line":72,"column":8},"end":{"line":79,"column":9}}],"line":72},"13":{"loc":{"start":{"line":89,"column":4},"end":{"line":93,"column":5}},"type":"if","locations":[{"start":{"line":89,"column":4},"end":{"line":93,"column":5}},{"start":{"line":89,"column":4},"end":{"line":93,"column":5}}],"line":89},"14":{"loc":{"start":{"line":89,"column":8},"end":{"line":89,"column":60}},"type":"binary-expr","locations":[{"start":{"line":89,"column":8},"end":{"line":89,"column":24}},{"start":{"line":89,"column":28},"end":{"line":89,"column":60}}],"line":89},"15":{"loc":{"start":{"line":103,"column":4},"end":{"line":116,"column":5}},"type":"if","locations":[{"start":{"line":103,"column":4},"end":{"line":116,"column":5}},{"start":{"line":103,"column":4},"end":{"line":116,"column":5}}],"line":103},"16":{"loc":{"start":{"line":104,"column":6},"end":{"line":108,"column":7}},"type":"if","locations":[{"start":{"line":104,"column":6},"end":{"line":108,"column":7}},{"start":{"line":104,"column":6},"end":{"line":108,"column":7}}],"line":104},"17":{"loc":{"start":{"line":105,"column":8},"end":{"line":107,"column":9}},"type":"if","locations":[{"start":{"line":105,"column":8},"end":{"line":107,"column":9}},{"start":{"line":105,"column":8},"end":{"line":107,"column":9}}],"line":105},"18":{"loc":{"start":{"line":109,"column":6},"end":{"line":115,"column":7}},"type":"if","locations":[{"start":{"line":109,"column":6},"end":{"line":115,"column":7}},{"start":{"line":109,"column":6},"end":{"line":115,"column":7}}],"line":109},"19":{"loc":{"start":{"line":111,"column":10},"end":{"line":113,"column":11}},"type":"if","locations":[{"start":{"line":111,"column":10},"end":{"line":113,"column":11}},{"start":{"line":111,"column":10},"end":{"line":113,"column":11}}],"line":111},"20":{"loc":{"start":{"line":123,"column":13},"end":{"line":123,"column":67}},"type":"cond-expr","locations":[{"start":{"line":123,"column":49},"end":{"line":123,"column":57}},{"start":{"line":123,"column":60},"end":{"line":123,"column":67}}],"line":123},"21":{"loc":{"start":{"line":134,"column":4},"end":{"line":170,"column":5}},"type":"switch","locations":[{"start":{"line":135,"column":6},"end":{"line":135,"column":20}},{"start":{"line":136,"column":6},"end":{"line":150,"column":14}},{"start":{"line":151,"column":6},"end":{"line":151,"column":22}},{"start":{"line":152,"column":6},"end":{"line":167,"column":9}},{"start":{"line":168,"column":6},"end":{"line":169,"column":21}}],"line":134},"22":{"loc":{"start":{"line":141,"column":8},"end":{"line":149,"column":9}},"type":"if","locations":[{"start":{"line":141,"column":8},"end":{"line":149,"column":9}},{"start":{"line":141,"column":8},"end":{"line":149,"column":9}}],"line":141},"23":{"loc":{"start":{"line":153,"column":25},"end":{"line":153,"column":82}},"type":"cond-expr","locations":[{"start":{"line":153,"column":62},"end":{"line":153,"column":70}},{"start":{"line":153,"column":73},"end":{"line":153,"column":82}}],"line":153},"24":{"loc":{"start":{"line":154,"column":33},"end":{"line":154,"column":69}},"type":"cond-expr","locations":[{"start":{"line":154,"column":57},"end":{"line":154,"column":61}},{"start":{"line":154,"column":64},"end":{"line":154,"column":69}}],"line":154},"25":{"loc":{"start":{"line":160,"column":8},"end":{"line":167,"column":9}},"type":"if","locations":[{"start":{"line":160,"column":8},"end":{"line":167,"column":9}},{"start":{"line":160,"column":8},"end":{"line":167,"column":9}}],"line":160},"26":{"loc":{"start":{"line":176,"column":4},"end":{"line":182,"column":5}},"type":"if","locations":[{"start":{"line":176,"column":4},"end":{"line":182,"column":5}},{"start":{"line":176,"column":4},"end":{"line":182,"column":5}}],"line":176},"27":{"loc":{"start":{"line":176,"column":8},"end":{"line":176,"column":101}},"type":"binary-expr","locations":[{"start":{"line":176,"column":8},"end":{"line":176,"column":51}},{"start":{"line":176,"column":55},"end":{"line":176,"column":101}}],"line":176},"28":{"loc":{"start":{"line":177,"column":6},"end":{"line":181,"column":7}},"type":"if","locations":[{"start":{"line":177,"column":6},"end":{"line":181,"column":7}},{"start":{"line":177,"column":6},"end":{"line":181,"column":7}}],"line":177},"29":{"loc":{"start":{"line":190,"column":4},"end":{"line":196,"column":5}},"type":"if","locations":[{"start":{"line":190,"column":4},"end":{"line":196,"column":5}},{"start":{"line":190,"column":4},"end":{"line":196,"column":5}}],"line":190},"30":{"loc":{"start":{"line":190,"column":8},"end":{"line":190,"column":101}},"type":"binary-expr","locations":[{"start":{"line":190,"column":8},"end":{"line":190,"column":51}},{"start":{"line":190,"column":55},"end":{"line":190,"column":101}}],"line":190},"31":{"loc":{"start":{"line":191,"column":6},"end":{"line":195,"column":7}},"type":"if","locations":[{"start":{"line":191,"column":6},"end":{"line":195,"column":7}},{"start":{"line":191,"column":6},"end":{"line":195,"column":7}}],"line":191},"32":{"loc":{"start":{"line":194,"column":22},"end":{"line":194,"column":124}},"type":"cond-expr","locations":[{"start":{"line":194,"column":53},"end":{"line":194,"column":86}},{"start":{"line":194,"column":89},"end":{"line":194,"column":124}}],"line":194},"33":{"loc":{"start":{"line":205,"column":4},"end":{"line":230,"column":5}},"type":"if","locations":[{"start":{"line":205,"column":4},"end":{"line":230,"column":5}},{"start":{"line":205,"column":4},"end":{"line":230,"column":5}}],"line":205},"34":{"loc":{"start":{"line":208,"column":6},"en
[...]
,"/home/andres/projects/ui_library/ui_library/app/views/Inputs.js": {"path":"/home/andres/projects/ui_library/ui_library/app/views/Inputs.js","statementMap":{"0":{"start":{"line":11,"column":4},"end":{"line":11,"column":17}},"1":{"start":{"line":14,"column":21},"end":{"line":18,"column":3}},"2":{"start":{"line":17,"column":4},"end":{"line":17,"column":17}},"3":{"start":{"line":21,"column":4},"end":{"line":185,"column":5}}},"fnMap":{"0":{"name":"(anonymous_0)","decl":{"start":{"line":10,"column":2},"end":{"line":10,"column":3}},"loc":{"start":{"line":10,"column":21},"end":{"line":12,"column":3}},"line":10},"1":{"name":"(anonymous_1)","decl":{"start":{"line":14,"column":21},"end":{"line":14,"column":22}},"loc":{"start":{"line":14,"column":30},"end":{"line":18,"column":3}},"line":14},"2":{"name":"(anonymous_2)","decl":{"start":{"line":20,"column":2},"end":{"line":20,"column":3}},"loc":{"start":{"line":20,"column":11},"end":{"line":186,"column":3}},"line":20}},"branchMap":{},"s":{"0":1,"1":1,"2":1,"3":1},"f":{"0":1,"1":1,"2":1},"b":{},"_coverageSchema":"43e27e138ebf9cfc5966b082cf9a028302ed4184","hash":"410f62897eb76a678c1d9cdc5dc41060addfa1f3"}
,"/home/andres/projects/ui_library/ui_library/app/views/MapPins.js": {"path":"/home/andres/projects/ui_library/ui_library/app/views/MapPins.js","statementMap":{"0":{"start":{"line":11,"column":4},"end":{"line":11,"column":17}},"1":{"start":{"line":15,"column":4},"end":{"line":282,"column":6}}},"fnMap":{"0":{"name":"(anonymous_0)","decl":{"start":{"line":10,"column":2},"end":{"line":10,"column":3}},"loc":{"start":{"line":10,"column":21},"end":{"line":12,"column":3}},"line":10},"1":{"name":"(anonymous_1)","decl":{"start":{"line":14,"column":2},"end":{"line":14,"column":3}},"loc":{"start":{"line":14,"column":11},"end":{"line":283,"column":3}},"line":14}},"branchMap":{},"s":{"0":1,"1":1},"f":{"0":1,"1":1},"b":{},"_coverageSchema":"43e27e138ebf9cfc5966b082cf9a028302ed4184","hash":"c9105d7788d9fb05b557f8ff89d3a4389c7f2ff7"}
,"/home/andres/projects/ui_library/ui_library/app/views/Modals.js": {"path":"/home/andres/projects/ui_library/ui_library/app/views/Modals.js","statementMap":{"0":{"start":{"line":18,"column":4},"end":{"line":18,"column":17}},"1":{"start":{"line":20,"column":4},"end":{"line":45,"column":5}},"2":{"start":{"line":48,"column":16},"end":{"line":57,"column":3}},"3":{"start":{"line":49,"column":17},"end":{"line":49,"column":36}},"4":{"start":{"line":50,"column":18},"end":{"line":50,"column":25}},"5":{"start":{"line":51,"column":17},"end":{"line":51,"column":24}},"6":{"start":{"line":53,"column":21},"end":{"line":53,"column":36}},"7":{"start":{"line":54,"column":4},"end":{"line":54,"column":51}},"8":{"start":{"line":56,"column":4},"end":{"line":56,"column":28}},"9":{"start":{"line":60,"column":4},"end":{"line":164,"column":6}},"10":{"start":{"line":66,"column":88},"end":{"line":66,"column":124}},"11":{"start":{"line":69,"column":88},"end":{"line":69,"column":122}},"12":{"start":{"line":72,"column":88},"end":{"line":72,"column":124}},"13":{"start":{"line":75,"column":88},"end":{"line":75,"column":122}},"14":{"start":{"line":78,"column":88},"end":{"line":78,"column":123}},"15":{"start":{"line":81,"column":88},"end":{"line":81,"column":121}},"16":{"start":{"line":84,"column":88},"end":{"line":84,"column":121}},"17":{"start":{"line":87,"column":88},"end":{"line":87,"column":119}},"18":{"start":{"line":90,"column":88},"end":{"line":90,"column":124}},"19":{"start":{"line":93,"column":88},"end":{"line":93,"column":122}},"20":{"start":{"line":100,"column":88},"end":{"line":100,"column":125}},"21":{"start":{"line":103,"column":88},"end":{"line":103,"column":123}},"22":{"start":{"line":111,"column":144},"end":{"line":111,"column":180}},"23":{"start":{"line":112,"column":29},"end":{"line":112,"column":65}},"24":{"start":{"line":116,"column":144},"end":{"line":116,"column":178}},"25":{"start":{"line":117,"column":29},"end":{"line":117,"column":63}},"26":{"start":{"line":121,"column":29},"end":{"line":121,"column":65}},"27":{"start":{"line":125,"column":144},"end":{"line":125,"column":178}},"28":{"start":{"line":126,"column":29},"end":{"line":126,"column":63}},"29":{"start":{"line":130,"column":144},"end":{"line":130,"column":179}},"30":{"start":{"line":131,"column":29},"end":{"line":131,"column":64}},"31":{"start":{"line":135,"column":29},"end":{"line":135,"column":62}},"32":{"start":{"line":139,"column":144},"end":{"line":139,"column":177}},"33":{"start":{"line":140,"column":29},"end":{"line":140,"column":62}},"34":{"start":{"line":144,"column":144},"end":{"line":144,"column":175}},"35":{"start":{"line":145,"column":29},"end":{"line":145,"column":60}},"36":{"start":{"line":149,"column":29},"end":{"line":149,"column":65}},"37":{"start":{"line":153,"column":144},"end":{"line":153,"column":178}},"38":{"start":{"line":154,"column":29},"end":{"line":154,"column":63}},"39":{"start":{"line":158,"column":28},"end":{"line":158,"column":65}},"40":{"start":{"line":161,"column":28},"end":{"line":161,"column":63}}},"fnMap":{"0":{"name":"(anonymous_0)","decl":{"start":{"line":17,"column":2},"end":{"line":17,"column":3}},"loc":{"start":{"line":17,"column":21},"end":{"line":46,"column":3}},"line":17},"1":{"name":"(anonymous_1)","decl":{"start":{"line":48,"column":16},"end":{"line":48,"column":17}},"loc":{"start":{"line":48,"column":28},"end":{"line":57,"column":3}},"line":48},"2":{"name":"(anonymous_2)","decl":{"start":{"line":59,"column":2},"end":{"line":59,"column":3}},"loc":{"start":{"line":59,"column":11},"end":{"line":165,"column":3}},"line":59},"3":{"name":"(anonymous_3)","decl":{"start":{"line":66,"column":80},"end":{"line":66,"column":81}},"loc":{"start":{"line":66,"column":86},"end":{"line":66,"column":126}},"line":66},"4":{"name":"(anonymous_4)","decl":{"start":{"line":69,"column":80},"end":{"line":69,"column":81}},"loc":{"start":{"line":69,"column":86},"end":{"line":69,"column":124}},"line":69},"5":{"name":"(anonymous_5)","decl":{"start":{"line":72,"column":80},"end":{"line":72,"column":81}},"loc":{"start":{"line":72,"column":86},"end":{"line":72,"column":126}},"line":72},"6":{"name":"(anonymous_6)","decl":{"start":{"line":75,"column":80},"end":{"line":75,"column":81}},"loc":{"start":{"line":75,"column":86},"end":{"line":75,"column":124}},"line":75},"7":{"name":"(anonymous_7)","decl":{"start":{"line":78,"column":80},"end":{"line":78,"column":81}},"loc":{"start":{"line":78,"column":86},"end":{"line":78,"column":125}},"line":78},"8":{"name":"(anonymous_8)","decl":{"start":{"line":81,"column":80},"end":{"line":81,"column":81}},"loc":{"start":{"line":81,"column":86},"end":{"line":81,"column":123}},"line":81},"9":{"name":"(anonymous_9)","decl":{"start":{"line":84,"column":80},"end":{"line":84,"column":81}},"loc":{"start":{"line":84,"column":86},"end":{"line":84,"column":123}},"line":84},"10":{"name":"(anonymous_10)","decl":{"start":{"line":87,"column":80},"end":{"line":87,"column":81}},"loc":{"start":{"line":87,"column":86},"end":{"line":87,"column":121}},"line":87},"11":{"name":"(anonymous_11)","decl":{"start":{"line":90,"column":80},"end":{"line":90,"column":81}},"loc":{"start":{"line":90,"column":86},"end":{"line":90,"column":126}},"line":90},"12":{"name":"(anonymous_12)","decl":{"start":{"line":93,"column":80},"end":{"line":93,"column":81}},"loc":{"start":{"line":93,"column":86},"end":{"line":93,"column":124}},"line":93},"13":{"name":"(anonymous_13)","decl":{"start":{"line":100,"column":80},"end":{"line":100,"column":81}},"loc":{"start":{"line":100,"column":86},"end":{"line":100,"column":127}},"line":100},"14":{"name":"(anonymous_14)","decl":{"start":{"line":103,"column":80},"end":{"line":103,"column":81}},"loc":{"start":{"line":103,"column":86},"end":{"line":103,"column":125}},"line":103},"15":{"name":"(anonymous_15)","decl":{"start":{"line":111,"column":136},"end":{"line":111,"column":137}},"loc":{"start":{"line":111,"column":142},"end":{"line":111,"column":182}},"line":111},"16":{"name":"(anonymous_16)","decl":{"start":{"line":112,"column":21},"end":{"line":112,"column":22}},"loc":{"start":{"line":112,"column":27},"end":{"line":112,"column":67}},"line":112},"17":{"name":"(anonymous_17)","decl":{"start":{"line":116,"column":136},"end":{"line":116,"column":137}},"loc":{"start":{"line":116,"column":142},"end":{"line":116,"column":180}},"line":116},"18":{"name":"(anonymous_18)","decl":{"start":{"line":117,"column":21},"end":{"line":117,"column":22}},"loc":{"start":{"line":117,"column":27},"end":{"line":117,"column":65}},"line":117},"19":{"name":"(anonymous_19)","decl":{"start":{"line":121,"column":21},"end":{"line":121,"column":22}},"loc":{"start":{"line":121,"column":27},"end":{"line":121,"column":67}},"line":121},"20":{"name":"(anonymous_20)","decl":{"start":{"line":125,"column":136},"end":{"line":125,"column":137}},"loc":{"start":{"line":125,"column":142},"end":{"line":125,"column":180}},"line":125},"21":{"name":"(anonymous_21)","decl":{"start":{"line":126,"column":21},"end":{"line":126,"column":22}},"loc":{"start":{"line":126,"column":27},"end":{"line":126,"column":65}},"line":126},"22":{"name":"(anonymous_22)","decl":{"start":{"line":130,"column":136},"end":{"line":130,"column":137}},"loc":{"start":{"line":130,"column":142},"end":{"line":130,"column":181}},"line":130},"23":{"name":"(anonymous_23)","decl":{"start":{"line":131,"column":21},"end":{"line":131,"column":22}},"loc":{"start":{"line":131,"column":27},"end":{"line":131,"column":66}},"line":131},"24":{"name":"(anonymous_24)","decl":{"start":{"line":135,"column":21},"end":{"line":135,"column":22}},"loc":{"start":{"line":135,"column":27},"end":{"line":135,"column":64}},"line":135},"25":{"name":"(anonymous_25)","decl":{"start":{"line":139,"column":136},"end":{"line":139,"column":137}},"loc":{"start":{"line":139,"column":142},"end":{"line":139,"column":179}},"line":139},"26":{"name":"(anonymous_26)","decl":{"start":{"line":140,"column":21},"end":{"line":140,"column":22}},"loc":{"start":{"line":140,"column":27},"end":{"line":140,"column":64}},"line":140},"27":{"name":"(anonymous_27)","decl":{"start":{"line":144,"column":136},"end":{"line":144,"column":137}},"loc":{"start":{"line":144,"column":142},"end":{"line":144,"column":177}},"line":144},"28":{"name":"(anonymous_28)","decl":{"start":{"line":145,"column":21},"end":{"line":145,"column":22}},"loc":{"start":{"line":145,"column":27},"end":{"line":145,"column":62}},"line":145},"29":{"name":"(anonymous_29)","decl":{"start":{"line":149,"column":21},"end":{"line":149,"column":22}},"loc":{"start":{"line":149,"column":27},"end":{"line":149,"column":67}},"line":149},"30":{"name":"(anonymous_30)","decl":{"start":{"line":153,"column":136},"end":{"line":153,"column":137}},"loc":{"start":{"line":153,"column":142},"end":{"line":153,"column":180}},"line":153},"31":{"name":"(anonymous_31)","decl":{"start":{"line":154,"column":21},"end":{"line":154,"column":22}},"loc":{"start":{"line":154,"column":27},"end":{"line":154,"column":65}},"line":154},"32":{"name":"(anonymous_32)","decl":{"start":{"line":158,"column":20},"end":{"line":158,"column":21}},"loc":{"start":{"line":158,"column":26},"end":{"line":158,"column":67}},"line":158},"33":{"name":"(anonymous_33)","decl":{"start":{"line":161,"column":20},"end":{"line":161,"column":21}},"loc":{"start":{"line":161,"column":26},"end":{"line":161,"column":65}},"line":161}},"branchMap":{},"s":{"0":1,"1":1,"2":1,"3":43,"4":43,"5":43,"6":43,"7":43,"8":43,"9":45,"10":1,"11":1,"12":1,"13":1,"14":1,"15":1,"16":1,"17":1,"18":1,"19":1,"20":1,"21":1,"22":1,"23":1,"24":1,"25":1,"26":1,"27":1,"28":1,"29":1,"30":1,"31":1,"32":1,"33":1,"34":1,"35":1,"36":1,"37":1,"38":1,"39":1,"40":1},"f":{"0":1,"1":43,"2":45,"3":1,"4":1,"5":1,"6":1,"7":1,"8":1,"9":1,"10":1,"11":1,"12":1,"13":1,"14":1,"15":1,"16":1,"17":1,"18":1,"19":1,"20":1,"21":1,"22":1,"23":1,"24":1,"25":1,"26":1,"27":1,"28":1,"29":1,"30":1,"31":1,"32":1,"33":1},"b":{},"_coverageSchema":"43e27e138ebf9cfc5966b082cf9a028302ed4184","hash":"2a5fb4c40ee22e3b4db7503788cba03bac57b6bc"}
,"/home/andres/projects/ui_library/ui_library/app/views/Radios.js": {"path":"/home/andres/projects/ui_library/ui_library/app/views/Radios.js","statementMap":{"0":{"start":{"line":16,"column":4},"end":{"line":16,"column":17}},"1":{"start":{"line":19,"column":17},"end":{"line":23,"column":3}},"2":{"start":{"line":22,"column":4},"end":{"line":22,"column":27}},"3":{"start":{"line":25,"column":20},"end":{"line":29,"column":3}},"4":{"start":{"line":28,"column":4},"end":{"line":28,"column":27}},"5":{"start":{"line":32,"column":4},"end":{"line":68,"column":6}}},"fnMap":{"0":{"name":"(anonymous_0)","decl":{"start":{"line":15,"column":2},"end":{"line":15,"column":3}},"loc":{"start":{"line":15,"column":21},"end":{"line":17,"column":3}},"line":15},"1":{"name":"(anonymous_1)","decl":{"start":{"line":19,"column":17},"end":{"line":19,"column":18}},"loc":{"start":{"line":19,"column":36},"end":{"line":23,"column":3}},"line":19},"2":{"name":"(anonymous_2)","decl":{"start":{"line":25,"column":20},"end":{"line":25,"column":21}},"loc":{"start":{"line":25,"column":39},"end":{"line":29,"column":3}},"line":25},"3":{"name":"(anonymous_3)","decl":{"start":{"line":31,"column":2},"end":{"line":31,"column":3}},"loc":{"start":{"line":31,"column":11},"end":{"line":69,"column":3}},"line":31}},"branchMap":{},"s":{"0":1,"1":1,"2":1,"3":1,"4":1,"5":1},"f":{"0":1,"1":1,"2":1,"3":1},"b":{},"_coverageSchema":"43e27e138ebf9cfc5966b082cf9a028302ed4184","hash":"fb0a2b5efc9e2e091d378788c16b3012470dd5b2"}
,"/home/andres/projects/ui_library/ui_library/app/views/ServiceStatus.js": {"path":"/home/andres/projects/ui_library/ui_library/app/views/ServiceStatus.js","statementMap":{"0":{"start":{"line":12,"column":4},"end":{"line":12,"column":17}},"1":{"start":{"line":14,"column":4},"end":{"line":39,"column":5}},"2":{"start":{"line":42,"column":17},"end":{"line":42,"column":39}},"3":{"start":{"line":42,"column":25},"end":{"line":42,"column":37}},"4":{"start":{"line":44,"column":9},"end":{"line":48,"column":3}},"5":{"start":{"line":45,"column":4},"end":{"line":47,"column":7}},"6":{"start":{"line":50,"column":9},"end":{"line":54,"column":3}},"7":{"start":{"line":51,"column":4},"end":{"line":53,"column":7}},"8":{"start":{"line":57,"column":4},"end":{"line":81,"column":6}}},"fnMap":{"0":{"name":"(anonymous_0)","decl":{"start":{"line":11,"column":2},"end":{"line":11,"column":3}},"loc":{"start":{"line":11,"column":21},"end":{"line":40,"column":3}},"line":11},"1":{"name":"(anonymous_1)","decl":{"start":{"line":42,"column":17},"end":{"line":42,"column":18}},"loc":{"start":{"line":42,"column":23},"end":{"line":42,"column":39}},"line":42},"2":{"name":"(anonymous_2)","decl":{"start":{"line":44,"column":9},"end":{"line":44,"column":10}},"loc":{"start":{"line":44,"column":15},"end":{"line":48,"column":3}},"line":44},"3":{"name":"(anonymous_3)","decl":{"start":{"line":50,"column":9},"end":{"line":50,"column":10}},"loc":{"start":{"line":50,"column":15},"end":{"line":54,"column":3}},"line":50},"4":{"name":"(anonymous_4)","decl":{"start":{"line":56,"column":2},"end":{"line":56,"column":3}},"loc":{"start":{"line":56,"column":11},"end":{"line":82,"column":3}},"line":56}},"branchMap":{"0":{"loc":{"start":{"line":46,"column":24},"end":{"line":46,"column":93}},"type":"cond-expr","locations":[{"start":{"line":46,"column":58},"end":{"line":46,"column":89}},{"start":{"line":46,"column":92},"end":{"line":46,"column":93}}],"line":46},"1":{"loc":{"start":{"line":52,"column":24},"end":{"line":52,"column":145}},"type":"cond-expr","locations":[{"start":{"line":52,"column":84},"end":{"line":52,"column":115}},{"start":{"line":52,"column":118},"end":{"line":52,"column":145}}],"line":52}},"s":{"0":1,"1":1,"2":1,"3":1,"4":1,"5":2,"6":1,"7":2,"8":6},"f":{"0":1,"1":1,"2":2,"3":2,"4":6},"b":{"0":[1,1],"1":[1,1]},"_coverageSchema":"43e27e138ebf9cfc5966b082cf9a028302ed4184","hash":"3b8a6e74dc023c75e0b3f7f60f21351a735f92f7"}
,"/home/andres/projects/ui_library/ui_library/app/views/Tabs.js": {"path":"/home/andres/projects/ui_library/ui_library/app/views/Tabs.js","statementMap":{"0":{"start":{"line":11,"column":4},"end":{"line":11,"column":17}},"1":{"start":{"line":14,"column":17},"end":{"line":14,"column":39}},"2":{"start":{"line":14,"column":25},"end":{"line":14,"column":37}},"3":{"start":{"line":17,"column":4},"end":{"line":76,"column":6}}},"fnMap":{"0":{"name":"(anonymous_0)","decl":{"start":{"line":10,"column":2},"end":{"line":10,"column":3}},"loc":{"start":{"line":10,"column":21},"end":{"line":12,"column":3}},"line":10},"1":{"name":"(anonymous_1)","decl":{"start":{"line":14,"column":17},"end":{"line":14,"column":18}},"loc":{"start":{"line":14,"column":23},"end":{"line":14,"column":39}},"line":14},"2":{"name":"(anonymous_2)","decl":{"start":{"line":16,"column":2},"end":{"line":16,"column":3}},"loc":{"start":{"line":16,"column":11},"end":{"line":77,"column":3}},"line":16}},"branchMap":{},"s":{"0":1,"1":1,"2":1,"3":1},"f":{"0":1,"1":1,"2":1},"b":{},"_coverageSchema":"43e27e138ebf9cfc5966b082cf9a028302ed4184","hash":"0dd3ba61cd21d243f82ffe4441fdb982a859162c"}
,"/home/andres/projects/ui_library/ui_library/app/views/Toggles.js": {"path":"/home/andres/projects/ui_library/ui_library/app/views/Toggles.js","statementMap":{"0":{"start":{"line":13,"column":4},"end":{"line":13,"column":17}},"1":{"start":{"line":16,"column":18},"end":{"line":20,"column":3}},"2":{"start":{"line":19,"column":4},"end":{"line":19,"column":20}},"3":{"start":{"line":23,"column":4},"end":{"line":40,"column":6}}},"fnMap":{"0":{"name":"(anonymous_0)","decl":{"start":{"line":12,"column":2},"end":{"line":12,"column":3}},"loc":{"start":{"line":12,"column":21},"end":{"line":14,"column":3}},"line":12},"1":{"name":"(anonymous_1)","decl":{"start":{"line":16,"column":18},"end":{"line":16,"column":19}},"loc":{"start":{"line":16,"column":30},"end":{"line":20,"column":3}},"line":16},"2":{"name":"(anonymous_2)","decl":{"start":{"line":22,"column":2},"end":{"line":22,"column":3}},"loc":{"start":{"line":22,"column":11},"end":{"line":41,"column":3}},"line":22}},"branchMap":{},"s":{"0":1,"1":1,"2":1,"3":1},"f":{"0":1,"1":1,"2":1},"b":{},"_coverageSchema":"43e27e138ebf9cfc5966b082cf9a028302ed4184","hash":"c5b9f8133be976c4ba9ae068cf1af8f6e8f094e5"}
,"/home/andres/projects/ui_library/ui_library/assets/images/avatar.jpg": {"path":"/home/andres/projects/ui_library/ui_library/assets/images/avatar.jpg","statementMap":{"0":{"start":{"line":1,"column":0},"end":{"line":4,"column":6}}},"fnMap":{},"branchMap":{},"s":{"0":4},"f":{},"b":{},"_coverageSchema":"43e27e138ebf9cfc5966b082cf9a028302ed4184","hash":"98c25043417f73ee6d061a794347ae3cf3d4ff34"}
,"/home/andres/projects/ui_library/ui_library/assets/images/placeholder.png": {"path":"/home/andres/projects/ui_library/ui_library/assets/images/placeholder.png","statementMap":{"0":{"start":{"line":1,"column":0},"end":{"line":4,"column":6}}},"fnMap":{},"branchMap":{},"s":{"0":2},"f":{},"b":{},"_coverageSchema":"43e27e138ebf9cfc5966b082cf9a028302ed4184","hash":"3fd6c632bbf5252ab681125e9f3ef9c0393a3d3b"}
}
