TN:
SF:/home/andres/projects/ui_library/ui_library/App.js
FN:7,(anonymous_0)
FNF:1
FNH:1
FNDA:1,(anonymous_0)
DA:8,1
LF:1
LH:1
BRF:0
BRH:0
end_of_record
TN:
SF:/home/andres/projects/ui_library/ui_library/app/UILibrary.js
FN:24,(anonymous_0)
FNF:1
FNH:1
FNDA:2,(anonymous_0)
DA:25,2
DA:49,2
LF:2
LH:2
BRF:0
BRH:0
end_of_record
TN:
SF:/home/andres/projects/ui_library/ui_library/app/components/PackenAvatar.js
FN:8,(anonymous_0)
FN:12,(anonymous_1)
FNF:2
FNH:2
FNDA:53,(anonymous_0)
FNDA:95,(anonymous_1)
DA:9,53
DA:13,95
LF:2
LH:2
BRF:0
BRH:0
end_of_record
TN:
SF:/home/andres/projects/ui_library/ui_library/app/components/PackenButton.js
FN:11,(anonymous_0)
FN:114,(anonymous_1)
FN:206,(anonymous_2)
FN:214,(anonymous_3)
FN:221,(anonymous_4)
FN:228,(anonymous_5)
FN:232,(anonymous_6)
FN:254,(anonymous_7)
FN:262,(anonymous_8)
FN:267,(anonymous_9)
FN:271,(anonymous_10)
FNF:11
FNH:9
FNDA:145,(anonymous_0)
FNDA:4,(anonymous_1)
FNDA:1,(anonymous_2)
FNDA:1,(anonymous_3)
FNDA:1,(anonymous_4)
FNDA:1,(anonymous_5)
FNDA:1,(anonymous_6)
FNDA:1,(anonymous_7)
FNDA:145,(anonymous_8)
FNDA:0,(anonymous_9)
FNDA:0,(anonymous_10)
DA:12,145
DA:14,145
DA:30,145
DA:32,51
DA:40,51
DA:42,94
DA:56,94
DA:58,0
DA:61,145
DA:63,21
DA:69,21
DA:75,124
DA:78,145
DA:79,20
DA:80,20
DA:82,20
DA:83,10
DA:86,20
DA:87,4
DA:90,20
DA:91,4
DA:92,4
DA:94,4
DA:95,2
DA:100,145
DA:114,145
DA:115,4
DA:131,4
DA:133,0
DA:141,0
DA:143,4
DA:157,4
DA:159,0
DA:163,4
DA:165,0
DA:171,0
DA:177,4
DA:181,4
DA:182,0
DA:183,0
DA:185,0
DA:186,0
DA:189,0
DA:190,0
DA:193,0
DA:194,0
DA:195,0
DA:197,0
DA:198,0
DA:203,4
DA:207,1
DA:208,1
DA:214,145
DA:215,1
DA:221,145
DA:222,1
DA:228,145
DA:229,1
DA:232,145
DA:233,1
DA:234,1
DA:237,1
DA:239,0
DA:240,0
DA:246,1
DA:249,1
DA:254,145
DA:255,1
DA:256,1
DA:257,1
DA:263,145
DA:267,0
DA:271,0
LF:73
LH:52
BRDA:30,0,0,51
BRDA:30,0,1,94
BRDA:30,0,2,0
BRDA:52,1,0,70
BRDA:52,1,1,24
BRDA:52,2,0,22
BRDA:52,2,1,48
BRDA:53,3,0,70
BRDA:53,3,1,24
BRDA:53,4,0,48
BRDA:53,4,1,22
BRDA:61,5,0,21
BRDA:61,5,1,0
BRDA:61,5,2,20
BRDA:61,5,3,84
BRDA:61,5,4,104
BRDA:61,5,5,124
BRDA:78,6,0,20
BRDA:78,6,1,125
BRDA:82,7,0,10
BRDA:82,7,1,10
BRDA:86,8,0,4
BRDA:86,8,1,16
BRDA:90,9,0,4
BRDA:90,9,1,16
BRDA:94,10,0,2
BRDA:94,10,1,2
BRDA:104,11,0,121
BRDA:104,11,1,24
BRDA:131,12,0,0
BRDA:131,12,1,4
BRDA:131,12,2,0
BRDA:153,13,0,4
BRDA:153,13,1,0
BRDA:153,14,0,0
BRDA:153,14,1,4
BRDA:154,15,0,4
BRDA:154,15,1,0
BRDA:154,16,0,4
BRDA:154,16,1,0
BRDA:163,17,0,0
BRDA:163,17,1,0
BRDA:163,17,2,0
BRDA:163,17,3,4
BRDA:163,17,4,4
BRDA:163,17,5,4
BRDA:181,18,0,0
BRDA:181,18,1,4
BRDA:185,19,0,0
BRDA:185,19,1,0
BRDA:189,20,0,0
BRDA:189,20,1,0
BRDA:193,21,0,0
BRDA:193,21,1,0
BRDA:197,22,0,0
BRDA:197,22,1,0
BRDA:207,23,0,1
BRDA:207,23,1,0
BRDA:207,24,0,1
BRDA:207,24,1,0
BRDA:207,24,2,0
BRDA:237,25,0,0
BRDA:237,25,1,0
BRDA:237,25,2,1
BRDA:237,25,3,1
BRDA:237,25,4,1
BRDA:237,25,5,1
BRDA:264,26,0,20
BRDA:264,26,1,125
BRDA:270,27,0,121
BRDA:270,27,1,24
BRF:71
BRH:46
end_of_record
TN:
SF:/home/andres/projects/ui_library/ui_library/app/components/PackenCheckbox.js
FN:9,(anonymous_0)
FN:19,(anonymous_1)
FN:25,(anonymous_2)
FN:29,(anonymous_3)
FN:30,(anonymous_4)
FN:34,(anonymous_5)
FN:40,(anonymous_6)
FN:42,(anonymous_7)
FN:44,(anonymous_8)
FN:53,(anonymous_9)
FN:60,(anonymous_10)
FN:66,(anonymous_11)
FNF:12
FNH:10
FNDA:20,(anonymous_0)
FNDA:1,(anonymous_1)
FNDA:1,(anonymous_2)
FNDA:4,(anonymous_3)
FNDA:1,(anonymous_4)
FNDA:0,(anonymous_5)
FNDA:15,(anonymous_6)
FNDA:2,(anonymous_7)
FNDA:1,(anonymous_8)
FNDA:20,(anonymous_9)
FNDA:38,(anonymous_10)
FNDA:0,(anonymous_11)
DA:10,20
DA:12,20
DA:19,20
DA:20,1
DA:25,20
DA:26,1
DA:27,1
DA:28,1
DA:29,4
DA:30,1
DA:32,1
DA:35,0
DA:40,20
DA:41,15
DA:42,15
DA:44,15
DA:45,15
DA:46,1
DA:47,1
DA:54,20
DA:61,38
DA:66,0
LF:22
LH:20
BRDA:26,0,0,1
BRDA:26,0,1,0
BRDA:45,1,0,1
BRDA:45,1,1,14
BRDA:57,2,0,14
BRDA:57,2,1,6
BRDA:63,3,0,14
BRDA:63,3,1,24
BRF:8
BRH:7
end_of_record
TN:
SF:/home/andres/projects/ui_library/ui_library/app/components/PackenCheckboxControl.js
FN:11,(anonymous_0)
FN:24,(anonymous_1)
FN:28,(anonymous_2)
FN:31,(anonymous_3)
FN:48,(anonymous_4)
FN:65,(anonymous_5)
FN:74,(anonymous_6)
FNF:7
FNH:5
FNDA:39,(anonymous_0)
FNDA:40,(anonymous_1)
FNDA:0,(anonymous_2)
FNDA:0,(anonymous_3)
FNDA:39,(anonymous_4)
FNDA:16,(anonymous_5)
FNDA:53,(anonymous_6)
DA:12,39
DA:14,39
DA:24,39
DA:25,40
DA:28,39
DA:29,0
DA:30,0
DA:31,0
DA:32,0
DA:36,0
DA:37,0
DA:41,0
DA:48,39
DA:49,39
DA:51,39
DA:52,14
DA:62,39
DA:65,39
DA:66,16
DA:67,1
DA:69,16
DA:70,1
DA:75,53
LF:23
LH:16
BRDA:29,0,0,0
BRDA:29,0,1,0
BRDA:36,1,0,0
BRDA:36,1,1,0
BRDA:51,2,0,14
BRDA:51,2,1,25
BRDA:56,3,0,6
BRDA:56,3,1,8
BRDA:66,4,0,1
BRDA:66,4,1,15
BRDA:69,5,0,1
BRDA:69,5,1,15
BRDA:80,6,0,19
BRDA:80,6,1,34
BRDA:85,7,0,19
BRDA:85,7,1,34
BRDA:97,8,0,28
BRDA:97,8,1,25
BRF:18
BRH:14
end_of_record
TN:
SF:/home/andres/projects/ui_library/ui_library/app/components/PackenDivider.js
FN:8,(anonymous_0)
FN:12,(anonymous_1)
FNF:2
FNH:2
FNDA:11,(anonymous_0)
FNDA:11,(anonymous_1)
DA:9,11
DA:13,11
LF:2
LH:2
BRDA:16,0,0,11
BRDA:16,0,1,0
BRDA:17,1,0,11
BRDA:17,1,1,0
BRF:4
BRH:2
end_of_record
TN:
SF:/home/andres/projects/ui_library/ui_library/app/components/PackenDropdown.js
FN:10,(anonymous_0)
FN:28,(anonymous_1)
FN:39,(anonymous_2)
FN:52,(anonymous_3)
FN:58,(anonymous_4)
FN:64,(anonymous_5)
FN:67,(anonymous_6)
FN:79,(anonymous_7)
FN:93,(anonymous_8)
FN:119,(anonymous_9)
FNF:10
FNH:6
FNDA:25,(anonymous_0)
FNDA:1,(anonymous_1)
FNDA:0,(anonymous_2)
FNDA:1,(anonymous_3)
FNDA:1,(anonymous_4)
FNDA:0,(anonymous_5)
FNDA:0,(anonymous_6)
FNDA:1,(anonymous_7)
FNDA:25,(anonymous_8)
FNDA:0,(anonymous_9)
DA:11,25
DA:13,25
DA:28,25
DA:29,1
DA:39,25
DA:40,0
DA:44,0
DA:52,25
DA:53,1
DA:58,25
DA:59,1
DA:64,25
DA:65,0
DA:67,0
DA:68,0
DA:70,0
DA:72,0
DA:76,0
DA:80,1
DA:81,1
DA:94,25
DA:119,0
LF:22
LH:13
BRDA:80,0,0,1
BRDA:80,0,1,0
BRDA:86,1,0,1
BRDA:86,1,1,0
BRDA:97,2,0,2
BRDA:97,2,1,23
BRDA:121,3,0,0
BRDA:121,3,1,25
BRF:8
BRH:5
end_of_record
TN:
SF:/home/andres/projects/ui_library/ui_library/app/components/PackenInput.js
FN:11,(anonymous_0)
FN:38,(anonymous_1)
FN:61,(anonymous_2)
FN:73,(anonymous_3)
FN:85,(anonymous_4)
FN:95,(anonymous_5)
FN:108,(anonymous_6)
FN:114,(anonymous_7)
FN:120,(anonymous_8)
FN:126,(anonymous_9)
FN:132,(anonymous_10)
FN:139,(anonymous_11)
FN:147,(anonymous_12)
FN:162,(anonymous_13)
FN:165,(anonymous_14)
FNF:15
FNH:13
FNDA:46,(anonymous_0)
FNDA:37,(anonymous_1)
FNDA:1,(anonymous_2)
FNDA:1,(anonymous_3)
FNDA:48,(anonymous_4)
FNDA:48,(anonymous_5)
FNDA:1,(anonymous_6)
FNDA:1,(anonymous_7)
FNDA:1,(anonymous_8)
FNDA:1,(anonymous_9)
FNDA:1,(anonymous_10)
FNDA:1,(anonymous_11)
FNDA:46,(anonymous_12)
FNDA:0,(anonymous_13)
FNDA:0,(anonymous_14)
DA:12,46
DA:14,46
DA:19,46
DA:20,36
DA:35,46
DA:38,46
DA:39,37
DA:41,37
DA:42,37
DA:43,37
DA:45,37
DA:46,8
DA:51,29
DA:58,37
DA:61,46
DA:62,1
DA:73,46
DA:74,1
DA:85,46
DA:86,48
DA:88,48
DA:89,37
DA:92,48
DA:95,46
DA:96,48
DA:98,48
DA:99,9
DA:105,48
DA:108,46
DA:109,1
DA:114,46
DA:115,1
DA:120,46
DA:121,1
DA:126,46
DA:127,1
DA:132,46
DA:133,1
DA:136,1
DA:140,1
DA:141,1
DA:148,46
DA:162,0
DA:165,0
LF:44
LH:42
BRDA:15,0,0,0
BRDA:15,0,1,46
BRDA:16,1,0,4
BRDA:16,1,1,42
BRDA:19,2,0,36
BRDA:19,2,1,10
BRDA:41,3,0,37
BRDA:41,3,1,0
BRDA:45,4,0,8
BRDA:45,4,1,29
BRDA:88,5,0,37
BRDA:88,5,1,11
BRDA:98,6,0,9
BRDA:98,6,1,39
BRDA:140,7,0,1
BRDA:140,7,1,0
BRDA:149,8,0,4
BRDA:149,8,1,42
BRDA:157,9,0,22
BRDA:157,9,1,24
BRDA:164,10,0,36
BRDA:164,10,1,10
BRDA:167,11,0,25
BRDA:167,11,1,11
BRDA:167,12,0,0
BRDA:167,12,1,25
BRDA:195,13,0,8
BRDA:195,13,1,38
BRDA:196,14,0,27
BRDA:196,14,1,19
BRDA:196,15,0,46
BRDA:196,15,1,42
BRDA:201,16,0,25
BRDA:201,16,1,21
BRDA:204,17,0,25
BRDA:204,17,1,0
BRF:36
BRH:31
end_of_record
TN:
SF:/home/andres/projects/ui_library/ui_library/app/components/PackenList.js
FN:7,(anonymous_0)
FN:24,(anonymous_1)
FN:37,(anonymous_2)
FN:42,(anonymous_3)
FN:46,(anonymous_4)
FN:72,(anonymous_5)
FN:75,(anonymous_6)
FN:76,(anonymous_7)
FN:103,(anonymous_8)
FN:117,(anonymous_9)
FN:132,(anonymous_10)
FNF:11
FNH:8
FNDA:26,(anonymous_0)
FNDA:2,(anonymous_1)
FNDA:4,(anonymous_2)
FNDA:8,(anonymous_3)
FNDA:8,(anonymous_4)
FNDA:0,(anonymous_5)
FNDA:0,(anonymous_6)
FNDA:0,(anonymous_7)
FNDA:183,(anonymous_8)
FNDA:1,(anonymous_9)
FNDA:26,(anonymous_10)
DA:8,26
DA:10,26
DA:24,26
DA:26,2
DA:27,1
DA:29,1
DA:32,2
DA:37,26
DA:38,4
DA:41,4
DA:42,4
DA:43,8
DA:46,8
DA:47,4
DA:49,4
DA:54,4
DA:55,2
DA:56,1
DA:64,4
DA:65,2
DA:67,4
DA:70,0
DA:72,0
DA:73,0
DA:75,0
DA:76,0
DA:78,0
DA:83,0
DA:84,0
DA:85,0
DA:86,0
DA:87,0
DA:89,0
DA:97,0
DA:99,0
DA:103,26
DA:104,183
DA:118,1
DA:120,1
DA:121,1
DA:122,1
DA:133,26
LF:42
LH:28
BRDA:26,0,0,1
BRDA:26,0,1,1
BRDA:38,1,0,4
BRDA:38,1,1,4
BRDA:38,1,2,0
BRDA:38,1,3,0
BRDA:38,1,4,0
BRDA:54,2,0,2
BRDA:54,2,1,2
BRDA:55,3,0,1
BRDA:55,3,1,1
BRDA:64,4,0,2
BRDA:64,4,1,2
BRDA:83,5,0,0
BRDA:83,5,1,0
BRDA:84,6,0,0
BRDA:84,6,1,0
BRDA:118,7,0,1
BRDA:118,7,1,0
BRDA:120,8,0,1
BRDA:120,8,1,0
BRF:21
BRH:12
end_of_record
TN:
SF:/home/andres/projects/ui_library/ui_library/app/components/PackenListItem.js
FN:14,(anonymous_0)
FN:23,(anonymous_1)
FN:47,(anonymous_2)
FN:51,(anonymous_3)
FN:56,(anonymous_4)
FN:71,(anonymous_5)
FN:79,(anonymous_6)
FN:88,(anonymous_7)
FN:96,(anonymous_8)
FN:102,(anonymous_9)
FN:143,(anonymous_10)
FN:157,(anonymous_11)
FN:171,(anonymous_12)
FN:251,(anonymous_13)
FN:255,(anonymous_14)
FN:259,(anonymous_15)
FN:272,(anonymous_16)
FN:282,(anonymous_17)
FN:302,(anonymous_18)
FN:306,(anonymous_19)
FN:328,(anonymous_20)
FN:333,(anonymous_21)
FN:346,(anonymous_22)
FN:358,(anonymous_23)
FN:372,(anonymous_24)
FN:383,(anonymous_25)
FNF:26
FNH:23
FNDA:183,(anonymous_0)
FNDA:168,(anonymous_1)
FNDA:184,(anonymous_2)
FNDA:184,(anonymous_3)
FNDA:1,(anonymous_4)
FNDA:183,(anonymous_5)
FNDA:0,(anonymous_6)
FNDA:1,(anonymous_7)
FNDA:0,(anonymous_8)
FNDA:4,(anonymous_9)
FNDA:369,(anonymous_10)
FNDA:370,(anonymous_11)
FNDA:736,(anonymous_12)
FNDA:367,(anonymous_13)
FNDA:367,(anonymous_14)
FNDA:183,(anonymous_15)
FNDA:14,(anonymous_16)
FNDA:14,(anonymous_17)
FNDA:1,(anonymous_18)
FNDA:734,(anonymous_19)
FNDA:316,(anonymous_20)
FNDA:49,(anonymous_21)
FNDA:1,(anonymous_22)
FNDA:289,(anonymous_23)
FNDA:366,(anonymous_24)
FNDA:0,(anonymous_25)
DA:15,183
DA:17,183
DA:19,183
DA:20,183
DA:21,155
DA:22,84
DA:23,84
DA:24,168
DA:25,168
DA:29,71
DA:30,71
DA:34,28
DA:35,28
DA:38,183
DA:48,184
DA:52,184
DA:54,184
DA:55,1
DA:56,1
DA:57,1
DA:58,1
DA:66,184
DA:67,15
DA:71,183
DA:72,183
DA:73,28
DA:74,14
DA:75,14
DA:78,28
DA:79,14
DA:80,0
DA:81,0
DA:88,183
DA:89,1
DA:90,1
DA:96,183
DA:97,0
DA:102,183
DA:103,4
DA:106,2
DA:110,2
DA:111,2
DA:112,2
DA:117,0
DA:119,2
DA:122,2
DA:123,2
DA:124,2
DA:129,2
DA:130,2
DA:135,0
DA:137,2
DA:139,0
DA:143,183
DA:144,369
DA:146,369
DA:147,312
DA:148,1
DA:150,311
DA:154,369
DA:157,183
DA:158,370
DA:160,370
DA:161,313
DA:162,1
DA:164,312
DA:168,370
DA:171,183
DA:173,736
DA:175,736
DA:176,456
DA:178,280
DA:180,168
DA:187,168
DA:189,112
DA:195,112
DA:197,0
DA:198,0
DA:202,736
DA:203,568
DA:205,168
DA:207,112
DA:214,112
DA:216,56
DA:222,56
DA:224,0
DA:225,0
DA:229,736
DA:230,280
DA:237,736
DA:238,168
DA:245,736
DA:251,183
DA:252,367
DA:255,183
DA:256,367
DA:259,183
DA:262,183
DA:263,28
DA:265,14
DA:272,14
DA:275,14
DA:277,14
DA:282,14
DA:285,14
DA:287,0
DA:290,155
DA:297,183
DA:302,183
DA:303,1
DA:306,183
DA:307,734
DA:312,734
DA:313,105
DA:325,734
DA:328,183
DA:329,316
DA:331,316
DA:332,46
DA:333,25
DA:334,49
DA:335,49
DA:339,21
DA:340,21
DA:344,270
DA:345,2
DA:346,1
DA:347,1
DA:348,1
DA:352,1
DA:353,1
DA:357,268
DA:358,145
DA:359,289
DA:360,289
DA:364,123
DA:365,123
DA:373,366
DA:374,310
DA:377,366
DA:383,0
LF:141
LH:129
BRDA:17,0,0,26
BRDA:17,0,1,157
BRDA:17,1,0,0
BRDA:17,1,1,157
BRDA:20,2,0,155
BRDA:20,2,1,28
BRDA:21,3,0,84
BRDA:21,3,1,71
BRDA:24,4,0,168
BRDA:24,4,1,0
BRDA:24,5,0,168
BRDA:24,5,1,168
BRDA:29,6,0,71
BRDA:29,6,1,0
BRDA:29,7,0,71
BRDA:29,7,1,71
BRDA:54,8,0,1
BRDA:54,8,1,183
BRDA:55,9,0,1
BRDA:55,9,1,0
BRDA:57,10,0,1
BRDA:57,10,1,0
BRDA:66,11,0,15
BRDA:66,11,1,169
BRDA:66,12,0,184
BRDA:66,12,1,29
BRDA:72,13,0,28
BRDA:72,13,1,155
BRDA:73,14,0,14
BRDA:73,14,1,14
BRDA:74,15,0,14
BRDA:74,15,1,0
BRDA:78,16,0,14
BRDA:78,16,1,14
BRDA:80,17,0,0
BRDA:80,17,1,0
BRDA:92,18,0,0
BRDA:92,18,1,1
BRDA:103,19,0,2
BRDA:103,19,1,2
BRDA:103,19,2,2
BRDA:103,19,3,2
BRDA:103,19,4,0
BRDA:110,20,0,2
BRDA:110,20,1,0
BRDA:122,21,0,2
BRDA:122,21,1,0
BRDA:123,22,0,2
BRDA:123,22,1,0
BRDA:129,23,0,2
BRDA:129,23,1,0
BRDA:146,24,0,312
BRDA:146,24,1,57
BRDA:146,25,0,369
BRDA:146,25,1,340
BRDA:147,26,0,1
BRDA:147,26,1,311
BRDA:160,27,0,313
BRDA:160,27,1,57
BRDA:160,28,0,370
BRDA:160,28,1,341
BRDA:161,29,0,1
BRDA:161,29,1,312
BRDA:164,30,0,1
BRDA:164,30,1,311
BRDA:175,31,0,456
BRDA:175,31,1,280
BRDA:178,32,0,168
BRDA:178,32,1,112
BRDA:178,32,2,0
BRDA:202,33,0,568
BRDA:202,33,1,168
BRDA:205,34,0,112
BRDA:205,34,1,56
BRDA:205,34,2,0
BRDA:229,35,0,280
BRDA:229,35,1,456
BRDA:237,36,0,168
BRDA:237,36,1,568
BRDA:262,37,0,28
BRDA:262,37,1,155
BRDA:263,38,0,14
BRDA:263,38,1,14
BRDA:263,38,2,0
BRDA:312,39,0,105
BRDA:312,39,1,629
BRDA:331,40,0,46
BRDA:331,40,1,270
BRDA:332,41,0,25
BRDA:332,41,1,21
BRDA:334,42,0,49
BRDA:334,42,1,0
BRDA:334,43,0,49
BRDA:334,43,1,49
BRDA:339,44,0,21
BRDA:339,44,1,0
BRDA:339,45,0,21
BRDA:339,45,1,21
BRDA:344,46,0,2
BRDA:344,46,1,268
BRDA:345,47,0,1
BRDA:345,47,1,1
BRDA:347,48,0,1
BRDA:347,48,1,0
BRDA:347,49,0,1
BRDA:347,49,1,1
BRDA:352,50,0,1
BRDA:352,50,1,0
BRDA:352,51,0,1
BRDA:352,51,1,1
BRDA:357,52,0,145
BRDA:357,52,1,123
BRDA:359,53,0,289
BRDA:359,53,1,0
BRDA:359,54,0,289
BRDA:359,54,1,289
BRDA:364,55,0,123
BRDA:364,55,1,0
BRDA:364,56,0,123
BRDA:364,56,1,123
BRDA:373,57,0,310
BRDA:373,57,1,56
BRDA:378,58,0,52
BRDA:378,58,1,314
BRDA:399,59,0,0
BRDA:399,59,1,366
BRDA:399,60,0,366
BRDA:399,60,1,0
BRF:128
BRH:103
end_of_record
TN:
SF:/home/andres/projects/ui_library/ui_library/app/components/PackenMapPin.js
FN:9,(anonymous_0)
FN:13,(anonymous_1)
FNF:2
FNH:2
FNDA:42,(anonymous_0)
FNDA:42,(anonymous_1)
DA:10,42
DA:14,42
LF:2
LH:2
BRDA:17,0,0,33
BRDA:17,0,1,9
BRDA:20,1,0,14
BRDA:20,1,1,19
BRDA:20,2,0,33
BRDA:20,2,1,29
BRDA:27,3,0,33
BRDA:27,3,1,0
BRDA:35,4,0,15
BRDA:35,4,1,18
BRDA:35,5,0,33
BRDA:35,5,1,29
BRF:12
BRH:11
end_of_record
TN:
SF:/home/andres/projects/ui_library/ui_library/app/components/PackenMapPinSub.js
FN:10,(anonymous_0)
FN:14,(anonymous_1)
FN:24,(anonymous_2)
FNF:3
FNH:3
FNDA:39,(anonymous_0)
FNDA:28,(anonymous_1)
FNDA:39,(anonymous_2)
DA:11,39
DA:14,39
DA:15,28
DA:17,28
DA:18,19
DA:21,28
DA:25,39
LF:7
LH:7
BRDA:17,0,0,19
BRDA:17,0,1,9
BRDA:28,1,0,26
BRDA:28,1,1,13
BRDA:36,2,0,13
BRDA:36,2,1,26
BRDA:41,3,0,35
BRDA:41,3,1,4
BRF:8
BRH:8
end_of_record
TN:
SF:/home/andres/projects/ui_library/ui_library/app/components/PackenModal.js
FN:13,(anonymous_0)
FN:56,(anonymous_1)
FN:62,(anonymous_2)
FN:80,(anonymous_3)
FN:96,(anonymous_4)
FN:114,(anonymous_5)
FN:128,(anonymous_6)
FN:137,(anonymous_7)
FN:141,(anonymous_8)
FN:145,(anonymous_9)
FN:153,(anonymous_10)
FN:165,(anonymous_11)
FN:177,(anonymous_12)
FN:195,(anonymous_13)
FN:202,(anonymous_14)
FN:211,(anonymous_15)
FN:249,(anonymous_16)
FN:256,(anonymous_17)
FN:275,(anonymous_18)
FNF:19
FNH:16
FNDA:26,(anonymous_0)
FNDA:26,(anonymous_1)
FNDA:23,(anonymous_2)
FNDA:23,(anonymous_3)
FNDA:2,(anonymous_4)
FNDA:8,(anonymous_5)
FNDA:0,(anonymous_6)
FNDA:1,(anonymous_7)
FNDA:1,(anonymous_8)
FNDA:10,(anonymous_9)
FNDA:1,(anonymous_10)
FNDA:1,(anonymous_11)
FNDA:5,(anonymous_12)
FNDA:41,(anonymous_13)
FNDA:3,(anonymous_14)
FNDA:31,(anonymous_15)
FNDA:0,(anonymous_16)
FNDA:0,(anonymous_17)
FNDA:15,(anonymous_18)
DA:14,26
DA:16,26
DA:17,26
DA:18,21
DA:22,5
DA:51,26
DA:53,26
DA:57,26
DA:58,5
DA:62,26
DA:63,23
DA:65,23
DA:66,18
DA:71,5
DA:77,23
DA:80,26
DA:81,23
DA:83,23
DA:84,18
DA:88,5
DA:93,23
DA:96,26
DA:97,2
DA:98,1
DA:105,1
DA:115,8
DA:116,2
DA:118,8
DA:119,7
DA:120,2
DA:122,7
DA:123,1
DA:128,26
DA:129,0
DA:137,26
DA:138,1
DA:141,26
DA:142,1
DA:145,26
DA:146,10
DA:153,26
DA:154,1
DA:165,26
DA:166,1
DA:177,26
DA:178,5
DA:179,5
DA:181,5
DA:195,26
DA:196,41
DA:202,26
DA:203,3
DA:212,31
DA:249,0
DA:256,0
DA:275,15
LF:56
LH:53
BRDA:17,0,0,21
BRDA:17,0,1,5
BRDA:57,1,0,5
BRDA:57,1,1,21
BRDA:65,2,0,18
BRDA:65,2,1,5
BRDA:83,3,0,18
BRDA:83,3,1,5
BRDA:97,4,0,1
BRDA:97,4,1,1
BRDA:115,5,0,2
BRDA:115,5,1,6
BRDA:118,6,0,7
BRDA:118,6,1,1
BRDA:119,7,0,2
BRDA:119,7,1,5
BRDA:122,8,0,1
BRDA:122,8,1,6
BRDA:205,9,0,1
BRDA:205,9,1,2
BRDA:206,10,0,1
BRDA:206,10,1,2
BRDA:220,11,0,10
BRDA:220,11,1,21
BRDA:225,12,0,21
BRDA:225,12,1,10
BRDA:229,13,0,17
BRDA:229,13,1,4
BRDA:239,14,0,15
BRDA:239,14,1,6
BRDA:251,15,0,4
BRDA:251,15,1,6
BRDA:254,16,0,0
BRDA:254,16,1,4
BRDA:263,17,0,4
BRDA:263,17,1,0
BRF:36
BRH:34
end_of_record
TN:
SF:/home/andres/projects/ui_library/ui_library/app/components/PackenRadio.js
FN:9,(anonymous_0)
FN:18,(anonymous_1)
FN:24,(anonymous_2)
FN:28,(anonymous_3)
FN:34,(anonymous_4)
FN:48,(anonymous_5)
FN:54,(anonymous_6)
FN:58,(anonymous_7)
FNF:8
FNH:8
FNDA:20,(anonymous_0)
FNDA:1,(anonymous_1)
FNDA:4,(anonymous_2)
FNDA:1,(anonymous_3)
FNDA:17,(anonymous_4)
FNDA:15,(anonymous_5)
FNDA:34,(anonymous_6)
FNDA:46,(anonymous_7)
DA:10,20
DA:12,20
DA:18,20
DA:19,1
DA:24,20
DA:25,4
DA:28,20
DA:29,1
DA:35,17
DA:36,3
DA:38,17
DA:41,3
DA:42,1
DA:44,3
DA:48,20
DA:49,15
DA:55,34
DA:59,46
LF:18
LH:18
BRDA:35,0,0,3
BRDA:35,0,1,14
BRDA:38,1,0,3
BRDA:38,1,1,14
BRDA:41,2,0,1
BRDA:41,2,1,2
BRDA:62,3,0,28
BRDA:62,3,1,18
BRF:8
BRH:8
end_of_record
TN:
SF:/home/andres/projects/ui_library/ui_library/app/components/PackenRadioControl.js
FN:9,(anonymous_0)
FN:17,(anonymous_1)
FN:22,(anonymous_2)
FN:30,(anonymous_3)
FN:46,(anonymous_4)
FN:58,(anonymous_5)
FN:65,(anonymous_6)
FNF:7
FNH:7
FNDA:33,(anonymous_0)
FNDA:34,(anonymous_1)
FNDA:1,(anonymous_2)
FNDA:36,(anonymous_3)
FNDA:35,(anonymous_4)
FNDA:34,(anonymous_5)
FNDA:66,(anonymous_6)
DA:10,33
DA:12,33
DA:18,34
DA:19,34
DA:22,33
DA:23,1
DA:27,1
DA:30,33
DA:31,36
DA:32,7
DA:33,3
DA:37,4
DA:42,29
DA:46,33
DA:47,35
DA:48,28
DA:52,7
DA:59,34
DA:60,1
DA:61,1
DA:66,66
LF:21
LH:21
BRDA:13,0,0,5
BRDA:13,0,1,28
BRDA:31,1,0,7
BRDA:31,1,1,29
BRDA:32,2,0,3
BRDA:32,2,1,4
BRDA:47,3,0,28
BRDA:47,3,1,7
BRDA:59,4,0,1
BRDA:59,4,1,33
BRDA:67,5,0,10
BRDA:67,5,1,56
BRDA:72,6,0,66
BRDA:72,6,1,0
BRF:14
BRH:13
end_of_record
TN:
SF:/home/andres/projects/ui_library/ui_library/app/components/PackenServiceStatus.js
FN:9,(anonymous_0)
FN:13,(anonymous_1)
FN:26,(anonymous_2)
FN:39,(anonymous_3)
FN:45,(anonymous_4)
FN:50,(anonymous_5)
FNF:6
FNH:6
FNDA:3,(anonymous_0)
FNDA:9,(anonymous_1)
FNDA:1,(anonymous_2)
FNDA:1,(anonymous_3)
FNDA:3,(anonymous_4)
FNDA:9,(anonymous_5)
DA:10,3
DA:12,3
DA:13,3
DA:14,9
DA:20,3
DA:26,3
DA:27,1
DA:28,0
DA:30,1
DA:31,0
DA:34,1
DA:40,1
DA:41,1
DA:46,3
DA:51,9
LF:15
LH:13
BRDA:40,0,0,1
BRDA:40,0,1,0
BRF:2
BRH:1
end_of_record
TN:
SF:/home/andres/projects/ui_library/ui_library/app/components/PackenServiceStatusIcon.js
FN:9,(anonymous_0)
FN:18,(anonymous_1)
FN:22,(anonymous_2)
FN:35,(anonymous_3)
FN:49,(anonymous_4)
FN:56,(anonymous_5)
FN:62,(anonymous_6)
FNF:7
FNH:7
FNDA:10,(anonymous_0)
FNDA:11,(anonymous_1)
FNDA:20,(anonymous_2)
FNDA:12,(anonymous_3)
FNDA:10,(anonymous_4)
FNDA:10,(anonymous_5)
FNDA:20,(anonymous_6)
DA:10,10
DA:12,10
DA:19,11
DA:22,10
DA:23,20
DA:25,20
DA:26,16
DA:27,16
DA:28,0
DA:32,20
DA:35,10
DA:36,12
DA:37,5
DA:40,5
DA:42,7
DA:45,7
DA:49,10
DA:50,10
DA:51,10
DA:57,10
DA:58,0
DA:63,20
LF:22
LH:20
BRDA:25,0,0,16
BRDA:25,0,1,4
BRDA:27,1,0,0
BRDA:27,1,1,16
BRDA:36,2,0,5
BRDA:36,2,1,7
BRDA:57,3,0,0
BRDA:57,3,1,10
BRDA:69,4,0,14
BRDA:69,4,1,6
BRF:10
BRH:8
end_of_record
TN:
SF:/home/andres/projects/ui_library/ui_library/app/components/PackenTabItem.js
FN:11,(anonymous_0)
FN:19,(anonymous_1)
FN:23,(anonymous_2)
FN:41,(anonymous_3)
FN:47,(anonymous_4)
FN:67,(anonymous_5)
FN:77,(anonymous_6)
FN:83,(anonymous_7)
FN:104,(anonymous_8)
FN:108,(anonymous_9)
FN:110,(anonymous_10)
FNF:11
FNH:8
FNDA:22,(anonymous_0)
FNDA:23,(anonymous_1)
FNDA:37,(anonymous_2)
FNDA:1,(anonymous_3)
FNDA:8,(anonymous_4)
FNDA:22,(anonymous_5)
FNDA:22,(anonymous_6)
FNDA:0,(anonymous_7)
FNDA:0,(anonymous_8)
FNDA:44,(anonymous_9)
FNDA:0,(anonymous_10)
DA:12,22
DA:14,22
DA:20,23
DA:23,22
DA:24,37
DA:38,37
DA:41,22
DA:42,1
DA:43,1
DA:44,1
DA:47,22
DA:48,8
DA:49,8
DA:53,8
DA:57,8
DA:62,8
DA:67,22
DA:68,22
DA:69,8
DA:71,14
DA:78,22
DA:79,0
DA:83,22
DA:84,0
DA:86,0
DA:90,0
DA:94,0
DA:99,0
DA:104,22
DA:105,0
DA:109,44
DA:110,0
LF:32
LH:24
BRDA:68,0,0,8
BRDA:68,0,1,14
BRDA:78,1,0,0
BRDA:78,1,1,22
BRDA:113,2,0,24
BRDA:113,2,1,20
BRDA:116,3,0,12
BRDA:116,3,1,12
BRF:8
BRH:7
end_of_record
TN:
SF:/home/andres/projects/ui_library/ui_library/app/components/PackenTabs.js
FN:9,(anonymous_0)
FN:17,(anonymous_1)
FN:23,(anonymous_2)
FN:27,(anonymous_3)
FNF:4
FNH:4
FNDA:7,(anonymous_0)
FNDA:1,(anonymous_1)
FNDA:7,(anonymous_2)
FNDA:21,(anonymous_3)
DA:10,7
DA:12,7
DA:17,7
DA:18,1
DA:24,7
DA:28,21
LF:6
LH:6
BRF:0
BRH:0
end_of_record
TN:
SF:/home/andres/projects/ui_library/ui_library/app/components/PackenTag.js
FN:9,(anonymous_0)
FN:13,(anonymous_1)
FNF:2
FNH:0
FNDA:0,(anonymous_0)
FNDA:0,(anonymous_1)
DA:10,0
DA:14,0
LF:2
LH:0
BRF:0
BRH:0
end_of_record
TN:
SF:/home/andres/projects/ui_library/ui_library/app/components/PackenText.js
FN:8,(anonymous_0)
FN:16,(anonymous_1)
FNF:2
FNH:2
FNDA:777,(anonymous_0)
FNDA:886,(anonymous_1)
DA:9,777
DA:11,777
DA:17,886
DA:27,19
LF:4
LH:4
BRDA:12,0,0,43
BRDA:12,0,1,734
BRF:2
BRH:2
end_of_record
TN:
SF:/home/andres/projects/ui_library/ui_library/app/components/PackenToggle.js
FN:8,(anonymous_0)
FN:41,(anonymous_1)
FN:46,(anonymous_2)
FN:75,(anonymous_3)
FN:83,(anonymous_4)
FN:94,(anonymous_5)
FN:105,(anonymous_6)
FN:116,(anonymous_7)
FN:127,(anonymous_8)
FN:145,(anonymous_9)
FN:188,(anonymous_10)
FN:191,(anonymous_11)
FN:196,(anonymous_12)
FN:203,(anonymous_13)
FN:211,(anonymous_14)
FN:217,(anonymous_15)
FN:218,(anonymous_16)
FN:225,(anonymous_17)
FNF:18
FNH:13
FNDA:9,(anonymous_0)
FNDA:10,(anonymous_1)
FNDA:9,(anonymous_2)
FNDA:13,(anonymous_3)
FNDA:1,(anonymous_4)
FNDA:1,(anonymous_5)
FNDA:1,(anonymous_6)
FNDA:1,(anonymous_7)
FNDA:15,(anonymous_8)
FNDA:17,(anonymous_9)
FNDA:1,(anonymous_10)
FNDA:0,(anonymous_11)
FNDA:18,(anonymous_12)
FNDA:26,(anonymous_13)
FNDA:0,(anonymous_14)
FNDA:0,(anonymous_15)
FNDA:0,(anonymous_16)
FNDA:0,(anonymous_17)
DA:9,9
DA:11,9
DA:41,9
DA:42,10
DA:43,10
DA:46,9
DA:47,9
DA:75,9
DA:76,13
DA:77,8
DA:83,9
DA:84,1
DA:85,1
DA:94,9
DA:95,1
DA:96,1
DA:105,9
DA:106,1
DA:107,1
DA:116,9
DA:117,1
DA:118,1
DA:127,9
DA:128,15
DA:129,15
DA:145,9
DA:146,17
DA:147,17
DA:149,17
DA:150,10
DA:166,7
DA:167,7
DA:185,17
DA:188,9
DA:189,1
DA:192,0
DA:197,18
DA:198,5
DA:199,5
DA:204,26
DA:211,0
DA:217,0
DA:218,0
DA:225,0
LF:44
LH:39
BRDA:12,0,0,5
BRDA:12,0,1,4
BRDA:13,1,0,5
BRDA:13,1,1,4
BRDA:76,2,0,8
BRDA:76,2,1,5
BRDA:147,3,0,8
BRDA:147,3,1,9
BRDA:149,4,0,10
BRDA:149,4,1,7
BRDA:166,5,0,7
BRDA:166,5,1,0
BRDA:190,6,0,1
BRDA:190,6,1,0
BRDA:197,7,0,5
BRDA:197,7,1,13
BRDA:205,8,0,16
BRDA:205,8,1,10
BRF:18
BRH:16
end_of_record
TN:
SF:/home/andres/projects/ui_library/ui_library/app/components/Section.js
FN:10,(anonymous_0)
FN:14,(anonymous_1)
FNF:2
FNH:2
FNDA:32,(anonymous_0)
FNDA:32,(anonymous_1)
DA:11,32
DA:15,32
LF:2
LH:2
BRF:0
BRH:0
end_of_record
TN:
SF:/home/andres/projects/ui_library/ui_library/app/styles/abstracts/colors.js
FNF:0
FNH:0
LF:0
LH:0
BRF:0
BRH:0
end_of_record
TN:
SF:/home/andres/projects/ui_library/ui_library/app/styles/abstracts/shadows.js
FNF:0
FNH:0
LF:0
LH:0
BRF:0
BRH:0
end_of_record
TN:
SF:/home/andres/projects/ui_library/ui_library/app/styles/abstracts/spacing.js
FNF:0
FNH:0
LF:0
LH:0
BRF:0
BRH:0
end_of_record
TN:
SF:/home/andres/projects/ui_library/ui_library/app/styles/abstracts/typography.js
FNF:0
FNH:0
DA:1,20
LF:1
LH:1
BRF:0
BRH:0
end_of_record
TN:
SF:/home/andres/projects/ui_library/ui_library/app/styles/components/PackenAvatar.js
FNF:0
FNH:0
DA:1,6
DA:5,6
DA:9,6
DA:13,6
DA:17,6
DA:21,6
DA:26,6
LF:7
LH:7
BRF:0
BRH:0
end_of_record
TN:
SF:/home/andres/projects/ui_library/ui_library/app/styles/components/PackenButton.js
FNF:0
FNH:0
DA:4,4
DA:21,4
DA:22,4
DA:36,4
DA:50,4
DA:64,4
DA:78,4
DA:92,4
DA:104,4
DA:116,4
DA:128,4
DA:140,4
DA:152,4
DA:200,4
LF:14
LH:14
BRF:0
BRH:0
end_of_record
TN:
SF:/home/andres/projects/ui_library/ui_library/app/styles/components/PackenCheckbox.js
FNF:0
FNH:0
LF:0
LH:0
BRF:0
BRH:0
end_of_record
TN:
SF:/home/andres/projects/ui_library/ui_library/app/styles/components/PackenDivider.js
FNF:0
FNH:0
DA:3,3
DA:8,3
DA:13,3
LF:3
LH:3
BRF:0
BRH:0
end_of_record
TN:
SF:/home/andres/projects/ui_library/ui_library/app/styles/components/PackenDropdown.js
FNF:0
FNH:0
LF:0
LH:0
BRF:0
BRH:0
end_of_record
TN:
SF:/home/andres/projects/ui_library/ui_library/app/styles/components/PackenInput.js
FNF:0
FNH:0
DA:4,6
LF:1
LH:1
BRF:0
BRH:0
end_of_record
TN:
SF:/home/andres/projects/ui_library/ui_library/app/styles/components/PackenList.js
FNF:0
FNH:0
LF:0
LH:0
BRF:0
BRH:0
end_of_record
TN:
SF:/home/andres/projects/ui_library/ui_library/app/styles/components/PackenMapPin.js
FNF:0
FNH:0
LF:0
LH:0
BRF:0
BRH:0
end_of_record
TN:
SF:/home/andres/projects/ui_library/ui_library/app/styles/components/PackenModal.js
FNF:0
FNH:0
LF:0
LH:0
BRF:0
BRH:0
end_of_record
TN:
SF:/home/andres/projects/ui_library/ui_library/app/styles/components/PackenRadio.js
FNF:0
FNH:0
LF:0
LH:0
BRF:0
BRH:0
end_of_record
TN:
SF:/home/andres/projects/ui_library/ui_library/app/styles/components/PackenServiceStatus.js
FNF:0
FNH:0
LF:0
LH:0
BRF:0
BRH:0
end_of_record
TN:
SF:/home/andres/projects/ui_library/ui_library/app/styles/components/PackenTabs.js
FNF:0
FNH:0
LF:0
LH:0
BRF:0
BRH:0
end_of_record
TN:
SF:/home/andres/projects/ui_library/ui_library/app/styles/components/PackenTag.js
FNF:0
FNH:0
LF:0
LH:0
BRF:0
BRH:0
end_of_record
TN:
SF:/home/andres/projects/ui_library/ui_library/app/styles/components/PackenToggle.js
FNF:0
FNH:0
LF:0
LH:0
BRF:0
BRH:0
end_of_record
TN:
SF:/home/andres/projects/ui_library/ui_library/app/styles/components/Section.js
FNF:0
FNH:0
LF:0
LH:0
BRF:0
BRH:0
end_of_record
TN:
SF:/home/andres/projects/ui_library/ui_library/app/utils/index.js
FN:1,(anonymous_0)
FNF:1
FNH:1
FNDA:189,(anonymous_0)
DA:1,5
DA:2,189
LF:2
LH:2
BRF:0
BRH:0
end_of_record
TN:
SF:/home/andres/projects/ui_library/ui_library/app/views/Avatars.js
FN:10,(anonymous_0)
FN:14,(anonymous_1)
FNF:2
FNH:2
FNDA:2,(anonymous_0)
FNDA:2,(anonymous_1)
DA:11,2
DA:15,2
LF:2
LH:2
BRF:0
BRH:0
end_of_record
TN:
SF:/home/andres/projects/ui_library/ui_library/app/views/Buttons.js
FN:10,(anonymous_0)
FN:14,(anonymous_1)
FN:16,(anonymous_2)
FNF:3
FNH:2
FNDA:2,(anonymous_0)
FNDA:0,(anonymous_1)
FNDA:2,(anonymous_2)
DA:11,2
DA:14,2
DA:17,2
LF:3
LH:3
BRF:0
BRH:0
end_of_record
TN:
SF:/home/andres/projects/ui_library/ui_library/app/views/Checkboxes.js
FN:15,(anonymous_0)
FN:66,(anonymous_1)
FN:71,(anonymous_2)
FN:76,(anonymous_3)
FNF:4
FNH:2
FNDA:2,(anonymous_0)
FNDA:0,(anonymous_1)
FNDA:0,(anonymous_2)
FNDA:2,(anonymous_3)
DA:16,2
DA:18,2
DA:66,2
DA:71,2
DA:77,2
LF:5
LH:5
BRF:0
BRH:0
end_of_record
TN:
SF:/home/andres/projects/ui_library/ui_library/app/views/Dividers.js
FN:11,(anonymous_0)
FN:15,(anonymous_1)
FNF:2
FNH:2
FNDA:2,(anonymous_0)
FNDA:2,(anonymous_1)
DA:12,2
DA:16,2
LF:2
LH:2
BRF:0
BRH:0
end_of_record
TN:
SF:/home/andres/projects/ui_library/ui_library/app/views/Dropdowns.js
FN:16,(anonymous_0)
FN:1203,(anonymous_1)
FN:1218,(anonymous_2)
FN:1234,(anonymous_3)
FN:1249,(anonymous_4)
FN:1264,(anonymous_5)
FN:1279,(anonymous_6)
FN:1294,(anonymous_7)
FN:1411,(anonymous_8)
FN:1422,(anonymous_9)
FN:1441,(anonymous_10)
FN:1459,(anonymous_11)
FN:1480,(anonymous_12)
FN:1498,(anonymous_13)
FN:1521,(anonymous_14)
FN:1538,(anonymous_15)
FN:1556,(anonymous_16)
FN:1578,(anonymous_17)
FN:1595,(anonymous_18)
FN:1612,(anonymous_19)
FN:1630,(anonymous_20)
FNF:21
FNH:2
FNDA:2,(anonymous_0)
FNDA:0,(anonymous_1)
FNDA:0,(anonymous_2)
FNDA:0,(anonymous_3)
FNDA:0,(anonymous_4)
FNDA:0,(anonymous_5)
FNDA:0,(anonymous_6)
FNDA:0,(anonymous_7)
FNDA:2,(anonymous_8)
FNDA:0,(anonymous_9)
FNDA:0,(anonymous_10)
FNDA:0,(anonymous_11)
FNDA:0,(anonymous_12)
FNDA:0,(anonymous_13)
FNDA:0,(anonymous_14)
FNDA:0,(anonymous_15)
FNDA:0,(anonymous_16)
FNDA:0,(anonymous_17)
FNDA:0,(anonymous_18)
FNDA:0,(anonymous_19)
FNDA:0,(anonymous_20)
DA:17,2
DA:19,2
DA:1203,0
DA:1218,0
DA:1234,0
DA:1249,0
DA:1264,0
DA:1279,0
DA:1294,0
DA:1412,2
DA:1422,0
DA:1441,0
DA:1459,0
DA:1480,0
DA:1498,0
DA:1521,0
DA:1538,0
DA:1556,0
DA:1578,0
DA:1595,0
DA:1612,0
DA:1630,0
LF:22
LH:3
BRF:0
BRH:0
end_of_record
TN:
SF:/home/andres/projects/ui_library/ui_library/app/views/Inputs.js
FN:10,(anonymous_0)
FN:14,(anonymous_1)
FN:19,(anonymous_2)
FNF:3
FNH:2
FNDA:2,(anonymous_0)
FNDA:0,(anonymous_1)
FNDA:2,(anonymous_2)
DA:11,2
DA:14,2
DA:20,2
LF:3
LH:3
BRF:0
BRH:0
end_of_record
TN:
SF:/home/andres/projects/ui_library/ui_library/app/views/MapPins.js
FN:10,(anonymous_0)
FN:14,(anonymous_1)
FNF:2
FNH:2
FNDA:2,(anonymous_0)
FNDA:2,(anonymous_1)
DA:11,2
DA:15,2
LF:2
LH:2
BRF:0
BRH:0
end_of_record
TN:
SF:/home/andres/projects/ui_library/ui_library/app/views/Modals.js
FN:17,(anonymous_0)
FN:48,(anonymous_1)
FN:59,(anonymous_2)
FN:66,(anonymous_3)
FN:69,(anonymous_4)
FN:72,(anonymous_5)
FN:75,(anonymous_6)
FN:78,(anonymous_7)
FN:81,(anonymous_8)
FN:84,(anonymous_9)
FN:87,(anonymous_10)
FN:90,(anonymous_11)
FN:93,(anonymous_12)
FN:100,(anonymous_13)
FN:103,(anonymous_14)
FN:110,(anonymous_15)
FN:111,(anonymous_16)
FN:115,(anonymous_17)
FN:116,(anonymous_18)
FN:120,(anonymous_19)
FN:124,(anonymous_20)
FN:125,(anonymous_21)
FN:129,(anonymous_22)
FN:130,(anonymous_23)
FN:134,(anonymous_24)
FN:138,(anonymous_25)
FN:139,(anonymous_26)
FN:143,(anonymous_27)
FN:144,(anonymous_28)
FN:148,(anonymous_29)
FN:152,(anonymous_30)
FN:153,(anonymous_31)
FN:157,(anonymous_32)
FN:160,(anonymous_33)
FNF:34
FNH:2
FNDA:2,(anonymous_0)
FNDA:0,(anonymous_1)
FNDA:2,(anonymous_2)
FNDA:0,(anonymous_3)
FNDA:0,(anonymous_4)
FNDA:0,(anonymous_5)
FNDA:0,(anonymous_6)
FNDA:0,(anonymous_7)
FNDA:0,(anonymous_8)
FNDA:0,(anonymous_9)
FNDA:0,(anonymous_10)
FNDA:0,(anonymous_11)
FNDA:0,(anonymous_12)
FNDA:0,(anonymous_13)
FNDA:0,(anonymous_14)
FNDA:0,(anonymous_15)
FNDA:0,(anonymous_16)
FNDA:0,(anonymous_17)
FNDA:0,(anonymous_18)
FNDA:0,(anonymous_19)
FNDA:0,(anonymous_20)
FNDA:0,(anonymous_21)
FNDA:0,(anonymous_22)
FNDA:0,(anonymous_23)
FNDA:0,(anonymous_24)
FNDA:0,(anonymous_25)
FNDA:0,(anonymous_26)
FNDA:0,(anonymous_27)
FNDA:0,(anonymous_28)
FNDA:0,(anonymous_29)
FNDA:0,(anonymous_30)
FNDA:0,(anonymous_31)
FNDA:0,(anonymous_32)
FNDA:0,(anonymous_33)
DA:18,2
DA:20,2
DA:48,2
DA:49,0
DA:50,0
DA:51,0
DA:53,0
DA:54,0
DA:56,0
DA:60,2
DA:66,0
DA:69,0
DA:72,0
DA:75,0
DA:78,0
DA:81,0
DA:84,0
DA:87,0
DA:90,0
DA:93,0
DA:100,0
DA:103,0
DA:110,0
DA:111,0
DA:115,0
DA:116,0
DA:120,0
DA:124,0
DA:125,0
DA:129,0
DA:130,0
DA:134,0
DA:138,0
DA:139,0
DA:143,0
DA:144,0
DA:148,0
DA:152,0
DA:153,0
DA:157,0
DA:160,0
LF:41
LH:4
BRF:0
BRH:0
end_of_record
TN:
SF:/home/andres/projects/ui_library/ui_library/app/views/Radios.js
FN:15,(anonymous_0)
FN:19,(anonymous_1)
FN:24,(anonymous_2)
FN:29,(anonymous_3)
FNF:4
FNH:2
FNDA:2,(anonymous_0)
FNDA:0,(anonymous_1)
FNDA:0,(anonymous_2)
FNDA:2,(anonymous_3)
DA:16,2
DA:19,2
DA:24,2
DA:30,2
LF:4
LH:4
BRF:0
BRH:0
end_of_record
TN:
SF:/home/andres/projects/ui_library/ui_library/app/views/ServiceStatus.js
FN:11,(anonymous_0)
FN:42,(anonymous_1)
FN:44,(anonymous_2)
FN:50,(anonymous_3)
FN:56,(anonymous_4)
FNF:5
FNH:2
FNDA:2,(anonymous_0)
FNDA:0,(anonymous_1)
FNDA:0,(anonymous_2)
FNDA:0,(anonymous_3)
FNDA:2,(anonymous_4)
DA:12,2
DA:14,2
DA:42,2
DA:44,2
DA:45,0
DA:50,2
DA:51,0
DA:57,2
LF:8
LH:6
BRDA:46,0,0,0
BRDA:46,0,1,0
BRDA:52,1,0,0
BRDA:52,1,1,0
BRF:4
BRH:0
end_of_record
TN:
SF:/home/andres/projects/ui_library/ui_library/app/views/Tabs.js
FN:10,(anonymous_0)
FN:14,(anonymous_1)
FN:16,(anonymous_2)
FNF:3
FNH:2
FNDA:2,(anonymous_0)
FNDA:0,(anonymous_1)
FNDA:2,(anonymous_2)
DA:11,2
DA:14,2
DA:17,2
LF:3
LH:3
BRF:0
BRH:0
end_of_record
TN:
SF:/home/andres/projects/ui_library/ui_library/app/views/Toggles.js
FN:12,(anonymous_0)
FN:16,(anonymous_1)
FN:21,(anonymous_2)
FNF:3
FNH:2
FNDA:2,(anonymous_0)
FNDA:0,(anonymous_1)
FNDA:2,(anonymous_2)
DA:13,2
DA:16,2
DA:22,2
LF:3
LH:3
BRF:0
BRH:0
end_of_record
TN:
SF:/home/andres/projects/ui_library/ui_library/assets/images/avatar.jpg
FNF:0
FNH:0
DA:1,4
LF:1
LH:1
BRF:0
BRH:0
end_of_record
TN:
SF:/home/andres/projects/ui_library/ui_library/assets/images/placeholder.png
FNF:0
FNH:0
DA:1,3
LF:1
LH:1
BRF:0
BRH:0
end_of_record
