TN:
SF:/home/andres/projects/ui_library/ui_library/App.js
FN:7,(anonymous_0)
FNF:1
FNH:1
FNDA:1,(anonymous_0)
DA:8,1
LF:1
LH:1
BRF:0
BRH:0
end_of_record
TN:
SF:/home/andres/projects/ui_library/ui_library/app/UILibrary.js
FN:24,(anonymous_0)
FNF:1
FNH:1
FNDA:1,(anonymous_0)
DA:25,1
DA:49,2
LF:2
LH:2
BRF:0
BRH:0
end_of_record
TN:
SF:/home/andres/projects/ui_library/ui_library/app/components/PackenAvatar.js
FN:8,(anonymous_0)
FN:12,(anonymous_1)
FNF:2
FNH:2
FNDA:1,(anonymous_0)
FNDA:1,(anonymous_1)
DA:9,1
DA:13,1
LF:2
LH:2
BRF:0
BRH:0
end_of_record
TN:
SF:/home/andres/projects/ui_library/ui_library/app/components/PackenButton.js
FN:11,(anonymous_0)
FN:114,(anonymous_1)
FN:206,(anonymous_2)
FN:214,(anonymous_3)
FN:221,(anonymous_4)
FN:228,(anonymous_5)
FN:232,(anonymous_6)
FN:254,(anonymous_7)
FN:262,(anonymous_8)
FN:267,(anonymous_9)
FN:271,(anonymous_10)
FNF:11
FNH:11
FNDA:2,(anonymous_0)
FNDA:8,(anonymous_1)
FNDA:15,(anonymous_2)
FNDA:1,(anonymous_3)
FNDA:1,(anonymous_4)
FNDA:1,(anonymous_5)
FNDA:2,(anonymous_6)
FNDA:1,(anonymous_7)
FNDA:16,(anonymous_8)
FNDA:1,(anonymous_9)
FNDA:1,(anonymous_10)
DA:12,2
DA:14,2
DA:30,2
DA:32,1
DA:40,1
DA:42,1
DA:56,1
DA:58,0
DA:61,2
DA:63,1
DA:69,1
DA:75,1
DA:78,2
DA:79,0
DA:80,0
DA:82,0
DA:83,0
DA:86,0
DA:87,0
DA:90,0
DA:91,0
DA:92,0
DA:94,0
DA:95,0
DA:100,2
DA:114,2
DA:115,8
DA:131,8
DA:133,0
DA:141,0
DA:143,8
DA:157,8
DA:159,0
DA:163,8
DA:165,0
DA:171,0
DA:177,8
DA:181,8
DA:182,0
DA:183,0
DA:185,0
DA:186,0
DA:189,0
DA:190,0
DA:193,0
DA:194,0
DA:195,0
DA:197,0
DA:198,0
DA:203,8
DA:207,15
DA:208,4
DA:214,2
DA:215,1
DA:221,2
DA:222,1
DA:228,2
DA:229,1
DA:232,2
DA:233,2
DA:234,2
DA:237,2
DA:239,1
DA:240,1
DA:246,1
DA:249,2
DA:254,2
DA:255,1
DA:256,1
DA:257,1
DA:263,16
DA:267,1
DA:271,1
LF:73
LH:45
BRDA:30,0,0,1
BRDA:30,0,1,1
BRDA:30,0,2,0
BRDA:52,1,0,1
BRDA:52,1,1,0
BRDA:52,2,0,0
BRDA:52,2,1,1
BRDA:53,3,0,1
BRDA:53,3,1,0
BRDA:53,4,0,1
BRDA:53,4,1,0
BRDA:61,5,0,1
BRDA:61,5,1,0
BRDA:61,5,2,0
BRDA:61,5,3,1
BRDA:61,5,4,1
BRDA:61,5,5,1
BRDA:78,6,0,0
BRDA:78,6,1,2
BRDA:82,7,0,0
BRDA:82,7,1,0
BRDA:86,8,0,0
BRDA:86,8,1,0
BRDA:90,9,0,0
BRDA:90,9,1,0
BRDA:94,10,0,0
BRDA:94,10,1,0
BRDA:104,11,0,2
BRDA:104,11,1,0
BRDA:131,12,0,0
BRDA:131,12,1,8
BRDA:131,12,2,0
BRDA:153,13,0,8
BRDA:153,13,1,0
BRDA:153,14,0,0
BRDA:153,14,1,8
BRDA:154,15,0,8
BRDA:154,15,1,0
BRDA:154,16,0,8
BRDA:154,16,1,0
BRDA:163,17,0,0
BRDA:163,17,1,0
BRDA:163,17,2,0
BRDA:163,17,3,8
BRDA:163,17,4,8
BRDA:163,17,5,8
BRDA:181,18,0,0
BRDA:181,18,1,8
BRDA:185,19,0,0
BRDA:185,19,1,0
BRDA:189,20,0,0
BRDA:189,20,1,0
BRDA:193,21,0,0
BRDA:193,21,1,0
BRDA:197,22,0,0
BRDA:197,22,1,0
BRDA:207,23,0,4
BRDA:207,23,1,11
BRDA:207,24,0,15
BRDA:207,24,1,12
BRDA:207,24,2,11
BRDA:237,25,0,1
BRDA:237,25,1,0
BRDA:237,25,2,1
BRDA:237,25,3,1
BRDA:237,25,4,1
BRDA:237,25,5,1
BRDA:264,26,0,0
BRDA:264,26,1,16
BRDA:270,27,0,16
BRDA:270,27,1,0
BRF:71
BRH:33
end_of_record
TN:
SF:/home/andres/projects/ui_library/ui_library/app/components/PackenCheckbox.js
FN:9,(anonymous_0)
FN:19,(anonymous_1)
FN:25,(anonymous_2)
FN:29,(anonymous_3)
FN:30,(anonymous_4)
FN:34,(anonymous_5)
FN:42,(anonymous_6)
FN:44,(anonymous_7)
FN:46,(anonymous_8)
FN:55,(anonymous_9)
FN:62,(anonymous_10)
FN:68,(anonymous_11)
FNF:12
FNH:12
FNDA:2,(anonymous_0)
FNDA:1,(anonymous_1)
FNDA:2,(anonymous_2)
FNDA:4,(anonymous_3)
FNDA:1,(anonymous_4)
FNDA:1,(anonymous_5)
FNDA:1,(anonymous_6)
FNDA:2,(anonymous_7)
FNDA:1,(anonymous_8)
FNDA:8,(anonymous_9)
FNDA:32,(anonymous_10)
FNDA:1,(anonymous_11)
DA:10,2
DA:12,2
DA:19,2
DA:20,1
DA:25,2
DA:26,2
DA:27,1
DA:28,1
DA:29,4
DA:30,1
DA:32,1
DA:35,1
DA:38,1
DA:42,2
DA:43,1
DA:44,2
DA:46,1
DA:47,1
DA:48,1
DA:49,1
DA:56,8
DA:63,32
DA:68,1
LF:23
LH:23
BRDA:26,0,0,1
BRDA:26,0,1,1
BRDA:47,1,0,1
BRDA:47,1,1,0
BRDA:59,2,0,0
BRDA:59,2,1,8
BRDA:65,3,0,16
BRDA:65,3,1,16
BRF:8
BRH:6
end_of_record
TN:
SF:/home/andres/projects/ui_library/ui_library/app/components/PackenCheckboxControl.js
FN:11,(anonymous_0)
FN:24,(anonymous_1)
FN:28,(anonymous_2)
FN:31,(anonymous_3)
FN:51,(anonymous_4)
FN:68,(anonymous_5)
FN:77,(anonymous_6)
FNF:7
FNH:7
FNDA:1,(anonymous_0)
FNDA:2,(anonymous_1)
FNDA:8,(anonymous_2)
FNDA:2,(anonymous_3)
FNDA:1,(anonymous_4)
FNDA:15,(anonymous_5)
FNDA:14,(anonymous_6)
DA:12,1
DA:14,1
DA:24,1
DA:25,2
DA:28,1
DA:29,8
DA:30,2
DA:31,2
DA:32,2
DA:35,2
DA:37,6
DA:38,4
DA:41,4
DA:43,2
DA:46,2
DA:51,1
DA:52,1
DA:54,1
DA:55,0
DA:65,1
DA:68,1
DA:69,15
DA:70,5
DA:72,15
DA:73,3
DA:78,14
LF:26
LH:25
BRDA:29,0,0,2
BRDA:29,0,1,6
BRDA:37,1,0,4
BRDA:37,1,1,2
BRDA:54,2,0,0
BRDA:54,2,1,1
BRDA:59,3,0,0
BRDA:59,3,1,0
BRDA:69,4,0,5
BRDA:69,4,1,10
BRDA:72,5,0,3
BRDA:72,5,1,12
BRDA:83,6,0,12
BRDA:83,6,1,2
BRDA:88,7,0,12
BRDA:88,7,1,2
BRDA:100,8,0,0
BRDA:100,8,1,14
BRF:18
BRH:14
end_of_record
TN:
SF:/home/andres/projects/ui_library/ui_library/app/components/PackenDivider.js
FN:8,(anonymous_0)
FN:12,(anonymous_1)
FNF:2
FNH:2
FNDA:1,(anonymous_0)
FNDA:2,(anonymous_1)
DA:9,1
DA:13,2
LF:2
LH:2
BRDA:16,0,0,1
BRDA:16,0,1,1
BRDA:17,1,0,1
BRDA:17,1,1,1
BRF:4
BRH:4
end_of_record
TN:
SF:/home/andres/projects/ui_library/ui_library/app/components/PackenDropdown.js
FN:10,(anonymous_0)
FN:28,(anonymous_1)
FN:39,(anonymous_2)
FN:52,(anonymous_3)
FN:58,(anonymous_4)
FN:64,(anonymous_5)
FN:67,(anonymous_6)
FN:79,(anonymous_7)
FN:93,(anonymous_8)
FN:119,(anonymous_9)
FNF:10
FNH:10
FNDA:1,(anonymous_0)
FNDA:1,(anonymous_1)
FNDA:2,(anonymous_2)
FNDA:1,(anonymous_3)
FNDA:1,(anonymous_4)
FNDA:2,(anonymous_5)
FNDA:4,(anonymous_6)
FNDA:19,(anonymous_7)
FNDA:18,(anonymous_8)
FNDA:1,(anonymous_9)
DA:11,1
DA:13,1
DA:28,1
DA:29,1
DA:39,1
DA:40,2
DA:44,2
DA:52,1
DA:53,1
DA:58,1
DA:59,1
DA:64,1
DA:65,2
DA:67,2
DA:68,4
DA:70,2
DA:72,2
DA:76,2
DA:80,19
DA:81,4
DA:94,18
DA:119,1
LF:22
LH:22
BRDA:80,0,0,4
BRDA:80,0,1,15
BRDA:86,1,0,2
BRDA:86,1,1,2
BRDA:97,2,0,0
BRDA:97,2,1,18
BRDA:121,3,0,8
BRDA:121,3,1,10
BRF:8
BRH:7
end_of_record
TN:
SF:/home/andres/projects/ui_library/ui_library/app/components/PackenInput.js
FN:11,(anonymous_0)
FN:38,(anonymous_1)
FN:61,(anonymous_2)
FN:73,(anonymous_3)
FN:85,(anonymous_4)
FN:95,(anonymous_5)
FN:108,(anonymous_6)
FN:114,(anonymous_7)
FN:120,(anonymous_8)
FN:126,(anonymous_9)
FN:132,(anonymous_10)
FN:139,(anonymous_11)
FN:147,(anonymous_12)
FN:162,(anonymous_13)
FN:165,(anonymous_14)
FNF:15
FNH:13
FNDA:1,(anonymous_0)
FNDA:18,(anonymous_1)
FNDA:1,(anonymous_2)
FNDA:1,(anonymous_3)
FNDA:17,(anonymous_4)
FNDA:17,(anonymous_5)
FNDA:1,(anonymous_6)
FNDA:1,(anonymous_7)
FNDA:1,(anonymous_8)
FNDA:1,(anonymous_9)
FNDA:1,(anonymous_10)
FNDA:15,(anonymous_11)
FNDA:15,(anonymous_12)
FNDA:0,(anonymous_13)
FNDA:0,(anonymous_14)
DA:12,1
DA:14,1
DA:19,1
DA:20,1
DA:35,1
DA:38,1
DA:39,18
DA:41,18
DA:42,18
DA:43,18
DA:45,18
DA:46,18
DA:51,0
DA:58,18
DA:61,1
DA:62,1
DA:73,1
DA:74,1
DA:85,1
DA:86,17
DA:88,17
DA:89,16
DA:92,17
DA:95,1
DA:96,17
DA:98,17
DA:99,13
DA:105,17
DA:108,1
DA:109,1
DA:114,1
DA:115,1
DA:120,1
DA:121,1
DA:126,1
DA:127,1
DA:132,1
DA:133,1
DA:136,1
DA:140,15
DA:141,2
DA:148,15
DA:162,0
DA:165,0
LF:44
LH:41
BRDA:15,0,0,0
BRDA:15,0,1,1
BRDA:16,1,0,0
BRDA:16,1,1,1
BRDA:19,2,0,1
BRDA:19,2,1,0
BRDA:41,3,0,18
BRDA:41,3,1,0
BRDA:45,4,0,18
BRDA:45,4,1,0
BRDA:88,5,0,16
BRDA:88,5,1,1
BRDA:98,6,0,13
BRDA:98,6,1,4
BRDA:140,7,0,2
BRDA:140,7,1,13
BRDA:149,8,0,0
BRDA:149,8,1,15
BRDA:157,9,0,15
BRDA:157,9,1,0
BRDA:164,10,0,15
BRDA:164,10,1,0
BRDA:167,11,0,0
BRDA:167,11,1,15
BRDA:167,12,0,0
BRDA:167,12,1,0
BRDA:195,13,0,12
BRDA:195,13,1,3
BRDA:196,14,0,0
BRDA:196,14,1,15
BRDA:196,15,0,15
BRDA:196,15,1,15
BRDA:201,16,0,15
BRDA:201,16,1,0
BRDA:204,17,0,15
BRDA:204,17,1,0
BRF:36
BRH:22
end_of_record
TN:
SF:/home/andres/projects/ui_library/ui_library/app/components/PackenList.js
FN:7,(anonymous_0)
FN:24,(anonymous_1)
FN:37,(anonymous_2)
FN:42,(anonymous_3)
FN:46,(anonymous_4)
FN:72,(anonymous_5)
FN:75,(anonymous_6)
FN:76,(anonymous_7)
FN:103,(anonymous_8)
FN:117,(anonymous_9)
FN:132,(anonymous_10)
FNF:11
FNH:11
FNDA:1,(anonymous_0)
FNDA:2,(anonymous_1)
FNDA:4,(anonymous_2)
FNDA:4,(anonymous_3)
FNDA:4,(anonymous_4)
FNDA:4,(anonymous_5)
FNDA:4,(anonymous_6)
FNDA:2,(anonymous_7)
FNDA:1,(anonymous_8)
FNDA:31,(anonymous_9)
FNDA:31,(anonymous_10)
DA:8,1
DA:10,1
DA:24,1
DA:26,2
DA:27,1
DA:29,1
DA:32,2
DA:37,1
DA:38,4
DA:41,2
DA:42,2
DA:43,4
DA:46,4
DA:47,2
DA:49,2
DA:54,2
DA:55,1
DA:56,1
DA:64,2
DA:65,2
DA:67,2
DA:70,2
DA:72,4
DA:73,2
DA:75,4
DA:76,2
DA:78,2
DA:83,2
DA:84,1
DA:85,1
DA:86,1
DA:87,1
DA:89,1
DA:97,2
DA:99,0
DA:103,1
DA:104,1
DA:118,31
DA:120,7
DA:121,7
DA:122,7
DA:133,31
LF:42
LH:41
BRDA:26,0,0,1
BRDA:26,0,1,1
BRDA:38,1,0,1
BRDA:38,1,1,2
BRDA:38,1,2,1
BRDA:38,1,3,2
BRDA:38,1,4,0
BRDA:54,2,0,1
BRDA:54,2,1,1
BRDA:55,3,0,1
BRDA:55,3,1,0
BRDA:64,4,0,2
BRDA:64,4,1,0
BRDA:83,5,0,1
BRDA:83,5,1,1
BRDA:84,6,0,1
BRDA:84,6,1,0
BRDA:118,7,0,7
BRDA:118,7,1,24
BRDA:120,8,0,7
BRDA:120,8,1,0
BRF:21
BRH:16
end_of_record
TN:
SF:/home/andres/projects/ui_library/ui_library/app/components/PackenListItem.js
FN:14,(anonymous_0)
FN:23,(anonymous_1)
FN:47,(anonymous_2)
FN:51,(anonymous_3)
FN:56,(anonymous_4)
FN:71,(anonymous_5)
FN:79,(anonymous_6)
FN:88,(anonymous_7)
FN:96,(anonymous_8)
FN:102,(anonymous_9)
FN:143,(anonymous_10)
FN:157,(anonymous_11)
FN:171,(anonymous_12)
FN:251,(anonymous_13)
FN:255,(anonymous_14)
FN:259,(anonymous_15)
FN:272,(anonymous_16)
FN:282,(anonymous_17)
FN:302,(anonymous_18)
FN:306,(anonymous_19)
FN:328,(anonymous_20)
FN:333,(anonymous_21)
FN:346,(anonymous_22)
FN:358,(anonymous_23)
FN:372,(anonymous_24)
FN:383,(anonymous_25)
FNF:26
FNH:21
FNDA:1,(anonymous_0)
FNDA:0,(anonymous_1)
FNDA:2,(anonymous_2)
FNDA:18,(anonymous_3)
FNDA:0,(anonymous_4)
FNDA:20,(anonymous_5)
FNDA:1,(anonymous_6)
FNDA:1,(anonymous_7)
FNDA:1,(anonymous_8)
FNDA:4,(anonymous_9)
FNDA:21,(anonymous_10)
FNDA:22,(anonymous_11)
FNDA:40,(anonymous_12)
FNDA:19,(anonymous_13)
FNDA:19,(anonymous_14)
FNDA:4,(anonymous_15)
FNDA:0,(anonymous_16)
FNDA:0,(anonymous_17)
FNDA:1,(anonymous_18)
FNDA:38,(anonymous_19)
FNDA:24,(anonymous_20)
FNDA:1,(anonymous_21)
FNDA:1,(anonymous_22)
FNDA:1,(anonymous_23)
FNDA:18,(anonymous_24)
FNDA:0,(anonymous_25)
DA:15,1
DA:17,1
DA:19,1
DA:20,1
DA:21,1
DA:22,0
DA:23,0
DA:24,0
DA:25,0
DA:29,1
DA:30,1
DA:34,0
DA:35,0
DA:38,1
DA:48,2
DA:52,18
DA:54,18
DA:55,2
DA:56,0
DA:57,0
DA:58,0
DA:66,18
DA:67,9
DA:71,1
DA:72,20
DA:73,2
DA:74,1
DA:75,1
DA:78,2
DA:79,1
DA:80,1
DA:81,1
DA:88,1
DA:89,1
DA:90,1
DA:96,1
DA:97,1
DA:102,1
DA:103,4
DA:106,4
DA:110,4
DA:111,4
DA:112,4
DA:117,0
DA:119,4
DA:122,0
DA:123,0
DA:124,0
DA:129,0
DA:130,0
DA:135,0
DA:137,0
DA:139,0
DA:143,1
DA:144,21
DA:146,21
DA:147,16
DA:148,1
DA:150,15
DA:154,21
DA:157,1
DA:158,22
DA:160,22
DA:161,17
DA:162,1
DA:164,16
DA:168,22
DA:171,1
DA:173,40
DA:175,40
DA:176,37
DA:178,3
DA:180,0
DA:187,0
DA:189,1
DA:195,1
DA:197,2
DA:198,2
DA:202,40
DA:203,37
DA:205,3
DA:207,1
DA:214,1
DA:216,0
DA:222,0
DA:224,2
DA:225,2
DA:229,40
DA:230,1
DA:237,40
DA:238,1
DA:245,40
DA:251,1
DA:252,19
DA:255,1
DA:256,19
DA:259,1
DA:262,4
DA:263,1
DA:265,1
DA:272,0
DA:275,1
DA:277,0
DA:282,0
DA:285,0
DA:287,0
DA:290,3
DA:297,4
DA:302,1
DA:303,1
DA:306,1
DA:307,38
DA:312,38
DA:313,1
DA:325,38
DA:328,1
DA:329,24
DA:331,24
DA:332,2
DA:333,1
DA:334,1
DA:335,1
DA:339,1
DA:340,1
DA:344,22
DA:345,2
DA:346,1
DA:347,1
DA:348,1
DA:352,1
DA:353,1
DA:357,20
DA:358,1
DA:359,1
DA:360,1
DA:364,19
DA:365,19
DA:373,18
DA:374,18
DA:377,18
DA:383,0
LF:141
LH:113
BRDA:17,0,0,0
BRDA:17,0,1,1
BRDA:17,1,0,0
BRDA:17,1,1,1
BRDA:20,2,0,1
BRDA:20,2,1,0
BRDA:21,3,0,0
BRDA:21,3,1,1
BRDA:24,4,0,0
BRDA:24,4,1,0
BRDA:24,5,0,0
BRDA:24,5,1,0
BRDA:29,6,0,1
BRDA:29,6,1,0
BRDA:29,7,0,1
BRDA:29,7,1,1
BRDA:54,8,0,2
BRDA:54,8,1,16
BRDA:55,9,0,0
BRDA:55,9,1,2
BRDA:55,10,0,2
BRDA:55,10,1,2
BRDA:57,11,0,0
BRDA:57,11,1,0
BRDA:66,12,0,9
BRDA:66,12,1,9
BRDA:66,13,0,18
BRDA:66,13,1,15
BRDA:72,14,0,2
BRDA:72,14,1,18
BRDA:73,15,0,1
BRDA:73,15,1,1
BRDA:74,16,0,1
BRDA:74,16,1,0
BRDA:78,17,0,1
BRDA:78,17,1,1
BRDA:80,18,0,1
BRDA:80,18,1,0
BRDA:92,19,0,0
BRDA:92,19,1,1
BRDA:103,20,0,4
BRDA:103,20,1,4
BRDA:103,20,2,0
BRDA:103,20,3,0
BRDA:103,20,4,0
BRDA:110,21,0,4
BRDA:110,21,1,0
BRDA:122,22,0,0
BRDA:122,22,1,0
BRDA:123,23,0,0
BRDA:123,23,1,0
BRDA:129,24,0,0
BRDA:129,24,1,0
BRDA:146,25,0,16
BRDA:146,25,1,5
BRDA:146,26,0,21
BRDA:146,26,1,16
BRDA:147,27,0,1
BRDA:147,27,1,15
BRDA:160,28,0,17
BRDA:160,28,1,5
BRDA:160,29,0,22
BRDA:160,29,1,17
BRDA:161,30,0,1
BRDA:161,30,1,16
BRDA:164,31,0,3
BRDA:164,31,1,13
BRDA:175,32,0,37
BRDA:175,32,1,3
BRDA:178,33,0,0
BRDA:178,33,1,1
BRDA:178,33,2,2
BRDA:202,34,0,37
BRDA:202,34,1,3
BRDA:205,35,0,1
BRDA:205,35,1,0
BRDA:205,35,2,2
BRDA:229,36,0,1
BRDA:229,36,1,39
BRDA:237,37,0,1
BRDA:237,37,1,39
BRDA:262,38,0,1
BRDA:262,38,1,3
BRDA:263,39,0,1
BRDA:263,39,1,0
BRDA:263,39,2,0
BRDA:312,40,0,1
BRDA:312,40,1,37
BRDA:331,41,0,2
BRDA:331,41,1,22
BRDA:332,42,0,1
BRDA:332,42,1,1
BRDA:334,43,0,1
BRDA:334,43,1,0
BRDA:334,44,0,1
BRDA:334,44,1,1
BRDA:339,45,0,1
BRDA:339,45,1,0
BRDA:339,46,0,1
BRDA:339,46,1,1
BRDA:344,47,0,2
BRDA:344,47,1,20
BRDA:345,48,0,1
BRDA:345,48,1,1
BRDA:347,49,0,1
BRDA:347,49,1,0
BRDA:347,50,0,1
BRDA:347,50,1,1
BRDA:352,51,0,1
BRDA:352,51,1,0
BRDA:352,52,0,1
BRDA:352,52,1,1
BRDA:357,53,0,1
BRDA:357,53,1,19
BRDA:359,54,0,1
BRDA:359,54,1,0
BRDA:359,55,0,1
BRDA:359,55,1,1
BRDA:364,56,0,19
BRDA:364,56,1,0
BRDA:364,57,0,19
BRDA:364,57,1,19
BRDA:373,58,0,18
BRDA:373,58,1,0
BRDA:378,59,0,0
BRDA:378,59,1,18
BRDA:399,60,0,0
BRDA:399,60,1,18
BRDA:399,61,0,18
BRDA:399,61,1,0
BRF:130
BRH:91
end_of_record
TN:
SF:/home/andres/projects/ui_library/ui_library/app/components/PackenMapPin.js
FN:9,(anonymous_0)
FN:13,(anonymous_1)
FN:21,(anonymous_2)
FNF:3
FNH:3
FNDA:2,(anonymous_0)
FNDA:5,(anonymous_1)
FNDA:4,(anonymous_2)
DA:10,2
DA:13,2
DA:14,5
DA:15,3
DA:17,2
DA:22,4
LF:6
LH:6
BRDA:14,0,0,3
BRDA:14,0,1,2
BRDA:25,1,0,3
BRDA:25,1,1,1
BRDA:28,2,0,2
BRDA:28,2,1,1
BRDA:28,3,0,3
BRDA:28,3,1,3
BRDA:39,4,0,1
BRDA:39,4,1,2
BRDA:39,5,0,3
BRDA:39,5,1,3
BRF:12
BRH:12
end_of_record
TN:
SF:/home/andres/projects/ui_library/ui_library/app/components/PackenMapPinSub.js
FN:10,(anonymous_0)
FN:14,(anonymous_1)
FN:24,(anonymous_2)
FNF:3
FNH:3
FNDA:1,(anonymous_0)
FNDA:2,(anonymous_1)
FNDA:1,(anonymous_2)
DA:11,1
DA:14,1
DA:15,2
DA:17,2
DA:18,2
DA:21,2
DA:25,1
LF:7
LH:7
BRDA:17,0,0,2
BRDA:17,0,1,0
BRDA:28,1,0,0
BRDA:28,1,1,1
BRDA:36,2,0,1
BRDA:36,2,1,0
BRDA:41,3,0,1
BRDA:41,3,1,0
BRF:8
BRH:4
end_of_record
TN:
SF:/home/andres/projects/ui_library/ui_library/app/components/PackenModal.js
FN:13,(anonymous_0)
FN:56,(anonymous_1)
FN:62,(anonymous_2)
FN:80,(anonymous_3)
FN:96,(anonymous_4)
FN:114,(anonymous_5)
FN:128,(anonymous_6)
FN:137,(anonymous_7)
FN:141,(anonymous_8)
FN:145,(anonymous_9)
FN:153,(anonymous_10)
FN:165,(anonymous_11)
FN:177,(anonymous_12)
FN:195,(anonymous_13)
FN:202,(anonymous_14)
FN:211,(anonymous_15)
FN:249,(anonymous_16)
FN:256,(anonymous_17)
FN:275,(anonymous_18)
FNF:19
FNH:16
FNDA:2,(anonymous_0)
FNDA:2,(anonymous_1)
FNDA:16,(anonymous_2)
FNDA:16,(anonymous_3)
FNDA:9,(anonymous_4)
FNDA:38,(anonymous_5)
FNDA:3,(anonymous_6)
FNDA:1,(anonymous_7)
FNDA:1,(anonymous_8)
FNDA:1,(anonymous_9)
FNDA:1,(anonymous_10)
FNDA:1,(anonymous_11)
FNDA:7,(anonymous_12)
FNDA:71,(anonymous_13)
FNDA:3,(anonymous_14)
FNDA:37,(anonymous_15)
FNDA:0,(anonymous_16)
FNDA:0,(anonymous_17)
FNDA:0,(anonymous_18)
DA:14,2
DA:16,2
DA:17,2
DA:18,1
DA:22,1
DA:51,2
DA:53,2
DA:57,2
DA:58,1
DA:62,2
DA:63,16
DA:65,16
DA:66,15
DA:71,1
DA:77,16
DA:80,2
DA:81,16
DA:83,16
DA:84,15
DA:88,1
DA:93,16
DA:96,2
DA:97,9
DA:98,4
DA:105,5
DA:115,38
DA:116,7
DA:118,38
DA:119,24
DA:120,4
DA:122,24
DA:123,2
DA:128,2
DA:129,3
DA:137,2
DA:138,1
DA:141,2
DA:142,1
DA:145,2
DA:146,1
DA:153,2
DA:154,1
DA:165,2
DA:166,1
DA:177,2
DA:178,7
DA:179,7
DA:181,7
DA:195,2
DA:196,71
DA:202,2
DA:203,3
DA:212,37
DA:249,0
DA:256,0
DA:275,0
LF:56
LH:53
BRDA:17,0,0,1
BRDA:17,0,1,1
BRDA:57,1,0,1
BRDA:57,1,1,1
BRDA:65,2,0,15
BRDA:65,2,1,1
BRDA:83,3,0,15
BRDA:83,3,1,1
BRDA:97,4,0,4
BRDA:97,4,1,5
BRDA:115,5,0,7
BRDA:115,5,1,31
BRDA:118,6,0,24
BRDA:118,6,1,14
BRDA:119,7,0,4
BRDA:119,7,1,20
BRDA:122,8,0,2
BRDA:122,8,1,22
BRDA:205,9,0,1
BRDA:205,9,1,2
BRDA:206,10,0,1
BRDA:206,10,1,2
BRDA:220,11,0,23
BRDA:220,11,1,14
BRDA:225,12,0,14
BRDA:225,12,1,23
BRDA:229,13,0,14
BRDA:229,13,1,0
BRDA:239,14,0,14
BRDA:239,14,1,0
BRDA:251,15,0,6
BRDA:251,15,1,17
BRDA:254,16,0,3
BRDA:254,16,1,3
BRDA:263,17,0,5
BRDA:263,17,1,1
BRF:36
BRH:34
end_of_record
TN:
SF:/home/andres/projects/ui_library/ui_library/app/components/PackenRadio.js
FN:9,(anonymous_0)
FN:18,(anonymous_1)
FN:24,(anonymous_2)
FN:28,(anonymous_3)
FN:34,(anonymous_4)
FN:48,(anonymous_5)
FN:54,(anonymous_6)
FN:58,(anonymous_7)
FNF:8
FNH:8
FNDA:2,(anonymous_0)
FNDA:1,(anonymous_1)
FNDA:7,(anonymous_2)
FNDA:7,(anonymous_3)
FNDA:18,(anonymous_4)
FNDA:1,(anonymous_5)
FNDA:17,(anonymous_6)
FNDA:51,(anonymous_7)
DA:10,2
DA:12,2
DA:18,2
DA:19,1
DA:24,2
DA:25,7
DA:28,2
DA:29,7
DA:35,18
DA:36,6
DA:38,18
DA:41,13
DA:42,3
DA:44,13
DA:48,2
DA:49,1
DA:55,17
DA:59,51
LF:18
LH:18
BRDA:35,0,0,6
BRDA:35,0,1,12
BRDA:38,1,0,13
BRDA:38,1,1,5
BRDA:41,2,0,3
BRDA:41,2,1,10
BRDA:62,3,0,0
BRDA:62,3,1,51
BRF:8
BRH:7
end_of_record
TN:
SF:/home/andres/projects/ui_library/ui_library/app/components/PackenRadioControl.js
FN:9,(anonymous_0)
FN:17,(anonymous_1)
FN:22,(anonymous_2)
FN:30,(anonymous_3)
FN:46,(anonymous_4)
FN:58,(anonymous_5)
FN:65,(anonymous_6)
FN:77,(anonymous_7)
FNF:8
FNH:8
FNDA:1,(anonymous_0)
FNDA:2,(anonymous_1)
FNDA:1,(anonymous_2)
FNDA:7,(anonymous_3)
FNDA:6,(anonymous_4)
FNDA:20,(anonymous_5)
FNDA:22,(anonymous_6)
FNDA:20,(anonymous_7)
DA:10,1
DA:12,1
DA:18,2
DA:19,2
DA:22,1
DA:23,1
DA:27,1
DA:30,1
DA:31,7
DA:32,2
DA:33,1
DA:37,1
DA:42,5
DA:46,1
DA:47,6
DA:48,4
DA:52,2
DA:59,20
DA:60,2
DA:61,2
DA:65,1
DA:66,22
DA:68,22
DA:69,5
DA:74,22
DA:78,20
LF:26
LH:26
BRDA:13,0,0,0
BRDA:13,0,1,1
BRDA:31,1,0,2
BRDA:31,1,1,5
BRDA:32,2,0,1
BRDA:32,2,1,1
BRDA:47,3,0,4
BRDA:47,3,1,2
BRDA:59,4,0,2
BRDA:59,4,1,18
BRDA:68,5,0,5
BRDA:68,5,1,17
BRDA:79,6,0,4
BRDA:79,6,1,16
BRF:14
BRH:13
end_of_record
TN:
SF:/home/andres/projects/ui_library/ui_library/app/components/PackenServiceStatus.js
FN:9,(anonymous_0)
FN:13,(anonymous_1)
FN:26,(anonymous_2)
FN:39,(anonymous_3)
FN:45,(anonymous_4)
FN:50,(anonymous_5)
FNF:6
FNH:6
FNDA:1,(anonymous_0)
FNDA:3,(anonymous_1)
FNDA:3,(anonymous_2)
FNDA:8,(anonymous_3)
FNDA:8,(anonymous_4)
FNDA:24,(anonymous_5)
DA:10,1
DA:12,1
DA:13,1
DA:14,3
DA:20,1
DA:26,1
DA:27,3
DA:28,2
DA:30,3
DA:31,7
DA:34,3
DA:40,8
DA:41,2
DA:46,8
DA:51,24
LF:15
LH:15
BRDA:40,0,0,2
BRDA:40,0,1,6
BRF:2
BRH:2
end_of_record
TN:
SF:/home/andres/projects/ui_library/ui_library/app/components/PackenServiceStatusIcon.js
FN:9,(anonymous_0)
FN:18,(anonymous_1)
FN:22,(anonymous_2)
FN:35,(anonymous_3)
FN:49,(anonymous_4)
FN:56,(anonymous_5)
FN:62,(anonymous_6)
FNF:7
FNH:7
FNDA:1,(anonymous_0)
FNDA:2,(anonymous_1)
FNDA:15,(anonymous_2)
FNDA:6,(anonymous_3)
FNDA:4,(anonymous_4)
FNDA:15,(anonymous_5)
FNDA:15,(anonymous_6)
DA:10,1
DA:12,1
DA:19,2
DA:22,1
DA:23,15
DA:25,15
DA:26,11
DA:27,11
DA:28,0
DA:32,15
DA:35,1
DA:36,6
DA:37,4
DA:40,4
DA:42,2
DA:45,2
DA:49,1
DA:50,4
DA:51,4
DA:57,15
DA:58,2
DA:63,15
LF:22
LH:21
BRDA:25,0,0,11
BRDA:25,0,1,4
BRDA:27,1,0,0
BRDA:27,1,1,11
BRDA:36,2,0,4
BRDA:36,2,1,2
BRDA:57,3,0,2
BRDA:57,3,1,13
BRDA:69,4,0,15
BRDA:69,4,1,0
BRF:10
BRH:8
end_of_record
TN:
SF:/home/andres/projects/ui_library/ui_library/app/components/PackenTabItem.js
FN:11,(anonymous_0)
FN:19,(anonymous_1)
FN:23,(anonymous_2)
FN:41,(anonymous_3)
FN:47,(anonymous_4)
FN:69,(anonymous_5)
FN:79,(anonymous_6)
FN:85,(anonymous_7)
FN:106,(anonymous_8)
FN:110,(anonymous_9)
FN:112,(anonymous_10)
FNF:11
FNH:8
FNDA:1,(anonymous_0)
FNDA:2,(anonymous_1)
FNDA:3,(anonymous_2)
FNDA:1,(anonymous_3)
FNDA:5,(anonymous_4)
FNDA:4,(anonymous_5)
FNDA:10,(anonymous_6)
FNDA:0,(anonymous_7)
FNDA:0,(anonymous_8)
FNDA:11,(anonymous_9)
FNDA:0,(anonymous_10)
DA:12,1
DA:14,1
DA:20,2
DA:23,1
DA:24,3
DA:38,3
DA:41,1
DA:42,1
DA:43,1
DA:44,1
DA:47,1
DA:48,5
DA:49,5
DA:53,5
DA:57,5
DA:62,5
DA:66,5
DA:69,1
DA:70,4
DA:71,3
DA:73,1
DA:80,10
DA:81,0
DA:85,1
DA:86,0
DA:88,0
DA:92,0
DA:96,0
DA:101,0
DA:106,1
DA:107,0
DA:111,11
DA:112,0
LF:33
LH:25
BRDA:70,0,0,3
BRDA:70,0,1,1
BRDA:80,1,0,0
BRDA:80,1,1,10
BRDA:115,2,0,0
BRDA:115,2,1,11
BRDA:118,3,0,0
BRDA:118,3,1,0
BRF:8
BRH:4
end_of_record
TN:
SF:/home/andres/projects/ui_library/ui_library/app/components/PackenTabs.js
FN:9,(anonymous_0)
FN:17,(anonymous_1)
FN:23,(anonymous_2)
FN:27,(anonymous_3)
FNF:4
FNH:4
FNDA:1,(anonymous_0)
FNDA:1,(anonymous_1)
FNDA:3,(anonymous_2)
FNDA:9,(anonymous_3)
DA:10,1
DA:12,1
DA:17,1
DA:18,1
DA:24,3
DA:28,9
LF:6
LH:6
BRF:0
BRH:0
end_of_record
TN:
SF:/home/andres/projects/ui_library/ui_library/app/components/PackenTag.js
FN:9,(anonymous_0)
FN:13,(anonymous_1)
FNF:2
FNH:2
FNDA:1,(anonymous_0)
FNDA:1,(anonymous_1)
DA:10,1
DA:14,1
LF:2
LH:2
BRF:0
BRH:0
end_of_record
TN:
SF:/home/andres/projects/ui_library/ui_library/app/components/PackenText.js
FN:8,(anonymous_0)
FN:16,(anonymous_1)
FNF:2
FNH:2
FNDA:2,(anonymous_0)
FNDA:2,(anonymous_1)
DA:9,2
DA:11,2
DA:17,2
DA:27,21
LF:4
LH:4
BRDA:12,0,0,1
BRDA:12,0,1,1
BRF:2
BRH:2
end_of_record
TN:
SF:/home/andres/projects/ui_library/ui_library/app/components/PackenToggle.js
FN:8,(anonymous_0)
FN:41,(anonymous_1)
FN:46,(anonymous_2)
FN:75,(anonymous_3)
FN:83,(anonymous_4)
FN:94,(anonymous_5)
FN:105,(anonymous_6)
FN:116,(anonymous_7)
FN:127,(anonymous_8)
FN:145,(anonymous_9)
FN:188,(anonymous_10)
FN:191,(anonymous_11)
FN:196,(anonymous_12)
FN:203,(anonymous_13)
FN:211,(anonymous_14)
FN:217,(anonymous_15)
FN:218,(anonymous_16)
FN:225,(anonymous_17)
FNF:18
FNH:14
FNDA:1,(anonymous_0)
FNDA:2,(anonymous_1)
FNDA:7,(anonymous_2)
FNDA:12,(anonymous_3)
FNDA:1,(anonymous_4)
FNDA:1,(anonymous_5)
FNDA:1,(anonymous_6)
FNDA:1,(anonymous_7)
FNDA:15,(anonymous_8)
FNDA:17,(anonymous_9)
FNDA:1,(anonymous_10)
FNDA:1,(anonymous_11)
FNDA:42,(anonymous_12)
FNDA:42,(anonymous_13)
FNDA:0,(anonymous_14)
FNDA:0,(anonymous_15)
FNDA:0,(anonymous_16)
FNDA:0,(anonymous_17)
DA:9,1
DA:11,1
DA:41,1
DA:42,2
DA:43,2
DA:46,1
DA:47,7
DA:75,1
DA:76,12
DA:77,6
DA:83,1
DA:84,1
DA:85,1
DA:94,1
DA:95,1
DA:96,1
DA:105,1
DA:106,1
DA:107,1
DA:116,1
DA:117,1
DA:118,1
DA:127,1
DA:128,15
DA:129,15
DA:145,1
DA:146,17
DA:147,17
DA:149,17
DA:150,7
DA:166,10
DA:167,3
DA:185,17
DA:188,1
DA:189,1
DA:192,1
DA:197,42
DA:198,8
DA:199,8
DA:204,42
DA:211,0
DA:217,0
DA:218,0
DA:225,0
LF:44
LH:40
BRDA:12,0,0,1
BRDA:12,0,1,0
BRDA:13,1,0,1
BRDA:13,1,1,0
BRDA:76,2,0,6
BRDA:76,2,1,6
BRDA:147,3,0,0
BRDA:147,3,1,17
BRDA:149,4,0,7
BRDA:149,4,1,10
BRDA:166,5,0,3
BRDA:166,5,1,7
BRDA:190,6,0,1
BRDA:190,6,1,0
BRDA:197,7,0,8
BRDA:197,7,1,34
BRDA:205,8,0,0
BRDA:205,8,1,42
BRF:18
BRH:13
end_of_record
TN:
SF:/home/andres/projects/ui_library/ui_library/app/components/Section.js
FN:10,(anonymous_0)
FN:14,(anonymous_1)
FNF:2
FNH:2
FNDA:1,(anonymous_0)
FNDA:1,(anonymous_1)
DA:11,1
DA:15,1
LF:2
LH:2
BRF:0
BRH:0
end_of_record
TN:
SF:/home/andres/projects/ui_library/ui_library/app/styles/abstracts/colors.js
FNF:0
FNH:0
LF:0
LH:0
BRF:0
BRH:0
end_of_record
TN:
SF:/home/andres/projects/ui_library/ui_library/app/styles/abstracts/shadows.js
FNF:0
FNH:0
LF:0
LH:0
BRF:0
BRH:0
end_of_record
TN:
SF:/home/andres/projects/ui_library/ui_library/app/styles/abstracts/spacing.js
FNF:0
FNH:0
LF:0
LH:0
BRF:0
BRH:0
end_of_record
TN:
SF:/home/andres/projects/ui_library/ui_library/app/styles/abstracts/typography.js
FNF:0
FNH:0
DA:1,22
LF:1
LH:1
BRF:0
BRH:0
end_of_record
TN:
SF:/home/andres/projects/ui_library/ui_library/app/styles/components/PackenAvatar.js
FNF:0
FNH:0
DA:1,6
DA:5,6
DA:9,6
DA:13,6
DA:17,6
DA:21,6
DA:26,6
LF:7
LH:7
BRF:0
BRH:0
end_of_record
TN:
SF:/home/andres/projects/ui_library/ui_library/app/styles/components/PackenButton.js
FNF:0
FNH:0
DA:4,4
DA:21,4
DA:22,4
DA:36,4
DA:50,4
DA:64,4
DA:78,4
DA:92,4
DA:104,4
DA:116,4
DA:128,4
DA:140,4
DA:152,4
DA:200,4
LF:14
LH:14
BRF:0
BRH:0
end_of_record
TN:
SF:/home/andres/projects/ui_library/ui_library/app/styles/components/PackenCheckbox.js
FNF:0
FNH:0
LF:0
LH:0
BRF:0
BRH:0
end_of_record
TN:
SF:/home/andres/projects/ui_library/ui_library/app/styles/components/PackenDivider.js
FNF:0
FNH:0
DA:3,3
DA:8,3
DA:13,3
LF:3
LH:3
BRF:0
BRH:0
end_of_record
TN:
SF:/home/andres/projects/ui_library/ui_library/app/styles/components/PackenDropdown.js
FNF:0
FNH:0
LF:0
LH:0
BRF:0
BRH:0
end_of_record
TN:
SF:/home/andres/projects/ui_library/ui_library/app/styles/components/PackenInput.js
FNF:0
FNH:0
DA:4,6
LF:1
LH:1
BRF:0
BRH:0
end_of_record
TN:
SF:/home/andres/projects/ui_library/ui_library/app/styles/components/PackenList.js
FNF:0
FNH:0
LF:0
LH:0
BRF:0
BRH:0
end_of_record
TN:
SF:/home/andres/projects/ui_library/ui_library/app/styles/components/PackenMapPin.js
FNF:0
FNH:0
LF:0
LH:0
BRF:0
BRH:0
end_of_record
TN:
SF:/home/andres/projects/ui_library/ui_library/app/styles/components/PackenModal.js
FNF:0
FNH:0
LF:0
LH:0
BRF:0
BRH:0
end_of_record
TN:
SF:/home/andres/projects/ui_library/ui_library/app/styles/components/PackenRadio.js
FNF:0
FNH:0
LF:0
LH:0
BRF:0
BRH:0
end_of_record
TN:
SF:/home/andres/projects/ui_library/ui_library/app/styles/components/PackenServiceStatus.js
FNF:0
FNH:0
LF:0
LH:0
BRF:0
BRH:0
end_of_record
TN:
SF:/home/andres/projects/ui_library/ui_library/app/styles/components/PackenTabs.js
FNF:0
FNH:0
LF:0
LH:0
BRF:0
BRH:0
end_of_record
TN:
SF:/home/andres/projects/ui_library/ui_library/app/styles/components/PackenTag.js
FNF:0
FNH:0
LF:0
LH:0
BRF:0
BRH:0
end_of_record
TN:
SF:/home/andres/projects/ui_library/ui_library/app/styles/components/PackenToggle.js
FNF:0
FNH:0
LF:0
LH:0
BRF:0
BRH:0
end_of_record
TN:
SF:/home/andres/projects/ui_library/ui_library/app/styles/components/Section.js
FNF:0
FNH:0
LF:0
LH:0
BRF:0
BRH:0
end_of_record
TN:
SF:/home/andres/projects/ui_library/ui_library/app/utils/index.js
FN:1,(anonymous_0)
FNF:1
FNH:1
FNDA:21,(anonymous_0)
DA:1,5
DA:2,21
LF:2
LH:2
BRF:0
BRH:0
end_of_record
TN:
SF:/home/andres/projects/ui_library/ui_library/app/views/Avatars.js
FN:10,(anonymous_0)
FN:14,(anonymous_1)
FNF:2
FNH:0
FNDA:0,(anonymous_0)
FNDA:0,(anonymous_1)
DA:11,0
DA:15,0
LF:2
LH:0
BRF:0
BRH:0
end_of_record
TN:
SF:/home/andres/projects/ui_library/ui_library/app/views/Buttons.js
FN:10,(anonymous_0)
FN:14,(anonymous_1)
FN:16,(anonymous_2)
FNF:3
FNH:0
FNDA:0,(anonymous_0)
FNDA:0,(anonymous_1)
FNDA:0,(anonymous_2)
DA:11,0
DA:14,0
DA:17,0
LF:3
LH:0
BRF:0
BRH:0
end_of_record
TN:
SF:/home/andres/projects/ui_library/ui_library/app/views/Checkboxes.js
FN:15,(anonymous_0)
FN:66,(anonymous_1)
FN:71,(anonymous_2)
FN:76,(anonymous_3)
FNF:4
FNH:0
FNDA:0,(anonymous_0)
FNDA:0,(anonymous_1)
FNDA:0,(anonymous_2)
FNDA:0,(anonymous_3)
DA:16,0
DA:18,0
DA:66,0
DA:71,0
DA:77,0
LF:5
LH:0
BRF:0
BRH:0
end_of_record
TN:
SF:/home/andres/projects/ui_library/ui_library/app/views/Dividers.js
FN:11,(anonymous_0)
FN:15,(anonymous_1)
FNF:2
FNH:0
FNDA:0,(anonymous_0)
FNDA:0,(anonymous_1)
DA:12,0
DA:16,0
LF:2
LH:0
BRF:0
BRH:0
end_of_record
TN:
SF:/home/andres/projects/ui_library/ui_library/app/views/Dropdowns.js
FN:16,(anonymous_0)
FN:1203,(anonymous_1)
FN:1218,(anonymous_2)
FN:1234,(anonymous_3)
FN:1249,(anonymous_4)
FN:1264,(anonymous_5)
FN:1279,(anonymous_6)
FN:1294,(anonymous_7)
FN:1411,(anonymous_8)
FN:1422,(anonymous_9)
FN:1441,(anonymous_10)
FN:1459,(anonymous_11)
FN:1480,(anonymous_12)
FN:1498,(anonymous_13)
FN:1521,(anonymous_14)
FN:1538,(anonymous_15)
FN:1556,(anonymous_16)
FN:1578,(anonymous_17)
FN:1595,(anonymous_18)
FN:1612,(anonymous_19)
FN:1630,(anonymous_20)
FNF:21
FNH:0
FNDA:0,(anonymous_0)
FNDA:0,(anonymous_1)
FNDA:0,(anonymous_2)
FNDA:0,(anonymous_3)
FNDA:0,(anonymous_4)
FNDA:0,(anonymous_5)
FNDA:0,(anonymous_6)
FNDA:0,(anonymous_7)
FNDA:0,(anonymous_8)
FNDA:0,(anonymous_9)
FNDA:0,(anonymous_10)
FNDA:0,(anonymous_11)
FNDA:0,(anonymous_12)
FNDA:0,(anonymous_13)
FNDA:0,(anonymous_14)
FNDA:0,(anonymous_15)
FNDA:0,(anonymous_16)
FNDA:0,(anonymous_17)
FNDA:0,(anonymous_18)
FNDA:0,(anonymous_19)
FNDA:0,(anonymous_20)
DA:17,0
DA:19,0
DA:1203,0
DA:1218,0
DA:1234,0
DA:1249,0
DA:1264,0
DA:1279,0
DA:1294,0
DA:1412,0
DA:1422,0
DA:1441,0
DA:1459,0
DA:1480,0
DA:1498,0
DA:1521,0
DA:1538,0
DA:1556,0
DA:1578,0
DA:1595,0
DA:1612,0
DA:1630,0
LF:22
LH:0
BRF:0
BRH:0
end_of_record
TN:
SF:/home/andres/projects/ui_library/ui_library/app/views/Inputs.js
FN:10,(anonymous_0)
FN:14,(anonymous_1)
FN:19,(anonymous_2)
FNF:3
FNH:0
FNDA:0,(anonymous_0)
FNDA:0,(anonymous_1)
FNDA:0,(anonymous_2)
DA:11,0
DA:14,0
DA:20,0
LF:3
LH:0
BRF:0
BRH:0
end_of_record
TN:
SF:/home/andres/projects/ui_library/ui_library/app/views/MapPins.js
FN:10,(anonymous_0)
FN:14,(anonymous_1)
FNF:2
FNH:0
FNDA:0,(anonymous_0)
FNDA:0,(anonymous_1)
DA:11,0
DA:15,0
LF:2
LH:0
BRF:0
BRH:0
end_of_record
TN:
SF:/home/andres/projects/ui_library/ui_library/app/views/Modals.js
FN:17,(anonymous_0)
FN:48,(anonymous_1)
FN:59,(anonymous_2)
FN:66,(anonymous_3)
FN:69,(anonymous_4)
FN:72,(anonymous_5)
FN:75,(anonymous_6)
FN:78,(anonymous_7)
FN:81,(anonymous_8)
FN:84,(anonymous_9)
FN:87,(anonymous_10)
FN:90,(anonymous_11)
FN:93,(anonymous_12)
FN:100,(anonymous_13)
FN:103,(anonymous_14)
FN:110,(anonymous_15)
FN:111,(anonymous_16)
FN:115,(anonymous_17)
FN:116,(anonymous_18)
FN:120,(anonymous_19)
FN:124,(anonymous_20)
FN:125,(anonymous_21)
FN:129,(anonymous_22)
FN:130,(anonymous_23)
FN:134,(anonymous_24)
FN:138,(anonymous_25)
FN:139,(anonymous_26)
FN:143,(anonymous_27)
FN:144,(anonymous_28)
FN:148,(anonymous_29)
FN:152,(anonymous_30)
FN:153,(anonymous_31)
FN:157,(anonymous_32)
FN:160,(anonymous_33)
FNF:34
FNH:0
FNDA:0,(anonymous_0)
FNDA:0,(anonymous_1)
FNDA:0,(anonymous_2)
FNDA:0,(anonymous_3)
FNDA:0,(anonymous_4)
FNDA:0,(anonymous_5)
FNDA:0,(anonymous_6)
FNDA:0,(anonymous_7)
FNDA:0,(anonymous_8)
FNDA:0,(anonymous_9)
FNDA:0,(anonymous_10)
FNDA:0,(anonymous_11)
FNDA:0,(anonymous_12)
FNDA:0,(anonymous_13)
FNDA:0,(anonymous_14)
FNDA:0,(anonymous_15)
FNDA:0,(anonymous_16)
FNDA:0,(anonymous_17)
FNDA:0,(anonymous_18)
FNDA:0,(anonymous_19)
FNDA:0,(anonymous_20)
FNDA:0,(anonymous_21)
FNDA:0,(anonymous_22)
FNDA:0,(anonymous_23)
FNDA:0,(anonymous_24)
FNDA:0,(anonymous_25)
FNDA:0,(anonymous_26)
FNDA:0,(anonymous_27)
FNDA:0,(anonymous_28)
FNDA:0,(anonymous_29)
FNDA:0,(anonymous_30)
FNDA:0,(anonymous_31)
FNDA:0,(anonymous_32)
FNDA:0,(anonymous_33)
DA:18,0
DA:20,0
DA:48,0
DA:49,0
DA:50,0
DA:51,0
DA:53,0
DA:54,0
DA:56,0
DA:60,0
DA:66,0
DA:69,0
DA:72,0
DA:75,0
DA:78,0
DA:81,0
DA:84,0
DA:87,0
DA:90,0
DA:93,0
DA:100,0
DA:103,0
DA:110,0
DA:111,0
DA:115,0
DA:116,0
DA:120,0
DA:124,0
DA:125,0
DA:129,0
DA:130,0
DA:134,0
DA:138,0
DA:139,0
DA:143,0
DA:144,0
DA:148,0
DA:152,0
DA:153,0
DA:157,0
DA:160,0
LF:41
LH:0
BRF:0
BRH:0
end_of_record
TN:
SF:/home/andres/projects/ui_library/ui_library/app/views/Radios.js
FN:15,(anonymous_0)
FN:19,(anonymous_1)
FN:24,(anonymous_2)
FN:29,(anonymous_3)
FNF:4
FNH:0
FNDA:0,(anonymous_0)
FNDA:0,(anonymous_1)
FNDA:0,(anonymous_2)
FNDA:0,(anonymous_3)
DA:16,0
DA:19,0
DA:24,0
DA:30,0
LF:4
LH:0
BRF:0
BRH:0
end_of_record
TN:
SF:/home/andres/projects/ui_library/ui_library/app/views/ServiceStatus.js
FN:11,(anonymous_0)
FN:42,(anonymous_1)
FN:44,(anonymous_2)
FN:50,(anonymous_3)
FN:56,(anonymous_4)
FNF:5
FNH:0
FNDA:0,(anonymous_0)
FNDA:0,(anonymous_1)
FNDA:0,(anonymous_2)
FNDA:0,(anonymous_3)
FNDA:0,(anonymous_4)
DA:12,0
DA:14,0
DA:42,0
DA:44,0
DA:45,0
DA:50,0
DA:51,0
DA:57,0
LF:8
LH:0
BRDA:46,0,0,0
BRDA:46,0,1,0
BRDA:52,1,0,0
BRDA:52,1,1,0
BRF:4
BRH:0
end_of_record
TN:
SF:/home/andres/projects/ui_library/ui_library/app/views/Tabs.js
FN:10,(anonymous_0)
FN:14,(anonymous_1)
FN:16,(anonymous_2)
FNF:3
FNH:0
FNDA:0,(anonymous_0)
FNDA:0,(anonymous_1)
FNDA:0,(anonymous_2)
DA:11,0
DA:14,0
DA:17,0
LF:3
LH:0
BRF:0
BRH:0
end_of_record
TN:
SF:/home/andres/projects/ui_library/ui_library/app/views/Toggles.js
FN:12,(anonymous_0)
FN:16,(anonymous_1)
FN:21,(anonymous_2)
FNF:3
FNH:0
FNDA:0,(anonymous_0)
FNDA:0,(anonymous_1)
FNDA:0,(anonymous_2)
DA:13,0
DA:16,0
DA:22,0
LF:3
LH:0
BRF:0
BRH:0
end_of_record
TN:
SF:/home/andres/projects/ui_library/ui_library/assets/images/avatar.jpg
FNF:0
FNH:0
DA:1,2
LF:1
LH:1
BRF:0
BRH:0
end_of_record
TN:
SF:/home/andres/projects/ui_library/ui_library/assets/images/placeholder.png
FNF:0
FNH:0
DA:1,1
LF:1
LH:1
BRF:0
BRH:0
end_of_record
